[ 16%] Built target gtest
[ 33%] Built target gtest_main
[ 41%] [32mBuilding CXX object src/lib/CMakeFiles/velodyne_input.dir/input.cpp.o[0m
[ 50%] [32m[1mLinking CXX shared library libvelodyne_input.so[0m
[ 50%] Built target velodyne_input
[35m[1mScanning dependencies of target time_test[0m
[35m[1mScanning dependencies of target velodyne_driver[0m
[ 58%] [32mBuilding CXX object CMakeFiles/velodyne_driver.dir/src/driver/driver.cpp.o[0m
[ 66%] [32mBuilding CXX object CMakeFiles/time_test.dir/tests/timeconversiontest.cpp.o[0m
[ 75%] [32m[1mLinking CXX executable time_test[0m
[ 75%] Built target time_test
[ 83%] [32m[1mLinking CXX shared library libvelodyne_driver.so[0m
[ 83%] Built target velodyne_driver
[35m[1mScanning dependencies of target velodyne_driver_node[0m
[ 91%] [32mBuilding CXX object CMakeFiles/velodyne_driver_node.dir/src/driver/velodyne_node.cpp.o[0m
[100%] [32m[1mLinking CXX executable velodyne_driver_node[0m
[100%] Built target velodyne_driver_node
-- Install configuration: ""
-- Execute custom install script
-- Symlinking: /home/jeongil/ros_foxy_ws/velodyne_ws/install/velodyne_driver/lib/libvelodyne_input.so
-- Symlinking: /home/jeongil/ros_foxy_ws/velodyne_ws/install/velodyne_driver/lib/libvelodyne_driver.so
-- Symlinking: /home/jeongil/ros_foxy_ws/velodyne_ws/install/velodyne_driver/lib/velodyne_driver/velodyne_driver_node
-- Symlinking: /home/jeongil/ros_foxy_ws/velodyne_ws/install/velodyne_driver/include/velodyne_driver/driver.hpp
-- Symlinking: /home/jeongil/ros_foxy_ws/velodyne_ws/install/velodyne_driver/include/velodyne_driver/input.hpp
-- Symlinking: /home/jeongil/ros_foxy_ws/velodyne_ws/install/velodyne_driver/include/velodyne_driver/time_conversion.hpp
-- Symlinking: /home/jeongil/ros_foxy_ws/velodyne_ws/install/velodyne_driver/share/velodyne_driver/config/VLP16-velodyne_driver_node-params.yaml
-- Symlinking: /home/jeongil/ros_foxy_ws/velodyne_ws/install/velodyne_driver/share/velodyne_driver/config/VLP32C-velodyne_driver_node-params.yaml
-- Symlinking: /home/jeongil/ros_foxy_ws/velodyne_ws/install/velodyne_driver/share/velodyne_driver/launch/velodyne_driver_node-VLP16-composed-launch.py
-- Symlinking: /home/jeongil/ros_foxy_ws/velodyne_ws/install/velodyne_driver/share/velodyne_driver/launch/velodyne_driver_node-VLP16-launch.py
-- Symlinking: /home/jeongil/ros_foxy_ws/velodyne_ws/install/velodyne_driver/share/velodyne_driver/launch/velodyne_driver_node-VLP32C-composed-launch.py
-- Symlinking: /home/jeongil/ros_foxy_ws/velodyne_ws/install/velodyne_driver/share/velodyne_driver/launch/velodyne_driver_node-VLP32C-launch.py
-- Symlinking: /home/jeongil/ros_foxy_ws/velodyne_ws/install/velodyne_driver/lib/velodyne_driver/vdump
-- Symlinking: /home/jeongil/ros_foxy_ws/velodyne_ws/install/velodyne_driver/share/ament_index/resource_index/package_run_dependencies/velodyne_driver
-- Symlinking: /home/jeongil/ros_foxy_ws/velodyne_ws/install/velodyne_driver/share/ament_index/resource_index/parent_prefix_path/velodyne_driver
-- Symlinking: /home/jeongil/ros_foxy_ws/velodyne_ws/install/velodyne_driver/share/velodyne_driver/environment/ament_prefix_path.sh
-- Symlinking: /home/jeongil/ros_foxy_ws/velodyne_ws/install/velodyne_driver/share/velodyne_driver/environment/ament_prefix_path.dsv
-- Symlinking: /home/jeongil/ros_foxy_ws/velodyne_ws/install/velodyne_driver/share/velodyne_driver/environment/path.sh
-- Symlinking: /home/jeongil/ros_foxy_ws/velodyne_ws/install/velodyne_driver/share/velodyne_driver/environment/path.dsv
-- Symlinking: /home/jeongil/ros_foxy_ws/velodyne_ws/install/velodyne_driver/share/velodyne_driver/local_setup.bash
-- Symlinking: /home/jeongil/ros_foxy_ws/velodyne_ws/install/velodyne_driver/share/velodyne_driver/local_setup.sh
-- Symlinking: /home/jeongil/ros_foxy_ws/velodyne_ws/install/velodyne_driver/share/velodyne_driver/local_setup.zsh
-- Symlinking: /home/jeongil/ros_foxy_ws/velodyne_ws/install/velodyne_driver/share/velodyne_driver/local_setup.dsv
-- Symlinking: /home/jeongil/ros_foxy_ws/velodyne_ws/install/velodyne_driver/share/velodyne_driver/package.dsv
-- Symlinking: /home/jeongil/ros_foxy_ws/velodyne_ws/install/velodyne_driver/share/ament_index/resource_index/packages/velodyne_driver
-- Symlinking: /home/jeongil/ros_foxy_ws/velodyne_ws/install/velodyne_driver/share/ament_index/resource_index/rclcpp_components/velodyne_driver
-- Symlinking: /home/jeongil/ros_foxy_ws/velodyne_ws/install/velodyne_driver/share/velodyne_driver/cmake/velodyne_driverConfig.cmake
-- Symlinking: /home/jeongil/ros_foxy_ws/velodyne_ws/install/velodyne_driver/share/velodyne_driver/cmake/velodyne_driverConfig-version.cmake
-- Symlinking: /home/jeongil/ros_foxy_ws/velodyne_ws/install/velodyne_driver/share/velodyne_driver/package.xml
