[0.007s] Invoking command in '/home/jeongil/ros_foxy_ws/velodyne_ws/build/velodyne_pointcloud': AMENT_PREFIX_PATH=/home/jeongil/ros_foxy_ws/velodyne_ws/install/velodyne_msgs:${AMENT_PREFIX_PATH} CMAKE_PREFIX_PATH=/home/jeongil/ros_foxy_ws/velodyne_ws/install/velodyne_msgs:/opt/ros/foxy LD_LIBRARY_PATH=/home/jeongil/ros_foxy_ws/velodyne_ws/install/velodyne_msgs/lib:${LD_LIBRARY_PATH} PYTHONPATH=/home/jeongil/ros_foxy_ws/velodyne_ws/install/velodyne_msgs/lib/python3.8/site-packages:${PYTHONPATH} /usr/bin/cmake /home/jeongil/ros_foxy_ws/velodyne_ws/src/velodyne-ros2/velodyne_pointcloud -DCMAKE_INSTALL_PREFIX=/home/jeongil/ros_foxy_ws/velodyne_ws/install/velodyne_pointcloud
[0.013s] -- Found ament_cmake: 0.9.11 (/opt/ros/foxy/share/ament_cmake/cmake)
[0.026s] -- Using PYTHON_EXECUTABLE: /usr/bin/python3
[0.106s] -- Override CMake install command with custom implementation using symlinks instead of copying resources
[0.109s] -- Found angles: 1.12.6 (/opt/ros/foxy/share/angles/cmake)
[0.110s] -- Found diagnostic_updater: 3.1.2 (/opt/ros/foxy/share/diagnostic_updater/cmake)
[0.126s] -- Using all available rosidl_typesupport_c: rosidl_typesupport_fastrtps_c;rosidl_typesupport_introspection_c
[0.129s] -- Found rosidl_adapter: 1.3.0 (/opt/ros/foxy/share/rosidl_adapter/cmake)
[0.165s] -- Found OpenSSL: /usr/lib/x86_64-linux-gnu/libcrypto.so (found version "1.1.1f")  
[0.180s] -- Found FastRTPS: /opt/ros/foxy/include  
[0.218s] -- Using all available rosidl_typesupport_cpp: rosidl_typesupport_fastrtps_cpp;rosidl_typesupport_introspection_cpp
[0.287s] -- Found rmw_implementation_cmake: 1.0.4 (/opt/ros/foxy/share/rmw_implementation_cmake/cmake)
[0.288s] -- Using RMW implementation 'rmw_fastrtps_cpp' as default
[0.289s] -- Looking for pthread.h
[0.326s] -- Looking for pthread.h - found
[0.326s] -- Performing Test CMAKE_HAVE_LIBC_PTHREAD
[0.376s] -- Performing Test CMAKE_HAVE_LIBC_PTHREAD - Failed
[0.376s] -- Looking for pthread_create in pthreads
[0.415s] -- Looking for pthread_create in pthreads - not found
[0.415s] -- Looking for pthread_create in pthread
[0.450s] -- Looking for pthread_create in pthread - found
[0.450s] -- Found Threads: TRUE  
[0.531s] -- Found geometry_msgs: 2.0.5 (/opt/ros/foxy/share/geometry_msgs/cmake)
[0.549s] -- Found message_filters: 3.2.5 (/opt/ros/foxy/share/message_filters/cmake)
[0.557s] -- Checking for module 'eigen3'
[0.564s] --   Found eigen3, version 3.3.7
[0.580s] -- Found Eigen: /usr/include/eigen3 (Required is at least version "3.1") 
[0.580s] -- Eigen found (include: /usr/include/eigen3, version: 3.3.7)
[0.605s] -- Found Boost: /usr/include (found suitable version "1.71.0", minimum required is "1.55.0") found components: system filesystem date_time iostreams regex 
[0.606s] -- looking for PCL_COMMON
[0.606s] -- Found PCL_COMMON: /usr/lib/x86_64-linux-gnu/libpcl_common.so  
[0.607s] -- Found PCL: pcl_common;/usr/lib/x86_64-linux-gnu/libboost_system.so;/usr/lib/x86_64-linux-gnu/libboost_filesystem.so;/usr/lib/x86_64-linux-gnu/libboost_date_time.so;/usr/lib/x86_64-linux-gnu/libboost_iostreams.so;/usr/lib/x86_64-linux-gnu/libboost_regex.so  
[0.607s] -- Found rclcpp_components: 2.4.2 (/opt/ros/foxy/share/rclcpp_components/cmake)
[0.638s] -- Found sensor_msgs: 2.0.5 (/opt/ros/foxy/share/sensor_msgs/cmake)
[0.676s] -- Found tf2: 0.13.14 (/opt/ros/foxy/share/tf2/cmake)
[0.681s] -- Found tf2_ros: 0.13.14 (/opt/ros/foxy/share/tf2_ros/cmake)
[0.823s] -- Found velodyne_msgs: 2.3.0 (/home/jeongil/ros_foxy_ws/velodyne_ws/install/velodyne_msgs/share/velodyne_msgs/cmake)
[0.842s] -- Found PkgConfig: /usr/bin/pkg-config (found version "0.29.1") 
[0.842s] -- Checking for module 'yaml-cpp'
[0.850s] --   Found yaml-cpp, version 0.6.2
[0.873s] -- Found ament_lint_auto: 0.9.8 (/opt/ros/foxy/share/ament_lint_auto/cmake)
[0.917s] -- Found gtest sources under '/opt/ros/foxy/src/gtest_vendor': C++ tests using 'Google Test' will be built
[0.918s] -- Check if compiler accepts -pthread
[0.957s] -- Check if compiler accepts -pthread - yes
[0.962s] -- Added test 'copyright' to check source files copyright and LICENSE
[0.963s] -- Added test 'cppcheck' to perform static code analysis on C / C++ code
[0.964s] -- Configured cppcheck include dirs: /home/jeongil/ros_foxy_ws/velodyne_ws/src/velodyne-ros2/velodyne_pointcloud/include
[0.964s] -- Configured cppcheck exclude dirs and/or files: 
[0.964s] -- Added test 'cpplint' to check C / C++ code against the Google style
[0.965s] -- Configured cpplint exclude dirs and/or files: 
[0.965s] -- Added test 'flake8' to check Python code syntax and style conventions
[0.965s] -- Added test 'lint_cmake' to check CMake code style
[0.965s] -- Added test 'pep257' to check Python code against some of the style conventions in PEP 257
[0.966s] -- Added test 'uncrustify' to check C / C++ code style
[0.966s] -- Configured uncrustify additional arguments: 
[0.968s] -- Configuring done
[0.995s] -- Generating done
[0.996s] -- Build files have been written to: /home/jeongil/ros_foxy_ws/velodyne_ws/build/velodyne_pointcloud
[1.003s] Invoked command in '/home/jeongil/ros_foxy_ws/velodyne_ws/build/velodyne_pointcloud' returned '0': AMENT_PREFIX_PATH=/home/jeongil/ros_foxy_ws/velodyne_ws/install/velodyne_msgs:${AMENT_PREFIX_PATH} CMAKE_PREFIX_PATH=/home/jeongil/ros_foxy_ws/velodyne_ws/install/velodyne_msgs:/opt/ros/foxy LD_LIBRARY_PATH=/home/jeongil/ros_foxy_ws/velodyne_ws/install/velodyne_msgs/lib:${LD_LIBRARY_PATH} PYTHONPATH=/home/jeongil/ros_foxy_ws/velodyne_ws/install/velodyne_msgs/lib/python3.8/site-packages:${PYTHONPATH} /usr/bin/cmake /home/jeongil/ros_foxy_ws/velodyne_ws/src/velodyne-ros2/velodyne_pointcloud -DCMAKE_INSTALL_PREFIX=/home/jeongil/ros_foxy_ws/velodyne_ws/install/velodyne_pointcloud
[1.004s] Invoking command in '/home/jeongil/ros_foxy_ws/velodyne_ws/build/velodyne_pointcloud': AMENT_PREFIX_PATH=/home/jeongil/ros_foxy_ws/velodyne_ws/install/velodyne_msgs:${AMENT_PREFIX_PATH} CMAKE_PREFIX_PATH=/home/jeongil/ros_foxy_ws/velodyne_ws/install/velodyne_msgs:/opt/ros/foxy LD_LIBRARY_PATH=/home/jeongil/ros_foxy_ws/velodyne_ws/install/velodyne_msgs/lib:${LD_LIBRARY_PATH} PYTHONPATH=/home/jeongil/ros_foxy_ws/velodyne_ws/install/velodyne_msgs/lib/python3.8/site-packages:${PYTHONPATH} /usr/bin/cmake --build /home/jeongil/ros_foxy_ws/velodyne_ws/build/velodyne_pointcloud -- -j20 -l20
[1.027s] [35m[1mScanning dependencies of target velodyne_rawdata[0m
[1.027s] [35m[1mScanning dependencies of target gtest[0m
[1.027s] [35m[1mScanning dependencies of target gtest_main[0m
[1.027s] [35m[1mScanning dependencies of target velodyne_cloud_types[0m
[1.034s] [  5%] [32mBuilding CXX object gtest/CMakeFiles/gtest_main.dir/src/gtest_main.cc.o[0m
[1.035s] [ 11%] [32mBuilding CXX object gtest/CMakeFiles/gtest.dir/src/gtest-all.cc.o[0m
[1.076s] [ 16%] [32mBuilding CXX object src/lib/CMakeFiles/velodyne_rawdata.dir/rawdata.cpp.o[0m
[1.077s] [ 22%] [32mBuilding CXX object src/lib/CMakeFiles/velodyne_rawdata.dir/calibration.cpp.o[0m
[1.081s] [ 27%] [32mBuilding CXX object src/lib/CMakeFiles/velodyne_cloud_types.dir/pointcloudXYZIRT.cpp.o[0m
[1.084s] [ 33%] [32mBuilding CXX object src/lib/CMakeFiles/velodyne_cloud_types.dir/organized_cloudXYZIRT.cpp.o[0m
[1.369s] [ 38%] [32m[1mLinking CXX static library libgtest_main.a[0m
[1.386s] [ 38%] Built target gtest_main
[2.665s] [ 44%] [32m[1mLinking CXX static library libgtest.a[0m
[2.692s] [ 44%] Built target gtest
[2.697s] [35m[1mScanning dependencies of target test_row_step[0m
[2.730s] [ 50%] [32mBuilding CXX object tests/CMakeFiles/test_row_step.dir/test_row_step.cpp.o[0m
[2.741s] [ 55%] [32m[1mLinking CXX shared library libvelodyne_cloud_types.so[0m
[2.744s] [ 61%] [32m[1mLinking CXX shared library libvelodyne_rawdata.so[0m
[2.807s] [ 61%] Built target velodyne_cloud_types
[2.814s] [ 61%] Built target velodyne_rawdata
[2.819s] [35m[1mScanning dependencies of target transform[0m
[2.819s] [35m[1mScanning dependencies of target test_calibration[0m
[2.826s] [ 66%] [32mBuilding CXX object tests/CMakeFiles/test_calibration.dir/test_calibration.cpp.o[0m
[2.850s] [ 72%] [32mBuilding CXX object CMakeFiles/transform.dir/src/conversions/transform.cpp.o[0m
[3.221s] [ 77%] [32m[1mLinking CXX executable test_calibration[0m
[3.318s] [ 77%] Built target test_calibration
[4.394s] [ 83%] [32m[1mLinking CXX executable test_row_step[0m
[4.506s] [ 83%] Built target test_row_step
[7.096s] [ 88%] [32m[1mLinking CXX shared library libtransform.so[0m
[7.287s] [ 88%] Built target transform
[7.292s] [35m[1mScanning dependencies of target velodyne_transform_node[0m
[7.322s] [ 94%] [32mBuilding CXX object CMakeFiles/velodyne_transform_node.dir/src/conversions/transform_node.cpp.o[0m
[9.047s] [100%] [32m[1mLinking CXX executable velodyne_transform_node[0m
[9.166s] [100%] Built target velodyne_transform_node
