[0.012s] Invoking command in '/home/d/velo_ws/build/velodyne_driver': AMENT_PREFIX_PATH=/home/d/velo_ws/install/velodyne_msgs:${AMENT_PREFIX_PATH} CMAKE_PREFIX_PATH=/home/d/velo_ws/install/velodyne_msgs:/home/d/jack_ws/install/jackal_navigation:/home/d/jack_ws/install/jackal_desktop:/home/d/jack_ws/install/jackal_viz:/home/d/jack_ws/install/jackal_simulator:/home/d/jack_ws/install/jackal_msgs:/home/d/jack_ws/install/jackal_gazebo:/home/d/jack_ws/install/jackal_control:/home/d/jack_ws/install/jackal_description:/home/d/gcamp_ros2_ws/install/turtlesim:/home/d/gcamp_ros2_ws/install/py_topic_pkg:/home/d/gcamp_ros2_ws/install/py_service_pkg:/home/d/gcamp_ros2_ws/install/py_first_pkg:/home/d/gcamp_ros2_ws/install/py_action_pkg:/home/d/gcamp_ros2_ws/install/gcamp_gazebo:/home/d/gcamp_ros2_ws/install/cpp_service_pkg:/home/d/gcamp_ros2_ws/install/cpp_action_pkg:/home/d/gcamp_ros2_ws/install/custom_interfaces:/home/d/gcamp_ros2_ws/install/cpp_topic_pkg:/home/d/gcamp_ros2_ws/install/cpp_service_tutorial:/home/d/gcamp_ros2_ws/install/cpp_param_pkg:/home/d/gcamp_ros2_ws/install/cpp_first_pkg:/opt/ros/foxy LD_LIBRARY_PATH=/home/d/velo_ws/install/velodyne_msgs/lib:${LD_LIBRARY_PATH} PYTHONPATH=/home/d/velo_ws/install/velodyne_msgs/lib/python3.8/site-packages:${PYTHONPATH} /usr/bin/cmake /home/d/velo_ws/src/velodyne-ros2/velodyne_driver -DCMAKE_INSTALL_PREFIX=/home/d/velo_ws/install/velodyne_driver
[0.041s] -- The C compiler identification is GNU 9.4.0
[0.071s] -- The CXX compiler identification is GNU 9.4.0
[0.074s] -- Check for working C compiler: /usr/bin/cc
[0.110s] -- Check for working C compiler: /usr/bin/cc -- works
[0.110s] -- Detecting C compiler ABI info
[0.146s] -- Detecting C compiler ABI info - done
[0.152s] -- Detecting C compile features
[0.152s] -- Detecting C compile features - done
[0.153s] -- Check for working CXX compiler: /usr/bin/c++
[0.194s] -- Check for working CXX compiler: /usr/bin/c++ -- works
[0.195s] -- Detecting CXX compiler ABI info
[0.236s] -- Detecting CXX compiler ABI info - done
[0.243s] -- Detecting CXX compile features
[0.243s] -- Detecting CXX compile features - done
[0.244s] -- Found ament_cmake_ros: 0.9.2 (/opt/ros/foxy/share/ament_cmake_ros/cmake)
[0.267s] -- Found PythonInterp: /usr/bin/python3 (found suitable version "3.8.10", minimum required is "3") 
[0.267s] -- Using PYTHON_EXECUTABLE: /usr/bin/python3
[0.380s] -- Found diagnostic_msgs: 2.0.5 (/opt/ros/foxy/share/diagnostic_msgs/cmake)
[0.400s] -- Using all available rosidl_typesupport_c: rosidl_typesupport_fastrtps_c;rosidl_typesupport_introspection_c
[0.405s] -- Found rosidl_adapter: 1.3.0 (/opt/ros/foxy/share/rosidl_adapter/cmake)
[0.449s] -- Found OpenSSL: /usr/lib/x86_64-linux-gnu/libcrypto.so (found version "1.1.1f")  
[0.466s] -- Found FastRTPS: /opt/ros/foxy/include  
[0.512s] -- Using all available rosidl_typesupport_cpp: rosidl_typesupport_fastrtps_cpp;rosidl_typesupport_introspection_cpp
[0.561s] -- Found diagnostic_updater: 3.1.2 (/opt/ros/foxy/share/diagnostic_updater/cmake)
[0.593s] -- Found rmw_implementation_cmake: 1.0.4 (/opt/ros/foxy/share/rmw_implementation_cmake/cmake)
[0.594s] -- Using RMW implementation 'rmw_fastrtps_cpp' as default
[0.595s] -- Looking for pthread.h
[0.631s] -- Looking for pthread.h - found
[0.631s] -- Performing Test CMAKE_HAVE_LIBC_PTHREAD
[0.668s] -- Performing Test CMAKE_HAVE_LIBC_PTHREAD - Failed
[0.668s] -- Looking for pthread_create in pthreads
[0.699s] -- Looking for pthread_create in pthreads - not found
[0.699s] -- Looking for pthread_create in pthread
[0.736s] -- Looking for pthread_create in pthread - found
[0.736s] -- Found Threads: TRUE  
[0.825s] -- Found rclcpp_components: 2.4.2 (/opt/ros/foxy/share/rclcpp_components/cmake)
[0.860s] -- Found tf2_ros: 0.13.14 (/opt/ros/foxy/share/tf2_ros/cmake)
[1.040s] -- Found velodyne_msgs: 2.3.0 (/home/d/velo_ws/install/velodyne_msgs/share/velodyne_msgs/cmake)
[1.062s] -- Found ament_lint_auto: 0.9.8 (/opt/ros/foxy/share/ament_lint_auto/cmake)
[1.109s] -- Found gtest sources under '/opt/ros/foxy/src/gtest_vendor': C++ tests using 'Google Test' will be built
[1.111s] -- Check if compiler accepts -pthread
[1.150s] -- Check if compiler accepts -pthread - yes
[1.153s] -- Added test 'copyright' to check source files copyright and LICENSE
[1.154s] -- Added test 'cppcheck' to perform static code analysis on C / C++ code
[1.154s] -- Configured cppcheck include dirs: /home/d/velo_ws/src/velodyne-ros2/velodyne_driver/include
[1.154s] -- Configured cppcheck exclude dirs and/or files: 
[1.155s] -- Added test 'cpplint' to check C / C++ code against the Google style
[1.155s] -- Configured cpplint exclude dirs and/or files: 
[1.155s] -- Added test 'flake8' to check Python code syntax and style conventions
[1.156s] -- Added test 'lint_cmake' to check CMake code style
[1.156s] -- Added test 'pep257' to check Python code against some of the style conventions in PEP 257
[1.157s] -- Added test 'uncrustify' to check C / C++ code style
[1.157s] -- Configured uncrustify additional arguments: 
[1.157s] -- Added test 'xmllint' to check XML markup files
[1.159s] -- Configuring done
[1.174s] -- Generating done
[1.175s] -- Build files have been written to: /home/d/velo_ws/build/velodyne_driver
[1.182s] Invoked command in '/home/d/velo_ws/build/velodyne_driver' returned '0': AMENT_PREFIX_PATH=/home/d/velo_ws/install/velodyne_msgs:${AMENT_PREFIX_PATH} CMAKE_PREFIX_PATH=/home/d/velo_ws/install/velodyne_msgs:/home/d/jack_ws/install/jackal_navigation:/home/d/jack_ws/install/jackal_desktop:/home/d/jack_ws/install/jackal_viz:/home/d/jack_ws/install/jackal_simulator:/home/d/jack_ws/install/jackal_msgs:/home/d/jack_ws/install/jackal_gazebo:/home/d/jack_ws/install/jackal_control:/home/d/jack_ws/install/jackal_description:/home/d/gcamp_ros2_ws/install/turtlesim:/home/d/gcamp_ros2_ws/install/py_topic_pkg:/home/d/gcamp_ros2_ws/install/py_service_pkg:/home/d/gcamp_ros2_ws/install/py_first_pkg:/home/d/gcamp_ros2_ws/install/py_action_pkg:/home/d/gcamp_ros2_ws/install/gcamp_gazebo:/home/d/gcamp_ros2_ws/install/cpp_service_pkg:/home/d/gcamp_ros2_ws/install/cpp_action_pkg:/home/d/gcamp_ros2_ws/install/custom_interfaces:/home/d/gcamp_ros2_ws/install/cpp_topic_pkg:/home/d/gcamp_ros2_ws/install/cpp_service_tutorial:/home/d/gcamp_ros2_ws/install/cpp_param_pkg:/home/d/gcamp_ros2_ws/install/cpp_first_pkg:/opt/ros/foxy LD_LIBRARY_PATH=/home/d/velo_ws/install/velodyne_msgs/lib:${LD_LIBRARY_PATH} PYTHONPATH=/home/d/velo_ws/install/velodyne_msgs/lib/python3.8/site-packages:${PYTHONPATH} /usr/bin/cmake /home/d/velo_ws/src/velodyne-ros2/velodyne_driver -DCMAKE_INSTALL_PREFIX=/home/d/velo_ws/install/velodyne_driver
[1.183s] Invoking command in '/home/d/velo_ws/build/velodyne_driver': AMENT_PREFIX_PATH=/home/d/velo_ws/install/velodyne_msgs:${AMENT_PREFIX_PATH} CMAKE_PREFIX_PATH=/home/d/velo_ws/install/velodyne_msgs:/home/d/jack_ws/install/jackal_navigation:/home/d/jack_ws/install/jackal_desktop:/home/d/jack_ws/install/jackal_viz:/home/d/jack_ws/install/jackal_simulator:/home/d/jack_ws/install/jackal_msgs:/home/d/jack_ws/install/jackal_gazebo:/home/d/jack_ws/install/jackal_control:/home/d/jack_ws/install/jackal_description:/home/d/gcamp_ros2_ws/install/turtlesim:/home/d/gcamp_ros2_ws/install/py_topic_pkg:/home/d/gcamp_ros2_ws/install/py_service_pkg:/home/d/gcamp_ros2_ws/install/py_first_pkg:/home/d/gcamp_ros2_ws/install/py_action_pkg:/home/d/gcamp_ros2_ws/install/gcamp_gazebo:/home/d/gcamp_ros2_ws/install/cpp_service_pkg:/home/d/gcamp_ros2_ws/install/cpp_action_pkg:/home/d/gcamp_ros2_ws/install/custom_interfaces:/home/d/gcamp_ros2_ws/install/cpp_topic_pkg:/home/d/gcamp_ros2_ws/install/cpp_service_tutorial:/home/d/gcamp_ros2_ws/install/cpp_param_pkg:/home/d/gcamp_ros2_ws/install/cpp_first_pkg:/opt/ros/foxy LD_LIBRARY_PATH=/home/d/velo_ws/install/velodyne_msgs/lib:${LD_LIBRARY_PATH} PYTHONPATH=/home/d/velo_ws/install/velodyne_msgs/lib/python3.8/site-packages:${PYTHONPATH} /usr/bin/cmake --build /home/d/velo_ws/build/velodyne_driver -- -j20 -l20
[1.203s] [35m[1mScanning dependencies of target gtest[0m
[1.203s] [35m[1mScanning dependencies of target gtest_main[0m
[1.203s] [35m[1mScanning dependencies of target velodyne_input[0m
[1.211s] [  8%] [32mBuilding CXX object gtest/CMakeFiles/gtest_main.dir/src/gtest_main.cc.o[0m
[1.211s] [ 16%] [32mBuilding CXX object gtest/CMakeFiles/gtest.dir/src/gtest-all.cc.o[0m
[1.220s] [ 25%] [32mBuilding CXX object src/lib/CMakeFiles/velodyne_input.dir/input.cpp.o[0m
[1.657s] [ 33%] [32m[1mLinking CXX static library libgtest_main.a[0m
[1.683s] [ 33%] Built target gtest_main
[2.170s] [ 41%] [32m[1mLinking CXX shared library libvelodyne_input.so[0m
[2.236s] [ 41%] Built target velodyne_input
[2.242s] [35m[1mScanning dependencies of target velodyne_driver[0m
[2.266s] [ 50%] [32mBuilding CXX object CMakeFiles/velodyne_driver.dir/src/driver/driver.cpp.o[0m
[2.968s] [ 58%] [32m[1mLinking CXX static library libgtest.a[0m
[3.012s] [ 58%] Built target gtest
[3.022s] [35m[1mScanning dependencies of target time_test[0m
[3.056s] [ 66%] [32mBuilding CXX object CMakeFiles/time_test.dir/tests/timeconversiontest.cpp.o[0m
[4.327s] [ 75%] [32m[1mLinking CXX executable time_test[0m
[4.508s] [ 75%] Built target time_test
[5.280s] [ 83%] [32m[1mLinking CXX shared library libvelodyne_driver.so[0m
[5.415s] [ 83%] Built target velodyne_driver
[5.421s] [35m[1mScanning dependencies of target velodyne_driver_node[0m
[5.442s] [ 91%] [32mBuilding CXX object CMakeFiles/velodyne_driver_node.dir/src/driver/velodyne_node.cpp.o[0m
[6.716s] [100%] [32m[1mLinking CXX executable velodyne_driver_node[0m
[6.808s] [100%] Built target velodyne_driver_node
[6.815s] Invoked command in '/home/d/velo_ws/build/velodyne_driver' returned '0': AMENT_PREFIX_PATH=/home/d/velo_ws/install/velodyne_msgs:${AMENT_PREFIX_PATH} CMAKE_PREFIX_PATH=/home/d/velo_ws/install/velodyne_msgs:/home/d/jack_ws/install/jackal_navigation:/home/d/jack_ws/install/jackal_desktop:/home/d/jack_ws/install/jackal_viz:/home/d/jack_ws/install/jackal_simulator:/home/d/jack_ws/install/jackal_msgs:/home/d/jack_ws/install/jackal_gazebo:/home/d/jack_ws/install/jackal_control:/home/d/jack_ws/install/jackal_description:/home/d/gcamp_ros2_ws/install/turtlesim:/home/d/gcamp_ros2_ws/install/py_topic_pkg:/home/d/gcamp_ros2_ws/install/py_service_pkg:/home/d/gcamp_ros2_ws/install/py_first_pkg:/home/d/gcamp_ros2_ws/install/py_action_pkg:/home/d/gcamp_ros2_ws/install/gcamp_gazebo:/home/d/gcamp_ros2_ws/install/cpp_service_pkg:/home/d/gcamp_ros2_ws/install/cpp_action_pkg:/home/d/gcamp_ros2_ws/install/custom_interfaces:/home/d/gcamp_ros2_ws/install/cpp_topic_pkg:/home/d/gcamp_ros2_ws/install/cpp_service_tutorial:/home/d/gcamp_ros2_ws/install/cpp_param_pkg:/home/d/gcamp_ros2_ws/install/cpp_first_pkg:/opt/ros/foxy LD_LIBRARY_PATH=/home/d/velo_ws/install/velodyne_msgs/lib:${LD_LIBRARY_PATH} PYTHONPATH=/home/d/velo_ws/install/velodyne_msgs/lib/python3.8/site-packages:${PYTHONPATH} /usr/bin/cmake --build /home/d/velo_ws/build/velodyne_driver -- -j20 -l20
[6.833s] Invoking command in '/home/d/velo_ws/build/velodyne_driver': AMENT_PREFIX_PATH=/home/d/velo_ws/install/velodyne_msgs:${AMENT_PREFIX_PATH} CMAKE_PREFIX_PATH=/home/d/velo_ws/install/velodyne_msgs:/home/d/jack_ws/install/jackal_navigation:/home/d/jack_ws/install/jackal_desktop:/home/d/jack_ws/install/jackal_viz:/home/d/jack_ws/install/jackal_simulator:/home/d/jack_ws/install/jackal_msgs:/home/d/jack_ws/install/jackal_gazebo:/home/d/jack_ws/install/jackal_control:/home/d/jack_ws/install/jackal_description:/home/d/gcamp_ros2_ws/install/turtlesim:/home/d/gcamp_ros2_ws/install/py_topic_pkg:/home/d/gcamp_ros2_ws/install/py_service_pkg:/home/d/gcamp_ros2_ws/install/py_first_pkg:/home/d/gcamp_ros2_ws/install/py_action_pkg:/home/d/gcamp_ros2_ws/install/gcamp_gazebo:/home/d/gcamp_ros2_ws/install/cpp_service_pkg:/home/d/gcamp_ros2_ws/install/cpp_action_pkg:/home/d/gcamp_ros2_ws/install/custom_interfaces:/home/d/gcamp_ros2_ws/install/cpp_topic_pkg:/home/d/gcamp_ros2_ws/install/cpp_service_tutorial:/home/d/gcamp_ros2_ws/install/cpp_param_pkg:/home/d/gcamp_ros2_ws/install/cpp_first_pkg:/opt/ros/foxy LD_LIBRARY_PATH=/home/d/velo_ws/install/velodyne_msgs/lib:${LD_LIBRARY_PATH} PYTHONPATH=/home/d/velo_ws/install/velodyne_msgs/lib/python3.8/site-packages:${PYTHONPATH} /usr/bin/cmake --install /home/d/velo_ws/build/velodyne_driver
[6.837s] -- Install configuration: ""
[6.838s] -- Installing: /home/d/velo_ws/install/velodyne_driver/lib/libvelodyne_driver.so
[6.839s] -- Set runtime path of "/home/d/velo_ws/install/velodyne_driver/lib/libvelodyne_driver.so" to ""
[6.839s] -- Installing: /home/d/velo_ws/install/velodyne_driver/lib/velodyne_driver/velodyne_driver_node
[6.839s] -- Set runtime path of "/home/d/velo_ws/install/velodyne_driver/lib/velodyne_driver/velodyne_driver_node" to ""
[6.839s] -- Installing: /home/d/velo_ws/install/velodyne_driver/include/velodyne_driver
[6.839s] -- Installing: /home/d/velo_ws/install/velodyne_driver/include/velodyne_driver/time_conversion.hpp
[6.839s] -- Installing: /home/d/velo_ws/install/velodyne_driver/include/velodyne_driver/driver.hpp
[6.839s] -- Installing: /home/d/velo_ws/install/velodyne_driver/include/velodyne_driver/input.hpp
[6.839s] -- Installing: /home/d/velo_ws/install/velodyne_driver/share/velodyne_driver/config
[6.839s] -- Installing: /home/d/velo_ws/install/velodyne_driver/share/velodyne_driver/config/VLP16-velodyne_driver_node-params.yaml
[6.839s] -- Installing: /home/d/velo_ws/install/velodyne_driver/share/velodyne_driver/config/VLP32C-velodyne_driver_node-params.yaml
[6.839s] -- Installing: /home/d/velo_ws/install/velodyne_driver/share/velodyne_driver/launch
[6.839s] -- Installing: /home/d/velo_ws/install/velodyne_driver/share/velodyne_driver/launch/velodyne_driver_node-VLP16-composed-launch.py
[6.839s] -- Installing: /home/d/velo_ws/install/velodyne_driver/share/velodyne_driver/launch/velodyne_driver_node-VLP32C-launch.py
[6.839s] -- Installing: /home/d/velo_ws/install/velodyne_driver/share/velodyne_driver/launch/velodyne_driver_node-VLP32C-composed-launch.py
[6.839s] -- Installing: /home/d/velo_ws/install/velodyne_driver/share/velodyne_driver/launch/velodyne_driver_node-VLP16-launch.py
[6.839s] -- Installing: /home/d/velo_ws/install/velodyne_driver/lib/velodyne_driver/vdump
[6.839s] -- Installing: /home/d/velo_ws/install/velodyne_driver/share/ament_index/resource_index/package_run_dependencies/velodyne_driver
[6.839s] -- Installing: /home/d/velo_ws/install/velodyne_driver/share/ament_index/resource_index/parent_prefix_path/velodyne_driver
[6.839s] -- Installing: /home/d/velo_ws/install/velodyne_driver/share/velodyne_driver/environment/ament_prefix_path.sh
[6.840s] -- Installing: /home/d/velo_ws/install/velodyne_driver/share/velodyne_driver/environment/ament_prefix_path.dsv
[6.840s] -- Installing: /home/d/velo_ws/install/velodyne_driver/share/velodyne_driver/environment/path.sh
[6.840s] -- Installing: /home/d/velo_ws/install/velodyne_driver/share/velodyne_driver/environment/path.dsv
[6.840s] -- Installing: /home/d/velo_ws/install/velodyne_driver/share/velodyne_driver/local_setup.bash
[6.840s] -- Installing: /home/d/velo_ws/install/velodyne_driver/share/velodyne_driver/local_setup.sh
[6.840s] -- Installing: /home/d/velo_ws/install/velodyne_driver/share/velodyne_driver/local_setup.zsh
[6.840s] -- Installing: /home/d/velo_ws/install/velodyne_driver/share/velodyne_driver/local_setup.dsv
[6.840s] -- Installing: /home/d/velo_ws/install/velodyne_driver/share/velodyne_driver/package.dsv
[6.840s] -- Installing: /home/d/velo_ws/install/velodyne_driver/share/ament_index/resource_index/packages/velodyne_driver
[6.840s] -- Installing: /home/d/velo_ws/install/velodyne_driver/share/ament_index/resource_index/rclcpp_components/velodyne_driver
[6.840s] -- Installing: /home/d/velo_ws/install/velodyne_driver/share/velodyne_driver/cmake/velodyne_driverConfig.cmake
[6.840s] -- Installing: /home/d/velo_ws/install/velodyne_driver/share/velodyne_driver/cmake/velodyne_driverConfig-version.cmake
[6.840s] -- Installing: /home/d/velo_ws/install/velodyne_driver/share/velodyne_driver/package.xml
[6.840s] -- Installing: /home/d/velo_ws/install/velodyne_driver/lib/libvelodyne_input.so
[6.840s] -- Set runtime path of "/home/d/velo_ws/install/velodyne_driver/lib/libvelodyne_input.so" to ""
[6.842s] Invoked command in '/home/d/velo_ws/build/velodyne_driver' returned '0': AMENT_PREFIX_PATH=/home/d/velo_ws/install/velodyne_msgs:${AMENT_PREFIX_PATH} CMAKE_PREFIX_PATH=/home/d/velo_ws/install/velodyne_msgs:/home/d/jack_ws/install/jackal_navigation:/home/d/jack_ws/install/jackal_desktop:/home/d/jack_ws/install/jackal_viz:/home/d/jack_ws/install/jackal_simulator:/home/d/jack_ws/install/jackal_msgs:/home/d/jack_ws/install/jackal_gazebo:/home/d/jack_ws/install/jackal_control:/home/d/jack_ws/install/jackal_description:/home/d/gcamp_ros2_ws/install/turtlesim:/home/d/gcamp_ros2_ws/install/py_topic_pkg:/home/d/gcamp_ros2_ws/install/py_service_pkg:/home/d/gcamp_ros2_ws/install/py_first_pkg:/home/d/gcamp_ros2_ws/install/py_action_pkg:/home/d/gcamp_ros2_ws/install/gcamp_gazebo:/home/d/gcamp_ros2_ws/install/cpp_service_pkg:/home/d/gcamp_ros2_ws/install/cpp_action_pkg:/home/d/gcamp_ros2_ws/install/custom_interfaces:/home/d/gcamp_ros2_ws/install/cpp_topic_pkg:/home/d/gcamp_ros2_ws/install/cpp_service_tutorial:/home/d/gcamp_ros2_ws/install/cpp_param_pkg:/home/d/gcamp_ros2_ws/install/cpp_first_pkg:/opt/ros/foxy LD_LIBRARY_PATH=/home/d/velo_ws/install/velodyne_msgs/lib:${LD_LIBRARY_PATH} PYTHONPATH=/home/d/velo_ws/install/velodyne_msgs/lib/python3.8/site-packages:${PYTHONPATH} /usr/bin/cmake --install /home/d/velo_ws/build/velodyne_driver
