[0.007s] Invoking command in '/home/jeongil/ros_foxy_ws/velodyne_ws/build/velodyne_pointcloud': AMENT_PREFIX_PATH=/home/jeongil/ros_foxy_ws/velodyne_ws/install/velodyne_msgs:${AMENT_PREFIX_PATH} CMAKE_PREFIX_PATH=/home/jeongil/ros_foxy_ws/velodyne_ws/install/velodyne_msgs:/opt/ros/foxy LD_LIBRARY_PATH=/home/jeongil/ros_foxy_ws/velodyne_ws/install/velodyne_msgs/lib:/usr/local/cuda-11.6/lib64:/home/jeongil/ros_foxy_ws/velodyne_ws/install/velodyne_pointcloud/lib:/home/jeongil/ros_foxy_ws/velodyne_ws/install/velodyne_driver/lib:/home/jeongil/ros_foxy_ws/velodyne_ws/install/velodyne_laserscan/lib:/home/jeongil/ros_foxy_ws/velodyne_ws/install/cloud_msgs/lib:/usr/lib/x86_64-linux-gnu/gazebo-11/plugins:/opt/ros/foxy/opt/yaml_cpp_vendor/lib:/opt/ros/foxy/opt/rviz_ogre_vendor/lib:/opt/ros/foxy/lib/x86_64-linux-gnu:/opt/ros/foxy/lib:/usr/local/cuda-11.6/lib64 PYTHONPATH=/home/jeongil/ros_foxy_ws/velodyne_ws/install/velodyne_msgs/lib/python3.8/site-packages:${PYTHONPATH} /usr/bin/cmake /home/jeongil/ros_foxy_ws/velodyne_ws/src/velodyne-ros2/velodyne_pointcloud -DCMAKE_INSTALL_PREFIX=/home/jeongil/ros_foxy_ws/velodyne_ws/install/velodyne_pointcloud
[0.034s] -- The C compiler identification is GNU 9.4.0
[0.062s] -- The CXX compiler identification is GNU 9.4.0
[0.065s] -- Check for working C compiler: /usr/bin/cc
[0.102s] -- Check for working C compiler: /usr/bin/cc -- works
[0.102s] -- Detecting C compiler ABI info
[0.138s] -- Detecting C compiler ABI info - done
[0.144s] -- Detecting C compile features
[0.144s] -- Detecting C compile features - done
[0.145s] -- Check for working CXX compiler: /usr/bin/c++
[0.186s] -- Check for working CXX compiler: /usr/bin/c++ -- works
[0.187s] -- Detecting CXX compiler ABI info
[0.228s] -- Detecting CXX compiler ABI info - done
[0.234s] -- Detecting CXX compile features
[0.235s] -- Detecting CXX compile features - done
[0.236s] -- Found ament_cmake: 0.9.11 (/opt/ros/foxy/share/ament_cmake/cmake)
[0.249s] -- Found PythonInterp: /usr/bin/python3 (found suitable version "3.8.10", minimum required is "3") 
[0.249s] -- Using PYTHON_EXECUTABLE: /usr/bin/python3
[0.342s] -- Found angles: 1.12.6 (/opt/ros/foxy/share/angles/cmake)
[0.343s] -- Found diagnostic_updater: 3.1.2 (/opt/ros/foxy/share/diagnostic_updater/cmake)
[0.360s] -- Using all available rosidl_typesupport_c: rosidl_typesupport_fastrtps_c;rosidl_typesupport_introspection_c
[0.363s] -- Found rosidl_adapter: 1.3.0 (/opt/ros/foxy/share/rosidl_adapter/cmake)
[0.403s] -- Found OpenSSL: /usr/lib/x86_64-linux-gnu/libcrypto.so (found version "1.1.1f")  
[0.419s] -- Found FastRTPS: /opt/ros/foxy/include  
[0.461s] -- Using all available rosidl_typesupport_cpp: rosidl_typesupport_fastrtps_cpp;rosidl_typesupport_introspection_cpp
[0.534s] -- Found rmw_implementation_cmake: 1.0.4 (/opt/ros/foxy/share/rmw_implementation_cmake/cmake)
[0.534s] -- Using RMW implementation 'rmw_fastrtps_cpp' as default
[0.535s] -- Looking for pthread.h
[0.572s] -- Looking for pthread.h - found
[0.572s] -- Performing Test CMAKE_HAVE_LIBC_PTHREAD
[0.610s] -- Performing Test CMAKE_HAVE_LIBC_PTHREAD - Failed
[0.610s] -- Looking for pthread_create in pthreads
[0.640s] -- Looking for pthread_create in pthreads - not found
[0.640s] -- Looking for pthread_create in pthread
[0.676s] -- Looking for pthread_create in pthread - found
[0.677s] -- Found Threads: TRUE  
[0.761s] -- Found geometry_msgs: 2.0.5 (/opt/ros/foxy/share/geometry_msgs/cmake)
[0.780s] -- Found message_filters: 3.2.5 (/opt/ros/foxy/share/message_filters/cmake)
[0.787s] -- Checking for module 'eigen3'
[0.794s] --   Found eigen3, version 3.3.7
[0.813s] -- Found Eigen: /usr/include/eigen3 (Required is at least version "3.1") 
[0.813s] -- Eigen found (include: /usr/include/eigen3, version: 3.3.7)
[0.837s] -- Found Boost: /usr/include (found suitable version "1.71.0", minimum required is "1.55.0") found components: system filesystem date_time iostreams regex 
[0.838s] -- looking for PCL_COMMON
[0.839s] -- Found PCL_COMMON: /usr/lib/x86_64-linux-gnu/libpcl_common.so  
[0.839s] -- Found PCL: pcl_common;/usr/lib/x86_64-linux-gnu/libboost_system.so;/usr/lib/x86_64-linux-gnu/libboost_filesystem.so;/usr/lib/x86_64-linux-gnu/libboost_date_time.so;/usr/lib/x86_64-linux-gnu/libboost_iostreams.so;/usr/lib/x86_64-linux-gnu/libboost_regex.so  
[0.840s] -- Found rclcpp_components: 2.4.2 (/opt/ros/foxy/share/rclcpp_components/cmake)
[0.872s] -- Found sensor_msgs: 2.0.5 (/opt/ros/foxy/share/sensor_msgs/cmake)
[0.912s] -- Found tf2: 0.13.14 (/opt/ros/foxy/share/tf2/cmake)
[0.917s] -- Found tf2_ros: 0.13.14 (/opt/ros/foxy/share/tf2_ros/cmake)
[1.065s] -- Found velodyne_msgs: 2.3.0 (/home/jeongil/ros_foxy_ws/velodyne_ws/install/velodyne_msgs/share/velodyne_msgs/cmake)
[1.084s] -- Found PkgConfig: /usr/bin/pkg-config (found version "0.29.1") 
[1.085s] -- Checking for module 'yaml-cpp'
[1.093s] --   Found yaml-cpp, version 0.6.2
[1.117s] -- Found ament_lint_auto: 0.9.8 (/opt/ros/foxy/share/ament_lint_auto/cmake)
[1.162s] -- Found gtest sources under '/opt/ros/foxy/src/gtest_vendor': C++ tests using 'Google Test' will be built
[1.163s] -- Check if compiler accepts -pthread
[1.204s] -- Check if compiler accepts -pthread - yes
[1.211s] -- Added test 'copyright' to check source files copyright and LICENSE
[1.212s] -- Added test 'cppcheck' to perform static code analysis on C / C++ code
[1.212s] -- Configured cppcheck include dirs: /home/jeongil/ros_foxy_ws/velodyne_ws/src/velodyne-ros2/velodyne_pointcloud/include
[1.212s] -- Configured cppcheck exclude dirs and/or files: 
[1.213s] -- Added test 'cpplint' to check C / C++ code against the Google style
[1.213s] -- Configured cpplint exclude dirs and/or files: 
[1.213s] -- Added test 'flake8' to check Python code syntax and style conventions
[1.214s] -- Added test 'lint_cmake' to check CMake code style
[1.214s] -- Added test 'pep257' to check Python code against some of the style conventions in PEP 257
[1.215s] -- Added test 'uncrustify' to check C / C++ code style
[1.215s] -- Configured uncrustify additional arguments: 
[1.217s] -- Configuring done
[1.246s] -- Generating done
[1.247s] -- Build files have been written to: /home/jeongil/ros_foxy_ws/velodyne_ws/build/velodyne_pointcloud
[1.256s] Invoked command in '/home/jeongil/ros_foxy_ws/velodyne_ws/build/velodyne_pointcloud' returned '0': AMENT_PREFIX_PATH=/home/jeongil/ros_foxy_ws/velodyne_ws/install/velodyne_msgs:${AMENT_PREFIX_PATH} CMAKE_PREFIX_PATH=/home/jeongil/ros_foxy_ws/velodyne_ws/install/velodyne_msgs:/opt/ros/foxy LD_LIBRARY_PATH=/home/jeongil/ros_foxy_ws/velodyne_ws/install/velodyne_msgs/lib:/usr/local/cuda-11.6/lib64:/home/jeongil/ros_foxy_ws/velodyne_ws/install/velodyne_pointcloud/lib:/home/jeongil/ros_foxy_ws/velodyne_ws/install/velodyne_driver/lib:/home/jeongil/ros_foxy_ws/velodyne_ws/install/velodyne_laserscan/lib:/home/jeongil/ros_foxy_ws/velodyne_ws/install/cloud_msgs/lib:/usr/lib/x86_64-linux-gnu/gazebo-11/plugins:/opt/ros/foxy/opt/yaml_cpp_vendor/lib:/opt/ros/foxy/opt/rviz_ogre_vendor/lib:/opt/ros/foxy/lib/x86_64-linux-gnu:/opt/ros/foxy/lib:/usr/local/cuda-11.6/lib64 PYTHONPATH=/home/jeongil/ros_foxy_ws/velodyne_ws/install/velodyne_msgs/lib/python3.8/site-packages:${PYTHONPATH} /usr/bin/cmake /home/jeongil/ros_foxy_ws/velodyne_ws/src/velodyne-ros2/velodyne_pointcloud -DCMAKE_INSTALL_PREFIX=/home/jeongil/ros_foxy_ws/velodyne_ws/install/velodyne_pointcloud
[1.256s] Invoking command in '/home/jeongil/ros_foxy_ws/velodyne_ws/build/velodyne_pointcloud': AMENT_PREFIX_PATH=/home/jeongil/ros_foxy_ws/velodyne_ws/install/velodyne_msgs:${AMENT_PREFIX_PATH} CMAKE_PREFIX_PATH=/home/jeongil/ros_foxy_ws/velodyne_ws/install/velodyne_msgs:/opt/ros/foxy LD_LIBRARY_PATH=/home/jeongil/ros_foxy_ws/velodyne_ws/install/velodyne_msgs/lib:/usr/local/cuda-11.6/lib64:/home/jeongil/ros_foxy_ws/velodyne_ws/install/velodyne_pointcloud/lib:/home/jeongil/ros_foxy_ws/velodyne_ws/install/velodyne_driver/lib:/home/jeongil/ros_foxy_ws/velodyne_ws/install/velodyne_laserscan/lib:/home/jeongil/ros_foxy_ws/velodyne_ws/install/cloud_msgs/lib:/usr/lib/x86_64-linux-gnu/gazebo-11/plugins:/opt/ros/foxy/opt/yaml_cpp_vendor/lib:/opt/ros/foxy/opt/rviz_ogre_vendor/lib:/opt/ros/foxy/lib/x86_64-linux-gnu:/opt/ros/foxy/lib:/usr/local/cuda-11.6/lib64 PYTHONPATH=/home/jeongil/ros_foxy_ws/velodyne_ws/install/velodyne_msgs/lib/python3.8/site-packages:${PYTHONPATH} /usr/bin/cmake --build /home/jeongil/ros_foxy_ws/velodyne_ws/build/velodyne_pointcloud -- -j20 -l20
[1.280s] [35m[1mScanning dependencies of target velodyne_rawdata[0m
[1.280s] [35m[1mScanning dependencies of target gtest[0m
[1.280s] [35m[1mScanning dependencies of target gtest_main[0m
[1.280s] [35m[1mScanning dependencies of target velodyne_cloud_types[0m
[1.288s] [  5%] [32mBuilding CXX object gtest/CMakeFiles/gtest_main.dir/src/gtest_main.cc.o[0m
[1.289s] [ 11%] [32mBuilding CXX object gtest/CMakeFiles/gtest.dir/src/gtest-all.cc.o[0m
[1.316s] [ 16%] [32mBuilding CXX object src/lib/CMakeFiles/velodyne_rawdata.dir/calibration.cpp.o[0m
[1.317s] [ 22%] [32mBuilding CXX object src/lib/CMakeFiles/velodyne_rawdata.dir/rawdata.cpp.o[0m
[1.318s] [ 27%] [32mBuilding CXX object src/lib/CMakeFiles/velodyne_cloud_types.dir/pointcloudXYZIRT.cpp.o[0m
[1.319s] [ 33%] [32mBuilding CXX object src/lib/CMakeFiles/velodyne_cloud_types.dir/organized_cloudXYZIRT.cpp.o[0m
[1.637s] [ 38%] [32m[1mLinking CXX static library libgtest_main.a[0m
[1.656s] [ 38%] Built target gtest_main
[3.084s] [ 44%] [32m[1mLinking CXX static library libgtest.a[0m
[3.115s] [ 44%] Built target gtest
[3.121s] [35m[1mScanning dependencies of target test_row_step[0m
[3.156s] [ 50%] [32mBuilding CXX object tests/CMakeFiles/test_row_step.dir/test_row_step.cpp.o[0m
[3.237s] [ 55%] [32m[1mLinking CXX shared library libvelodyne_rawdata.so[0m
[3.325s] [ 55%] Built target velodyne_rawdata
[3.331s] [35m[1mScanning dependencies of target test_calibration[0m
[3.344s] [ 61%] [32mBuilding CXX object tests/CMakeFiles/test_calibration.dir/test_calibration.cpp.o[0m
[3.786s] [ 66%] [32m[1mLinking CXX executable test_calibration[0m
[3.893s] [ 66%] Built target test_calibration
[4.487s] [ 72%] [32m[1mLinking CXX shared library libvelodyne_cloud_types.so[0m
[4.556s] [ 72%] Built target velodyne_cloud_types
[4.562s] [35m[1mScanning dependencies of target transform[0m
[4.600s] [ 77%] [32mBuilding CXX object CMakeFiles/transform.dir/src/conversions/transform.cpp.o[0m
[5.075s] [ 83%] [32m[1mLinking CXX executable test_row_step[0m
[5.198s] [ 83%] Built target test_row_step
[9.385s] [ 88%] [32m[1mLinking CXX shared library libtransform.so[0m
[9.596s] [ 88%] Built target transform
[9.603s] [35m[1mScanning dependencies of target velodyne_transform_node[0m
[9.638s] [ 94%] [32mBuilding CXX object CMakeFiles/velodyne_transform_node.dir/src/conversions/transform_node.cpp.o[0m
[11.626s] [100%] [32m[1mLinking CXX executable velodyne_transform_node[0m
[11.754s] [100%] Built target velodyne_transform_node
[11.764s] Invoked command in '/home/jeongil/ros_foxy_ws/velodyne_ws/build/velodyne_pointcloud' returned '0': AMENT_PREFIX_PATH=/home/jeongil/ros_foxy_ws/velodyne_ws/install/velodyne_msgs:${AMENT_PREFIX_PATH} CMAKE_PREFIX_PATH=/home/jeongil/ros_foxy_ws/velodyne_ws/install/velodyne_msgs:/opt/ros/foxy LD_LIBRARY_PATH=/home/jeongil/ros_foxy_ws/velodyne_ws/install/velodyne_msgs/lib:/usr/local/cuda-11.6/lib64:/home/jeongil/ros_foxy_ws/velodyne_ws/install/velodyne_pointcloud/lib:/home/jeongil/ros_foxy_ws/velodyne_ws/install/velodyne_driver/lib:/home/jeongil/ros_foxy_ws/velodyne_ws/install/velodyne_laserscan/lib:/home/jeongil/ros_foxy_ws/velodyne_ws/install/cloud_msgs/lib:/usr/lib/x86_64-linux-gnu/gazebo-11/plugins:/opt/ros/foxy/opt/yaml_cpp_vendor/lib:/opt/ros/foxy/opt/rviz_ogre_vendor/lib:/opt/ros/foxy/lib/x86_64-linux-gnu:/opt/ros/foxy/lib:/usr/local/cuda-11.6/lib64 PYTHONPATH=/home/jeongil/ros_foxy_ws/velodyne_ws/install/velodyne_msgs/lib/python3.8/site-packages:${PYTHONPATH} /usr/bin/cmake --build /home/jeongil/ros_foxy_ws/velodyne_ws/build/velodyne_pointcloud -- -j20 -l20
[11.783s] Invoking command in '/home/jeongil/ros_foxy_ws/velodyne_ws/build/velodyne_pointcloud': AMENT_PREFIX_PATH=/home/jeongil/ros_foxy_ws/velodyne_ws/install/velodyne_msgs:${AMENT_PREFIX_PATH} CMAKE_PREFIX_PATH=/home/jeongil/ros_foxy_ws/velodyne_ws/install/velodyne_msgs:/opt/ros/foxy LD_LIBRARY_PATH=/home/jeongil/ros_foxy_ws/velodyne_ws/install/velodyne_msgs/lib:/usr/local/cuda-11.6/lib64:/home/jeongil/ros_foxy_ws/velodyne_ws/install/velodyne_pointcloud/lib:/home/jeongil/ros_foxy_ws/velodyne_ws/install/velodyne_driver/lib:/home/jeongil/ros_foxy_ws/velodyne_ws/install/velodyne_laserscan/lib:/home/jeongil/ros_foxy_ws/velodyne_ws/install/cloud_msgs/lib:/usr/lib/x86_64-linux-gnu/gazebo-11/plugins:/opt/ros/foxy/opt/yaml_cpp_vendor/lib:/opt/ros/foxy/opt/rviz_ogre_vendor/lib:/opt/ros/foxy/lib/x86_64-linux-gnu:/opt/ros/foxy/lib:/usr/local/cuda-11.6/lib64 PYTHONPATH=/home/jeongil/ros_foxy_ws/velodyne_ws/install/velodyne_msgs/lib/python3.8/site-packages:${PYTHONPATH} /usr/bin/cmake --install /home/jeongil/ros_foxy_ws/velodyne_ws/build/velodyne_pointcloud
[11.788s] -- Install configuration: ""
[11.788s] -- Installing: /home/jeongil/ros_foxy_ws/velodyne_ws/install/velodyne_pointcloud/lib/libtransform.so
[11.790s] -- Set runtime path of "/home/jeongil/ros_foxy_ws/velodyne_ws/install/velodyne_pointcloud/lib/libtransform.so" to ""
[11.791s] -- Installing: /home/jeongil/ros_foxy_ws/velodyne_ws/install/velodyne_pointcloud/lib/velodyne_pointcloud/velodyne_transform_node
[11.791s] -- Set runtime path of "/home/jeongil/ros_foxy_ws/velodyne_ws/install/velodyne_pointcloud/lib/velodyne_pointcloud/velodyne_transform_node" to ""
[11.791s] -- Installing: /home/jeongil/ros_foxy_ws/velodyne_ws/install/velodyne_pointcloud/include/velodyne_pointcloud
[11.791s] -- Installing: /home/jeongil/ros_foxy_ws/velodyne_ws/install/velodyne_pointcloud/include/velodyne_pointcloud/datacontainerbase.hpp
[11.791s] -- Installing: /home/jeongil/ros_foxy_ws/velodyne_ws/install/velodyne_pointcloud/include/velodyne_pointcloud/pointcloudXYZIRT.hpp
[11.791s] -- Installing: /home/jeongil/ros_foxy_ws/velodyne_ws/install/velodyne_pointcloud/include/velodyne_pointcloud/calibration.hpp
[11.791s] -- Installing: /home/jeongil/ros_foxy_ws/velodyne_ws/install/velodyne_pointcloud/include/velodyne_pointcloud/transform.hpp
[11.791s] -- Installing: /home/jeongil/ros_foxy_ws/velodyne_ws/install/velodyne_pointcloud/include/velodyne_pointcloud/rawdata.hpp
[11.791s] -- Installing: /home/jeongil/ros_foxy_ws/velodyne_ws/install/velodyne_pointcloud/include/velodyne_pointcloud/organized_cloudXYZIRT.hpp
[11.791s] -- Installing: /home/jeongil/ros_foxy_ws/velodyne_ws/install/velodyne_pointcloud/share/velodyne_pointcloud/config
[11.791s] -- Installing: /home/jeongil/ros_foxy_ws/velodyne_ws/install/velodyne_pointcloud/share/velodyne_pointcloud/config/VLP16-velodyne_transform_node-params.yaml
[11.791s] -- Installing: /home/jeongil/ros_foxy_ws/velodyne_ws/install/velodyne_pointcloud/share/velodyne_pointcloud/config/VLP32C-velodyne_transform_node-params.yaml
[11.791s] -- Installing: /home/jeongil/ros_foxy_ws/velodyne_ws/install/velodyne_pointcloud/share/velodyne_pointcloud/launch
[11.791s] -- Installing: /home/jeongil/ros_foxy_ws/velodyne_ws/install/velodyne_pointcloud/share/velodyne_pointcloud/launch/velodyne_transform_node-VLP32C-launch.py
[11.791s] -- Installing: /home/jeongil/ros_foxy_ws/velodyne_ws/install/velodyne_pointcloud/share/velodyne_pointcloud/launch/velodyne_transform_node-VLP16-launch.py
[11.791s] -- Installing: /home/jeongil/ros_foxy_ws/velodyne_ws/install/velodyne_pointcloud/share/velodyne_pointcloud/launch/velodyne_transform_node-VLP16-composed-launch.py
[11.791s] -- Installing: /home/jeongil/ros_foxy_ws/velodyne_ws/install/velodyne_pointcloud/share/velodyne_pointcloud/launch/velodyne_transform_node-VLP32C-composed-launch.py
[11.791s] -- Installing: /home/jeongil/ros_foxy_ws/velodyne_ws/install/velodyne_pointcloud/share/velodyne_pointcloud/params
[11.792s] -- Installing: /home/jeongil/ros_foxy_ws/velodyne_ws/install/velodyne_pointcloud/share/velodyne_pointcloud/params/VLP16db.yaml
[11.792s] -- Installing: /home/jeongil/ros_foxy_ws/velodyne_ws/install/velodyne_pointcloud/share/velodyne_pointcloud/params/rviz_points.vcg
[11.792s] -- Installing: /home/jeongil/ros_foxy_ws/velodyne_ws/install/velodyne_pointcloud/share/velodyne_pointcloud/params/32db.yaml
[11.792s] -- Installing: /home/jeongil/ros_foxy_ws/velodyne_ws/install/velodyne_pointcloud/share/velodyne_pointcloud/params/64e_s3-xiesc.yaml
[11.792s] -- Installing: /home/jeongil/ros_foxy_ws/velodyne_ws/install/velodyne_pointcloud/share/velodyne_pointcloud/params/issue_84_float_intensities.yaml
[11.792s] -- Installing: /home/jeongil/ros_foxy_ws/velodyne_ws/install/velodyne_pointcloud/share/velodyne_pointcloud/params/64e_s2.1-sztaki.yaml
[11.792s] -- Installing: /home/jeongil/ros_foxy_ws/velodyne_ws/install/velodyne_pointcloud/share/velodyne_pointcloud/params/VeloView-VLP-32C.yaml
[11.793s] -- Installing: /home/jeongil/ros_foxy_ws/velodyne_ws/install/velodyne_pointcloud/share/velodyne_pointcloud/params/64e_utexas.yaml
[11.793s] -- Installing: /home/jeongil/ros_foxy_ws/velodyne_ws/install/velodyne_pointcloud/share/velodyne_pointcloud/params/VLP16_hires_db.yaml
[11.793s] -- Installing: /home/jeongil/ros_foxy_ws/velodyne_ws/install/velodyne_pointcloud/share/ament_index/resource_index/package_run_dependencies/velodyne_pointcloud
[11.793s] -- Installing: /home/jeongil/ros_foxy_ws/velodyne_ws/install/velodyne_pointcloud/share/ament_index/resource_index/parent_prefix_path/velodyne_pointcloud
[11.793s] -- Installing: /home/jeongil/ros_foxy_ws/velodyne_ws/install/velodyne_pointcloud/share/velodyne_pointcloud/environment/ament_prefix_path.sh
[11.793s] -- Installing: /home/jeongil/ros_foxy_ws/velodyne_ws/install/velodyne_pointcloud/share/velodyne_pointcloud/environment/ament_prefix_path.dsv
[11.793s] -- Installing: /home/jeongil/ros_foxy_ws/velodyne_ws/install/velodyne_pointcloud/share/velodyne_pointcloud/environment/path.sh
[11.793s] -- Installing: /home/jeongil/ros_foxy_ws/velodyne_ws/install/velodyne_pointcloud/share/velodyne_pointcloud/environment/path.dsv
[11.793s] -- Installing: /home/jeongil/ros_foxy_ws/velodyne_ws/install/velodyne_pointcloud/share/velodyne_pointcloud/local_setup.bash
[11.793s] -- Installing: /home/jeongil/ros_foxy_ws/velodyne_ws/install/velodyne_pointcloud/share/velodyne_pointcloud/local_setup.sh
[11.793s] -- Installing: /home/jeongil/ros_foxy_ws/velodyne_ws/install/velodyne_pointcloud/share/velodyne_pointcloud/local_setup.zsh
[11.793s] -- Installing: /home/jeongil/ros_foxy_ws/velodyne_ws/install/velodyne_pointcloud/share/velodyne_pointcloud/local_setup.dsv
[11.793s] -- Installing: /home/jeongil/ros_foxy_ws/velodyne_ws/install/velodyne_pointcloud/share/velodyne_pointcloud/package.dsv
[11.794s] -- Installing: /home/jeongil/ros_foxy_ws/velodyne_ws/install/velodyne_pointcloud/share/ament_index/resource_index/packages/velodyne_pointcloud
[11.794s] -- Installing: /home/jeongil/ros_foxy_ws/velodyne_ws/install/velodyne_pointcloud/share/ament_index/resource_index/rclcpp_components/velodyne_pointcloud
[11.794s] -- Installing: /home/jeongil/ros_foxy_ws/velodyne_ws/install/velodyne_pointcloud/share/velodyne_pointcloud/cmake/velodyne_pointcloudConfig.cmake
[11.794s] -- Installing: /home/jeongil/ros_foxy_ws/velodyne_ws/install/velodyne_pointcloud/share/velodyne_pointcloud/cmake/velodyne_pointcloudConfig-version.cmake
[11.794s] -- Installing: /home/jeongil/ros_foxy_ws/velodyne_ws/install/velodyne_pointcloud/share/velodyne_pointcloud/package.xml
[11.794s] -- Installing: /home/jeongil/ros_foxy_ws/velodyne_ws/install/velodyne_pointcloud/lib/libvelodyne_cloud_types.so
[11.794s] -- Set runtime path of "/home/jeongil/ros_foxy_ws/velodyne_ws/install/velodyne_pointcloud/lib/libvelodyne_cloud_types.so" to ""
[11.794s] -- Installing: /home/jeongil/ros_foxy_ws/velodyne_ws/install/velodyne_pointcloud/lib/libvelodyne_rawdata.so
[11.794s] -- Set runtime path of "/home/jeongil/ros_foxy_ws/velodyne_ws/install/velodyne_pointcloud/lib/libvelodyne_rawdata.so" to ""
[11.797s] Invoked command in '/home/jeongil/ros_foxy_ws/velodyne_ws/build/velodyne_pointcloud' returned '0': AMENT_PREFIX_PATH=/home/jeongil/ros_foxy_ws/velodyne_ws/install/velodyne_msgs:${AMENT_PREFIX_PATH} CMAKE_PREFIX_PATH=/home/jeongil/ros_foxy_ws/velodyne_ws/install/velodyne_msgs:/opt/ros/foxy LD_LIBRARY_PATH=/home/jeongil/ros_foxy_ws/velodyne_ws/install/velodyne_msgs/lib:/usr/local/cuda-11.6/lib64:/home/jeongil/ros_foxy_ws/velodyne_ws/install/velodyne_pointcloud/lib:/home/jeongil/ros_foxy_ws/velodyne_ws/install/velodyne_driver/lib:/home/jeongil/ros_foxy_ws/velodyne_ws/install/velodyne_laserscan/lib:/home/jeongil/ros_foxy_ws/velodyne_ws/install/cloud_msgs/lib:/usr/lib/x86_64-linux-gnu/gazebo-11/plugins:/opt/ros/foxy/opt/yaml_cpp_vendor/lib:/opt/ros/foxy/opt/rviz_ogre_vendor/lib:/opt/ros/foxy/lib/x86_64-linux-gnu:/opt/ros/foxy/lib:/usr/local/cuda-11.6/lib64 PYTHONPATH=/home/jeongil/ros_foxy_ws/velodyne_ws/install/velodyne_msgs/lib/python3.8/site-packages:${PYTHONPATH} /usr/bin/cmake --install /home/jeongil/ros_foxy_ws/velodyne_ws/build/velodyne_pointcloud
