[0.352s] Invoking command in '/home/jeongil/ros_foxy_ws/velodyne_ws/build/lego_loam_sr': CMAKE_PREFIX_PATH=/home/jeongil/ros_foxy_ws/velodyne_ws/install/cloud_msgs:/home/jeongil/ros_foxy_ws/velodyne_ws/install/velodyne:/home/jeongil/ros_foxy_ws/velodyne_ws/install/velodyne_pointcloud:/home/jeongil/ros_foxy_ws/velodyne_ws/install/velodyne_driver:/home/jeongil/ros_foxy_ws/velodyne_ws/install/velodyne_msgs:/home/jeongil/ros_foxy_ws/velodyne_ws/install/velodyne_laserscan:/home/jeongil/ros_foxy_ws/velodyne_ws/install/lego_loam_sr:/home/jeongil/ros_foxy_ws/blickfeld_ws/install/blickfeld_driver:/home/jeongil/ros_foxy_ws/blickfeld_ws/install/blickfeld_pointcloud:/opt/ros/foxy CONDA_PROMPT_MODIFIER=(velodyne) LD_LIBRARY_PATH=/home/jeongil/ros_foxy_ws/velodyne_ws/install/cloud_msgs/lib:/usr/local/cuda/lib64:/lib64:/home/jeongil/ros_foxy_ws/velodyne_ws/install/velodyne_pointcloud/lib:/home/jeongil/ros_foxy_ws/velodyne_ws/install/velodyne_driver/lib:/home/jeongil/ros_foxy_ws/velodyne_ws/install/velodyne_msgs/lib:/home/jeongil/ros_foxy_ws/velodyne_ws/install/velodyne_laserscan/lib:/home/jeongil/ros_foxy_ws/blickfeld_ws/install/blickfeld_driver/lib:/opt/ros/foxy/opt/yaml_cpp_vendor/lib:/opt/ros/foxy/opt/rviz_ogre_vendor/lib:/opt/ros/foxy/lib/x86_64-linux-gnu:/opt/ros/foxy/lib:/lib PYTHONPATH=/home/jeongil/ros_foxy_ws/velodyne_ws/install/cloud_msgs/lib/python3.8/site-packages:/home/jeongil/ros_foxy_ws/velodyne_ws/install/velodyne_msgs/lib/python3.8/site-packages:/home/jeongil/ros_foxy_ws/blickfeld_ws/install/blickfeld_pointcloud/lib/python3.8/site-packages:/home/jeongil/ros_foxy_ws/blickfeld_ws/install/blickfeld_driver/lib/python3.8/site-packages:/opt/ros/foxy/lib/python3.8/site-packages /usr/bin/cmake --build /home/jeongil/ros_foxy_ws/velodyne_ws/build/lego_loam_sr -- -j20 -l20
[0.366s] -- Found ament_cmake: 0.9.12 (/opt/ros/foxy/share/ament_cmake/cmake)
[0.391s] -- Using PYTHON_EXECUTABLE: /usr/bin/python3
[0.484s] -- Found rclcpp: 2.4.3 (/opt/ros/foxy/share/rclcpp/cmake)
[0.502s] -- Using all available rosidl_typesupport_c: rosidl_typesupport_fastrtps_c;rosidl_typesupport_introspection_c
[0.503s] -- Found rosidl_adapter: 1.3.1 (/opt/ros/foxy/share/rosidl_adapter/cmake)
[0.571s] -- Using all available rosidl_typesupport_cpp: rosidl_typesupport_fastrtps_cpp;rosidl_typesupport_introspection_cpp
[0.597s] -- Found rmw_implementation_cmake: 1.0.4 (/opt/ros/foxy/share/rmw_implementation_cmake/cmake)
[0.598s] -- Using RMW implementation 'rmw_fastrtps_cpp' as default
[0.676s] -- Found sensor_msgs: 2.0.5 (/opt/ros/foxy/share/sensor_msgs/cmake)
[0.737s] -- Found nav_msgs: 2.0.5 (/opt/ros/foxy/share/nav_msgs/cmake)
[0.776s] -- Found tf2: 0.13.14 (/opt/ros/foxy/share/tf2/cmake)
[0.781s] -- Found tf2_ros: 0.13.14 (/opt/ros/foxy/share/tf2_ros/cmake)
[0.959s] -- Found tf2_geometry_msgs: 0.13.14 (/opt/ros/foxy/share/tf2_geometry_msgs/cmake)
[0.962s] -- Found eigen3_cmake_module: 0.1.1 (/opt/ros/foxy/share/eigen3_cmake_module/cmake)
[0.976s] -- Found pcl_conversions: 2.2.1 (/opt/ros/foxy/share/pcl_conversions/cmake)
[1.069s] -- Found cloud_msgs: 1.0.0 (/home/jeongil/ros_foxy_ws/velodyne_ws/install/cloud_msgs/share/cloud_msgs/cmake)
[1.095s] -- Eigen found (include: /usr/include/eigen3, version: 3.3.7)
[1.141s] -- The imported target "vtkParseOGLExt" references the file
[1.141s]    "/usr/bin/vtkParseOGLExt-7.1"
[1.141s] but this file does not exist.  Possible reasons include:
[1.141s] * The file was deleted, renamed, or moved to another location.
[1.141s] * An install or uninstall procedure did not complete successfully.
[1.141s] * The installation package was faulty and contained
[1.141s]    "/usr/lib/cmake/vtk-7.1/VTKTargets.cmake"
[1.141s] but not all the files it references.
[1.141s] 
[1.141s] -- The imported target "vtkRenderingPythonTkWidgets" references the file
[1.141s]    "/usr/lib/x86_64-linux-gnu/libvtkRenderingPythonTkWidgets.so"
[1.141s] but this file does not exist.  Possible reasons include:
[1.141s] * The file was deleted, renamed, or moved to another location.
[1.141s] * An install or uninstall procedure did not complete successfully.
[1.141s] * The installation package was faulty and contained
[1.141s]    "/usr/lib/cmake/vtk-7.1/VTKTargets.cmake"
[1.141s] but not all the files it references.
[1.141s] 
[1.142s] -- The imported target "vtk" references the file
[1.142s]    "/usr/bin/vtk"
[1.142s] but this file does not exist.  Possible reasons include:
[1.142s] * The file was deleted, renamed, or moved to another location.
[1.142s] * An install or uninstall procedure did not complete successfully.
[1.142s] * The installation package was faulty and contained
[1.142s]    "/usr/lib/cmake/vtk-7.1/VTKTargets.cmake"
[1.142s] but not all the files it references.
[1.142s] 
[1.142s] -- The imported target "pvtk" references the file
[1.142s]    "/usr/bin/pvtk"
[1.142s] but this file does not exist.  Possible reasons include:
[1.142s] * The file was deleted, renamed, or moved to another location.
[1.142s] * An install or uninstall procedure did not complete successfully.
[1.142s] * The installation package was faulty and contained
[1.142s]    "/usr/lib/cmake/vtk-7.1/VTKTargets.cmake"
[1.142s] but not all the files it references.
[1.142s] 
[1.153s] -- OpenNI found (include: /usr/include/ni, lib: /usr/lib/libOpenNI.so)
[1.157s] -- OpenNI2 found (include: /usr/include/openni2, lib: /usr/lib/libOpenNI2.so)
[1.157s] ** WARNING ** io features related to pcap will be disabled
[1.157s] ** WARNING ** io features related to png will be disabled
[1.164s] ** WARNING ** io features related to libusb-1.0 will be disabled
[1.168s] -- OpenNI found (include: /usr/include/ni, lib: /usr/lib/libOpenNI.so)
[1.171s] -- OpenNI2 found (include: /usr/include/openni2, lib: /usr/lib/libOpenNI2.so)
[1.179s] -- QHULL found (include: /usr/include, lib: optimized;/usr/lib/x86_64-linux-gnu/libqhull.so;debug;/usr/lib/x86_64-linux-gnu/libqhull.so)
[1.182s] -- OpenNI found (include: /usr/include/ni, lib: /usr/lib/libOpenNI.so)
[1.189s] -- looking for PCL_COMMON
[1.189s] -- looking for PCL_KDTREE
[1.190s] -- looking for PCL_OCTREE
[1.190s] -- looking for PCL_SEARCH
[1.190s] -- looking for PCL_SAMPLE_CONSENSUS
[1.190s] -- looking for PCL_FILTERS
[1.191s] -- looking for PCL_2D
[1.191s] -- looking for PCL_GEOMETRY
[1.191s] -- looking for PCL_IO
[1.191s] -- looking for PCL_FEATURES
[1.192s] -- looking for PCL_ML
[1.192s] -- looking for PCL_SEGMENTATION
[1.192s] -- looking for PCL_VISUALIZATION
[1.193s] -- looking for PCL_SURFACE
[1.193s] -- looking for PCL_REGISTRATION
[1.193s] -- looking for PCL_KEYPOINTS
[1.194s] -- looking for PCL_TRACKING
[1.194s] -- looking for PCL_RECOGNITION
[1.195s] -- looking for PCL_STEREO
[1.195s] -- looking for PCL_APPS
[1.195s] -- looking for PCL_IN_HAND_SCANNER
[1.196s] -- looking for PCL_POINT_CLOUD_EDITOR
[1.196s] -- looking for PCL_OUTOFCORE
[1.196s] -- looking for PCL_PEOPLE
[1.203s] CMake Error at CMakeLists.txt:28 (find_package):
[1.203s]   By not providing "FindGTSAM.cmake" in CMAKE_MODULE_PATH this project has
[1.203s]   asked CMake to find a package configuration file provided by "GTSAM", but
[1.203s]   CMake did not find one.
[1.203s] 
[1.203s]   Could not find a package configuration file provided by "GTSAM" with any of
[1.203s]   the following names:
[1.203s] 
[1.203s]     GTSAMConfig.cmake
[1.203s]     gtsam-config.cmake
[1.203s] 
[1.203s]   Add the installation prefix of "GTSAM" to CMAKE_PREFIX_PATH or set
[1.203s]   "GTSAM_DIR" to a directory containing one of the above files.  If "GTSAM"
[1.203s]   provides a separate development package or SDK, be sure it has been
[1.203s]   installed.
[1.203s] 
[1.203s] 
[1.204s] -- Configuring incomplete, errors occurred!
[1.204s] See also "/home/jeongil/ros_foxy_ws/velodyne_ws/build/lego_loam_sr/CMakeFiles/CMakeOutput.log".
[1.204s] See also "/home/jeongil/ros_foxy_ws/velodyne_ws/build/lego_loam_sr/CMakeFiles/CMakeError.log".
[1.209s] make: *** [Makefile:386: cmake_check_build_system] 오류 1
