[0.005s] Invoking command in '/home/jeongil/ros_foxy_ws/velodyne_ws/build/lego_loam_sr': AMENT_PREFIX_PATH=/home/jeongil/ros_foxy_ws/velodyne_ws/install/cloud_msgs:${AMENT_PREFIX_PATH} CMAKE_PREFIX_PATH=/home/jeongil/ros_foxy_ws/velodyne_ws/install/cloud_msgs:/opt/ros/foxy LD_LIBRARY_PATH=/home/jeongil/ros_foxy_ws/velodyne_ws/install/cloud_msgs/lib:${LD_LIBRARY_PATH} PYTHONPATH=/home/jeongil/ros_foxy_ws/velodyne_ws/install/cloud_msgs/lib/python3.8/site-packages:${PYTHONPATH} /usr/bin/cmake /home/jeongil/ros_foxy_ws/velodyne_ws/src/LeGO-LOAM-SR/LeGO-LOAM -DCMAKE_INSTALL_PREFIX=/home/jeongil/ros_foxy_ws/velodyne_ws/install/lego_loam_sr
[0.075s] -- The C compiler identification is GNU 9.4.0
[0.126s] -- The CXX compiler identification is GNU 9.4.0
[0.128s] -- Check for working C compiler: /usr/bin/cc
[0.186s] -- Check for working C compiler: /usr/bin/cc -- works
[0.186s] -- Detecting C compiler ABI info
[0.249s] -- Detecting C compiler ABI info - done
[0.255s] -- Detecting C compile features
[0.255s] -- Detecting C compile features - done
[0.257s] -- Check for working CXX compiler: /usr/bin/c++
[0.325s] -- Check for working CXX compiler: /usr/bin/c++ -- works
[0.327s] -- Detecting CXX compiler ABI info
[0.409s] -- Detecting CXX compiler ABI info - done
[0.415s] -- Detecting CXX compile features
[0.416s] -- Detecting CXX compile features - done
[0.416s] -- Found ament_cmake: 0.9.11 (/opt/ros/foxy/share/ament_cmake/cmake)
[0.429s] -- Found PythonInterp: /usr/bin/python3 (found suitable version "3.8.10", minimum required is "3") 
[0.429s] -- Using PYTHON_EXECUTABLE: /usr/bin/python3
[0.518s] -- Found rclcpp: 2.4.2 (/opt/ros/foxy/share/rclcpp/cmake)
[0.539s] -- Using all available rosidl_typesupport_c: rosidl_typesupport_fastrtps_c;rosidl_typesupport_introspection_c
[0.542s] -- Found rosidl_adapter: 1.3.0 (/opt/ros/foxy/share/rosidl_adapter/cmake)
[0.579s] -- Found OpenSSL: /usr/lib/x86_64-linux-gnu/libcrypto.so (found version "1.1.1f")  
[0.596s] -- Found FastRTPS: /opt/ros/foxy/include  
[0.634s] -- Using all available rosidl_typesupport_cpp: rosidl_typesupport_fastrtps_cpp;rosidl_typesupport_introspection_cpp
[0.661s] -- Found rmw_implementation_cmake: 1.0.4 (/opt/ros/foxy/share/rmw_implementation_cmake/cmake)
[0.662s] -- Using RMW implementation 'rmw_fastrtps_cpp' as default
[0.662s] -- Looking for pthread.h
[0.709s] -- Looking for pthread.h - found
[0.709s] -- Performing Test CMAKE_HAVE_LIBC_PTHREAD
[0.785s] -- Performing Test CMAKE_HAVE_LIBC_PTHREAD - Failed
[0.786s] -- Looking for pthread_create in pthreads
[0.825s] -- Looking for pthread_create in pthreads - not found
[0.825s] -- Looking for pthread_create in pthread
[0.886s] -- Looking for pthread_create in pthread - found
[0.887s] -- Found Threads: TRUE  
[0.965s] -- Found sensor_msgs: 2.0.5 (/opt/ros/foxy/share/sensor_msgs/cmake)
[1.025s] -- Found nav_msgs: 2.0.5 (/opt/ros/foxy/share/nav_msgs/cmake)
[1.063s] -- Found tf2: 0.13.14 (/opt/ros/foxy/share/tf2/cmake)
[1.068s] -- Found tf2_ros: 0.13.14 (/opt/ros/foxy/share/tf2_ros/cmake)
[1.240s] -- Found tf2_geometry_msgs: 0.13.14 (/opt/ros/foxy/share/tf2_geometry_msgs/cmake)
[1.244s] -- Found eigen3_cmake_module: 0.1.1 (/opt/ros/foxy/share/eigen3_cmake_module/cmake)
[1.246s] -- Found Eigen3: TRUE (found version "3.3.7") 
[1.259s] -- Found pcl_conversions: 2.2.1 (/opt/ros/foxy/share/pcl_conversions/cmake)
[1.346s] -- Found cloud_msgs: 1.0.0 (/home/jeongil/ros_foxy_ws/velodyne_ws/install/cloud_msgs/share/cloud_msgs/cmake)
[1.370s] -- Checking for module 'eigen3'
[1.377s] --   Found eigen3, version 3.3.7
[1.394s] -- Found Eigen: /usr/include/eigen3 (Required is at least version "3.1") 
[1.394s] -- Eigen found (include: /usr/include/eigen3, version: 3.3.7)
[1.417s] -- Found Boost: /usr/include (found suitable version "1.71.0", minimum required is "1.55.0") found components: system filesystem date_time iostreams regex 
[1.433s] -- Checking for module 'flann'
[1.440s] --   Found flann, version 1.9.1
[1.459s] -- Found FLANN: /usr/lib/x86_64-linux-gnu/libflann_cpp.so  
[1.490s] -- The imported target "vtkParseOGLExt" references the file
[1.490s]    "/usr/bin/vtkParseOGLExt-7.1"
[1.490s] but this file does not exist.  Possible reasons include:
[1.490s] * The file was deleted, renamed, or moved to another location.
[1.490s] * An install or uninstall procedure did not complete successfully.
[1.490s] * The installation package was faulty and contained
[1.490s]    "/usr/lib/cmake/vtk-7.1/VTKTargets.cmake"
[1.490s] but not all the files it references.
[1.490s] 
[1.491s] -- The imported target "vtkRenderingPythonTkWidgets" references the file
[1.491s]    "/usr/lib/x86_64-linux-gnu/libvtkRenderingPythonTkWidgets.so"
[1.491s] but this file does not exist.  Possible reasons include:
[1.491s] * The file was deleted, renamed, or moved to another location.
[1.491s] * An install or uninstall procedure did not complete successfully.
[1.491s] * The installation package was faulty and contained
[1.491s]    "/usr/lib/cmake/vtk-7.1/VTKTargets.cmake"
[1.491s] but not all the files it references.
[1.491s] 
[1.491s] -- The imported target "vtk" references the file
[1.491s]    "/usr/bin/vtk"
[1.491s] but this file does not exist.  Possible reasons include:
[1.491s] * The file was deleted, renamed, or moved to another location.
[1.491s] * An install or uninstall procedure did not complete successfully.
[1.491s] * The installation package was faulty and contained
[1.491s]    "/usr/lib/cmake/vtk-7.1/VTKTargets.cmake"
[1.491s] but not all the files it references.
[1.491s] 
[1.492s] -- The imported target "pvtk" references the file
[1.492s]    "/usr/bin/pvtk"
[1.492s] but this file does not exist.  Possible reasons include:
[1.492s] * The file was deleted, renamed, or moved to another location.
[1.492s] * An install or uninstall procedure did not complete successfully.
[1.492s] * The installation package was faulty and contained
[1.492s]    "/usr/lib/cmake/vtk-7.1/VTKTargets.cmake"
[1.492s] but not all the files it references.
[1.492s] 
[1.506s] -- Checking for module 'libusb-1.0'
[1.515s] --   Found libusb-1.0, version 1.0.23
[1.540s] -- Found USB_10: /usr/lib/x86_64-linux-gnu/libusb-1.0.so  
[1.564s] -- Found OpenNI: /usr/lib/libOpenNI.so  
[1.564s] -- OpenNI found (include: /usr/include/ni, lib: /usr/lib/libOpenNI.so)
[1.594s] -- Found OpenNI2: /usr/lib/libOpenNI2.so  
[1.594s] -- OpenNI2 found (include: /usr/include/openni2, lib: /usr/lib/libOpenNI2.so)
[1.595s] ** WARNING ** io features related to pcap will be disabled
[1.595s] ** WARNING ** io features related to png will be disabled
[1.605s] -- Found libusb-1.0: /usr/include  
[1.605s] ** WARNING ** io features related to libusb-1.0 will be disabled
[1.608s] -- OpenNI found (include: /usr/include/ni, lib: /usr/lib/libOpenNI.so)
[1.612s] -- OpenNI2 found (include: /usr/include/openni2, lib: /usr/lib/libOpenNI2.so)
[1.625s] -- Found Qhull: optimized;/usr/lib/x86_64-linux-gnu/libqhull.so;debug;/usr/lib/x86_64-linux-gnu/libqhull.so  
[1.626s] -- QHULL found (include: /usr/include, lib: optimized;/usr/lib/x86_64-linux-gnu/libqhull.so;debug;/usr/lib/x86_64-linux-gnu/libqhull.so)
[1.629s] -- OpenNI found (include: /usr/include/ni, lib: /usr/lib/libOpenNI.so)
[1.635s] -- looking for PCL_COMMON
[1.636s] -- Found PCL_COMMON: /usr/lib/x86_64-linux-gnu/libpcl_common.so  
[1.636s] -- looking for PCL_KDTREE
[1.637s] -- Found PCL_KDTREE: /usr/lib/x86_64-linux-gnu/libpcl_kdtree.so  
[1.637s] -- looking for PCL_OCTREE
[1.637s] -- Found PCL_OCTREE: /usr/lib/x86_64-linux-gnu/libpcl_octree.so  
[1.637s] -- looking for PCL_SEARCH
[1.638s] -- Found PCL_SEARCH: /usr/lib/x86_64-linux-gnu/libpcl_search.so  
[1.638s] -- looking for PCL_SAMPLE_CONSENSUS
[1.639s] -- Found PCL_SAMPLE_CONSENSUS: /usr/lib/x86_64-linux-gnu/libpcl_sample_consensus.so  
[1.639s] -- looking for PCL_FILTERS
[1.639s] -- Found PCL_FILTERS: /usr/lib/x86_64-linux-gnu/libpcl_filters.so  
[1.639s] -- looking for PCL_2D
[1.640s] -- Found PCL_2D: /usr/include/pcl-1.10  
[1.640s] -- looking for PCL_GEOMETRY
[1.640s] -- Found PCL_GEOMETRY: /usr/include/pcl-1.10  
[1.640s] -- looking for PCL_IO
[1.641s] -- Found PCL_IO: /usr/lib/x86_64-linux-gnu/libpcl_io.so  
[1.641s] -- looking for PCL_FEATURES
[1.641s] -- Found PCL_FEATURES: /usr/lib/x86_64-linux-gnu/libpcl_features.so  
[1.642s] -- looking for PCL_ML
[1.642s] -- Found PCL_ML: /usr/lib/x86_64-linux-gnu/libpcl_ml.so  
[1.642s] -- looking for PCL_SEGMENTATION
[1.643s] -- Found PCL_SEGMENTATION: /usr/lib/x86_64-linux-gnu/libpcl_segmentation.so  
[1.643s] -- looking for PCL_VISUALIZATION
[1.644s] -- Found PCL_VISUALIZATION: /usr/lib/x86_64-linux-gnu/libpcl_visualization.so  
[1.644s] -- looking for PCL_SURFACE
[1.644s] -- Found PCL_SURFACE: /usr/lib/x86_64-linux-gnu/libpcl_surface.so  
[1.645s] -- looking for PCL_REGISTRATION
[1.645s] -- Found PCL_REGISTRATION: /usr/lib/x86_64-linux-gnu/libpcl_registration.so  
[1.645s] -- looking for PCL_KEYPOINTS
[1.646s] -- Found PCL_KEYPOINTS: /usr/lib/x86_64-linux-gnu/libpcl_keypoints.so  
[1.646s] -- looking for PCL_TRACKING
[1.647s] -- Found PCL_TRACKING: /usr/lib/x86_64-linux-gnu/libpcl_tracking.so  
[1.647s] -- looking for PCL_RECOGNITION
[1.648s] -- Found PCL_RECOGNITION: /usr/lib/x86_64-linux-gnu/libpcl_recognition.so  
[1.648s] -- looking for PCL_STEREO
[1.648s] -- Found PCL_STEREO: /usr/lib/x86_64-linux-gnu/libpcl_stereo.so  
[1.649s] -- looking for PCL_APPS
[1.649s] -- Found PCL_APPS: /usr/lib/x86_64-linux-gnu/libpcl_apps.so  
[1.650s] -- looking for PCL_IN_HAND_SCANNER
[1.650s] -- Found PCL_IN_HAND_SCANNER: /usr/include/pcl-1.10  
[1.650s] -- looking for PCL_POINT_CLOUD_EDITOR
[1.651s] -- Found PCL_POINT_CLOUD_EDITOR: /usr/include/pcl-1.10  
[1.651s] -- looking for PCL_OUTOFCORE
[1.651s] -- Found PCL_OUTOFCORE: /usr/lib/x86_64-linux-gnu/libpcl_outofcore.so  
[1.652s] -- looking for PCL_PEOPLE
[1.652s] -- Found PCL_PEOPLE: /usr/lib/x86_64-linux-gnu/libpcl_people.so  
[1.653s] -- Found PCL: pcl_common;pcl_kdtree;pcl_octree;pcl_search;pcl_sample_consensus;pcl_filters;pcl_io;pcl_features;pcl_ml;pcl_segmentation;pcl_visualization;pcl_surface;pcl_registration;pcl_keypoints;pcl_tracking;pcl_recognition;pcl_stereo;pcl_apps;pcl_outofcore;pcl_people;/usr/lib/x86_64-linux-gnu/libboost_system.so;/usr/lib/x86_64-linux-gnu/libboost_filesystem.so;/usr/lib/x86_64-linux-gnu/libboost_date_time.so;/usr/lib/x86_64-linux-gnu/libboost_iostreams.so;/usr/lib/x86_64-linux-gnu/libboost_regex.so;optimized;/usr/lib/x86_64-linux-gnu/libqhull.so;debug;/usr/lib/x86_64-linux-gnu/libqhull.so;/usr/lib/libOpenNI.so;/usr/lib/libOpenNI2.so;vtkChartsCore;vtkCommonColor;vtkCommonCore;vtksys;vtkCommonDataModel;vtkCommonMath;vtkCommonMisc;vtkCommonSystem;vtkCommonTransforms;vtkCommonExecutionModel;vtkFiltersGeneral;vtkCommonComputationalGeometry;vtkFiltersCore;vtkInfovisCore;vtkFiltersExtraction;vtkFiltersStatistics;vtkImagingFourier;vtkImagingCore;vtkalglib;vtkRenderingContext2D;vtkRenderingCore;vtkFiltersGeometry;vtkFiltersSources;vtkRenderingFreeType;/usr/lib/x86_64-linux-gnu/libfreetype.so;/usr/lib/x86_64-linux-gnu/libz.so;vtkFiltersModeling;vtkImagingSources;vtkInteractionStyle;vtkInteractionWidgets;vtkFiltersHybrid;vtkImagingColor;vtkImagingGeneral;vtkImagingHybrid;vtkIOImage;vtkDICOMParser;vtkmetaio;/usr/lib/x86_64-linux-gnu/libjpeg.so;/usr/lib/x86_64-linux-gnu/libpng.so;/usr/lib/x86_64-linux-gnu/libtiff.so;vtkRenderingAnnotation;vtkRenderingVolume;vtkIOXML;vtkIOCore;vtkIOXMLParser;/usr/lib/x86_64-linux-gnu/libexpat.so;vtkIOGeometry;vtkIOLegacy;vtkIOPLY;vtkRenderingLOD;vtkViewsContext2D;vtkViewsCore;vtkRenderingContextOpenGL2;vtkRenderingOpenGL2;FLANN::FLANN  
[1.658s] CMake Error at CMakeLists.txt:28 (find_package):
[1.658s]   By not providing "FindGTSAM.cmake" in CMAKE_MODULE_PATH this project has
[1.658s]   asked CMake to find a package configuration file provided by "GTSAM", but
[1.658s]   CMake did not find one.
[1.658s] 
[1.659s]   Could not find a package configuration file provided by "GTSAM" with any of
[1.659s]   the following names:
[1.659s] 
[1.659s]     GTSAMConfig.cmake
[1.659s]     gtsam-config.cmake
[1.659s] 
[1.659s]   Add the installation prefix of "GTSAM" to CMAKE_PREFIX_PATH or set
[1.659s]   "GTSAM_DIR" to a directory containing one of the above files.  If "GTSAM"
[1.659s]   provides a separate development package or SDK, be sure it has been
[1.659s]   installed.
[1.659s] 
[1.659s] 
[1.659s] -- Configuring incomplete, errors occurred!
[1.659s] See also "/home/jeongil/ros_foxy_ws/velodyne_ws/build/lego_loam_sr/CMakeFiles/CMakeOutput.log".
[1.659s] See also "/home/jeongil/ros_foxy_ws/velodyne_ws/build/lego_loam_sr/CMakeFiles/CMakeError.log".
[1.667s] Invoked command in '/home/jeongil/ros_foxy_ws/velodyne_ws/build/lego_loam_sr' returned '1': AMENT_PREFIX_PATH=/home/jeongil/ros_foxy_ws/velodyne_ws/install/cloud_msgs:${AMENT_PREFIX_PATH} CMAKE_PREFIX_PATH=/home/jeongil/ros_foxy_ws/velodyne_ws/install/cloud_msgs:/opt/ros/foxy LD_LIBRARY_PATH=/home/jeongil/ros_foxy_ws/velodyne_ws/install/cloud_msgs/lib:${LD_LIBRARY_PATH} PYTHONPATH=/home/jeongil/ros_foxy_ws/velodyne_ws/install/cloud_msgs/lib/python3.8/site-packages:${PYTHONPATH} /usr/bin/cmake /home/jeongil/ros_foxy_ws/velodyne_ws/src/LeGO-LOAM-SR/LeGO-LOAM -DCMAKE_INSTALL_PREFIX=/home/jeongil/ros_foxy_ws/velodyne_ws/install/lego_loam_sr
