[0.013s] Invoking command in '/home/jeongil/ros_foxy_ws/velodyne_ws/build/velodyne_msgs': CMAKE_PREFIX_PATH=/opt/ros/foxy /usr/bin/cmake /home/jeongil/ros_foxy_ws/velodyne_ws/src/velodyne-ros2/velodyne_msgs -DCMAKE_INSTALL_PREFIX=/home/jeongil/ros_foxy_ws/velodyne_ws/install/velodyne_msgs
[0.042s] -- The C compiler identification is GNU 9.4.0
[0.069s] -- The CXX compiler identification is GNU 9.4.0
[0.071s] -- Check for working C compiler: /usr/bin/cc
[0.107s] -- Check for working C compiler: /usr/bin/cc -- works
[0.107s] -- Detecting C compiler ABI info
[0.143s] -- Detecting C compiler ABI info - done
[0.149s] -- Detecting C compile features
[0.150s] -- Detecting C compile features - done
[0.151s] -- Check for working CXX compiler: /usr/bin/c++
[0.191s] -- Check for working CXX compiler: /usr/bin/c++ -- works
[0.192s] -- Detecting CXX compiler ABI info
[0.234s] -- Detecting CXX compiler ABI info - done
[0.240s] -- Detecting CXX compile features
[0.240s] -- Detecting CXX compile features - done
[0.241s] -- Found ament_cmake: 0.9.11 (/opt/ros/foxy/share/ament_cmake/cmake)
[0.254s] -- Found PythonInterp: /usr/bin/python3 (found suitable version "3.8.10", minimum required is "3") 
[0.254s] -- Using PYTHON_EXECUTABLE: /usr/bin/python3
[0.344s] -- Found builtin_interfaces: 1.0.0 (/opt/ros/foxy/share/builtin_interfaces/cmake)
[0.358s] -- Using all available rosidl_typesupport_c: rosidl_typesupport_fastrtps_c;rosidl_typesupport_introspection_c
[0.361s] -- Found rosidl_adapter: 1.3.0 (/opt/ros/foxy/share/rosidl_adapter/cmake)
[0.400s] -- Found OpenSSL: /usr/lib/x86_64-linux-gnu/libcrypto.so (found version "1.1.1f")  
[0.417s] -- Found FastRTPS: /opt/ros/foxy/include  
[0.458s] -- Using all available rosidl_typesupport_cpp: rosidl_typesupport_fastrtps_cpp;rosidl_typesupport_introspection_cpp
[0.472s] -- Found rosidl_default_generators: 1.0.1 (/opt/ros/foxy/share/rosidl_default_generators/cmake)
[0.477s] -- Found std_msgs: 2.0.5 (/opt/ros/foxy/share/std_msgs/cmake)
[0.498s] -- Found PythonInterp: /usr/bin/python3 (found version "3.8.10") 
[0.578s] -- Found ament_cmake_cppcheck: 0.9.8 (/opt/ros/foxy/share/ament_cmake_cppcheck/cmake)
[0.579s] -- Found ament_cmake_cpplint: 0.9.8 (/opt/ros/foxy/share/ament_cmake_cpplint/cmake)
[0.580s] -- Found ament_cmake_uncrustify: 0.9.8 (/opt/ros/foxy/share/ament_cmake_uncrustify/cmake)
[0.581s] -- Found ament_cmake_ros: 0.9.2 (/opt/ros/foxy/share/ament_cmake_ros/cmake)
[0.672s] -- Using all available rosidl_typesupport_c: rosidl_typesupport_fastrtps_c;rosidl_typesupport_introspection_c
[0.703s] -- Using all available rosidl_typesupport_cpp: rosidl_typesupport_fastrtps_cpp;rosidl_typesupport_introspection_cpp
[0.717s] -- Found PythonInterp: /usr/bin/python3 (found suitable version "3.8.10", minimum required is "3.5") 
[0.717s] -- Found python_cmake_module: 0.8.1 (/opt/ros/foxy/share/python_cmake_module/cmake)
[0.731s] -- Found PythonLibs: /usr/lib/x86_64-linux-gnu/libpython3.8.so (found suitable version "3.8.10", minimum required is "3.5") 
[0.732s] -- Using PYTHON_EXECUTABLE: /usr/bin/python3
[0.732s] -- Using PYTHON_INCLUDE_DIRS: /usr/include/python3.8
[0.732s] -- Using PYTHON_LIBRARIES: /usr/lib/x86_64-linux-gnu/libpython3.8.so
[0.743s] -- Found PythonExtra: .so  
[0.774s] -- Found ament_cmake_flake8: 0.9.8 (/opt/ros/foxy/share/ament_cmake_flake8/cmake)
[0.775s] -- Found ament_cmake_pep257: 0.9.8 (/opt/ros/foxy/share/ament_cmake_pep257/cmake)
[0.776s] -- Found ament_lint_auto: 0.9.8 (/opt/ros/foxy/share/ament_lint_auto/cmake)
[0.782s] -- Added test 'copyright' to check source files copyright and LICENSE
[0.782s] -- Added test 'lint_cmake' to check CMake code style
[0.782s] -- Added test 'xmllint' to check XML markup files
[0.784s] -- Configuring done
[0.805s] -- Generating done
[0.807s] -- Build files have been written to: /home/jeongil/ros_foxy_ws/velodyne_ws/build/velodyne_msgs
[0.812s] Invoked command in '/home/jeongil/ros_foxy_ws/velodyne_ws/build/velodyne_msgs' returned '0': CMAKE_PREFIX_PATH=/opt/ros/foxy /usr/bin/cmake /home/jeongil/ros_foxy_ws/velodyne_ws/src/velodyne-ros2/velodyne_msgs -DCMAKE_INSTALL_PREFIX=/home/jeongil/ros_foxy_ws/velodyne_ws/install/velodyne_msgs
[0.813s] Invoking command in '/home/jeongil/ros_foxy_ws/velodyne_ws/build/velodyne_msgs': CMAKE_PREFIX_PATH=/opt/ros/foxy /usr/bin/cmake --build /home/jeongil/ros_foxy_ws/velodyne_ws/build/velodyne_msgs -- -j20 -l20
[0.834s] [  2%] [34m[1mGenerating C code for ROS interfaces[0m
[0.835s] [35m[1mScanning dependencies of target velodyne_msgs__cpp[0m
[0.840s] [  5%] [34m[1mGenerating C++ code for ROS interfaces[0m
[0.995s] [  5%] Built target velodyne_msgs__cpp
[1.000s] [35m[1mScanning dependencies of target velodyne_msgs__rosidl_generator_c[0m
[1.000s] [  7%] [34m[1mGenerating C++ type support dispatch for ROS interfaces[0m
[1.000s] [ 10%] [34m[1mGenerating C++ type support for eProsima Fast-RTPS[0m
[1.001s] [ 12%] [34m[1mGenerating C++ introspection for ROS interfaces[0m
[1.007s] [ 15%] [32mBuilding C object CMakeFiles/velodyne_msgs__rosidl_generator_c.dir/rosidl_generator_c/velodyne_msgs/msg/detail/velodyne_scan__functions.c.o[0m
[1.008s] [ 17%] [32mBuilding C object CMakeFiles/velodyne_msgs__rosidl_generator_c.dir/rosidl_generator_c/velodyne_msgs/msg/detail/velodyne_packet__functions.c.o[0m
[1.050s] [ 20%] [32m[1mLinking C shared library libvelodyne_msgs__rosidl_generator_c.so[0m
[1.083s] [ 20%] Built target velodyne_msgs__rosidl_generator_c
[1.089s] [ 23%] [34m[1mGenerating C type support dispatch for ROS interfaces[0m
[1.092s] [ 25%] [34m[1mGenerating C introspection for ROS interfaces[0m
[1.144s] [35m[1mScanning dependencies of target velodyne_msgs__rosidl_typesupport_cpp[0m
[1.151s] [ 28%] [32mBuilding CXX object CMakeFiles/velodyne_msgs__rosidl_typesupport_cpp.dir/rosidl_typesupport_cpp/velodyne_msgs/msg/velodyne_packet__type_support.cpp.o[0m
[1.153s] [ 30%] [32mBuilding CXX object CMakeFiles/velodyne_msgs__rosidl_typesupport_cpp.dir/rosidl_typesupport_cpp/velodyne_msgs/msg/velodyne_scan__type_support.cpp.o[0m
[1.161s] [35m[1mScanning dependencies of target velodyne_msgs__rosidl_typesupport_fastrtps_cpp[0m
[1.173s] [ 33%] [32mBuilding CXX object CMakeFiles/velodyne_msgs__rosidl_typesupport_fastrtps_cpp.dir/rosidl_typesupport_fastrtps_cpp/velodyne_msgs/msg/detail/dds_fastrtps/velodyne_scan__type_support.cpp.o[0m
[1.173s] [ 35%] [32mBuilding CXX object CMakeFiles/velodyne_msgs__rosidl_typesupport_fastrtps_cpp.dir/rosidl_typesupport_fastrtps_cpp/velodyne_msgs/msg/detail/dds_fastrtps/velodyne_packet__type_support.cpp.o[0m
[1.233s] [35m[1mScanning dependencies of target velodyne_msgs__rosidl_typesupport_c[0m
[1.240s] [ 38%] [32mBuilding CXX object CMakeFiles/velodyne_msgs__rosidl_typesupport_c.dir/rosidl_typesupport_c/velodyne_msgs/msg/velodyne_packet__type_support.cpp.o[0m
[1.242s] [ 41%] [32mBuilding CXX object CMakeFiles/velodyne_msgs__rosidl_typesupport_c.dir/rosidl_typesupport_c/velodyne_msgs/msg/velodyne_scan__type_support.cpp.o[0m
[1.267s] [ 43%] [32m[1mLinking CXX shared library libvelodyne_msgs__rosidl_typesupport_c.so[0m
[1.276s] [35m[1mScanning dependencies of target velodyne_msgs__rosidl_typesupport_introspection_cpp[0m
[1.283s] [ 46%] [32mBuilding CXX object CMakeFiles/velodyne_msgs__rosidl_typesupport_introspection_cpp.dir/rosidl_typesupport_introspection_cpp/velodyne_msgs/msg/detail/velodyne_packet__type_support.cpp.o[0m
[1.284s] [35m[1mScanning dependencies of target velodyne_msgs__rosidl_typesupport_introspection_c[0m
[1.285s] [ 48%] [32mBuilding CXX object CMakeFiles/velodyne_msgs__rosidl_typesupport_introspection_cpp.dir/rosidl_typesupport_introspection_cpp/velodyne_msgs/msg/detail/velodyne_scan__type_support.cpp.o[0m
[1.294s] [ 48%] Built target velodyne_msgs__rosidl_typesupport_c
[1.294s] [ 51%] [32mBuilding C object CMakeFiles/velodyne_msgs__rosidl_typesupport_introspection_c.dir/rosidl_typesupport_introspection_c/velodyne_msgs/msg/detail/velodyne_packet__type_support.c.o[0m
[1.295s] [ 53%] [32mBuilding C object CMakeFiles/velodyne_msgs__rosidl_typesupport_introspection_c.dir/rosidl_typesupport_introspection_c/velodyne_msgs/msg/detail/velodyne_scan__type_support.c.o[0m
[1.315s] [ 56%] [32m[1mLinking C shared library libvelodyne_msgs__rosidl_typesupport_introspection_c.so[0m
[1.333s] [ 56%] Built target velodyne_msgs__rosidl_typesupport_introspection_c
[1.333s] [ 58%] [32m[1mLinking CXX shared library libvelodyne_msgs__rosidl_typesupport_cpp.so[0m
[1.356s] [ 58%] Built target velodyne_msgs__rosidl_typesupport_cpp
[1.412s] [ 61%] [32m[1mLinking CXX shared library libvelodyne_msgs__rosidl_typesupport_fastrtps_cpp.so[0m
[1.458s] [ 61%] Built target velodyne_msgs__rosidl_typesupport_fastrtps_cpp
[1.464s] [ 64%] [34m[1mGenerating C type support for eProsima Fast-RTPS[0m
[1.469s] [ 66%] [32m[1mLinking CXX shared library libvelodyne_msgs__rosidl_typesupport_introspection_cpp.so[0m
[1.509s] [ 66%] Built target velodyne_msgs__rosidl_typesupport_introspection_cpp
[1.610s] [35m[1mScanning dependencies of target velodyne_msgs__rosidl_typesupport_fastrtps_c[0m
[1.618s] [ 69%] [32mBuilding CXX object CMakeFiles/velodyne_msgs__rosidl_typesupport_fastrtps_c.dir/rosidl_typesupport_fastrtps_c/velodyne_msgs/msg/detail/velodyne_packet__type_support_c.cpp.o[0m
[1.618s] [ 71%] [32mBuilding CXX object CMakeFiles/velodyne_msgs__rosidl_typesupport_fastrtps_c.dir/rosidl_typesupport_fastrtps_c/velodyne_msgs/msg/detail/velodyne_scan__type_support_c.cpp.o[0m
[1.778s] [ 74%] [32m[1mLinking CXX shared library libvelodyne_msgs__rosidl_typesupport_fastrtps_c.so[0m
[1.823s] [ 74%] Built target velodyne_msgs__rosidl_typesupport_fastrtps_c
[1.828s] [35m[1mScanning dependencies of target velodyne_msgs[0m
[1.833s] [ 74%] Built target velodyne_msgs
[1.839s] [35m[1mScanning dependencies of target velodyne_msgs__py[0m
[1.844s] [ 76%] [34m[1mGenerating Python code for ROS interfaces[0m
[2.113s] [ 76%] Built target velodyne_msgs__py
[2.118s] [35m[1mScanning dependencies of target velodyne_msgs__python[0m
[2.129s] [ 79%] [32mBuilding C object CMakeFiles/velodyne_msgs__python.dir/rosidl_generator_py/velodyne_msgs/msg/_velodyne_packet_s.c.o[0m
[2.129s] [ 82%] [32mBuilding C object CMakeFiles/velodyne_msgs__python.dir/rosidl_generator_py/velodyne_msgs/msg/_velodyne_scan_s.c.o[0m
[2.175s] [ 84%] [32m[1mLinking C shared library rosidl_generator_py/velodyne_msgs/libvelodyne_msgs__python.so[0m
[2.197s] [ 84%] Built target velodyne_msgs__python
[2.203s] [35m[1mScanning dependencies of target velodyne_msgs__rosidl_typesupport_c__pyext[0m
[2.203s] [35m[1mScanning dependencies of target velodyne_msgs__rosidl_typesupport_introspection_c__pyext[0m
[2.203s] [35m[1mScanning dependencies of target velodyne_msgs__rosidl_typesupport_fastrtps_c__pyext[0m
[2.212s] [ 87%] [32mBuilding C object CMakeFiles/velodyne_msgs__rosidl_typesupport_introspection_c__pyext.dir/rosidl_generator_py/velodyne_msgs/_velodyne_msgs_s.ep.rosidl_typesupport_introspection_c.c.o[0m
[2.212s] [ 89%] [32mBuilding C object CMakeFiles/velodyne_msgs__rosidl_typesupport_c__pyext.dir/rosidl_generator_py/velodyne_msgs/_velodyne_msgs_s.ep.rosidl_typesupport_c.c.o[0m
[2.215s] [ 92%] [32mBuilding C object CMakeFiles/velodyne_msgs__rosidl_typesupport_fastrtps_c__pyext.dir/rosidl_generator_py/velodyne_msgs/_velodyne_msgs_s.ep.rosidl_typesupport_fastrtps_c.c.o[0m
[2.255s] [ 94%] [32m[1mLinking C shared library rosidl_generator_py/velodyne_msgs/velodyne_msgs_s__rosidl_typesupport_introspection_c.cpython-38-x86_64-linux-gnu.so[0m
[2.257s] [ 97%] [32m[1mLinking C shared library rosidl_generator_py/velodyne_msgs/velodyne_msgs_s__rosidl_typesupport_c.cpython-38-x86_64-linux-gnu.so[0m
[2.257s] [100%] [32m[1mLinking CXX shared library rosidl_generator_py/velodyne_msgs/velodyne_msgs_s__rosidl_typesupport_fastrtps_c.cpython-38-x86_64-linux-gnu.so[0m
[2.275s] [100%] Built target velodyne_msgs__rosidl_typesupport_introspection_c__pyext
[2.276s] [100%] Built target velodyne_msgs__rosidl_typesupport_c__pyext
[2.293s] [100%] Built target velodyne_msgs__rosidl_typesupport_fastrtps_c__pyext
[2.299s] Invoked command in '/home/jeongil/ros_foxy_ws/velodyne_ws/build/velodyne_msgs' returned '0': CMAKE_PREFIX_PATH=/opt/ros/foxy /usr/bin/cmake --build /home/jeongil/ros_foxy_ws/velodyne_ws/build/velodyne_msgs -- -j20 -l20
[2.339s] Invoking command in '/home/jeongil/ros_foxy_ws/velodyne_ws/build/velodyne_msgs': CMAKE_PREFIX_PATH=/opt/ros/foxy /usr/bin/cmake --install /home/jeongil/ros_foxy_ws/velodyne_ws/build/velodyne_msgs
[2.343s] -- Install configuration: ""
[2.343s] -- Installing: /home/jeongil/ros_foxy_ws/velodyne_ws/install/velodyne_msgs/share/ament_index/resource_index/rosidl_interfaces/velodyne_msgs
[2.343s] -- Installing: /home/jeongil/ros_foxy_ws/velodyne_ws/install/velodyne_msgs/include/velodyne_msgs
[2.343s] -- Installing: /home/jeongil/ros_foxy_ws/velodyne_ws/install/velodyne_msgs/include/velodyne_msgs/msg
[2.343s] -- Installing: /home/jeongil/ros_foxy_ws/velodyne_ws/install/velodyne_msgs/include/velodyne_msgs/msg/rosidl_generator_c__visibility_control.h
[2.343s] -- Installing: /home/jeongil/ros_foxy_ws/velodyne_ws/install/velodyne_msgs/include/velodyne_msgs/msg/velodyne_scan.h
[2.343s] -- Installing: /home/jeongil/ros_foxy_ws/velodyne_ws/install/velodyne_msgs/include/velodyne_msgs/msg/velodyne_packet.h
[2.343s] -- Installing: /home/jeongil/ros_foxy_ws/velodyne_ws/install/velodyne_msgs/include/velodyne_msgs/msg/detail
[2.343s] -- Installing: /home/jeongil/ros_foxy_ws/velodyne_ws/install/velodyne_msgs/include/velodyne_msgs/msg/detail/velodyne_scan__functions.h
[2.343s] -- Installing: /home/jeongil/ros_foxy_ws/velodyne_ws/install/velodyne_msgs/include/velodyne_msgs/msg/detail/velodyne_packet__struct.h
[2.343s] -- Installing: /home/jeongil/ros_foxy_ws/velodyne_ws/install/velodyne_msgs/include/velodyne_msgs/msg/detail/velodyne_packet__type_support.h
[2.343s] -- Installing: /home/jeongil/ros_foxy_ws/velodyne_ws/install/velodyne_msgs/include/velodyne_msgs/msg/detail/velodyne_packet__functions.h
[2.343s] -- Installing: /home/jeongil/ros_foxy_ws/velodyne_ws/install/velodyne_msgs/include/velodyne_msgs/msg/detail/velodyne_scan__functions.c
[2.343s] -- Installing: /home/jeongil/ros_foxy_ws/velodyne_ws/install/velodyne_msgs/include/velodyne_msgs/msg/detail/velodyne_packet__functions.c
[2.343s] -- Installing: /home/jeongil/ros_foxy_ws/velodyne_ws/install/velodyne_msgs/include/velodyne_msgs/msg/detail/velodyne_scan__type_support.h
[2.343s] -- Installing: /home/jeongil/ros_foxy_ws/velodyne_ws/install/velodyne_msgs/include/velodyne_msgs/msg/detail/velodyne_scan__struct.h
[2.343s] -- Installing: /home/jeongil/ros_foxy_ws/velodyne_ws/install/velodyne_msgs/share/velodyne_msgs/environment/library_path.sh
[2.344s] -- Installing: /home/jeongil/ros_foxy_ws/velodyne_ws/install/velodyne_msgs/share/velodyne_msgs/environment/library_path.dsv
[2.344s] -- Installing: /home/jeongil/ros_foxy_ws/velodyne_ws/install/velodyne_msgs/lib/libvelodyne_msgs__rosidl_generator_c.so
[2.344s] -- Set runtime path of "/home/jeongil/ros_foxy_ws/velodyne_ws/install/velodyne_msgs/lib/libvelodyne_msgs__rosidl_generator_c.so" to ""
[2.344s] -- Up-to-date: /home/jeongil/ros_foxy_ws/velodyne_ws/install/velodyne_msgs/include/velodyne_msgs
[2.344s] -- Up-to-date: /home/jeongil/ros_foxy_ws/velodyne_ws/install/velodyne_msgs/include/velodyne_msgs/msg
[2.344s] -- Installing: /home/jeongil/ros_foxy_ws/velodyne_ws/install/velodyne_msgs/include/velodyne_msgs/msg/rosidl_typesupport_fastrtps_c__visibility_control.h
[2.344s] -- Up-to-date: /home/jeongil/ros_foxy_ws/velodyne_ws/install/velodyne_msgs/include/velodyne_msgs/msg/detail
[2.344s] -- Installing: /home/jeongil/ros_foxy_ws/velodyne_ws/install/velodyne_msgs/include/velodyne_msgs/msg/detail/velodyne_scan__rosidl_typesupport_fastrtps_c.h
[2.344s] -- Installing: /home/jeongil/ros_foxy_ws/velodyne_ws/install/velodyne_msgs/include/velodyne_msgs/msg/detail/velodyne_packet__rosidl_typesupport_fastrtps_c.h
[2.344s] -- Installing: /home/jeongil/ros_foxy_ws/velodyne_ws/install/velodyne_msgs/lib/libvelodyne_msgs__rosidl_typesupport_fastrtps_c.so
[2.344s] -- Set runtime path of "/home/jeongil/ros_foxy_ws/velodyne_ws/install/velodyne_msgs/lib/libvelodyne_msgs__rosidl_typesupport_fastrtps_c.so" to ""
[2.344s] -- Up-to-date: /home/jeongil/ros_foxy_ws/velodyne_ws/install/velodyne_msgs/include/velodyne_msgs
[2.344s] -- Up-to-date: /home/jeongil/ros_foxy_ws/velodyne_ws/install/velodyne_msgs/include/velodyne_msgs/msg
[2.344s] -- Installing: /home/jeongil/ros_foxy_ws/velodyne_ws/install/velodyne_msgs/include/velodyne_msgs/msg/rosidl_typesupport_fastrtps_cpp__visibility_control.h
[2.344s] -- Up-to-date: /home/jeongil/ros_foxy_ws/velodyne_ws/install/velodyne_msgs/include/velodyne_msgs/msg/detail
[2.344s] -- Installing: /home/jeongil/ros_foxy_ws/velodyne_ws/install/velodyne_msgs/include/velodyne_msgs/msg/detail/velodyne_packet__rosidl_typesupport_fastrtps_cpp.hpp
[2.344s] -- Installing: /home/jeongil/ros_foxy_ws/velodyne_ws/install/velodyne_msgs/include/velodyne_msgs/msg/detail/dds_fastrtps
[2.344s] -- Installing: /home/jeongil/ros_foxy_ws/velodyne_ws/install/velodyne_msgs/include/velodyne_msgs/msg/detail/velodyne_scan__rosidl_typesupport_fastrtps_cpp.hpp
[2.344s] -- Installing: /home/jeongil/ros_foxy_ws/velodyne_ws/install/velodyne_msgs/lib/libvelodyne_msgs__rosidl_typesupport_fastrtps_cpp.so
[2.344s] -- Set runtime path of "/home/jeongil/ros_foxy_ws/velodyne_ws/install/velodyne_msgs/lib/libvelodyne_msgs__rosidl_typesupport_fastrtps_cpp.so" to ""
[2.344s] -- Up-to-date: /home/jeongil/ros_foxy_ws/velodyne_ws/install/velodyne_msgs/include/velodyne_msgs
[2.344s] -- Up-to-date: /home/jeongil/ros_foxy_ws/velodyne_ws/install/velodyne_msgs/include/velodyne_msgs/msg
[2.345s] -- Installing: /home/jeongil/ros_foxy_ws/velodyne_ws/install/velodyne_msgs/include/velodyne_msgs/msg/rosidl_typesupport_introspection_c__visibility_control.h
[2.345s] -- Up-to-date: /home/jeongil/ros_foxy_ws/velodyne_ws/install/velodyne_msgs/include/velodyne_msgs/msg/detail
[2.345s] -- Installing: /home/jeongil/ros_foxy_ws/velodyne_ws/install/velodyne_msgs/include/velodyne_msgs/msg/detail/velodyne_scan__type_support.c
[2.345s] -- Installing: /home/jeongil/ros_foxy_ws/velodyne_ws/install/velodyne_msgs/include/velodyne_msgs/msg/detail/velodyne_packet__rosidl_typesupport_introspection_c.h
[2.345s] -- Installing: /home/jeongil/ros_foxy_ws/velodyne_ws/install/velodyne_msgs/include/velodyne_msgs/msg/detail/velodyne_packet__type_support.c
[2.345s] -- Installing: /home/jeongil/ros_foxy_ws/velodyne_ws/install/velodyne_msgs/include/velodyne_msgs/msg/detail/velodyne_scan__rosidl_typesupport_introspection_c.h
[2.345s] -- Installing: /home/jeongil/ros_foxy_ws/velodyne_ws/install/velodyne_msgs/lib/libvelodyne_msgs__rosidl_typesupport_introspection_c.so
[2.345s] -- Set runtime path of "/home/jeongil/ros_foxy_ws/velodyne_ws/install/velodyne_msgs/lib/libvelodyne_msgs__rosidl_typesupport_introspection_c.so" to ""
[2.345s] -- Installing: /home/jeongil/ros_foxy_ws/velodyne_ws/install/velodyne_msgs/lib/libvelodyne_msgs__rosidl_typesupport_c.so
[2.345s] -- Set runtime path of "/home/jeongil/ros_foxy_ws/velodyne_ws/install/velodyne_msgs/lib/libvelodyne_msgs__rosidl_typesupport_c.so" to ""
[2.345s] -- Up-to-date: /home/jeongil/ros_foxy_ws/velodyne_ws/install/velodyne_msgs/include/velodyne_msgs
[2.345s] -- Up-to-date: /home/jeongil/ros_foxy_ws/velodyne_ws/install/velodyne_msgs/include/velodyne_msgs/msg
[2.345s] -- Installing: /home/jeongil/ros_foxy_ws/velodyne_ws/install/velodyne_msgs/include/velodyne_msgs/msg/velodyne_packet.hpp
[2.345s] -- Installing: /home/jeongil/ros_foxy_ws/velodyne_ws/install/velodyne_msgs/include/velodyne_msgs/msg/velodyne_scan.hpp
[2.346s] -- Up-to-date: /home/jeongil/ros_foxy_ws/velodyne_ws/install/velodyne_msgs/include/velodyne_msgs/msg/detail
[2.346s] -- Installing: /home/jeongil/ros_foxy_ws/velodyne_ws/install/velodyne_msgs/include/velodyne_msgs/msg/detail/velodyne_scan__struct.hpp
[2.346s] -- Installing: /home/jeongil/ros_foxy_ws/velodyne_ws/install/velodyne_msgs/include/velodyne_msgs/msg/detail/velodyne_packet__traits.hpp
[2.346s] -- Installing: /home/jeongil/ros_foxy_ws/velodyne_ws/install/velodyne_msgs/include/velodyne_msgs/msg/detail/velodyne_packet__struct.hpp
[2.346s] -- Installing: /home/jeongil/ros_foxy_ws/velodyne_ws/install/velodyne_msgs/include/velodyne_msgs/msg/detail/velodyne_packet__builder.hpp
[2.346s] -- Installing: /home/jeongil/ros_foxy_ws/velodyne_ws/install/velodyne_msgs/include/velodyne_msgs/msg/detail/velodyne_scan__builder.hpp
[2.346s] -- Installing: /home/jeongil/ros_foxy_ws/velodyne_ws/install/velodyne_msgs/include/velodyne_msgs/msg/detail/velodyne_scan__traits.hpp
[2.346s] -- Up-to-date: /home/jeongil/ros_foxy_ws/velodyne_ws/install/velodyne_msgs/include/velodyne_msgs
[2.346s] -- Up-to-date: /home/jeongil/ros_foxy_ws/velodyne_ws/install/velodyne_msgs/include/velodyne_msgs/msg
[2.346s] -- Up-to-date: /home/jeongil/ros_foxy_ws/velodyne_ws/install/velodyne_msgs/include/velodyne_msgs/msg/detail
[2.346s] -- Installing: /home/jeongil/ros_foxy_ws/velodyne_ws/install/velodyne_msgs/include/velodyne_msgs/msg/detail/velodyne_packet__type_support.cpp
[2.346s] -- Installing: /home/jeongil/ros_foxy_ws/velodyne_ws/install/velodyne_msgs/include/velodyne_msgs/msg/detail/velodyne_scan__type_support.cpp
[2.346s] -- Installing: /home/jeongil/ros_foxy_ws/velodyne_ws/install/velodyne_msgs/include/velodyne_msgs/msg/detail/velodyne_scan__rosidl_typesupport_introspection_cpp.hpp
[2.346s] -- Installing: /home/jeongil/ros_foxy_ws/velodyne_ws/install/velodyne_msgs/include/velodyne_msgs/msg/detail/velodyne_packet__rosidl_typesupport_introspection_cpp.hpp
[2.346s] -- Installing: /home/jeongil/ros_foxy_ws/velodyne_ws/install/velodyne_msgs/lib/libvelodyne_msgs__rosidl_typesupport_introspection_cpp.so
[2.346s] -- Set runtime path of "/home/jeongil/ros_foxy_ws/velodyne_ws/install/velodyne_msgs/lib/libvelodyne_msgs__rosidl_typesupport_introspection_cpp.so" to ""
[2.346s] -- Installing: /home/jeongil/ros_foxy_ws/velodyne_ws/install/velodyne_msgs/lib/libvelodyne_msgs__rosidl_typesupport_cpp.so
[2.346s] -- Set runtime path of "/home/jeongil/ros_foxy_ws/velodyne_ws/install/velodyne_msgs/lib/libvelodyne_msgs__rosidl_typesupport_cpp.so" to ""
[2.346s] -- Installing: /home/jeongil/ros_foxy_ws/velodyne_ws/install/velodyne_msgs/share/velodyne_msgs/environment/pythonpath.sh
[2.346s] -- Installing: /home/jeongil/ros_foxy_ws/velodyne_ws/install/velodyne_msgs/share/velodyne_msgs/environment/pythonpath.dsv
[2.346s] -- Installing: /home/jeongil/ros_foxy_ws/velodyne_ws/install/velodyne_msgs/lib/python3.8/site-packages/velodyne_msgs/__init__.py
[2.362s] Compiling '/home/jeongil/ros_foxy_ws/velodyne_ws/install/velodyne_msgs/lib/python3.8/site-packages/velodyne_msgs/__init__.py'...
[2.365s] -- Installing: /home/jeongil/ros_foxy_ws/velodyne_ws/install/velodyne_msgs/lib/python3.8/site-packages/velodyne_msgs/msg
[2.365s] -- Installing: /home/jeongil/ros_foxy_ws/velodyne_ws/install/velodyne_msgs/lib/python3.8/site-packages/velodyne_msgs/msg/_velodyne_scan.py
[2.365s] -- Installing: /home/jeongil/ros_foxy_ws/velodyne_ws/install/velodyne_msgs/lib/python3.8/site-packages/velodyne_msgs/msg/_velodyne_packet_s.c
[2.365s] -- Installing: /home/jeongil/ros_foxy_ws/velodyne_ws/install/velodyne_msgs/lib/python3.8/site-packages/velodyne_msgs/msg/_velodyne_packet.py
[2.365s] -- Installing: /home/jeongil/ros_foxy_ws/velodyne_ws/install/velodyne_msgs/lib/python3.8/site-packages/velodyne_msgs/msg/_velodyne_scan_s.c
[2.365s] -- Installing: /home/jeongil/ros_foxy_ws/velodyne_ws/install/velodyne_msgs/lib/python3.8/site-packages/velodyne_msgs/msg/__init__.py
[2.365s] -- Installing: /home/jeongil/ros_foxy_ws/velodyne_ws/install/velodyne_msgs/lib/python3.8/site-packages/velodyne_msgs/velodyne_msgs_s__rosidl_typesupport_fastrtps_c.cpython-38-x86_64-linux-gnu.so
[2.365s] -- Set runtime path of "/home/jeongil/ros_foxy_ws/velodyne_ws/install/velodyne_msgs/lib/python3.8/site-packages/velodyne_msgs/velodyne_msgs_s__rosidl_typesupport_fastrtps_c.cpython-38-x86_64-linux-gnu.so" to ""
[2.365s] -- Installing: /home/jeongil/ros_foxy_ws/velodyne_ws/install/velodyne_msgs/lib/python3.8/site-packages/velodyne_msgs/velodyne_msgs_s__rosidl_typesupport_introspection_c.cpython-38-x86_64-linux-gnu.so
[2.366s] -- Set runtime path of "/home/jeongil/ros_foxy_ws/velodyne_ws/install/velodyne_msgs/lib/python3.8/site-packages/velodyne_msgs/velodyne_msgs_s__rosidl_typesupport_introspection_c.cpython-38-x86_64-linux-gnu.so" to ""
[2.366s] -- Installing: /home/jeongil/ros_foxy_ws/velodyne_ws/install/velodyne_msgs/lib/python3.8/site-packages/velodyne_msgs/velodyne_msgs_s__rosidl_typesupport_c.cpython-38-x86_64-linux-gnu.so
[2.366s] -- Set runtime path of "/home/jeongil/ros_foxy_ws/velodyne_ws/install/velodyne_msgs/lib/python3.8/site-packages/velodyne_msgs/velodyne_msgs_s__rosidl_typesupport_c.cpython-38-x86_64-linux-gnu.so" to ""
[2.366s] -- Installing: /home/jeongil/ros_foxy_ws/velodyne_ws/install/velodyne_msgs/lib/libvelodyne_msgs__python.so
[2.366s] -- Set runtime path of "/home/jeongil/ros_foxy_ws/velodyne_ws/install/velodyne_msgs/lib/libvelodyne_msgs__python.so" to ""
[2.366s] -- Installing: /home/jeongil/ros_foxy_ws/velodyne_ws/install/velodyne_msgs/share/velodyne_msgs/msg/VelodynePacket.idl
[2.367s] -- Installing: /home/jeongil/ros_foxy_ws/velodyne_ws/install/velodyne_msgs/share/velodyne_msgs/msg/VelodyneScan.idl
[2.367s] -- Installing: /home/jeongil/ros_foxy_ws/velodyne_ws/install/velodyne_msgs/share/velodyne_msgs/msg/VelodynePacket.msg
[2.367s] -- Installing: /home/jeongil/ros_foxy_ws/velodyne_ws/install/velodyne_msgs/share/velodyne_msgs/msg/VelodyneScan.msg
[2.367s] -- Installing: /home/jeongil/ros_foxy_ws/velodyne_ws/install/velodyne_msgs/share/ament_index/resource_index/package_run_dependencies/velodyne_msgs
[2.367s] -- Installing: /home/jeongil/ros_foxy_ws/velodyne_ws/install/velodyne_msgs/share/ament_index/resource_index/parent_prefix_path/velodyne_msgs
[2.367s] -- Installing: /home/jeongil/ros_foxy_ws/velodyne_ws/install/velodyne_msgs/share/velodyne_msgs/environment/ament_prefix_path.sh
[2.367s] -- Installing: /home/jeongil/ros_foxy_ws/velodyne_ws/install/velodyne_msgs/share/velodyne_msgs/environment/ament_prefix_path.dsv
[2.367s] -- Installing: /home/jeongil/ros_foxy_ws/velodyne_ws/install/velodyne_msgs/share/velodyne_msgs/environment/path.sh
[2.368s] -- Installing: /home/jeongil/ros_foxy_ws/velodyne_ws/install/velodyne_msgs/share/velodyne_msgs/environment/path.dsv
[2.368s] -- Installing: /home/jeongil/ros_foxy_ws/velodyne_ws/install/velodyne_msgs/share/velodyne_msgs/local_setup.bash
[2.368s] -- Installing: /home/jeongil/ros_foxy_ws/velodyne_ws/install/velodyne_msgs/share/velodyne_msgs/local_setup.sh
[2.368s] -- Installing: /home/jeongil/ros_foxy_ws/velodyne_ws/install/velodyne_msgs/share/velodyne_msgs/local_setup.zsh
[2.368s] -- Installing: /home/jeongil/ros_foxy_ws/velodyne_ws/install/velodyne_msgs/share/velodyne_msgs/local_setup.dsv
[2.368s] -- Installing: /home/jeongil/ros_foxy_ws/velodyne_ws/install/velodyne_msgs/share/velodyne_msgs/package.dsv
[2.368s] -- Installing: /home/jeongil/ros_foxy_ws/velodyne_ws/install/velodyne_msgs/share/ament_index/resource_index/packages/velodyne_msgs
[2.368s] -- Installing: /home/jeongil/ros_foxy_ws/velodyne_ws/install/velodyne_msgs/share/velodyne_msgs/cmake/velodyne_msgs__rosidl_generator_cExport.cmake
[2.369s] -- Installing: /home/jeongil/ros_foxy_ws/velodyne_ws/install/velodyne_msgs/share/velodyne_msgs/cmake/velodyne_msgs__rosidl_generator_cExport-noconfig.cmake
[2.369s] -- Installing: /home/jeongil/ros_foxy_ws/velodyne_ws/install/velodyne_msgs/share/velodyne_msgs/cmake/velodyne_msgs__rosidl_typesupport_introspection_cExport.cmake
[2.369s] -- Installing: /home/jeongil/ros_foxy_ws/velodyne_ws/install/velodyne_msgs/share/velodyne_msgs/cmake/velodyne_msgs__rosidl_typesupport_introspection_cExport-noconfig.cmake
[2.369s] -- Installing: /home/jeongil/ros_foxy_ws/velodyne_ws/install/velodyne_msgs/share/velodyne_msgs/cmake/velodyne_msgs__rosidl_typesupport_cExport.cmake
[2.369s] -- Installing: /home/jeongil/ros_foxy_ws/velodyne_ws/install/velodyne_msgs/share/velodyne_msgs/cmake/velodyne_msgs__rosidl_typesupport_cExport-noconfig.cmake
[2.369s] -- Installing: /home/jeongil/ros_foxy_ws/velodyne_ws/install/velodyne_msgs/share/velodyne_msgs/cmake/velodyne_msgs__rosidl_generator_cppExport.cmake
[2.369s] -- Installing: /home/jeongil/ros_foxy_ws/velodyne_ws/install/velodyne_msgs/share/velodyne_msgs/cmake/velodyne_msgs__rosidl_typesupport_introspection_cppExport.cmake
[2.369s] -- Installing: /home/jeongil/ros_foxy_ws/velodyne_ws/install/velodyne_msgs/share/velodyne_msgs/cmake/velodyne_msgs__rosidl_typesupport_introspection_cppExport-noconfig.cmake
[2.369s] -- Installing: /home/jeongil/ros_foxy_ws/velodyne_ws/install/velodyne_msgs/share/velodyne_msgs/cmake/velodyne_msgs__rosidl_typesupport_cppExport.cmake
[2.369s] -- Installing: /home/jeongil/ros_foxy_ws/velodyne_ws/install/velodyne_msgs/share/velodyne_msgs/cmake/velodyne_msgs__rosidl_typesupport_cppExport-noconfig.cmake
[2.369s] -- Installing: /home/jeongil/ros_foxy_ws/velodyne_ws/install/velodyne_msgs/share/velodyne_msgs/cmake/rosidl_cmake-extras.cmake
[2.369s] -- Installing: /home/jeongil/ros_foxy_ws/velodyne_ws/install/velodyne_msgs/share/velodyne_msgs/cmake/ament_cmake_export_dependencies-extras.cmake
[2.369s] -- Installing: /home/jeongil/ros_foxy_ws/velodyne_ws/install/velodyne_msgs/share/velodyne_msgs/cmake/ament_cmake_export_libraries-extras.cmake
[2.370s] -- Installing: /home/jeongil/ros_foxy_ws/velodyne_ws/install/velodyne_msgs/share/velodyne_msgs/cmake/ament_cmake_export_targets-extras.cmake
[2.370s] -- Installing: /home/jeongil/ros_foxy_ws/velodyne_ws/install/velodyne_msgs/share/velodyne_msgs/cmake/ament_cmake_export_include_directories-extras.cmake
[2.370s] -- Installing: /home/jeongil/ros_foxy_ws/velodyne_ws/install/velodyne_msgs/share/velodyne_msgs/cmake/rosidl_cmake_export_typesupport_libraries-extras.cmake
[2.370s] -- Installing: /home/jeongil/ros_foxy_ws/velodyne_ws/install/velodyne_msgs/share/velodyne_msgs/cmake/rosidl_cmake_export_typesupport_targets-extras.cmake
[2.370s] -- Installing: /home/jeongil/ros_foxy_ws/velodyne_ws/install/velodyne_msgs/share/velodyne_msgs/cmake/velodyne_msgsConfig.cmake
[2.370s] -- Installing: /home/jeongil/ros_foxy_ws/velodyne_ws/install/velodyne_msgs/share/velodyne_msgs/cmake/velodyne_msgsConfig-version.cmake
[2.370s] -- Installing: /home/jeongil/ros_foxy_ws/velodyne_ws/install/velodyne_msgs/share/velodyne_msgs/package.xml
[2.383s] Invoked command in '/home/jeongil/ros_foxy_ws/velodyne_ws/build/velodyne_msgs' returned '0': CMAKE_PREFIX_PATH=/opt/ros/foxy /usr/bin/cmake --install /home/jeongil/ros_foxy_ws/velodyne_ws/build/velodyne_msgs
