[0.013s] Invoking command in '/home/d/velo_ws/build/velodyne_driver': AMENT_PREFIX_PATH=/home/d/velo_ws/install/velodyne_msgs:${AMENT_PREFIX_PATH} CMAKE_PREFIX_PATH=/home/d/velo_ws/install/velodyne_msgs:/home/d/jack_ws/install/jackal_navigation:/home/d/jack_ws/install/jackal_desktop:/home/d/jack_ws/install/jackal_viz:/home/d/jack_ws/install/jackal_simulator:/home/d/jack_ws/install/jackal_msgs:/home/d/jack_ws/install/jackal_gazebo:/home/d/jack_ws/install/jackal_control:/home/d/jack_ws/install/jackal_description:/home/d/gcamp_ros2_ws/install/turtlesim:/home/d/gcamp_ros2_ws/install/py_topic_pkg:/home/d/gcamp_ros2_ws/install/py_service_pkg:/home/d/gcamp_ros2_ws/install/py_first_pkg:/home/d/gcamp_ros2_ws/install/py_action_pkg:/home/d/gcamp_ros2_ws/install/gcamp_gazebo:/home/d/gcamp_ros2_ws/install/cpp_service_pkg:/home/d/gcamp_ros2_ws/install/cpp_action_pkg:/home/d/gcamp_ros2_ws/install/custom_interfaces:/home/d/gcamp_ros2_ws/install/cpp_topic_pkg:/home/d/gcamp_ros2_ws/install/cpp_service_tutorial:/home/d/gcamp_ros2_ws/install/cpp_param_pkg:/home/d/gcamp_ros2_ws/install/cpp_first_pkg:/opt/ros/foxy LD_LIBRARY_PATH=/home/d/velo_ws/install/velodyne_msgs/lib:${LD_LIBRARY_PATH} PYTHONPATH=/home/d/velo_ws/install/velodyne_msgs/lib/python3.8/site-packages:${PYTHONPATH} /usr/bin/cmake --build /home/d/velo_ws/build/velodyne_driver -- -j20 -l20
[0.043s] [ 16%] Built target gtest
[0.044s] [ 33%] Built target gtest_main
[0.049s] [ 50%] Built target velodyne_input
[0.064s] [ 66%] Built target time_test
[0.065s] [ 83%] Built target velodyne_driver
[0.081s] [100%] Built target velodyne_driver_node
[0.086s] Invoked command in '/home/d/velo_ws/build/velodyne_driver' returned '0': AMENT_PREFIX_PATH=/home/d/velo_ws/install/velodyne_msgs:${AMENT_PREFIX_PATH} CMAKE_PREFIX_PATH=/home/d/velo_ws/install/velodyne_msgs:/home/d/jack_ws/install/jackal_navigation:/home/d/jack_ws/install/jackal_desktop:/home/d/jack_ws/install/jackal_viz:/home/d/jack_ws/install/jackal_simulator:/home/d/jack_ws/install/jackal_msgs:/home/d/jack_ws/install/jackal_gazebo:/home/d/jack_ws/install/jackal_control:/home/d/jack_ws/install/jackal_description:/home/d/gcamp_ros2_ws/install/turtlesim:/home/d/gcamp_ros2_ws/install/py_topic_pkg:/home/d/gcamp_ros2_ws/install/py_service_pkg:/home/d/gcamp_ros2_ws/install/py_first_pkg:/home/d/gcamp_ros2_ws/install/py_action_pkg:/home/d/gcamp_ros2_ws/install/gcamp_gazebo:/home/d/gcamp_ros2_ws/install/cpp_service_pkg:/home/d/gcamp_ros2_ws/install/cpp_action_pkg:/home/d/gcamp_ros2_ws/install/custom_interfaces:/home/d/gcamp_ros2_ws/install/cpp_topic_pkg:/home/d/gcamp_ros2_ws/install/cpp_service_tutorial:/home/d/gcamp_ros2_ws/install/cpp_param_pkg:/home/d/gcamp_ros2_ws/install/cpp_first_pkg:/opt/ros/foxy LD_LIBRARY_PATH=/home/d/velo_ws/install/velodyne_msgs/lib:${LD_LIBRARY_PATH} PYTHONPATH=/home/d/velo_ws/install/velodyne_msgs/lib/python3.8/site-packages:${PYTHONPATH} /usr/bin/cmake --build /home/d/velo_ws/build/velodyne_driver -- -j20 -l20
[0.101s] Invoking command in '/home/d/velo_ws/build/velodyne_driver': AMENT_PREFIX_PATH=/home/d/velo_ws/install/velodyne_msgs:${AMENT_PREFIX_PATH} CMAKE_PREFIX_PATH=/home/d/velo_ws/install/velodyne_msgs:/home/d/jack_ws/install/jackal_navigation:/home/d/jack_ws/install/jackal_desktop:/home/d/jack_ws/install/jackal_viz:/home/d/jack_ws/install/jackal_simulator:/home/d/jack_ws/install/jackal_msgs:/home/d/jack_ws/install/jackal_gazebo:/home/d/jack_ws/install/jackal_control:/home/d/jack_ws/install/jackal_description:/home/d/gcamp_ros2_ws/install/turtlesim:/home/d/gcamp_ros2_ws/install/py_topic_pkg:/home/d/gcamp_ros2_ws/install/py_service_pkg:/home/d/gcamp_ros2_ws/install/py_first_pkg:/home/d/gcamp_ros2_ws/install/py_action_pkg:/home/d/gcamp_ros2_ws/install/gcamp_gazebo:/home/d/gcamp_ros2_ws/install/cpp_service_pkg:/home/d/gcamp_ros2_ws/install/cpp_action_pkg:/home/d/gcamp_ros2_ws/install/custom_interfaces:/home/d/gcamp_ros2_ws/install/cpp_topic_pkg:/home/d/gcamp_ros2_ws/install/cpp_service_tutorial:/home/d/gcamp_ros2_ws/install/cpp_param_pkg:/home/d/gcamp_ros2_ws/install/cpp_first_pkg:/opt/ros/foxy LD_LIBRARY_PATH=/home/d/velo_ws/install/velodyne_msgs/lib:${LD_LIBRARY_PATH} PYTHONPATH=/home/d/velo_ws/install/velodyne_msgs/lib/python3.8/site-packages:${PYTHONPATH} /usr/bin/cmake --install /home/d/velo_ws/build/velodyne_driver
[0.105s] -- Install configuration: ""
[0.105s] -- Up-to-date: /home/d/velo_ws/install/velodyne_driver/lib/libvelodyne_driver.so
[0.105s] -- Up-to-date: /home/d/velo_ws/install/velodyne_driver/lib/velodyne_driver/velodyne_driver_node
[0.105s] -- Up-to-date: /home/d/velo_ws/install/velodyne_driver/include/velodyne_driver
[0.105s] -- Up-to-date: /home/d/velo_ws/install/velodyne_driver/include/velodyne_driver/time_conversion.hpp
[0.105s] -- Up-to-date: /home/d/velo_ws/install/velodyne_driver/include/velodyne_driver/driver.hpp
[0.105s] -- Up-to-date: /home/d/velo_ws/install/velodyne_driver/include/velodyne_driver/input.hpp
[0.105s] -- Up-to-date: /home/d/velo_ws/install/velodyne_driver/share/velodyne_driver/config
[0.105s] -- Up-to-date: /home/d/velo_ws/install/velodyne_driver/share/velodyne_driver/config/VLP16-velodyne_driver_node-params.yaml
[0.105s] -- Up-to-date: /home/d/velo_ws/install/velodyne_driver/share/velodyne_driver/config/VLP32C-velodyne_driver_node-params.yaml
[0.105s] -- Up-to-date: /home/d/velo_ws/install/velodyne_driver/share/velodyne_driver/launch
[0.105s] -- Up-to-date: /home/d/velo_ws/install/velodyne_driver/share/velodyne_driver/launch/velodyne_driver_node-VLP16-composed-launch.py
[0.105s] -- Up-to-date: /home/d/velo_ws/install/velodyne_driver/share/velodyne_driver/launch/velodyne_driver_node-VLP32C-launch.py
[0.105s] -- Up-to-date: /home/d/velo_ws/install/velodyne_driver/share/velodyne_driver/launch/velodyne_driver_node-VLP32C-composed-launch.py
[0.105s] -- Up-to-date: /home/d/velo_ws/install/velodyne_driver/share/velodyne_driver/launch/velodyne_driver_node-VLP16-launch.py
[0.106s] -- Up-to-date: /home/d/velo_ws/install/velodyne_driver/lib/velodyne_driver/vdump
[0.106s] -- Up-to-date: /home/d/velo_ws/install/velodyne_driver/share/ament_index/resource_index/package_run_dependencies/velodyne_driver
[0.106s] -- Up-to-date: /home/d/velo_ws/install/velodyne_driver/share/ament_index/resource_index/parent_prefix_path/velodyne_driver
[0.106s] -- Up-to-date: /home/d/velo_ws/install/velodyne_driver/share/velodyne_driver/environment/ament_prefix_path.sh
[0.106s] -- Up-to-date: /home/d/velo_ws/install/velodyne_driver/share/velodyne_driver/environment/ament_prefix_path.dsv
[0.106s] -- Up-to-date: /home/d/velo_ws/install/velodyne_driver/share/velodyne_driver/environment/path.sh
[0.106s] -- Up-to-date: /home/d/velo_ws/install/velodyne_driver/share/velodyne_driver/environment/path.dsv
[0.106s] -- Up-to-date: /home/d/velo_ws/install/velodyne_driver/share/velodyne_driver/local_setup.bash
[0.106s] -- Up-to-date: /home/d/velo_ws/install/velodyne_driver/share/velodyne_driver/local_setup.sh
[0.106s] -- Up-to-date: /home/d/velo_ws/install/velodyne_driver/share/velodyne_driver/local_setup.zsh
[0.106s] -- Up-to-date: /home/d/velo_ws/install/velodyne_driver/share/velodyne_driver/local_setup.dsv
[0.106s] -- Installing: /home/d/velo_ws/install/velodyne_driver/share/velodyne_driver/package.dsv
[0.106s] -- Up-to-date: /home/d/velo_ws/install/velodyne_driver/share/ament_index/resource_index/packages/velodyne_driver
[0.106s] -- Up-to-date: /home/d/velo_ws/install/velodyne_driver/share/ament_index/resource_index/rclcpp_components/velodyne_driver
[0.106s] -- Up-to-date: /home/d/velo_ws/install/velodyne_driver/share/velodyne_driver/cmake/velodyne_driverConfig.cmake
[0.106s] -- Up-to-date: /home/d/velo_ws/install/velodyne_driver/share/velodyne_driver/cmake/velodyne_driverConfig-version.cmake
[0.106s] -- Up-to-date: /home/d/velo_ws/install/velodyne_driver/share/velodyne_driver/package.xml
[0.106s] -- Up-to-date: /home/d/velo_ws/install/velodyne_driver/lib/libvelodyne_input.so
[0.108s] Invoked command in '/home/d/velo_ws/build/velodyne_driver' returned '0': AMENT_PREFIX_PATH=/home/d/velo_ws/install/velodyne_msgs:${AMENT_PREFIX_PATH} CMAKE_PREFIX_PATH=/home/d/velo_ws/install/velodyne_msgs:/home/d/jack_ws/install/jackal_navigation:/home/d/jack_ws/install/jackal_desktop:/home/d/jack_ws/install/jackal_viz:/home/d/jack_ws/install/jackal_simulator:/home/d/jack_ws/install/jackal_msgs:/home/d/jack_ws/install/jackal_gazebo:/home/d/jack_ws/install/jackal_control:/home/d/jack_ws/install/jackal_description:/home/d/gcamp_ros2_ws/install/turtlesim:/home/d/gcamp_ros2_ws/install/py_topic_pkg:/home/d/gcamp_ros2_ws/install/py_service_pkg:/home/d/gcamp_ros2_ws/install/py_first_pkg:/home/d/gcamp_ros2_ws/install/py_action_pkg:/home/d/gcamp_ros2_ws/install/gcamp_gazebo:/home/d/gcamp_ros2_ws/install/cpp_service_pkg:/home/d/gcamp_ros2_ws/install/cpp_action_pkg:/home/d/gcamp_ros2_ws/install/custom_interfaces:/home/d/gcamp_ros2_ws/install/cpp_topic_pkg:/home/d/gcamp_ros2_ws/install/cpp_service_tutorial:/home/d/gcamp_ros2_ws/install/cpp_param_pkg:/home/d/gcamp_ros2_ws/install/cpp_first_pkg:/opt/ros/foxy LD_LIBRARY_PATH=/home/d/velo_ws/install/velodyne_msgs/lib:${LD_LIBRARY_PATH} PYTHONPATH=/home/d/velo_ws/install/velodyne_msgs/lib/python3.8/site-packages:${PYTHONPATH} /usr/bin/cmake --install /home/d/velo_ws/build/velodyne_driver
