[0.170s] Invoking command in '/home/jeongil/ros_foxy_ws/velodyne_ws/build/lego_loam_sr': CMAKE_PREFIX_PATH=/home/jeongil/ros_foxy_ws/velodyne_ws/install/cloud_msgs:/home/jeongil/ros_foxy_ws/velodyne_ws/install/velodyne:/home/jeongil/ros_foxy_ws/velodyne_ws/install/velodyne_pointcloud:/home/jeongil/ros_foxy_ws/velodyne_ws/install/velodyne_driver:/home/jeongil/ros_foxy_ws/velodyne_ws/install/velodyne_msgs:/home/jeongil/ros_foxy_ws/velodyne_ws/install/velodyne_laserscan:/home/jeongil/ros_foxy_ws/velodyne_ws/install/lego_loam_sr:/home/jeongil/ros_foxy_ws/blickfeld_ws/install/blickfeld_driver:/home/jeongil/ros_foxy_ws/blickfeld_ws/install/blickfeld_pointcloud:/opt/ros/foxy CONDA_PROMPT_MODIFIER=(velodyne) LD_LIBRARY_PATH=/home/jeongil/ros_foxy_ws/velodyne_ws/install/cloud_msgs/lib:/usr/local/cuda/lib64:/lib64:/home/jeongil/ros_foxy_ws/velodyne_ws/install/velodyne_pointcloud/lib:/home/jeongil/ros_foxy_ws/velodyne_ws/install/velodyne_driver/lib:/home/jeongil/ros_foxy_ws/velodyne_ws/install/velodyne_msgs/lib:/home/jeongil/ros_foxy_ws/velodyne_ws/install/velodyne_laserscan/lib:/home/jeongil/ros_foxy_ws/blickfeld_ws/install/blickfeld_driver/lib:/opt/ros/foxy/opt/yaml_cpp_vendor/lib:/opt/ros/foxy/opt/rviz_ogre_vendor/lib:/opt/ros/foxy/lib/x86_64-linux-gnu:/opt/ros/foxy/lib:/lib PYTHONPATH=/home/jeongil/ros_foxy_ws/velodyne_ws/install/cloud_msgs/lib/python3.8/site-packages:/home/jeongil/ros_foxy_ws/velodyne_ws/install/velodyne_msgs/lib/python3.8/site-packages:/home/jeongil/ros_foxy_ws/blickfeld_ws/install/blickfeld_pointcloud/lib/python3.8/site-packages:/home/jeongil/ros_foxy_ws/blickfeld_ws/install/blickfeld_driver/lib/python3.8/site-packages:/opt/ros/foxy/lib/python3.8/site-packages /usr/bin/cmake --build /home/jeongil/ros_foxy_ws/velodyne_ws/build/lego_loam_sr -- -j20 -l20
[0.186s] -- Found ament_cmake: 0.9.12 (/opt/ros/foxy/share/ament_cmake/cmake)
[0.198s] -- Using PYTHON_EXECUTABLE: /usr/bin/python3
[0.287s] -- Found rclcpp: 2.4.3 (/opt/ros/foxy/share/rclcpp/cmake)
[0.306s] -- Using all available rosidl_typesupport_c: rosidl_typesupport_fastrtps_c;rosidl_typesupport_introspection_c
[0.309s] -- Found rosidl_adapter: 1.3.1 (/opt/ros/foxy/share/rosidl_adapter/cmake)
[0.374s] -- Using all available rosidl_typesupport_cpp: rosidl_typesupport_fastrtps_cpp;rosidl_typesupport_introspection_cpp
[0.405s] -- Found rmw_implementation_cmake: 1.0.4 (/opt/ros/foxy/share/rmw_implementation_cmake/cmake)
[0.405s] -- Using RMW implementation 'rmw_fastrtps_cpp' as default
[0.480s] -- Found sensor_msgs: 2.0.5 (/opt/ros/foxy/share/sensor_msgs/cmake)
[0.544s] -- Found nav_msgs: 2.0.5 (/opt/ros/foxy/share/nav_msgs/cmake)
[0.585s] -- Found tf2: 0.13.14 (/opt/ros/foxy/share/tf2/cmake)
[0.591s] -- Found tf2_ros: 0.13.14 (/opt/ros/foxy/share/tf2_ros/cmake)
[0.771s] -- Found tf2_geometry_msgs: 0.13.14 (/opt/ros/foxy/share/tf2_geometry_msgs/cmake)
[0.774s] -- Found eigen3_cmake_module: 0.1.1 (/opt/ros/foxy/share/eigen3_cmake_module/cmake)
[0.798s] -- Found pcl_conversions: 2.2.1 (/opt/ros/foxy/share/pcl_conversions/cmake)
[0.893s] -- Found cloud_msgs: 1.0.0 (/home/jeongil/ros_foxy_ws/velodyne_ws/install/cloud_msgs/share/cloud_msgs/cmake)
[0.919s] -- Eigen found (include: /usr/include/eigen3, version: 3.3.7)
[0.925s] -- Found Boost: /usr/include (found suitable version "1.71.0", minimum required is "1.55.0") found components: system filesystem date_time iostreams regex 
[0.965s] -- The imported target "vtkParseOGLExt" references the file
[0.965s]    "/usr/bin/vtkParseOGLExt-7.1"
[0.966s] but this file does not exist.  Possible reasons include:
[0.966s] * The file was deleted, renamed, or moved to another location.
[0.966s] * An install or uninstall procedure did not complete successfully.
[0.966s] * The installation package was faulty and contained
[0.966s]    "/usr/lib/cmake/vtk-7.1/VTKTargets.cmake"
[0.966s] but not all the files it references.
[0.966s] 
[0.966s] -- The imported target "vtkRenderingPythonTkWidgets" references the file
[0.966s]    "/usr/lib/x86_64-linux-gnu/libvtkRenderingPythonTkWidgets.so"
[0.966s] but this file does not exist.  Possible reasons include:
[0.966s] * The file was deleted, renamed, or moved to another location.
[0.966s] * An install or uninstall procedure did not complete successfully.
[0.966s] * The installation package was faulty and contained
[0.966s]    "/usr/lib/cmake/vtk-7.1/VTKTargets.cmake"
[0.966s] but not all the files it references.
[0.966s] 
[0.966s] -- The imported target "vtk" references the file
[0.966s]    "/usr/bin/vtk"
[0.966s] but this file does not exist.  Possible reasons include:
[0.966s] * The file was deleted, renamed, or moved to another location.
[0.967s] * An install or uninstall procedure did not complete successfully.
[0.967s] * The installation package was faulty and contained
[0.967s]    "/usr/lib/cmake/vtk-7.1/VTKTargets.cmake"
[0.967s] but not all the files it references.
[0.967s] 
[0.967s] -- The imported target "pvtk" references the file
[0.967s]    "/usr/bin/pvtk"
[0.967s] but this file does not exist.  Possible reasons include:
[0.967s] * The file was deleted, renamed, or moved to another location.
[0.967s] * An install or uninstall procedure did not complete successfully.
[0.967s] * The installation package was faulty and contained
[0.967s]    "/usr/lib/cmake/vtk-7.1/VTKTargets.cmake"
[0.967s] but not all the files it references.
[0.967s] 
[0.982s] -- OpenNI found (include: /usr/include/ni, lib: /usr/lib/libOpenNI.so)
[0.986s] -- OpenNI2 found (include: /usr/include/openni2, lib: /usr/lib/libOpenNI2.so)
[0.986s] ** WARNING ** io features related to pcap will be disabled
[0.986s] ** WARNING ** io features related to png will be disabled
[0.993s] ** WARNING ** io features related to libusb-1.0 will be disabled
[0.996s] -- OpenNI found (include: /usr/include/ni, lib: /usr/lib/libOpenNI.so)
[1.000s] -- OpenNI2 found (include: /usr/include/openni2, lib: /usr/lib/libOpenNI2.so)
[1.007s] -- QHULL found (include: /usr/include, lib: optimized;/usr/lib/x86_64-linux-gnu/libqhull.so;debug;/usr/lib/x86_64-linux-gnu/libqhull.so)
[1.011s] -- OpenNI found (include: /usr/include/ni, lib: /usr/lib/libOpenNI.so)
[1.018s] -- looking for PCL_COMMON
[1.018s] -- looking for PCL_KDTREE
[1.018s] -- looking for PCL_OCTREE
[1.019s] -- looking for PCL_SEARCH
[1.019s] -- looking for PCL_SAMPLE_CONSENSUS
[1.019s] -- looking for PCL_FILTERS
[1.019s] -- looking for PCL_2D
[1.020s] -- looking for PCL_GEOMETRY
[1.020s] -- looking for PCL_IO
[1.020s] -- looking for PCL_FEATURES
[1.021s] -- looking for PCL_ML
[1.021s] -- looking for PCL_SEGMENTATION
[1.021s] -- looking for PCL_VISUALIZATION
[1.022s] -- looking for PCL_SURFACE
[1.022s] -- looking for PCL_REGISTRATION
[1.022s] -- looking for PCL_KEYPOINTS
[1.023s] -- looking for PCL_TRACKING
[1.023s] -- looking for PCL_RECOGNITION
[1.023s] -- looking for PCL_STEREO
[1.024s] -- looking for PCL_APPS
[1.024s] -- looking for PCL_IN_HAND_SCANNER
[1.024s] -- looking for PCL_POINT_CLOUD_EDITOR
[1.025s] -- looking for PCL_OUTOFCORE
[1.025s] -- looking for PCL_PEOPLE
[1.031s] CMake Error at CMakeLists.txt:28 (find_package):
[1.031s]   By not providing "FindGTSAM.cmake" in CMAKE_MODULE_PATH this project has
[1.031s]   asked CMake to find a package configuration file provided by "GTSAM", but
[1.031s]   CMake did not find one.
[1.031s] 
[1.031s]   Could not find a package configuration file provided by "GTSAM" with any of
[1.031s]   the following names:
[1.031s] 
[1.032s]     GTSAMConfig.cmake
[1.032s]     gtsam-config.cmake
[1.032s] 
[1.032s]   Add the installation prefix of "GTSAM" to CMAKE_PREFIX_PATH or set
[1.032s]   "GTSAM_DIR" to a directory containing one of the above files.  If "GTSAM"
[1.032s]   provides a separate development package or SDK, be sure it has been
[1.032s]   installed.
[1.032s] 
[1.032s] 
[1.032s] -- Configuring incomplete, errors occurred!
[1.032s] See also "/home/jeongil/ros_foxy_ws/velodyne_ws/build/lego_loam_sr/CMakeFiles/CMakeOutput.log".
[1.032s] See also "/home/jeongil/ros_foxy_ws/velodyne_ws/build/lego_loam_sr/CMakeFiles/CMakeError.log".
[1.038s] make: *** [Makefile:386: cmake_check_build_system] 오류 1
[1.039s] Invoked command in '/home/jeongil/ros_foxy_ws/velodyne_ws/build/lego_loam_sr' returned '2': CMAKE_PREFIX_PATH=/home/jeongil/ros_foxy_ws/velodyne_ws/install/cloud_msgs:/home/jeongil/ros_foxy_ws/velodyne_ws/install/velodyne:/home/jeongil/ros_foxy_ws/velodyne_ws/install/velodyne_pointcloud:/home/jeongil/ros_foxy_ws/velodyne_ws/install/velodyne_driver:/home/jeongil/ros_foxy_ws/velodyne_ws/install/velodyne_msgs:/home/jeongil/ros_foxy_ws/velodyne_ws/install/velodyne_laserscan:/home/jeongil/ros_foxy_ws/velodyne_ws/install/lego_loam_sr:/home/jeongil/ros_foxy_ws/blickfeld_ws/install/blickfeld_driver:/home/jeongil/ros_foxy_ws/blickfeld_ws/install/blickfeld_pointcloud:/opt/ros/foxy CONDA_PROMPT_MODIFIER=(velodyne) LD_LIBRARY_PATH=/home/jeongil/ros_foxy_ws/velodyne_ws/install/cloud_msgs/lib:/usr/local/cuda/lib64:/lib64:/home/jeongil/ros_foxy_ws/velodyne_ws/install/velodyne_pointcloud/lib:/home/jeongil/ros_foxy_ws/velodyne_ws/install/velodyne_driver/lib:/home/jeongil/ros_foxy_ws/velodyne_ws/install/velodyne_msgs/lib:/home/jeongil/ros_foxy_ws/velodyne_ws/install/velodyne_laserscan/lib:/home/jeongil/ros_foxy_ws/blickfeld_ws/install/blickfeld_driver/lib:/opt/ros/foxy/opt/yaml_cpp_vendor/lib:/opt/ros/foxy/opt/rviz_ogre_vendor/lib:/opt/ros/foxy/lib/x86_64-linux-gnu:/opt/ros/foxy/lib:/lib PYTHONPATH=/home/jeongil/ros_foxy_ws/velodyne_ws/install/cloud_msgs/lib/python3.8/site-packages:/home/jeongil/ros_foxy_ws/velodyne_ws/install/velodyne_msgs/lib/python3.8/site-packages:/home/jeongil/ros_foxy_ws/blickfeld_ws/install/blickfeld_pointcloud/lib/python3.8/site-packages:/home/jeongil/ros_foxy_ws/blickfeld_ws/install/blickfeld_driver/lib/python3.8/site-packages:/opt/ros/foxy/lib/python3.8/site-packages /usr/bin/cmake --build /home/jeongil/ros_foxy_ws/velodyne_ws/build/lego_loam_sr -- -j20 -l20
