[0.008s] Invoking command in '/home/d/velo_ws/build/lego_loam_sr': AMENT_PREFIX_PATH=/home/d/velo_ws/install/cloud_msgs:${AMENT_PREFIX_PATH} CMAKE_PREFIX_PATH=/home/d/velo_ws/install/cloud_msgs:/home/d/jack_ws/install/jackal_navigation:/home/d/jack_ws/install/jackal_desktop:/home/d/jack_ws/install/jackal_viz:/home/d/jack_ws/install/jackal_simulator:/home/d/jack_ws/install/jackal_msgs:/home/d/jack_ws/install/jackal_gazebo:/home/d/jack_ws/install/jackal_control:/home/d/jack_ws/install/jackal_description:/home/d/gcamp_ros2_ws/install/turtlesim:/home/d/gcamp_ros2_ws/install/py_topic_pkg:/home/d/gcamp_ros2_ws/install/py_service_pkg:/home/d/gcamp_ros2_ws/install/py_first_pkg:/home/d/gcamp_ros2_ws/install/py_action_pkg:/home/d/gcamp_ros2_ws/install/gcamp_gazebo:/home/d/gcamp_ros2_ws/install/cpp_service_pkg:/home/d/gcamp_ros2_ws/install/cpp_action_pkg:/home/d/gcamp_ros2_ws/install/custom_interfaces:/home/d/gcamp_ros2_ws/install/cpp_topic_pkg:/home/d/gcamp_ros2_ws/install/cpp_service_tutorial:/home/d/gcamp_ros2_ws/install/cpp_param_pkg:/home/d/gcamp_ros2_ws/install/cpp_first_pkg:/opt/ros/foxy LD_LIBRARY_PATH=/home/d/velo_ws/install/cloud_msgs/lib:${LD_LIBRARY_PATH} PYTHONPATH=/home/d/velo_ws/install/cloud_msgs/lib/python3.8/site-packages:${PYTHONPATH} /usr/bin/cmake /home/d/velo_ws/src/LeGO-LOAM-SR/LeGO-LOAM -DCMAKE_INSTALL_PREFIX=/home/d/velo_ws/install/lego_loam_sr
[0.036s] -- The C compiler identification is GNU 9.4.0
[0.066s] -- The CXX compiler identification is GNU 9.4.0
[0.069s] -- Check for working C compiler: /usr/bin/cc
[0.104s] -- Check for working C compiler: /usr/bin/cc -- works
[0.105s] -- Detecting C compiler ABI info
[0.142s] -- Detecting C compiler ABI info - done
[0.146s] -- Detecting C compile features
[0.146s] -- Detecting C compile features - done
[0.148s] -- Check for working CXX compiler: /usr/bin/c++
[0.189s] -- Check for working CXX compiler: /usr/bin/c++ -- works
[0.190s] -- Detecting CXX compiler ABI info
[0.233s] -- Detecting CXX compiler ABI info - done
[0.239s] -- Detecting CXX compile features
[0.239s] -- Detecting CXX compile features - done
[0.241s] -- Found ament_cmake: 0.9.11 (/opt/ros/foxy/share/ament_cmake/cmake)
[0.259s] -- Found PythonInterp: /usr/bin/python3 (found suitable version "3.8.10", minimum required is "3") 
[0.259s] -- Using PYTHON_EXECUTABLE: /usr/bin/python3
[0.373s] -- Found rclcpp: 2.4.2 (/opt/ros/foxy/share/rclcpp/cmake)
[0.404s] -- Using all available rosidl_typesupport_c: rosidl_typesupport_fastrtps_c;rosidl_typesupport_introspection_c
[0.408s] -- Found rosidl_adapter: 1.3.0 (/opt/ros/foxy/share/rosidl_adapter/cmake)
[0.456s] -- Found OpenSSL: /usr/lib/x86_64-linux-gnu/libcrypto.so (found version "1.1.1f")  
[0.477s] -- Found FastRTPS: /opt/ros/foxy/include  
[0.523s] -- Using all available rosidl_typesupport_cpp: rosidl_typesupport_fastrtps_cpp;rosidl_typesupport_introspection_cpp
[0.556s] -- Found rmw_implementation_cmake: 1.0.4 (/opt/ros/foxy/share/rmw_implementation_cmake/cmake)
[0.557s] -- Using RMW implementation 'rmw_fastrtps_cpp' as default
[0.558s] -- Looking for pthread.h
[0.596s] -- Looking for pthread.h - found
[0.596s] -- Performing Test CMAKE_HAVE_LIBC_PTHREAD
[0.634s] -- Performing Test CMAKE_HAVE_LIBC_PTHREAD - Failed
[0.634s] -- Looking for pthread_create in pthreads
[0.664s] -- Looking for pthread_create in pthreads - not found
[0.664s] -- Looking for pthread_create in pthread
[0.701s] -- Looking for pthread_create in pthread - found
[0.701s] -- Found Threads: TRUE  
[0.788s] -- Found sensor_msgs: 2.0.5 (/opt/ros/foxy/share/sensor_msgs/cmake)
[0.855s] -- Found nav_msgs: 2.0.5 (/opt/ros/foxy/share/nav_msgs/cmake)
[0.896s] -- Found tf2: 0.13.14 (/opt/ros/foxy/share/tf2/cmake)
[0.903s] -- Found tf2_ros: 0.13.14 (/opt/ros/foxy/share/tf2_ros/cmake)
[1.093s] -- Found tf2_geometry_msgs: 0.13.14 (/opt/ros/foxy/share/tf2_geometry_msgs/cmake)
[1.098s] -- Found eigen3_cmake_module: 0.1.1 (/opt/ros/foxy/share/eigen3_cmake_module/cmake)
[1.100s] -- Found Eigen3: TRUE (found version "3.3.7") 
[1.115s] -- Found pcl_conversions: 2.2.1 (/opt/ros/foxy/share/pcl_conversions/cmake)
[1.207s] -- Found cloud_msgs: 1.0.0 (/home/d/velo_ws/install/cloud_msgs/share/cloud_msgs/cmake)
[1.233s] -- Checking for module 'eigen3'
[1.241s] --   Found eigen3, version 3.3.7
[1.259s] -- Found Eigen: /usr/include/eigen3 (Required is at least version "3.1") 
[1.259s] -- Eigen found (include: /usr/include/eigen3, version: 3.3.7)
[1.292s] -- Found Boost: /usr/include (found suitable version "1.71.0", minimum required is "1.65.0") found components: system filesystem date_time iostreams serialization regex 
[1.302s] -- Checking for module 'flann'
[1.311s] --   Found flann, version 1.9.1
[1.334s] -- Found FLANN: /usr/lib/x86_64-linux-gnu/libflann_cpp_s.a  
[1.364s] -- The imported target "vtkParseOGLExt" references the file
[1.364s]    "/usr/bin/vtkParseOGLExt-7.1"
[1.364s] but this file does not exist.  Possible reasons include:
[1.364s] * The file was deleted, renamed, or moved to another location.
[1.364s] * An install or uninstall procedure did not complete successfully.
[1.365s] * The installation package was faulty and contained
[1.365s]    "/usr/lib/cmake/vtk-7.1/VTKTargets.cmake"
[1.365s] but not all the files it references.
[1.365s] 
[1.365s] -- The imported target "vtkRenderingPythonTkWidgets" references the file
[1.365s]    "/usr/lib/x86_64-linux-gnu/libvtkRenderingPythonTkWidgets.so"
[1.365s] but this file does not exist.  Possible reasons include:
[1.365s] * The file was deleted, renamed, or moved to another location.
[1.365s] * An install or uninstall procedure did not complete successfully.
[1.365s] * The installation package was faulty and contained
[1.365s]    "/usr/lib/cmake/vtk-7.1/VTKTargets.cmake"
[1.365s] but not all the files it references.
[1.365s] 
[1.365s] -- The imported target "vtk" references the file
[1.365s]    "/usr/bin/vtk"
[1.365s] but this file does not exist.  Possible reasons include:
[1.365s] * The file was deleted, renamed, or moved to another location.
[1.365s] * An install or uninstall procedure did not complete successfully.
[1.365s] * The installation package was faulty and contained
[1.365s]    "/usr/lib/cmake/vtk-7.1/VTKTargets.cmake"
[1.365s] but not all the files it references.
[1.365s] 
[1.365s] -- The imported target "pvtk" references the file
[1.365s]    "/usr/bin/pvtk"
[1.365s] but this file does not exist.  Possible reasons include:
[1.366s] * The file was deleted, renamed, or moved to another location.
[1.366s] * An install or uninstall procedure did not complete successfully.
[1.366s] * The installation package was faulty and contained
[1.366s]    "/usr/lib/cmake/vtk-7.1/VTKTargets.cmake"
[1.366s] but not all the files it references.
[1.366s] 
[1.404s] -- Found OpenNI: /usr/lib/libOpenNI.so (found version "1.5.4.0") 
[1.404s] -- OpenNI found (version: 1.5.4.0, include: /usr/include/ni, lib: /usr/lib/libOpenNI.so)
[1.437s] -- Found OpenNI2: /usr/lib/libOpenNI2.so (found version "2.2.0.33") 
[1.437s] -- OpenNI2 found (version: 2.2.0.33, include: /usr/include/openni2, lib: /usr/lib/libOpenNI2.so)
[1.437s] ** WARNING ** io features related to pcap will be disabled
[1.438s] ** WARNING ** io features related to png will be disabled
[1.447s] -- Checking for module 'libusb-1.0'
[1.457s] --   Found libusb-1.0, version 1.0.23
[1.479s] -- Found libusb: /usr/lib/x86_64-linux-gnu/libusb-1.0.so  
[1.483s] -- OpenNI found (version: 1.5.4.0, include: /usr/include/ni, lib: /usr/lib/libOpenNI.so)
[1.487s] -- OpenNI2 found (version: 2.2.0.33, include: /usr/include/openni2, lib: /usr/lib/libOpenNI2.so)
[1.500s] -- Found Qhull: optimized;/usr/lib/x86_64-linux-gnu/libqhull_r.so;debug;/usr/lib/x86_64-linux-gnu/libqhull_r.so  
[1.500s] -- QHULL found (include: /usr/include, lib: optimized;/usr/lib/x86_64-linux-gnu/libqhull_r.so;debug;/usr/lib/x86_64-linux-gnu/libqhull_r.so)
[1.506s] -- looking for PCL_COMMON
[1.506s] -- Found PCL_COMMON: /usr/local/lib/libpcl_common.so  
[1.507s] -- looking for PCL_KDTREE
[1.507s] -- Found PCL_KDTREE: /usr/local/lib/libpcl_kdtree.so  
[1.507s] -- looking for PCL_OCTREE
[1.507s] -- Found PCL_OCTREE: /usr/local/lib/libpcl_octree.so  
[1.507s] -- looking for PCL_SEARCH
[1.508s] -- Found PCL_SEARCH: /usr/local/lib/libpcl_search.so  
[1.508s] -- looking for PCL_SAMPLE_CONSENSUS
[1.508s] -- Found PCL_SAMPLE_CONSENSUS: /usr/local/lib/libpcl_sample_consensus.so  
[1.508s] -- looking for PCL_FILTERS
[1.508s] -- Found PCL_FILTERS: /usr/local/lib/libpcl_filters.so  
[1.508s] -- looking for PCL_2D
[1.509s] -- Found PCL_2D: /usr/local/include/pcl-1.12  
[1.509s] -- looking for PCL_GEOMETRY
[1.509s] -- Found PCL_GEOMETRY: /usr/local/include/pcl-1.12  
[1.509s] -- looking for PCL_IO
[1.509s] -- Found PCL_IO: /usr/local/lib/libpcl_io.so  
[1.509s] -- looking for PCL_FEATURES
[1.510s] -- Found PCL_FEATURES: /usr/local/lib/libpcl_features.so  
[1.510s] -- looking for PCL_ML
[1.510s] -- Found PCL_ML: /usr/local/lib/libpcl_ml.so  
[1.510s] -- looking for PCL_SEGMENTATION
[1.511s] -- Found PCL_SEGMENTATION: /usr/local/lib/libpcl_segmentation.so  
[1.511s] -- looking for PCL_VISUALIZATION
[1.511s] -- Found PCL_VISUALIZATION: /usr/local/lib/libpcl_visualization.so  
[1.511s] -- looking for PCL_SURFACE
[1.512s] -- Found PCL_SURFACE: /usr/local/lib/libpcl_surface.so  
[1.512s] -- looking for PCL_REGISTRATION
[1.512s] -- Found PCL_REGISTRATION: /usr/local/lib/libpcl_registration.so  
[1.512s] -- looking for PCL_KEYPOINTS
[1.512s] -- Found PCL_KEYPOINTS: /usr/local/lib/libpcl_keypoints.so  
[1.513s] -- looking for PCL_TRACKING
[1.513s] -- Found PCL_TRACKING: /usr/local/lib/libpcl_tracking.so  
[1.513s] -- looking for PCL_RECOGNITION
[1.513s] -- Found PCL_RECOGNITION: /usr/local/lib/libpcl_recognition.so  
[1.514s] -- looking for PCL_STEREO
[1.514s] -- Found PCL_STEREO: /usr/local/lib/libpcl_stereo.so  
[1.514s] -- looking for PCL_OUTOFCORE
[1.514s] -- Found PCL_OUTOFCORE: /usr/local/lib/libpcl_outofcore.so  
[1.515s] -- looking for PCL_PEOPLE
[1.515s] -- Found PCL_PEOPLE: /usr/local/lib/libpcl_people.so  
[1.516s] -- Found PCL: pcl_common;pcl_kdtree;pcl_octree;pcl_search;pcl_sample_consensus;pcl_filters;pcl_io;pcl_features;pcl_ml;pcl_segmentation;pcl_visualization;pcl_surface;pcl_registration;pcl_keypoints;pcl_tracking;pcl_recognition;pcl_stereo;pcl_outofcore;pcl_people;/usr/lib/x86_64-linux-gnu/libboost_system.so;/usr/lib/x86_64-linux-gnu/libboost_filesystem.so;/usr/lib/x86_64-linux-gnu/libboost_date_time.so;/usr/lib/x86_64-linux-gnu/libboost_iostreams.so;/usr/lib/x86_64-linux-gnu/libboost_serialization.so;/usr/lib/x86_64-linux-gnu/libboost_regex.so;optimized;/usr/lib/x86_64-linux-gnu/libqhull_r.so;debug;/usr/lib/x86_64-linux-gnu/libqhull_r.so;/usr/lib/libOpenNI.so;/usr/lib/libOpenNI2.so;vtkChartsCore;vtkCommonColor;vtkCommonCore;vtksys;vtkCommonDataModel;vtkCommonMath;vtkCommonMisc;vtkCommonSystem;vtkCommonTransforms;vtkCommonExecutionModel;vtkFiltersGeneral;vtkCommonComputationalGeometry;vtkFiltersCore;vtkInfovisCore;vtkFiltersExtraction;vtkFiltersStatistics;vtkImagingFourier;vtkImagingCore;vtkalglib;vtkRenderingContext2D;vtkRenderingCore;vtkFiltersGeometry;vtkFiltersSources;vtkRenderingFreeType;/usr/lib/x86_64-linux-gnu/libfreetype.so;/usr/lib/x86_64-linux-gnu/libz.so;vtkFiltersModeling;vtkImagingSources;vtkInteractionStyle;vtkInteractionWidgets;vtkFiltersHybrid;vtkImagingColor;vtkImagingGeneral;vtkImagingHybrid;vtkIOImage;vtkDICOMParser;vtkmetaio;/usr/lib/x86_64-linux-gnu/libjpeg.so;/usr/lib/x86_64-linux-gnu/libpng.so;/usr/lib/x86_64-linux-gnu/libtiff.so;vtkRenderingAnnotation;vtkRenderingVolume;vtkIOXML;vtkIOCore;vtkIOXMLParser;/usr/lib/x86_64-linux-gnu/libexpat.so;vtkIOGeometry;vtkIOLegacy;vtkIOPLY;vtkRenderingLOD;vtkViewsCore;vtkViewsContext2D;vtkRenderingOpenGL2;FLANN::FLANN  
[1.518s] -- GTSAM include directory:  /usr/local/lib/cmake/GTSAM/../../../include;/usr/include;/usr/local/include/gtsam/3rdparty/Eigen/
[1.535s] -- Found Boost: /usr/include (found version "1.71.0") found components: thread serialization timer chrono date_time atomic 
[1.598s] -- Configuring done
[1.626s] -- Generating done
[1.627s] -- Build files have been written to: /home/d/velo_ws/build/lego_loam_sr
[1.637s] Invoked command in '/home/d/velo_ws/build/lego_loam_sr' returned '0': AMENT_PREFIX_PATH=/home/d/velo_ws/install/cloud_msgs:${AMENT_PREFIX_PATH} CMAKE_PREFIX_PATH=/home/d/velo_ws/install/cloud_msgs:/home/d/jack_ws/install/jackal_navigation:/home/d/jack_ws/install/jackal_desktop:/home/d/jack_ws/install/jackal_viz:/home/d/jack_ws/install/jackal_simulator:/home/d/jack_ws/install/jackal_msgs:/home/d/jack_ws/install/jackal_gazebo:/home/d/jack_ws/install/jackal_control:/home/d/jack_ws/install/jackal_description:/home/d/gcamp_ros2_ws/install/turtlesim:/home/d/gcamp_ros2_ws/install/py_topic_pkg:/home/d/gcamp_ros2_ws/install/py_service_pkg:/home/d/gcamp_ros2_ws/install/py_first_pkg:/home/d/gcamp_ros2_ws/install/py_action_pkg:/home/d/gcamp_ros2_ws/install/gcamp_gazebo:/home/d/gcamp_ros2_ws/install/cpp_service_pkg:/home/d/gcamp_ros2_ws/install/cpp_action_pkg:/home/d/gcamp_ros2_ws/install/custom_interfaces:/home/d/gcamp_ros2_ws/install/cpp_topic_pkg:/home/d/gcamp_ros2_ws/install/cpp_service_tutorial:/home/d/gcamp_ros2_ws/install/cpp_param_pkg:/home/d/gcamp_ros2_ws/install/cpp_first_pkg:/opt/ros/foxy LD_LIBRARY_PATH=/home/d/velo_ws/install/cloud_msgs/lib:${LD_LIBRARY_PATH} PYTHONPATH=/home/d/velo_ws/install/cloud_msgs/lib/python3.8/site-packages:${PYTHONPATH} /usr/bin/cmake /home/d/velo_ws/src/LeGO-LOAM-SR/LeGO-LOAM -DCMAKE_INSTALL_PREFIX=/home/d/velo_ws/install/lego_loam_sr
[1.638s] Invoking command in '/home/d/velo_ws/build/lego_loam_sr': AMENT_PREFIX_PATH=/home/d/velo_ws/install/cloud_msgs:${AMENT_PREFIX_PATH} CMAKE_PREFIX_PATH=/home/d/velo_ws/install/cloud_msgs:/home/d/jack_ws/install/jackal_navigation:/home/d/jack_ws/install/jackal_desktop:/home/d/jack_ws/install/jackal_viz:/home/d/jack_ws/install/jackal_simulator:/home/d/jack_ws/install/jackal_msgs:/home/d/jack_ws/install/jackal_gazebo:/home/d/jack_ws/install/jackal_control:/home/d/jack_ws/install/jackal_description:/home/d/gcamp_ros2_ws/install/turtlesim:/home/d/gcamp_ros2_ws/install/py_topic_pkg:/home/d/gcamp_ros2_ws/install/py_service_pkg:/home/d/gcamp_ros2_ws/install/py_first_pkg:/home/d/gcamp_ros2_ws/install/py_action_pkg:/home/d/gcamp_ros2_ws/install/gcamp_gazebo:/home/d/gcamp_ros2_ws/install/cpp_service_pkg:/home/d/gcamp_ros2_ws/install/cpp_action_pkg:/home/d/gcamp_ros2_ws/install/custom_interfaces:/home/d/gcamp_ros2_ws/install/cpp_topic_pkg:/home/d/gcamp_ros2_ws/install/cpp_service_tutorial:/home/d/gcamp_ros2_ws/install/cpp_param_pkg:/home/d/gcamp_ros2_ws/install/cpp_first_pkg:/opt/ros/foxy LD_LIBRARY_PATH=/home/d/velo_ws/install/cloud_msgs/lib:${LD_LIBRARY_PATH} PYTHONPATH=/home/d/velo_ws/install/cloud_msgs/lib/python3.8/site-packages:${PYTHONPATH} /usr/bin/cmake --build /home/d/velo_ws/build/lego_loam_sr -- -j20 -l20
[1.666s] [35m[1mScanning dependencies of target lego_loam_sr[0m
[1.732s] [ 16%] [32mBuilding CXX object CMakeFiles/lego_loam_sr.dir/src/imageProjection.cpp.o[0m
[1.733s] [ 50%] [32mBuilding CXX object CMakeFiles/lego_loam_sr.dir/src/mapOptmization.cpp.o[0m
[1.733s] [ 50%] [32mBuilding CXX object CMakeFiles/lego_loam_sr.dir/src/featureAssociation.cpp.o[0m
[1.733s] [ 66%] [32mBuilding CXX object CMakeFiles/lego_loam_sr.dir/src/transformFusion.cpp.o[0m
[1.733s] [ 83%] [32mBuilding CXX object CMakeFiles/lego_loam_sr.dir/src/main.cpp.o[0m
[4.918s] In file included from [01m[K/usr/local/include/gtsam/base/types.h:31[m[K,
[4.918s]                  from [01m[K/usr/local/include/gtsam/global_includes.h:22[m[K,
[4.918s]                  from [01m[K/usr/local/include/gtsam/base/Vector.h:27[m[K,
[4.918s]                  from [01m[K/usr/local/include/gtsam/base/Matrix.h:26[m[K,
[4.918s]                  from [01m[K/usr/local/include/gtsam/base/Manifold.h:22[m[K,
[4.918s]                  from [01m[K/usr/local/include/gtsam/geometry/BearingRange.h:21[m[K,
[4.918s]                  from [01m[K/usr/local/include/gtsam/geometry/Pose3.h:22[m[K,
[4.918s]                  from [01m[K/home/d/velo_ws/src/LeGO-LOAM-SR/LeGO-LOAM/src/mapOptimization.h:8[m[K,
[4.918s]                  from [01m[K/home/d/velo_ws/src/LeGO-LOAM-SR/LeGO-LOAM/src/mapOptmization.cpp:37[m[K:
[4.918s] [01m[K/usr/include/tbb/task_scheduler_init.h:21:154:[m[K [01;36m[Knote: [m[K#pragma message: TBB Warning: tbb/task_scheduler_init.h is deprecated. For details, please see Deprecated Features appendix in the TBB reference manual.
[4.919s]    21 | #pragma message("TBB Warning: tbb/task_scheduler_init.h is deprecated. For details, please see Deprecated Features appendix in the TBB reference manual."[01;36m[K)[m[K
[4.919s]       |                                                                                                                                                          [01;36m[K^[m[K
[5.320s] In file included from [01m[K/usr/local/include/gtsam/base/types.h:31[m[K,
[5.320s]                  from [01m[K/usr/local/include/gtsam/global_includes.h:22[m[K,
[5.320s]                  from [01m[K/usr/local/include/gtsam/base/Vector.h:27[m[K,
[5.321s]                  from [01m[K/usr/local/include/gtsam/base/Matrix.h:26[m[K,
[5.321s]                  from [01m[K/usr/local/include/gtsam/base/Manifold.h:22[m[K,
[5.321s]                  from [01m[K/usr/local/include/gtsam/geometry/BearingRange.h:21[m[K,
[5.321s]                  from [01m[K/usr/local/include/gtsam/geometry/Pose3.h:22[m[K,
[5.321s]                  from [01m[K/home/d/velo_ws/src/LeGO-LOAM-SR/LeGO-LOAM/src/mapOptimization.h:8[m[K,
[5.321s]                  from [01m[K/home/d/velo_ws/src/LeGO-LOAM-SR/LeGO-LOAM/src/main.cpp:4[m[K:
[5.321s] [01m[K/usr/include/tbb/task_scheduler_init.h:21:154:[m[K [01;36m[Knote: [m[K#pragma message: TBB Warning: tbb/task_scheduler_init.h is deprecated. For details, please see Deprecated Features appendix in the TBB reference manual.
[5.321s]    21 | #pragma message("TBB Warning: tbb/task_scheduler_init.h is deprecated. For details, please see Deprecated Features appendix in the TBB reference manual."[01;36m[K)[m[K
[5.321s]       |                                                                                                                                                          [01;36m[K^[m[K
[5.554s] [01m[K/home/d/velo_ws/src/LeGO-LOAM-SR/LeGO-LOAM/src/featureAssociation.cpp:[m[K In destructor ‘[01m[Kvirtual FeatureAssociation::~FeatureAssociation()[m[K’:
[5.554s] [01m[K/home/d/velo_ws/src/LeGO-LOAM-SR/LeGO-LOAM/src/featureAssociation.cpp:110:25:[m[K [01;35m[Kwarning: [m[Kconverting to ‘[01m[Kcloud_msgs::msg::CloudInfo[m[K’ {aka ‘[01m[Kcloud_msgs::msg::CloudInfo_<std::allocator<void> >[m[K’} from initializer list would use explicit constructor ‘[01m[Kcloud_msgs::msg::CloudInfo_<ContainerAllocator>::CloudInfo_(rosidl_runtime_cpp::MessageInitialization) [with ContainerAllocator = std::allocator<void>][m[K’
[5.554s]   110 |   _input_channel.send({}[01;35m[K)[m[K;
[5.554s]       |                         [01;35m[K^[m[K
[5.554s] [01m[K/home/d/velo_ws/src/LeGO-LOAM-SR/LeGO-LOAM/src/featureAssociation.cpp:110:25:[m[K [01;36m[Knote: [m[Kin C++11 and above a default constructor can be explicit
[5.582s] In file included from [01m[K/usr/local/include/gtsam/geometry/Unit3.h:36[m[K,
[5.582s]                  from [01m[K/usr/local/include/gtsam/geometry/Rot3.h:25[m[K,
[5.582s]                  from [01m[K/usr/local/include/gtsam/geometry/Pose3.h:24[m[K,
[5.582s]                  from [01m[K/home/d/velo_ws/src/LeGO-LOAM-SR/LeGO-LOAM/src/mapOptimization.h:8[m[K,
[5.582s]                  from [01m[K/home/d/velo_ws/src/LeGO-LOAM-SR/LeGO-LOAM/src/mapOptmization.cpp:37[m[K:
[5.582s] [01m[K/usr/include/tbb/mutex.h:21:140:[m[K [01;36m[Knote: [m[K#pragma message: TBB Warning: tbb/mutex.h is deprecated. For details, please see Deprecated Features appendix in the TBB reference manual.
[5.582s]    21 | #pragma message("TBB Warning: tbb/mutex.h is deprecated. For details, please see Deprecated Features appendix in the TBB reference manual."[01;36m[K)[m[K
[5.582s]       |                                                                                                                                            [01;36m[K^[m[K
[5.976s] In file included from [01m[K/usr/local/include/gtsam/geometry/Unit3.h:36[m[K,
[5.976s]                  from [01m[K/usr/local/include/gtsam/geometry/Rot3.h:25[m[K,
[5.976s]                  from [01m[K/usr/local/include/gtsam/geometry/Pose3.h:24[m[K,
[5.976s]                  from [01m[K/home/d/velo_ws/src/LeGO-LOAM-SR/LeGO-LOAM/src/mapOptimization.h:8[m[K,
[5.976s]                  from [01m[K/home/d/velo_ws/src/LeGO-LOAM-SR/LeGO-LOAM/src/main.cpp:4[m[K:
[5.976s] [01m[K/usr/include/tbb/mutex.h:21:140:[m[K [01;36m[Knote: [m[K#pragma message: TBB Warning: tbb/mutex.h is deprecated. For details, please see Deprecated Features appendix in the TBB reference manual.
[5.976s]    21 | #pragma message("TBB Warning: tbb/mutex.h is deprecated. For details, please see Deprecated Features appendix in the TBB reference manual."[01;36m[K)[m[K
[5.976s]       |                                                                                                                                            [01;36m[K^[m[K
[6.788s] [01m[K/home/d/velo_ws/src/LeGO-LOAM-SR/LeGO-LOAM/src/mapOptmization.cpp:[m[K In destructor ‘[01m[Kvirtual MapOptimization::~MapOptimization()[m[K’:
[6.788s] [01m[K/home/d/velo_ws/src/LeGO-LOAM-SR/LeGO-LOAM/src/mapOptmization.cpp:128:25:[m[K [01;35m[Kwarning: [m[Kconverting to ‘[01m[Knav_msgs::msg::Odometry[m[K’ {aka ‘[01m[Knav_msgs::msg::Odometry_<std::allocator<void> >[m[K’} from initializer list would use explicit constructor ‘[01m[Knav_msgs::msg::Odometry_<ContainerAllocator>::Odometry_(rosidl_runtime_cpp::MessageInitialization) [with ContainerAllocator = std::allocator<void>][m[K’
[6.788s]   128 |   _input_channel.send({}[01;35m[K)[m[K;
[6.788s]       |                         [01;35m[K^[m[K
[6.788s] [01m[K/home/d/velo_ws/src/LeGO-LOAM-SR/LeGO-LOAM/src/mapOptmization.cpp:128:25:[m[K [01;36m[Knote: [m[Kin C++11 and above a default constructor can be explicit
[7.175s] [01m[K/home/d/velo_ws/src/LeGO-LOAM-SR/LeGO-LOAM/src/main.cpp:[m[K In function ‘[01m[Kint main(int, char**)[m[K’:
[7.175s] [01m[K/home/d/velo_ws/src/LeGO-LOAM-SR/LeGO-LOAM/src/main.cpp:25:71:[m[K [01;35m[Kwarning: [m[K‘[01m[Krclcpp::ExecutorOptions rclcpp::executor::create_default_executor_arguments()[m[K’ is deprecated: use rclcpp::ExecutorOptions() instead [[01;35m[K-Wdeprecated-declarations[m[K]
[7.175s]    25 |   rclcpp::executors::MultiThreadedExecutor executor(rclcpp::executor::[01;35m[Kcreate_default_executor_arguments[m[K(), 4);
[7.176s]       |                                                                       [01;35m[K^~~~~~~~~~~~~~~~~~~~~~~~~~~~~~~~~[m[K
[7.176s] In file included from [01m[K/opt/ros/foxy/include/rclcpp/executor.hpp:33[m[K,
[7.176s]                  from [01m[K/opt/ros/foxy/include/rclcpp/executors/multi_threaded_executor.hpp:26[m[K,
[7.176s]                  from [01m[K/opt/ros/foxy/include/rclcpp/executors.hpp:21[m[K,
[7.176s]                  from [01m[K/opt/ros/foxy/include/rclcpp/rclcpp.hpp:146[m[K,
[7.176s]                  from [01m[K/home/d/velo_ws/src/LeGO-LOAM-SR/LeGO-LOAM/src/main.cpp:1[m[K:
[7.176s] [01m[K/opt/ros/foxy/include/rclcpp/executor_options.hpp:49:1:[m[K [01;36m[Knote: [m[Kdeclared here
[7.176s]    49 | [01;36m[Kcreate_default_executor_arguments[m[K()
[7.176s]       | [01;36m[K^~~~~~~~~~~~~~~~~~~~~~~~~~~~~~~~~[m[K
[7.176s] [01m[K/home/d/velo_ws/src/LeGO-LOAM-SR/LeGO-LOAM/src/main.cpp:25:105:[m[K [01;35m[Kwarning: [m[K‘[01m[Krclcpp::ExecutorOptions rclcpp::executor::create_default_executor_arguments()[m[K’ is deprecated: use rclcpp::ExecutorOptions() instead [[01;35m[K-Wdeprecated-declarations[m[K]
[7.176s]    25 |   rclcpp::executors::MultiThreadedExecutor executor(rclcpp::executor::create_default_executor_arguments([01;35m[K)[m[K, 4);
[7.176s]       |                                                                                                         [01;35m[K^[m[K
[7.176s] In file included from [01m[K/opt/ros/foxy/include/rclcpp/executor.hpp:33[m[K,
[7.176s]                  from [01m[K/opt/ros/foxy/include/rclcpp/executors/multi_threaded_executor.hpp:26[m[K,
[7.176s]                  from [01m[K/opt/ros/foxy/include/rclcpp/executors.hpp:21[m[K,
[7.176s]                  from [01m[K/opt/ros/foxy/include/rclcpp/rclcpp.hpp:146[m[K,
[7.176s]                  from [01m[K/home/d/velo_ws/src/LeGO-LOAM-SR/LeGO-LOAM/src/main.cpp:1[m[K:
[7.176s] [01m[K/opt/ros/foxy/include/rclcpp/executor_options.hpp:49:1:[m[K [01;36m[Knote: [m[Kdeclared here
[7.177s]    49 | [01;36m[Kcreate_default_executor_arguments[m[K()
[7.177s]       | [01;36m[K^~~~~~~~~~~~~~~~~~~~~~~~~~~~~~~~~[m[K
[7.177s] [01m[K/home/d/velo_ws/src/LeGO-LOAM-SR/LeGO-LOAM/src/main.cpp:25:105:[m[K [01;35m[Kwarning: [m[K‘[01m[Krclcpp::ExecutorOptions rclcpp::executor::create_default_executor_arguments()[m[K’ is deprecated: use rclcpp::ExecutorOptions() instead [[01;35m[K-Wdeprecated-declarations[m[K]
[7.177s]    25 |   rclcpp::executors::MultiThreadedExecutor executor(rclcpp::executor::create_default_executor_arguments([01;35m[K)[m[K, 4);
[7.177s]       |                                                                                                         [01;35m[K^[m[K
[7.177s] In file included from [01m[K/opt/ros/foxy/include/rclcpp/executor.hpp:33[m[K,
[7.177s]                  from [01m[K/opt/ros/foxy/include/rclcpp/executors/multi_threaded_executor.hpp:26[m[K,
[7.177s]                  from [01m[K/opt/ros/foxy/include/rclcpp/executors.hpp:21[m[K,
[7.177s]                  from [01m[K/opt/ros/foxy/include/rclcpp/rclcpp.hpp:146[m[K,
[7.177s]                  from [01m[K/home/d/velo_ws/src/LeGO-LOAM-SR/LeGO-LOAM/src/main.cpp:1[m[K:
[7.177s] [01m[K/opt/ros/foxy/include/rclcpp/executor_options.hpp:49:1:[m[K [01;36m[Knote: [m[Kdeclared here
[7.177s]    49 | [01;36m[Kcreate_default_executor_arguments[m[K()
[7.177s]       | [01;36m[K^~~~~~~~~~~~~~~~~~~~~~~~~~~~~~~~~[m[K
[26.579s] [100%] [32m[1mLinking CXX executable lego_loam_sr[0m
[27.132s] [100%] Built target lego_loam_sr
[27.143s] Invoked command in '/home/d/velo_ws/build/lego_loam_sr' returned '0': AMENT_PREFIX_PATH=/home/d/velo_ws/install/cloud_msgs:${AMENT_PREFIX_PATH} CMAKE_PREFIX_PATH=/home/d/velo_ws/install/cloud_msgs:/home/d/jack_ws/install/jackal_navigation:/home/d/jack_ws/install/jackal_desktop:/home/d/jack_ws/install/jackal_viz:/home/d/jack_ws/install/jackal_simulator:/home/d/jack_ws/install/jackal_msgs:/home/d/jack_ws/install/jackal_gazebo:/home/d/jack_ws/install/jackal_control:/home/d/jack_ws/install/jackal_description:/home/d/gcamp_ros2_ws/install/turtlesim:/home/d/gcamp_ros2_ws/install/py_topic_pkg:/home/d/gcamp_ros2_ws/install/py_service_pkg:/home/d/gcamp_ros2_ws/install/py_first_pkg:/home/d/gcamp_ros2_ws/install/py_action_pkg:/home/d/gcamp_ros2_ws/install/gcamp_gazebo:/home/d/gcamp_ros2_ws/install/cpp_service_pkg:/home/d/gcamp_ros2_ws/install/cpp_action_pkg:/home/d/gcamp_ros2_ws/install/custom_interfaces:/home/d/gcamp_ros2_ws/install/cpp_topic_pkg:/home/d/gcamp_ros2_ws/install/cpp_service_tutorial:/home/d/gcamp_ros2_ws/install/cpp_param_pkg:/home/d/gcamp_ros2_ws/install/cpp_first_pkg:/opt/ros/foxy LD_LIBRARY_PATH=/home/d/velo_ws/install/cloud_msgs/lib:${LD_LIBRARY_PATH} PYTHONPATH=/home/d/velo_ws/install/cloud_msgs/lib/python3.8/site-packages:${PYTHONPATH} /usr/bin/cmake --build /home/d/velo_ws/build/lego_loam_sr -- -j20 -l20
[27.158s] Invoking command in '/home/d/velo_ws/build/lego_loam_sr': AMENT_PREFIX_PATH=/home/d/velo_ws/install/cloud_msgs:${AMENT_PREFIX_PATH} CMAKE_PREFIX_PATH=/home/d/velo_ws/install/cloud_msgs:/home/d/jack_ws/install/jackal_navigation:/home/d/jack_ws/install/jackal_desktop:/home/d/jack_ws/install/jackal_viz:/home/d/jack_ws/install/jackal_simulator:/home/d/jack_ws/install/jackal_msgs:/home/d/jack_ws/install/jackal_gazebo:/home/d/jack_ws/install/jackal_control:/home/d/jack_ws/install/jackal_description:/home/d/gcamp_ros2_ws/install/turtlesim:/home/d/gcamp_ros2_ws/install/py_topic_pkg:/home/d/gcamp_ros2_ws/install/py_service_pkg:/home/d/gcamp_ros2_ws/install/py_first_pkg:/home/d/gcamp_ros2_ws/install/py_action_pkg:/home/d/gcamp_ros2_ws/install/gcamp_gazebo:/home/d/gcamp_ros2_ws/install/cpp_service_pkg:/home/d/gcamp_ros2_ws/install/cpp_action_pkg:/home/d/gcamp_ros2_ws/install/custom_interfaces:/home/d/gcamp_ros2_ws/install/cpp_topic_pkg:/home/d/gcamp_ros2_ws/install/cpp_service_tutorial:/home/d/gcamp_ros2_ws/install/cpp_param_pkg:/home/d/gcamp_ros2_ws/install/cpp_first_pkg:/opt/ros/foxy LD_LIBRARY_PATH=/home/d/velo_ws/install/cloud_msgs/lib:${LD_LIBRARY_PATH} PYTHONPATH=/home/d/velo_ws/install/cloud_msgs/lib/python3.8/site-packages:${PYTHONPATH} /usr/bin/cmake --install /home/d/velo_ws/build/lego_loam_sr
[27.163s] -- Install configuration: ""
[27.163s] -- Installing: /home/d/velo_ws/install/lego_loam_sr/lib/lego_loam_sr/lego_loam_sr
[27.164s] -- Set runtime path of "/home/d/velo_ws/install/lego_loam_sr/lib/lego_loam_sr/lego_loam_sr" to ""
[27.164s] -- Installing: /home/d/velo_ws/install/lego_loam_sr/share/lego_loam_sr/config
[27.164s] -- Installing: /home/d/velo_ws/install/lego_loam_sr/share/lego_loam_sr/config/loam_config.yaml
[27.164s] -- Installing: /home/d/velo_ws/install/lego_loam_sr/share/lego_loam_sr/launch
[27.164s] -- Installing: /home/d/velo_ws/install/lego_loam_sr/share/lego_loam_sr/launch/seg-total.jpg
[27.165s] -- Installing: /home/d/velo_ws/install/lego_loam_sr/share/lego_loam_sr/launch/google-earth.png
[27.165s] -- Installing: /home/d/velo_ws/install/lego_loam_sr/share/lego_loam_sr/launch/run.launch.py
[27.165s] -- Installing: /home/d/velo_ws/install/lego_loam_sr/share/lego_loam_sr/launch/block.png
[27.165s] -- Installing: /home/d/velo_ws/install/lego_loam_sr/share/lego_loam_sr/launch/demo.gif
[27.174s] -- Installing: /home/d/velo_ws/install/lego_loam_sr/share/lego_loam_sr/launch/dataset-demo.gif
[27.176s] -- Installing: /home/d/velo_ws/install/lego_loam_sr/share/lego_loam_sr/launch/odometry.jpg
[27.176s] -- Installing: /home/d/velo_ws/install/lego_loam_sr/share/lego_loam_sr/rviz
[27.176s] -- Installing: /home/d/velo_ws/install/lego_loam_sr/share/lego_loam_sr/rviz/mapping.rviz
[27.176s] -- Installing: /home/d/velo_ws/install/lego_loam_sr/share/lego_loam_sr/rviz/test.rviz
[27.176s] -- Installing: /home/d/velo_ws/install/lego_loam_sr/share/ament_index/resource_index/package_run_dependencies/lego_loam_sr
[27.176s] -- Installing: /home/d/velo_ws/install/lego_loam_sr/share/ament_index/resource_index/parent_prefix_path/lego_loam_sr
[27.176s] -- Installing: /home/d/velo_ws/install/lego_loam_sr/share/lego_loam_sr/environment/ament_prefix_path.sh
[27.176s] -- Installing: /home/d/velo_ws/install/lego_loam_sr/share/lego_loam_sr/environment/ament_prefix_path.dsv
[27.176s] -- Installing: /home/d/velo_ws/install/lego_loam_sr/share/lego_loam_sr/environment/path.sh
[27.176s] -- Installing: /home/d/velo_ws/install/lego_loam_sr/share/lego_loam_sr/environment/path.dsv
[27.176s] -- Installing: /home/d/velo_ws/install/lego_loam_sr/share/lego_loam_sr/local_setup.bash
[27.176s] -- Installing: /home/d/velo_ws/install/lego_loam_sr/share/lego_loam_sr/local_setup.sh
[27.176s] -- Installing: /home/d/velo_ws/install/lego_loam_sr/share/lego_loam_sr/local_setup.zsh
[27.176s] -- Installing: /home/d/velo_ws/install/lego_loam_sr/share/lego_loam_sr/local_setup.dsv
[27.176s] -- Installing: /home/d/velo_ws/install/lego_loam_sr/share/lego_loam_sr/package.dsv
[27.176s] -- Installing: /home/d/velo_ws/install/lego_loam_sr/share/ament_index/resource_index/packages/lego_loam_sr
[27.176s] -- Installing: /home/d/velo_ws/install/lego_loam_sr/share/lego_loam_sr/cmake/ament_cmake_export_include_directories-extras.cmake
[27.176s] -- Installing: /home/d/velo_ws/install/lego_loam_sr/share/lego_loam_sr/cmake/lego_loam_srConfig.cmake
[27.176s] -- Installing: /home/d/velo_ws/install/lego_loam_sr/share/lego_loam_sr/cmake/lego_loam_srConfig-version.cmake
[27.176s] -- Installing: /home/d/velo_ws/install/lego_loam_sr/share/lego_loam_sr/package.xml
[27.179s] Invoked command in '/home/d/velo_ws/build/lego_loam_sr' returned '0': AMENT_PREFIX_PATH=/home/d/velo_ws/install/cloud_msgs:${AMENT_PREFIX_PATH} CMAKE_PREFIX_PATH=/home/d/velo_ws/install/cloud_msgs:/home/d/jack_ws/install/jackal_navigation:/home/d/jack_ws/install/jackal_desktop:/home/d/jack_ws/install/jackal_viz:/home/d/jack_ws/install/jackal_simulator:/home/d/jack_ws/install/jackal_msgs:/home/d/jack_ws/install/jackal_gazebo:/home/d/jack_ws/install/jackal_control:/home/d/jack_ws/install/jackal_description:/home/d/gcamp_ros2_ws/install/turtlesim:/home/d/gcamp_ros2_ws/install/py_topic_pkg:/home/d/gcamp_ros2_ws/install/py_service_pkg:/home/d/gcamp_ros2_ws/install/py_first_pkg:/home/d/gcamp_ros2_ws/install/py_action_pkg:/home/d/gcamp_ros2_ws/install/gcamp_gazebo:/home/d/gcamp_ros2_ws/install/cpp_service_pkg:/home/d/gcamp_ros2_ws/install/cpp_action_pkg:/home/d/gcamp_ros2_ws/install/custom_interfaces:/home/d/gcamp_ros2_ws/install/cpp_topic_pkg:/home/d/gcamp_ros2_ws/install/cpp_service_tutorial:/home/d/gcamp_ros2_ws/install/cpp_param_pkg:/home/d/gcamp_ros2_ws/install/cpp_first_pkg:/opt/ros/foxy LD_LIBRARY_PATH=/home/d/velo_ws/install/cloud_msgs/lib:${LD_LIBRARY_PATH} PYTHONPATH=/home/d/velo_ws/install/cloud_msgs/lib/python3.8/site-packages:${PYTHONPATH} /usr/bin/cmake --install /home/d/velo_ws/build/lego_loam_sr
