[0.012s] Invoking command in '/home/jeongil/ros_foxy_ws/velodyne_ws/build/cloud_msgs': CMAKE_PREFIX_PATH=/opt/ros/foxy /usr/bin/cmake /home/jeongil/ros_foxy_ws/velodyne_ws/src/LeGO-LOAM-SR/cloud_msgs -DCMAKE_INSTALL_PREFIX=/home/jeongil/ros_foxy_ws/velodyne_ws/install/cloud_msgs
[0.046s] -- The C compiler identification is GNU 9.4.0
[0.077s] -- The CXX compiler identification is GNU 9.4.0
[0.081s] -- Check for working C compiler: /usr/bin/cc
[0.118s] -- Check for working C compiler: /usr/bin/cc -- works
[0.118s] -- Detecting C compiler ABI info
[0.150s] -- Detecting C compiler ABI info - done
[0.156s] -- Detecting C compile features
[0.156s] -- Detecting C compile features - done
[0.158s] -- Check for working CXX compiler: /usr/bin/c++
[0.197s] -- Check for working CXX compiler: /usr/bin/c++ -- works
[0.198s] -- Detecting CXX compiler ABI info
[0.241s] -- Detecting CXX compiler ABI info - done
[0.247s] -- Detecting CXX compile features
[0.247s] -- Detecting CXX compile features - done
[0.248s] -- Found ament_cmake: 0.9.11 (/opt/ros/foxy/share/ament_cmake/cmake)
[0.270s] -- Found PythonInterp: /usr/bin/python3 (found suitable version "3.8.10", minimum required is "3") 
[0.270s] -- Using PYTHON_EXECUTABLE: /usr/bin/python3
[0.364s] -- Found std_msgs: 2.0.5 (/opt/ros/foxy/share/std_msgs/cmake)
[0.378s] -- Using all available rosidl_typesupport_c: rosidl_typesupport_fastrtps_c;rosidl_typesupport_introspection_c
[0.381s] -- Found rosidl_adapter: 1.3.0 (/opt/ros/foxy/share/rosidl_adapter/cmake)
[0.419s] -- Found OpenSSL: /usr/lib/x86_64-linux-gnu/libcrypto.so (found version "1.1.1f")  
[0.435s] -- Found FastRTPS: /opt/ros/foxy/include  
[0.473s] -- Using all available rosidl_typesupport_cpp: rosidl_typesupport_fastrtps_cpp;rosidl_typesupport_introspection_cpp
[0.496s] -- Found rosidl_default_generators: 1.0.1 (/opt/ros/foxy/share/rosidl_default_generators/cmake)
[0.512s] -- Found PythonInterp: /usr/bin/python3 (found version "3.8.10") 
[0.591s] -- Found ament_cmake_ros: 0.9.2 (/opt/ros/foxy/share/ament_cmake_ros/cmake)
[0.674s] -- Using all available rosidl_typesupport_c: rosidl_typesupport_fastrtps_c;rosidl_typesupport_introspection_c
[0.701s] -- Using all available rosidl_typesupport_cpp: rosidl_typesupport_fastrtps_cpp;rosidl_typesupport_introspection_cpp
[0.713s] -- Found PythonInterp: /usr/bin/python3 (found suitable version "3.8.10", minimum required is "3.5") 
[0.714s] -- Found python_cmake_module: 0.8.1 (/opt/ros/foxy/share/python_cmake_module/cmake)
[0.727s] -- Found PythonLibs: /usr/lib/x86_64-linux-gnu/libpython3.8.so (found suitable version "3.8.10", minimum required is "3.5") 
[0.727s] -- Using PYTHON_EXECUTABLE: /usr/bin/python3
[0.727s] -- Using PYTHON_INCLUDE_DIRS: /usr/include/python3.8
[0.727s] -- Using PYTHON_LIBRARIES: /usr/lib/x86_64-linux-gnu/libpython3.8.so
[0.738s] -- Found PythonExtra: .so  
[0.770s] -- Configuring done
[0.789s] -- Generating done
[0.791s] -- Build files have been written to: /home/jeongil/ros_foxy_ws/velodyne_ws/build/cloud_msgs
[0.794s] Invoked command in '/home/jeongil/ros_foxy_ws/velodyne_ws/build/cloud_msgs' returned '0': CMAKE_PREFIX_PATH=/opt/ros/foxy /usr/bin/cmake /home/jeongil/ros_foxy_ws/velodyne_ws/src/LeGO-LOAM-SR/cloud_msgs -DCMAKE_INSTALL_PREFIX=/home/jeongil/ros_foxy_ws/velodyne_ws/install/cloud_msgs
[0.795s] Invoking command in '/home/jeongil/ros_foxy_ws/velodyne_ws/build/cloud_msgs': CMAKE_PREFIX_PATH=/opt/ros/foxy /usr/bin/cmake --build /home/jeongil/ros_foxy_ws/velodyne_ws/build/cloud_msgs -- -j20 -l20
[0.815s] [35m[1mScanning dependencies of target cloud_msgs__cpp[0m
[0.815s] [  3%] [34m[1mGenerating C code for ROS interfaces[0m
[0.823s] [  6%] [34m[1mGenerating C++ code for ROS interfaces[0m
[0.944s] [35m[1mScanning dependencies of target cloud_msgs__rosidl_generator_c[0m
[0.944s] [  6%] Built target cloud_msgs__cpp
[0.949s] [  9%] [34m[1mGenerating C++ introspection for ROS interfaces[0m
[0.949s] [ 12%] [34m[1mGenerating C++ type support for eProsima Fast-RTPS[0m
[0.949s] [ 16%] [34m[1mGenerating C++ type support dispatch for ROS interfaces[0m
[0.950s] [ 19%] [32mBuilding C object CMakeFiles/cloud_msgs__rosidl_generator_c.dir/rosidl_generator_c/cloud_msgs/msg/detail/cloud_info__functions.c.o[0m
[0.977s] [ 22%] [32m[1mLinking C shared library libcloud_msgs__rosidl_generator_c.so[0m
[0.996s] [ 22%] Built target cloud_msgs__rosidl_generator_c
[1.001s] [ 29%] [34m[1mGenerating C type support dispatch for ROS interfaces[0m
[1.001s] [ 29%] [34m[1mGenerating C introspection for ROS interfaces[0m
[1.062s] [35m[1mScanning dependencies of target cloud_msgs__rosidl_typesupport_cpp[0m
[1.068s] [ 32%] [32mBuilding CXX object CMakeFiles/cloud_msgs__rosidl_typesupport_cpp.dir/rosidl_typesupport_cpp/cloud_msgs/msg/cloud_info__type_support.cpp.o[0m
[1.069s] [35m[1mScanning dependencies of target cloud_msgs__rosidl_typesupport_introspection_cpp[0m
[1.073s] [35m[1mScanning dependencies of target cloud_msgs__rosidl_typesupport_fastrtps_cpp[0m
[1.076s] [ 35%] [32mBuilding CXX object CMakeFiles/cloud_msgs__rosidl_typesupport_introspection_cpp.dir/rosidl_typesupport_introspection_cpp/cloud_msgs/msg/detail/cloud_info__type_support.cpp.o[0m
[1.080s] [ 38%] [32mBuilding CXX object CMakeFiles/cloud_msgs__rosidl_typesupport_fastrtps_cpp.dir/rosidl_typesupport_fastrtps_cpp/cloud_msgs/msg/detail/dds_fastrtps/cloud_info__type_support.cpp.o[0m
[1.114s] [35m[1mScanning dependencies of target cloud_msgs__rosidl_typesupport_c[0m
[1.120s] [ 41%] [32mBuilding CXX object CMakeFiles/cloud_msgs__rosidl_typesupport_c.dir/rosidl_typesupport_c/cloud_msgs/msg/cloud_info__type_support.cpp.o[0m
[1.123s] [35m[1mScanning dependencies of target cloud_msgs__rosidl_typesupport_introspection_c[0m
[1.130s] [ 45%] [32mBuilding C object CMakeFiles/cloud_msgs__rosidl_typesupport_introspection_c.dir/rosidl_typesupport_introspection_c/cloud_msgs/msg/detail/cloud_info__type_support.c.o[0m
[1.136s] [ 48%] [32m[1mLinking CXX shared library libcloud_msgs__rosidl_typesupport_c.so[0m
[1.148s] [ 51%] [32m[1mLinking C shared library libcloud_msgs__rosidl_typesupport_introspection_c.so[0m
[1.157s] [ 51%] Built target cloud_msgs__rosidl_typesupport_c
[1.163s] [ 51%] Built target cloud_msgs__rosidl_typesupport_introspection_c
[1.192s] [ 54%] [32m[1mLinking CXX shared library libcloud_msgs__rosidl_typesupport_cpp.so[0m
[1.213s] [ 54%] Built target cloud_msgs__rosidl_typesupport_cpp
[1.268s] [ 58%] [32m[1mLinking CXX shared library libcloud_msgs__rosidl_typesupport_introspection_cpp.so[0m
[1.305s] [ 58%] Built target cloud_msgs__rosidl_typesupport_introspection_cpp
[1.324s] [ 61%] [32m[1mLinking CXX shared library libcloud_msgs__rosidl_typesupport_fastrtps_cpp.so[0m
[1.368s] [ 61%] Built target cloud_msgs__rosidl_typesupport_fastrtps_cpp
[1.373s] [ 64%] [34m[1mGenerating C type support for eProsima Fast-RTPS[0m
[1.489s] [35m[1mScanning dependencies of target cloud_msgs__rosidl_typesupport_fastrtps_c[0m
[1.496s] [ 67%] [32mBuilding CXX object CMakeFiles/cloud_msgs__rosidl_typesupport_fastrtps_c.dir/rosidl_typesupport_fastrtps_c/cloud_msgs/msg/detail/cloud_info__type_support_c.cpp.o[0m
[1.652s] [ 70%] [32m[1mLinking CXX shared library libcloud_msgs__rosidl_typesupport_fastrtps_c.so[0m
[1.697s] [ 70%] Built target cloud_msgs__rosidl_typesupport_fastrtps_c
[1.704s] [35m[1mScanning dependencies of target cloud_msgs[0m
[1.710s] [ 70%] Built target cloud_msgs
[1.718s] [35m[1mScanning dependencies of target cloud_msgs__py[0m
[1.727s] [ 74%] [34m[1mGenerating Python code for ROS interfaces[0m
[1.952s] [ 74%] Built target cloud_msgs__py
[1.957s] [35m[1mScanning dependencies of target cloud_msgs__python[0m
[1.965s] [ 77%] [32mBuilding C object CMakeFiles/cloud_msgs__python.dir/rosidl_generator_py/cloud_msgs/msg/_cloud_info_s.c.o[0m
[2.022s] [ 80%] [32m[1mLinking C shared library rosidl_generator_py/cloud_msgs/libcloud_msgs__python.so[0m
[2.047s] [ 80%] Built target cloud_msgs__python
[2.054s] [35m[1mScanning dependencies of target cloud_msgs__rosidl_typesupport_c__pyext[0m
[2.054s] [35m[1mScanning dependencies of target cloud_msgs__rosidl_typesupport_fastrtps_c__pyext[0m
[2.054s] [35m[1mScanning dependencies of target cloud_msgs__rosidl_typesupport_introspection_c__pyext[0m
[2.068s] [ 83%] [32mBuilding C object CMakeFiles/cloud_msgs__rosidl_typesupport_c__pyext.dir/rosidl_generator_py/cloud_msgs/_cloud_msgs_s.ep.rosidl_typesupport_c.c.o[0m
[2.068s] [ 87%] [32mBuilding C object CMakeFiles/cloud_msgs__rosidl_typesupport_introspection_c__pyext.dir/rosidl_generator_py/cloud_msgs/_cloud_msgs_s.ep.rosidl_typesupport_introspection_c.c.o[0m
[2.068s] [ 90%] [32mBuilding C object CMakeFiles/cloud_msgs__rosidl_typesupport_fastrtps_c__pyext.dir/rosidl_generator_py/cloud_msgs/_cloud_msgs_s.ep.rosidl_typesupport_fastrtps_c.c.o[0m
[2.108s] [100%] [32m[1mLinking C shared library rosidl_generator_py/cloud_msgs/cloud_msgs_s__rosidl_typesupport_c.cpython-38-x86_64-linux-gnu.so[0m
[2.108s] [100%] [32m[1mLinking CXX shared library rosidl_generator_py/cloud_msgs/cloud_msgs_s__rosidl_typesupport_fastrtps_c.cpython-38-x86_64-linux-gnu.so[0m
[2.108s] [100%] [32m[1mLinking C shared library rosidl_generator_py/cloud_msgs/cloud_msgs_s__rosidl_typesupport_introspection_c.cpython-38-x86_64-linux-gnu.so[0m
[2.127s] [100%] Built target cloud_msgs__rosidl_typesupport_introspection_c__pyext
[2.127s] [100%] Built target cloud_msgs__rosidl_typesupport_c__pyext
[2.141s] [100%] Built target cloud_msgs__rosidl_typesupport_fastrtps_c__pyext
[2.148s] Invoked command in '/home/jeongil/ros_foxy_ws/velodyne_ws/build/cloud_msgs' returned '0': CMAKE_PREFIX_PATH=/opt/ros/foxy /usr/bin/cmake --build /home/jeongil/ros_foxy_ws/velodyne_ws/build/cloud_msgs -- -j20 -l20
[2.166s] Invoking command in '/home/jeongil/ros_foxy_ws/velodyne_ws/build/cloud_msgs': CMAKE_PREFIX_PATH=/opt/ros/foxy /usr/bin/cmake --install /home/jeongil/ros_foxy_ws/velodyne_ws/build/cloud_msgs
[2.173s] -- Install configuration: ""
[2.173s] -- Installing: /home/jeongil/ros_foxy_ws/velodyne_ws/install/cloud_msgs/share/ament_index/resource_index/rosidl_interfaces/cloud_msgs
[2.173s] -- Installing: /home/jeongil/ros_foxy_ws/velodyne_ws/install/cloud_msgs/include/cloud_msgs
[2.173s] -- Installing: /home/jeongil/ros_foxy_ws/velodyne_ws/install/cloud_msgs/include/cloud_msgs/msg
[2.173s] -- Installing: /home/jeongil/ros_foxy_ws/velodyne_ws/install/cloud_msgs/include/cloud_msgs/msg/rosidl_generator_c__visibility_control.h
[2.173s] -- Installing: /home/jeongil/ros_foxy_ws/velodyne_ws/install/cloud_msgs/include/cloud_msgs/msg/cloud_info.h
[2.173s] -- Installing: /home/jeongil/ros_foxy_ws/velodyne_ws/install/cloud_msgs/include/cloud_msgs/msg/detail
[2.173s] -- Installing: /home/jeongil/ros_foxy_ws/velodyne_ws/install/cloud_msgs/include/cloud_msgs/msg/detail/cloud_info__type_support.h
[2.173s] -- Installing: /home/jeongil/ros_foxy_ws/velodyne_ws/install/cloud_msgs/include/cloud_msgs/msg/detail/cloud_info__struct.h
[2.173s] -- Installing: /home/jeongil/ros_foxy_ws/velodyne_ws/install/cloud_msgs/include/cloud_msgs/msg/detail/cloud_info__functions.h
[2.173s] -- Installing: /home/jeongil/ros_foxy_ws/velodyne_ws/install/cloud_msgs/include/cloud_msgs/msg/detail/cloud_info__functions.c
[2.173s] -- Installing: /home/jeongil/ros_foxy_ws/velodyne_ws/install/cloud_msgs/share/cloud_msgs/environment/library_path.sh
[2.173s] -- Installing: /home/jeongil/ros_foxy_ws/velodyne_ws/install/cloud_msgs/share/cloud_msgs/environment/library_path.dsv
[2.173s] -- Installing: /home/jeongil/ros_foxy_ws/velodyne_ws/install/cloud_msgs/lib/libcloud_msgs__rosidl_generator_c.so
[2.173s] -- Set runtime path of "/home/jeongil/ros_foxy_ws/velodyne_ws/install/cloud_msgs/lib/libcloud_msgs__rosidl_generator_c.so" to ""
[2.173s] -- Up-to-date: /home/jeongil/ros_foxy_ws/velodyne_ws/install/cloud_msgs/include/cloud_msgs
[2.173s] -- Up-to-date: /home/jeongil/ros_foxy_ws/velodyne_ws/install/cloud_msgs/include/cloud_msgs/msg
[2.173s] -- Installing: /home/jeongil/ros_foxy_ws/velodyne_ws/install/cloud_msgs/include/cloud_msgs/msg/rosidl_typesupport_fastrtps_c__visibility_control.h
[2.173s] -- Up-to-date: /home/jeongil/ros_foxy_ws/velodyne_ws/install/cloud_msgs/include/cloud_msgs/msg/detail
[2.173s] -- Installing: /home/jeongil/ros_foxy_ws/velodyne_ws/install/cloud_msgs/include/cloud_msgs/msg/detail/cloud_info__rosidl_typesupport_fastrtps_c.h
[2.173s] -- Installing: /home/jeongil/ros_foxy_ws/velodyne_ws/install/cloud_msgs/lib/libcloud_msgs__rosidl_typesupport_fastrtps_c.so
[2.173s] -- Set runtime path of "/home/jeongil/ros_foxy_ws/velodyne_ws/install/cloud_msgs/lib/libcloud_msgs__rosidl_typesupport_fastrtps_c.so" to ""
[2.173s] -- Up-to-date: /home/jeongil/ros_foxy_ws/velodyne_ws/install/cloud_msgs/include/cloud_msgs
[2.174s] -- Up-to-date: /home/jeongil/ros_foxy_ws/velodyne_ws/install/cloud_msgs/include/cloud_msgs/msg
[2.174s] -- Installing: /home/jeongil/ros_foxy_ws/velodyne_ws/install/cloud_msgs/include/cloud_msgs/msg/rosidl_typesupport_fastrtps_cpp__visibility_control.h
[2.174s] -- Up-to-date: /home/jeongil/ros_foxy_ws/velodyne_ws/install/cloud_msgs/include/cloud_msgs/msg/detail
[2.174s] -- Installing: /home/jeongil/ros_foxy_ws/velodyne_ws/install/cloud_msgs/include/cloud_msgs/msg/detail/cloud_info__rosidl_typesupport_fastrtps_cpp.hpp
[2.174s] -- Installing: /home/jeongil/ros_foxy_ws/velodyne_ws/install/cloud_msgs/include/cloud_msgs/msg/detail/dds_fastrtps
[2.174s] -- Installing: /home/jeongil/ros_foxy_ws/velodyne_ws/install/cloud_msgs/lib/libcloud_msgs__rosidl_typesupport_fastrtps_cpp.so
[2.174s] -- Set runtime path of "/home/jeongil/ros_foxy_ws/velodyne_ws/install/cloud_msgs/lib/libcloud_msgs__rosidl_typesupport_fastrtps_cpp.so" to ""
[2.174s] -- Up-to-date: /home/jeongil/ros_foxy_ws/velodyne_ws/install/cloud_msgs/include/cloud_msgs
[2.174s] -- Up-to-date: /home/jeongil/ros_foxy_ws/velodyne_ws/install/cloud_msgs/include/cloud_msgs/msg
[2.174s] -- Installing: /home/jeongil/ros_foxy_ws/velodyne_ws/install/cloud_msgs/include/cloud_msgs/msg/rosidl_typesupport_introspection_c__visibility_control.h
[2.174s] -- Up-to-date: /home/jeongil/ros_foxy_ws/velodyne_ws/install/cloud_msgs/include/cloud_msgs/msg/detail
[2.174s] -- Installing: /home/jeongil/ros_foxy_ws/velodyne_ws/install/cloud_msgs/include/cloud_msgs/msg/detail/cloud_info__type_support.c
[2.174s] -- Installing: /home/jeongil/ros_foxy_ws/velodyne_ws/install/cloud_msgs/include/cloud_msgs/msg/detail/cloud_info__rosidl_typesupport_introspection_c.h
[2.174s] -- Installing: /home/jeongil/ros_foxy_ws/velodyne_ws/install/cloud_msgs/lib/libcloud_msgs__rosidl_typesupport_introspection_c.so
[2.174s] -- Set runtime path of "/home/jeongil/ros_foxy_ws/velodyne_ws/install/cloud_msgs/lib/libcloud_msgs__rosidl_typesupport_introspection_c.so" to ""
[2.174s] -- Installing: /home/jeongil/ros_foxy_ws/velodyne_ws/install/cloud_msgs/lib/libcloud_msgs__rosidl_typesupport_c.so
[2.174s] -- Set runtime path of "/home/jeongil/ros_foxy_ws/velodyne_ws/install/cloud_msgs/lib/libcloud_msgs__rosidl_typesupport_c.so" to ""
[2.174s] -- Up-to-date: /home/jeongil/ros_foxy_ws/velodyne_ws/install/cloud_msgs/include/cloud_msgs
[2.174s] -- Up-to-date: /home/jeongil/ros_foxy_ws/velodyne_ws/install/cloud_msgs/include/cloud_msgs/msg
[2.174s] -- Installing: /home/jeongil/ros_foxy_ws/velodyne_ws/install/cloud_msgs/include/cloud_msgs/msg/cloud_info.hpp
[2.174s] -- Up-to-date: /home/jeongil/ros_foxy_ws/velodyne_ws/install/cloud_msgs/include/cloud_msgs/msg/detail
[2.174s] -- Installing: /home/jeongil/ros_foxy_ws/velodyne_ws/install/cloud_msgs/include/cloud_msgs/msg/detail/cloud_info__builder.hpp
[2.175s] -- Installing: /home/jeongil/ros_foxy_ws/velodyne_ws/install/cloud_msgs/include/cloud_msgs/msg/detail/cloud_info__struct.hpp
[2.175s] -- Installing: /home/jeongil/ros_foxy_ws/velodyne_ws/install/cloud_msgs/include/cloud_msgs/msg/detail/cloud_info__traits.hpp
[2.175s] -- Up-to-date: /home/jeongil/ros_foxy_ws/velodyne_ws/install/cloud_msgs/include/cloud_msgs
[2.175s] -- Up-to-date: /home/jeongil/ros_foxy_ws/velodyne_ws/install/cloud_msgs/include/cloud_msgs/msg
[2.175s] -- Up-to-date: /home/jeongil/ros_foxy_ws/velodyne_ws/install/cloud_msgs/include/cloud_msgs/msg/detail
[2.175s] -- Installing: /home/jeongil/ros_foxy_ws/velodyne_ws/install/cloud_msgs/include/cloud_msgs/msg/detail/cloud_info__type_support.cpp
[2.175s] -- Installing: /home/jeongil/ros_foxy_ws/velodyne_ws/install/cloud_msgs/include/cloud_msgs/msg/detail/cloud_info__rosidl_typesupport_introspection_cpp.hpp
[2.175s] -- Installing: /home/jeongil/ros_foxy_ws/velodyne_ws/install/cloud_msgs/lib/libcloud_msgs__rosidl_typesupport_introspection_cpp.so
[2.175s] -- Set runtime path of "/home/jeongil/ros_foxy_ws/velodyne_ws/install/cloud_msgs/lib/libcloud_msgs__rosidl_typesupport_introspection_cpp.so" to ""
[2.175s] -- Installing: /home/jeongil/ros_foxy_ws/velodyne_ws/install/cloud_msgs/lib/libcloud_msgs__rosidl_typesupport_cpp.so
[2.175s] -- Set runtime path of "/home/jeongil/ros_foxy_ws/velodyne_ws/install/cloud_msgs/lib/libcloud_msgs__rosidl_typesupport_cpp.so" to ""
[2.175s] -- Installing: /home/jeongil/ros_foxy_ws/velodyne_ws/install/cloud_msgs/share/cloud_msgs/environment/pythonpath.sh
[2.175s] -- Installing: /home/jeongil/ros_foxy_ws/velodyne_ws/install/cloud_msgs/share/cloud_msgs/environment/pythonpath.dsv
[2.175s] -- Installing: /home/jeongil/ros_foxy_ws/velodyne_ws/install/cloud_msgs/lib/python3.8/site-packages/cloud_msgs/__init__.py
[2.191s] Compiling '/home/jeongil/ros_foxy_ws/velodyne_ws/install/cloud_msgs/lib/python3.8/site-packages/cloud_msgs/__init__.py'...
[2.193s] -- Installing: /home/jeongil/ros_foxy_ws/velodyne_ws/install/cloud_msgs/lib/python3.8/site-packages/cloud_msgs/msg
[2.193s] -- Installing: /home/jeongil/ros_foxy_ws/velodyne_ws/install/cloud_msgs/lib/python3.8/site-packages/cloud_msgs/msg/_cloud_info_s.c
[2.193s] -- Installing: /home/jeongil/ros_foxy_ws/velodyne_ws/install/cloud_msgs/lib/python3.8/site-packages/cloud_msgs/msg/_cloud_info.py
[2.193s] -- Installing: /home/jeongil/ros_foxy_ws/velodyne_ws/install/cloud_msgs/lib/python3.8/site-packages/cloud_msgs/msg/__init__.py
[2.193s] -- Installing: /home/jeongil/ros_foxy_ws/velodyne_ws/install/cloud_msgs/lib/python3.8/site-packages/cloud_msgs/cloud_msgs_s__rosidl_typesupport_fastrtps_c.cpython-38-x86_64-linux-gnu.so
[2.193s] -- Set runtime path of "/home/jeongil/ros_foxy_ws/velodyne_ws/install/cloud_msgs/lib/python3.8/site-packages/cloud_msgs/cloud_msgs_s__rosidl_typesupport_fastrtps_c.cpython-38-x86_64-linux-gnu.so" to ""
[2.193s] -- Installing: /home/jeongil/ros_foxy_ws/velodyne_ws/install/cloud_msgs/lib/python3.8/site-packages/cloud_msgs/cloud_msgs_s__rosidl_typesupport_introspection_c.cpython-38-x86_64-linux-gnu.so
[2.193s] -- Set runtime path of "/home/jeongil/ros_foxy_ws/velodyne_ws/install/cloud_msgs/lib/python3.8/site-packages/cloud_msgs/cloud_msgs_s__rosidl_typesupport_introspection_c.cpython-38-x86_64-linux-gnu.so" to ""
[2.194s] -- Installing: /home/jeongil/ros_foxy_ws/velodyne_ws/install/cloud_msgs/lib/python3.8/site-packages/cloud_msgs/cloud_msgs_s__rosidl_typesupport_c.cpython-38-x86_64-linux-gnu.so
[2.194s] -- Set runtime path of "/home/jeongil/ros_foxy_ws/velodyne_ws/install/cloud_msgs/lib/python3.8/site-packages/cloud_msgs/cloud_msgs_s__rosidl_typesupport_c.cpython-38-x86_64-linux-gnu.so" to ""
[2.194s] -- Installing: /home/jeongil/ros_foxy_ws/velodyne_ws/install/cloud_msgs/lib/libcloud_msgs__python.so
[2.194s] -- Set runtime path of "/home/jeongil/ros_foxy_ws/velodyne_ws/install/cloud_msgs/lib/libcloud_msgs__python.so" to ""
[2.194s] -- Installing: /home/jeongil/ros_foxy_ws/velodyne_ws/install/cloud_msgs/share/cloud_msgs/msg/CloudInfo.idl
[2.194s] -- Installing: /home/jeongil/ros_foxy_ws/velodyne_ws/install/cloud_msgs/share/cloud_msgs/msg/CloudInfo.msg
[2.194s] -- Installing: /home/jeongil/ros_foxy_ws/velodyne_ws/install/cloud_msgs/share/ament_index/resource_index/package_run_dependencies/cloud_msgs
[2.194s] -- Installing: /home/jeongil/ros_foxy_ws/velodyne_ws/install/cloud_msgs/share/ament_index/resource_index/parent_prefix_path/cloud_msgs
[2.194s] -- Installing: /home/jeongil/ros_foxy_ws/velodyne_ws/install/cloud_msgs/share/cloud_msgs/environment/ament_prefix_path.sh
[2.194s] -- Installing: /home/jeongil/ros_foxy_ws/velodyne_ws/install/cloud_msgs/share/cloud_msgs/environment/ament_prefix_path.dsv
[2.194s] -- Installing: /home/jeongil/ros_foxy_ws/velodyne_ws/install/cloud_msgs/share/cloud_msgs/environment/path.sh
[2.194s] -- Installing: /home/jeongil/ros_foxy_ws/velodyne_ws/install/cloud_msgs/share/cloud_msgs/environment/path.dsv
[2.194s] -- Installing: /home/jeongil/ros_foxy_ws/velodyne_ws/install/cloud_msgs/share/cloud_msgs/local_setup.bash
[2.194s] -- Installing: /home/jeongil/ros_foxy_ws/velodyne_ws/install/cloud_msgs/share/cloud_msgs/local_setup.sh
[2.195s] -- Installing: /home/jeongil/ros_foxy_ws/velodyne_ws/install/cloud_msgs/share/cloud_msgs/local_setup.zsh
[2.195s] -- Installing: /home/jeongil/ros_foxy_ws/velodyne_ws/install/cloud_msgs/share/cloud_msgs/local_setup.dsv
[2.195s] -- Installing: /home/jeongil/ros_foxy_ws/velodyne_ws/install/cloud_msgs/share/cloud_msgs/package.dsv
[2.195s] -- Installing: /home/jeongil/ros_foxy_ws/velodyne_ws/install/cloud_msgs/share/ament_index/resource_index/packages/cloud_msgs
[2.195s] -- Installing: /home/jeongil/ros_foxy_ws/velodyne_ws/install/cloud_msgs/share/cloud_msgs/cmake/cloud_msgs__rosidl_generator_cExport.cmake
[2.195s] -- Installing: /home/jeongil/ros_foxy_ws/velodyne_ws/install/cloud_msgs/share/cloud_msgs/cmake/cloud_msgs__rosidl_generator_cExport-noconfig.cmake
[2.195s] -- Installing: /home/jeongil/ros_foxy_ws/velodyne_ws/install/cloud_msgs/share/cloud_msgs/cmake/cloud_msgs__rosidl_typesupport_introspection_cExport.cmake
[2.195s] -- Installing: /home/jeongil/ros_foxy_ws/velodyne_ws/install/cloud_msgs/share/cloud_msgs/cmake/cloud_msgs__rosidl_typesupport_introspection_cExport-noconfig.cmake
[2.195s] -- Installing: /home/jeongil/ros_foxy_ws/velodyne_ws/install/cloud_msgs/share/cloud_msgs/cmake/cloud_msgs__rosidl_typesupport_cExport.cmake
[2.195s] -- Installing: /home/jeongil/ros_foxy_ws/velodyne_ws/install/cloud_msgs/share/cloud_msgs/cmake/cloud_msgs__rosidl_typesupport_cExport-noconfig.cmake
[2.195s] -- Installing: /home/jeongil/ros_foxy_ws/velodyne_ws/install/cloud_msgs/share/cloud_msgs/cmake/cloud_msgs__rosidl_generator_cppExport.cmake
[2.195s] -- Installing: /home/jeongil/ros_foxy_ws/velodyne_ws/install/cloud_msgs/share/cloud_msgs/cmake/cloud_msgs__rosidl_typesupport_introspection_cppExport.cmake
[2.195s] -- Installing: /home/jeongil/ros_foxy_ws/velodyne_ws/install/cloud_msgs/share/cloud_msgs/cmake/cloud_msgs__rosidl_typesupport_introspection_cppExport-noconfig.cmake
[2.195s] -- Installing: /home/jeongil/ros_foxy_ws/velodyne_ws/install/cloud_msgs/share/cloud_msgs/cmake/cloud_msgs__rosidl_typesupport_cppExport.cmake
[2.195s] -- Installing: /home/jeongil/ros_foxy_ws/velodyne_ws/install/cloud_msgs/share/cloud_msgs/cmake/cloud_msgs__rosidl_typesupport_cppExport-noconfig.cmake
[2.195s] -- Installing: /home/jeongil/ros_foxy_ws/velodyne_ws/install/cloud_msgs/share/cloud_msgs/cmake/rosidl_cmake-extras.cmake
[2.195s] -- Installing: /home/jeongil/ros_foxy_ws/velodyne_ws/install/cloud_msgs/share/cloud_msgs/cmake/ament_cmake_export_dependencies-extras.cmake
[2.195s] -- Installing: /home/jeongil/ros_foxy_ws/velodyne_ws/install/cloud_msgs/share/cloud_msgs/cmake/ament_cmake_export_libraries-extras.cmake
[2.195s] -- Installing: /home/jeongil/ros_foxy_ws/velodyne_ws/install/cloud_msgs/share/cloud_msgs/cmake/ament_cmake_export_targets-extras.cmake
[2.195s] -- Installing: /home/jeongil/ros_foxy_ws/velodyne_ws/install/cloud_msgs/share/cloud_msgs/cmake/ament_cmake_export_include_directories-extras.cmake
[2.195s] -- Installing: /home/jeongil/ros_foxy_ws/velodyne_ws/install/cloud_msgs/share/cloud_msgs/cmake/rosidl_cmake_export_typesupport_libraries-extras.cmake
[2.195s] -- Installing: /home/jeongil/ros_foxy_ws/velodyne_ws/install/cloud_msgs/share/cloud_msgs/cmake/rosidl_cmake_export_typesupport_targets-extras.cmake
[2.195s] -- Installing: /home/jeongil/ros_foxy_ws/velodyne_ws/install/cloud_msgs/share/cloud_msgs/cmake/cloud_msgsConfig.cmake
[2.196s] -- Installing: /home/jeongil/ros_foxy_ws/velodyne_ws/install/cloud_msgs/share/cloud_msgs/cmake/cloud_msgsConfig-version.cmake
[2.196s] -- Installing: /home/jeongil/ros_foxy_ws/velodyne_ws/install/cloud_msgs/share/cloud_msgs/package.xml
[2.198s] Invoked command in '/home/jeongil/ros_foxy_ws/velodyne_ws/build/cloud_msgs' returned '0': CMAKE_PREFIX_PATH=/opt/ros/foxy /usr/bin/cmake --install /home/jeongil/ros_foxy_ws/velodyne_ws/build/cloud_msgs
