[0.146s] DEBUG:colcon:Command line arguments: ['/usr/bin/colcon', 'build']
[0.146s] DEBUG:colcon:Parsed command line arguments: Namespace(allow_overriding=[], ament_cmake_args=None, base_paths=['.'], build_base='build', catkin_cmake_args=None, catkin_skip_building_tests=False, cmake_args=None, cmake_clean_cache=False, cmake_clean_first=False, cmake_force_configure=False, cmake_target=None, cmake_target_skip_unavailable=False, continue_on_error=False, event_handlers=None, executor='parallel', ignore_user_meta=False, install_base='install', log_base=None, log_level=None, main=<bound method BuildVerb.main of <colcon_core.verb.build.BuildVerb object at 0x7f4e10a3e8e0>>, merge_install=False, metas=['./colcon.meta'], packages_above=None, packages_above_and_dependencies=None, packages_above_depth=None, packages_end=None, packages_ignore=None, packages_ignore_regex=None, packages_select=None, packages_select_build_failed=False, packages_select_by_dep=None, packages_select_regex=None, packages_select_test_failures=False, packages_skip=None, packages_skip_build_finished=False, packages_skip_by_dep=None, packages_skip_regex=None, packages_skip_test_passed=False, packages_skip_up_to=None, packages_start=None, packages_up_to=None, packages_up_to_regex=None, parallel_workers=20, paths=None, symlink_install=False, test_result_base=None, verb_extension=<colcon_core.verb.build.BuildVerb object at 0x7f4e10a3e8e0>, verb_name='build', verb_parser=<colcon_defaults.argument_parser.defaults.DefaultArgumentsDecorator object at 0x7f4e10a3ee50>)
[0.159s] Level 1:colcon.colcon_core.package_discovery:discover_packages(colcon_meta) check parameters
[0.159s] Level 1:colcon.colcon_core.package_discovery:discover_packages(recursive) check parameters
[0.159s] Level 1:colcon.colcon_core.package_discovery:discover_packages(ignore) check parameters
[0.159s] Level 1:colcon.colcon_core.package_discovery:discover_packages(path) check parameters
[0.159s] Level 1:colcon.colcon_core.package_discovery:discover_packages(colcon_meta) discover
[0.159s] Level 1:colcon.colcon_core.package_discovery:discover_packages(recursive) discover
[0.159s] INFO:colcon.colcon_core.package_discovery:Crawling recursively for packages in '/home/jeongil/ros_foxy_ws/velodyne_ws'
[0.159s] Level 1:colcon.colcon_core.package_identification:_identify(.) by extensions ['ignore', 'ignore_ament_install']
[0.159s] Level 1:colcon.colcon_core.package_identification:_identify(.) by extension 'ignore'
[0.159s] Level 1:colcon.colcon_core.package_identification:_identify(.) by extension 'ignore_ament_install'
[0.159s] Level 1:colcon.colcon_core.package_identification:_identify(.) by extensions ['colcon_pkg']
[0.159s] Level 1:colcon.colcon_core.package_identification:_identify(.) by extension 'colcon_pkg'
[0.159s] Level 1:colcon.colcon_core.package_identification:_identify(.) by extensions ['colcon_meta']
[0.159s] Level 1:colcon.colcon_core.package_identification:_identify(.) by extension 'colcon_meta'
[0.159s] Level 1:colcon.colcon_core.package_identification:_identify(.) by extensions ['ros']
[0.159s] Level 1:colcon.colcon_core.package_identification:_identify(.) by extension 'ros'
[0.169s] Level 1:colcon.colcon_core.package_identification:_identify(.) by extensions ['cmake', 'python']
[0.169s] Level 1:colcon.colcon_core.package_identification:_identify(.) by extension 'cmake'
[0.169s] Level 1:colcon.colcon_core.package_identification:_identify(.) by extension 'python'
[0.169s] Level 1:colcon.colcon_core.package_identification:_identify(.) by extensions ['python_setup_py']
[0.169s] Level 1:colcon.colcon_core.package_identification:_identify(.) by extension 'python_setup_py'
[0.169s] Level 1:colcon.colcon_core.package_identification:_identify(build) by extensions ['ignore', 'ignore_ament_install']
[0.169s] Level 1:colcon.colcon_core.package_identification:_identify(build) by extension 'ignore'
[0.169s] Level 1:colcon.colcon_core.package_identification:_identify(build) ignored
[0.169s] Level 1:colcon.colcon_core.package_identification:_identify(install) by extensions ['ignore', 'ignore_ament_install']
[0.169s] Level 1:colcon.colcon_core.package_identification:_identify(install) by extension 'ignore'
[0.169s] Level 1:colcon.colcon_core.package_identification:_identify(install) ignored
[0.169s] Level 1:colcon.colcon_core.package_identification:_identify(log) by extensions ['ignore', 'ignore_ament_install']
[0.169s] Level 1:colcon.colcon_core.package_identification:_identify(log) by extension 'ignore'
[0.169s] Level 1:colcon.colcon_core.package_identification:_identify(log) ignored
[0.169s] Level 1:colcon.colcon_core.package_identification:_identify(src) by extensions ['ignore', 'ignore_ament_install']
[0.169s] Level 1:colcon.colcon_core.package_identification:_identify(src) by extension 'ignore'
[0.169s] Level 1:colcon.colcon_core.package_identification:_identify(src) by extension 'ignore_ament_install'
[0.169s] Level 1:colcon.colcon_core.package_identification:_identify(src) by extensions ['colcon_pkg']
[0.169s] Level 1:colcon.colcon_core.package_identification:_identify(src) by extension 'colcon_pkg'
[0.169s] Level 1:colcon.colcon_core.package_identification:_identify(src) by extensions ['colcon_meta']
[0.169s] Level 1:colcon.colcon_core.package_identification:_identify(src) by extension 'colcon_meta'
[0.169s] Level 1:colcon.colcon_core.package_identification:_identify(src) by extensions ['ros']
[0.170s] Level 1:colcon.colcon_core.package_identification:_identify(src) by extension 'ros'
[0.170s] Level 1:colcon.colcon_core.package_identification:_identify(src) by extensions ['cmake', 'python']
[0.170s] Level 1:colcon.colcon_core.package_identification:_identify(src) by extension 'cmake'
[0.170s] Level 1:colcon.colcon_core.package_identification:_identify(src) by extension 'python'
[0.170s] Level 1:colcon.colcon_core.package_identification:_identify(src) by extensions ['python_setup_py']
[0.170s] Level 1:colcon.colcon_core.package_identification:_identify(src) by extension 'python_setup_py'
[0.170s] Level 1:colcon.colcon_core.package_identification:_identify(src/LeGO-LOAM-SR) by extensions ['ignore', 'ignore_ament_install']
[0.170s] Level 1:colcon.colcon_core.package_identification:_identify(src/LeGO-LOAM-SR) by extension 'ignore'
[0.170s] Level 1:colcon.colcon_core.package_identification:_identify(src/LeGO-LOAM-SR) by extension 'ignore_ament_install'
[0.170s] Level 1:colcon.colcon_core.package_identification:_identify(src/LeGO-LOAM-SR) by extensions ['colcon_pkg']
[0.170s] Level 1:colcon.colcon_core.package_identification:_identify(src/LeGO-LOAM-SR) by extension 'colcon_pkg'
[0.170s] Level 1:colcon.colcon_core.package_identification:_identify(src/LeGO-LOAM-SR) by extensions ['colcon_meta']
[0.170s] Level 1:colcon.colcon_core.package_identification:_identify(src/LeGO-LOAM-SR) by extension 'colcon_meta'
[0.170s] Level 1:colcon.colcon_core.package_identification:_identify(src/LeGO-LOAM-SR) by extensions ['ros']
[0.170s] Level 1:colcon.colcon_core.package_identification:_identify(src/LeGO-LOAM-SR) by extension 'ros'
[0.170s] Level 1:colcon.colcon_core.package_identification:_identify(src/LeGO-LOAM-SR) by extensions ['cmake', 'python']
[0.170s] Level 1:colcon.colcon_core.package_identification:_identify(src/LeGO-LOAM-SR) by extension 'cmake'
[0.170s] Level 1:colcon.colcon_core.package_identification:_identify(src/LeGO-LOAM-SR) by extension 'python'
[0.170s] Level 1:colcon.colcon_core.package_identification:_identify(src/LeGO-LOAM-SR) by extensions ['python_setup_py']
[0.170s] Level 1:colcon.colcon_core.package_identification:_identify(src/LeGO-LOAM-SR) by extension 'python_setup_py'
[0.170s] Level 1:colcon.colcon_core.package_identification:_identify(src/LeGO-LOAM-SR/LeGO-LOAM) by extensions ['ignore', 'ignore_ament_install']
[0.170s] Level 1:colcon.colcon_core.package_identification:_identify(src/LeGO-LOAM-SR/LeGO-LOAM) by extension 'ignore'
[0.170s] Level 1:colcon.colcon_core.package_identification:_identify(src/LeGO-LOAM-SR/LeGO-LOAM) by extension 'ignore_ament_install'
[0.170s] Level 1:colcon.colcon_core.package_identification:_identify(src/LeGO-LOAM-SR/LeGO-LOAM) by extensions ['colcon_pkg']
[0.170s] Level 1:colcon.colcon_core.package_identification:_identify(src/LeGO-LOAM-SR/LeGO-LOAM) by extension 'colcon_pkg'
[0.170s] Level 1:colcon.colcon_core.package_identification:_identify(src/LeGO-LOAM-SR/LeGO-LOAM) by extensions ['colcon_meta']
[0.170s] Level 1:colcon.colcon_core.package_identification:_identify(src/LeGO-LOAM-SR/LeGO-LOAM) by extension 'colcon_meta'
[0.170s] Level 1:colcon.colcon_core.package_identification:_identify(src/LeGO-LOAM-SR/LeGO-LOAM) by extensions ['ros']
[0.170s] Level 1:colcon.colcon_core.package_identification:_identify(src/LeGO-LOAM-SR/LeGO-LOAM) by extension 'ros'
[0.171s] DEBUG:colcon.colcon_core.package_identification:Package 'src/LeGO-LOAM-SR/LeGO-LOAM' with type 'ros.ament_cmake' and name 'lego_loam_sr'
[0.171s] Level 1:colcon.colcon_core.package_identification:_identify(src/LeGO-LOAM-SR/cloud_msgs) by extensions ['ignore', 'ignore_ament_install']
[0.171s] Level 1:colcon.colcon_core.package_identification:_identify(src/LeGO-LOAM-SR/cloud_msgs) by extension 'ignore'
[0.172s] Level 1:colcon.colcon_core.package_identification:_identify(src/LeGO-LOAM-SR/cloud_msgs) by extension 'ignore_ament_install'
[0.172s] Level 1:colcon.colcon_core.package_identification:_identify(src/LeGO-LOAM-SR/cloud_msgs) by extensions ['colcon_pkg']
[0.172s] Level 1:colcon.colcon_core.package_identification:_identify(src/LeGO-LOAM-SR/cloud_msgs) by extension 'colcon_pkg'
[0.172s] Level 1:colcon.colcon_core.package_identification:_identify(src/LeGO-LOAM-SR/cloud_msgs) by extensions ['colcon_meta']
[0.172s] Level 1:colcon.colcon_core.package_identification:_identify(src/LeGO-LOAM-SR/cloud_msgs) by extension 'colcon_meta'
[0.172s] Level 1:colcon.colcon_core.package_identification:_identify(src/LeGO-LOAM-SR/cloud_msgs) by extensions ['ros']
[0.172s] Level 1:colcon.colcon_core.package_identification:_identify(src/LeGO-LOAM-SR/cloud_msgs) by extension 'ros'
[0.172s] DEBUG:colcon.colcon_core.package_identification:Package 'src/LeGO-LOAM-SR/cloud_msgs' with type 'ros.ament_cmake' and name 'cloud_msgs'
[0.172s] Level 1:colcon.colcon_core.package_identification:_identify(src/velodyne-ros2) by extensions ['ignore', 'ignore_ament_install']
[0.172s] Level 1:colcon.colcon_core.package_identification:_identify(src/velodyne-ros2) by extension 'ignore'
[0.172s] Level 1:colcon.colcon_core.package_identification:_identify(src/velodyne-ros2) by extension 'ignore_ament_install'
[0.172s] Level 1:colcon.colcon_core.package_identification:_identify(src/velodyne-ros2) by extensions ['colcon_pkg']
[0.172s] Level 1:colcon.colcon_core.package_identification:_identify(src/velodyne-ros2) by extension 'colcon_pkg'
[0.172s] Level 1:colcon.colcon_core.package_identification:_identify(src/velodyne-ros2) by extensions ['colcon_meta']
[0.172s] Level 1:colcon.colcon_core.package_identification:_identify(src/velodyne-ros2) by extension 'colcon_meta'
[0.172s] Level 1:colcon.colcon_core.package_identification:_identify(src/velodyne-ros2) by extensions ['ros']
[0.172s] Level 1:colcon.colcon_core.package_identification:_identify(src/velodyne-ros2) by extension 'ros'
[0.172s] Level 1:colcon.colcon_core.package_identification:_identify(src/velodyne-ros2) by extensions ['cmake', 'python']
[0.172s] Level 1:colcon.colcon_core.package_identification:_identify(src/velodyne-ros2) by extension 'cmake'
[0.172s] Level 1:colcon.colcon_core.package_identification:_identify(src/velodyne-ros2) by extension 'python'
[0.172s] Level 1:colcon.colcon_core.package_identification:_identify(src/velodyne-ros2) by extensions ['python_setup_py']
[0.172s] Level 1:colcon.colcon_core.package_identification:_identify(src/velodyne-ros2) by extension 'python_setup_py'
[0.172s] Level 1:colcon.colcon_core.package_identification:_identify(src/velodyne-ros2/velodyne) by extensions ['ignore', 'ignore_ament_install']
[0.172s] Level 1:colcon.colcon_core.package_identification:_identify(src/velodyne-ros2/velodyne) by extension 'ignore'
[0.172s] Level 1:colcon.colcon_core.package_identification:_identify(src/velodyne-ros2/velodyne) by extension 'ignore_ament_install'
[0.172s] Level 1:colcon.colcon_core.package_identification:_identify(src/velodyne-ros2/velodyne) by extensions ['colcon_pkg']
[0.172s] Level 1:colcon.colcon_core.package_identification:_identify(src/velodyne-ros2/velodyne) by extension 'colcon_pkg'
[0.172s] Level 1:colcon.colcon_core.package_identification:_identify(src/velodyne-ros2/velodyne) by extensions ['colcon_meta']
[0.172s] Level 1:colcon.colcon_core.package_identification:_identify(src/velodyne-ros2/velodyne) by extension 'colcon_meta'
[0.172s] Level 1:colcon.colcon_core.package_identification:_identify(src/velodyne-ros2/velodyne) by extensions ['ros']
[0.172s] Level 1:colcon.colcon_core.package_identification:_identify(src/velodyne-ros2/velodyne) by extension 'ros'
[0.173s] DEBUG:colcon.colcon_core.package_identification:Package 'src/velodyne-ros2/velodyne' with type 'ros.ament_cmake' and name 'velodyne'
[0.173s] Level 1:colcon.colcon_core.package_identification:_identify(src/velodyne-ros2/velodyne_driver) by extensions ['ignore', 'ignore_ament_install']
[0.173s] Level 1:colcon.colcon_core.package_identification:_identify(src/velodyne-ros2/velodyne_driver) by extension 'ignore'
[0.173s] Level 1:colcon.colcon_core.package_identification:_identify(src/velodyne-ros2/velodyne_driver) by extension 'ignore_ament_install'
[0.173s] Level 1:colcon.colcon_core.package_identification:_identify(src/velodyne-ros2/velodyne_driver) by extensions ['colcon_pkg']
[0.173s] Level 1:colcon.colcon_core.package_identification:_identify(src/velodyne-ros2/velodyne_driver) by extension 'colcon_pkg'
[0.173s] Level 1:colcon.colcon_core.package_identification:_identify(src/velodyne-ros2/velodyne_driver) by extensions ['colcon_meta']
[0.173s] Level 1:colcon.colcon_core.package_identification:_identify(src/velodyne-ros2/velodyne_driver) by extension 'colcon_meta'
[0.173s] Level 1:colcon.colcon_core.package_identification:_identify(src/velodyne-ros2/velodyne_driver) by extensions ['ros']
[0.173s] Level 1:colcon.colcon_core.package_identification:_identify(src/velodyne-ros2/velodyne_driver) by extension 'ros'
[0.173s] DEBUG:colcon.colcon_core.package_identification:Package 'src/velodyne-ros2/velodyne_driver' with type 'ros.ament_cmake' and name 'velodyne_driver'
[0.173s] Level 1:colcon.colcon_core.package_identification:_identify(src/velodyne-ros2/velodyne_laserscan) by extensions ['ignore', 'ignore_ament_install']
[0.174s] Level 1:colcon.colcon_core.package_identification:_identify(src/velodyne-ros2/velodyne_laserscan) by extension 'ignore'
[0.174s] Level 1:colcon.colcon_core.package_identification:_identify(src/velodyne-ros2/velodyne_laserscan) by extension 'ignore_ament_install'
[0.174s] Level 1:colcon.colcon_core.package_identification:_identify(src/velodyne-ros2/velodyne_laserscan) by extensions ['colcon_pkg']
[0.174s] Level 1:colcon.colcon_core.package_identification:_identify(src/velodyne-ros2/velodyne_laserscan) by extension 'colcon_pkg'
[0.174s] Level 1:colcon.colcon_core.package_identification:_identify(src/velodyne-ros2/velodyne_laserscan) by extensions ['colcon_meta']
[0.174s] Level 1:colcon.colcon_core.package_identification:_identify(src/velodyne-ros2/velodyne_laserscan) by extension 'colcon_meta'
[0.174s] Level 1:colcon.colcon_core.package_identification:_identify(src/velodyne-ros2/velodyne_laserscan) by extensions ['ros']
[0.174s] Level 1:colcon.colcon_core.package_identification:_identify(src/velodyne-ros2/velodyne_laserscan) by extension 'ros'
[0.174s] DEBUG:colcon.colcon_core.package_identification:Package 'src/velodyne-ros2/velodyne_laserscan' with type 'ros.ament_cmake' and name 'velodyne_laserscan'
[0.174s] Level 1:colcon.colcon_core.package_identification:_identify(src/velodyne-ros2/velodyne_msgs) by extensions ['ignore', 'ignore_ament_install']
[0.174s] Level 1:colcon.colcon_core.package_identification:_identify(src/velodyne-ros2/velodyne_msgs) by extension 'ignore'
[0.174s] Level 1:colcon.colcon_core.package_identification:_identify(src/velodyne-ros2/velodyne_msgs) by extension 'ignore_ament_install'
[0.174s] Level 1:colcon.colcon_core.package_identification:_identify(src/velodyne-ros2/velodyne_msgs) by extensions ['colcon_pkg']
[0.174s] Level 1:colcon.colcon_core.package_identification:_identify(src/velodyne-ros2/velodyne_msgs) by extension 'colcon_pkg'
[0.174s] Level 1:colcon.colcon_core.package_identification:_identify(src/velodyne-ros2/velodyne_msgs) by extensions ['colcon_meta']
[0.174s] Level 1:colcon.colcon_core.package_identification:_identify(src/velodyne-ros2/velodyne_msgs) by extension 'colcon_meta'
[0.174s] Level 1:colcon.colcon_core.package_identification:_identify(src/velodyne-ros2/velodyne_msgs) by extensions ['ros']
[0.174s] Level 1:colcon.colcon_core.package_identification:_identify(src/velodyne-ros2/velodyne_msgs) by extension 'ros'
[0.175s] DEBUG:colcon.colcon_core.package_identification:Package 'src/velodyne-ros2/velodyne_msgs' with type 'ros.ament_cmake' and name 'velodyne_msgs'
[0.175s] Level 1:colcon.colcon_core.package_identification:_identify(src/velodyne-ros2/velodyne_pointcloud) by extensions ['ignore', 'ignore_ament_install']
[0.175s] Level 1:colcon.colcon_core.package_identification:_identify(src/velodyne-ros2/velodyne_pointcloud) by extension 'ignore'
[0.175s] Level 1:colcon.colcon_core.package_identification:_identify(src/velodyne-ros2/velodyne_pointcloud) by extension 'ignore_ament_install'
[0.175s] Level 1:colcon.colcon_core.package_identification:_identify(src/velodyne-ros2/velodyne_pointcloud) by extensions ['colcon_pkg']
[0.175s] Level 1:colcon.colcon_core.package_identification:_identify(src/velodyne-ros2/velodyne_pointcloud) by extension 'colcon_pkg'
[0.175s] Level 1:colcon.colcon_core.package_identification:_identify(src/velodyne-ros2/velodyne_pointcloud) by extensions ['colcon_meta']
[0.175s] Level 1:colcon.colcon_core.package_identification:_identify(src/velodyne-ros2/velodyne_pointcloud) by extension 'colcon_meta'
[0.175s] Level 1:colcon.colcon_core.package_identification:_identify(src/velodyne-ros2/velodyne_pointcloud) by extensions ['ros']
[0.175s] Level 1:colcon.colcon_core.package_identification:_identify(src/velodyne-ros2/velodyne_pointcloud) by extension 'ros'
[0.175s] DEBUG:colcon.colcon_core.package_identification:Package 'src/velodyne-ros2/velodyne_pointcloud' with type 'ros.ament_cmake' and name 'velodyne_pointcloud'
[0.175s] Level 1:colcon.colcon_core.package_discovery:discover_packages(recursive) using defaults
[0.175s] Level 1:colcon.colcon_core.package_discovery:discover_packages(ignore) discover
[0.176s] Level 1:colcon.colcon_core.package_discovery:discover_packages(ignore) using defaults
[0.176s] Level 1:colcon.colcon_core.package_discovery:discover_packages(path) discover
[0.176s] Level 1:colcon.colcon_core.package_discovery:discover_packages(path) using defaults
[0.185s] Level 1:colcon.colcon_core.package_discovery:discover_packages(prefix_path) check parameters
[0.186s] Level 1:colcon.colcon_core.package_discovery:discover_packages(prefix_path) discover
[0.187s] DEBUG:colcon.colcon_installed_package_information.package_discovery:Found 261 installed packages in /opt/ros/foxy
[0.188s] Level 1:colcon.colcon_core.package_discovery:discover_packages(prefix_path) using defaults
[0.217s] Level 5:colcon.colcon_core.verb:set package 'cloud_msgs' build argument 'cmake_args' from command line to 'None'
[0.217s] Level 5:colcon.colcon_core.verb:set package 'cloud_msgs' build argument 'cmake_target' from command line to 'None'
[0.217s] Level 5:colcon.colcon_core.verb:set package 'cloud_msgs' build argument 'cmake_target_skip_unavailable' from command line to 'False'
[0.217s] Level 5:colcon.colcon_core.verb:set package 'cloud_msgs' build argument 'cmake_clean_cache' from command line to 'False'
[0.217s] Level 5:colcon.colcon_core.verb:set package 'cloud_msgs' build argument 'cmake_clean_first' from command line to 'False'
[0.217s] Level 5:colcon.colcon_core.verb:set package 'cloud_msgs' build argument 'cmake_force_configure' from command line to 'False'
[0.217s] Level 5:colcon.colcon_core.verb:set package 'cloud_msgs' build argument 'ament_cmake_args' from command line to 'None'
[0.217s] Level 5:colcon.colcon_core.verb:set package 'cloud_msgs' build argument 'catkin_cmake_args' from command line to 'None'
[0.217s] Level 5:colcon.colcon_core.verb:set package 'cloud_msgs' build argument 'catkin_skip_building_tests' from command line to 'False'
[0.217s] DEBUG:colcon.colcon_core.verb:Building package 'cloud_msgs' with the following arguments: {'ament_cmake_args': None, 'build_base': '/home/jeongil/ros_foxy_ws/velodyne_ws/build/cloud_msgs', 'catkin_cmake_args': None, 'catkin_skip_building_tests': False, 'cmake_args': None, 'cmake_clean_cache': False, 'cmake_clean_first': False, 'cmake_force_configure': False, 'cmake_target': None, 'cmake_target_skip_unavailable': False, 'install_base': '/home/jeongil/ros_foxy_ws/velodyne_ws/install/cloud_msgs', 'merge_install': False, 'path': '/home/jeongil/ros_foxy_ws/velodyne_ws/src/LeGO-LOAM-SR/cloud_msgs', 'symlink_install': False, 'test_result_base': None}
[0.217s] Level 5:colcon.colcon_core.verb:set package 'velodyne_laserscan' build argument 'cmake_args' from command line to 'None'
[0.217s] Level 5:colcon.colcon_core.verb:set package 'velodyne_laserscan' build argument 'cmake_target' from command line to 'None'
[0.217s] Level 5:colcon.colcon_core.verb:set package 'velodyne_laserscan' build argument 'cmake_target_skip_unavailable' from command line to 'False'
[0.217s] Level 5:colcon.colcon_core.verb:set package 'velodyne_laserscan' build argument 'cmake_clean_cache' from command line to 'False'
[0.217s] Level 5:colcon.colcon_core.verb:set package 'velodyne_laserscan' build argument 'cmake_clean_first' from command line to 'False'
[0.217s] Level 5:colcon.colcon_core.verb:set package 'velodyne_laserscan' build argument 'cmake_force_configure' from command line to 'False'
[0.217s] Level 5:colcon.colcon_core.verb:set package 'velodyne_laserscan' build argument 'ament_cmake_args' from command line to 'None'
[0.217s] Level 5:colcon.colcon_core.verb:set package 'velodyne_laserscan' build argument 'catkin_cmake_args' from command line to 'None'
[0.217s] Level 5:colcon.colcon_core.verb:set package 'velodyne_laserscan' build argument 'catkin_skip_building_tests' from command line to 'False'
[0.217s] DEBUG:colcon.colcon_core.verb:Building package 'velodyne_laserscan' with the following arguments: {'ament_cmake_args': None, 'build_base': '/home/jeongil/ros_foxy_ws/velodyne_ws/build/velodyne_laserscan', 'catkin_cmake_args': None, 'catkin_skip_building_tests': False, 'cmake_args': None, 'cmake_clean_cache': False, 'cmake_clean_first': False, 'cmake_force_configure': False, 'cmake_target': None, 'cmake_target_skip_unavailable': False, 'install_base': '/home/jeongil/ros_foxy_ws/velodyne_ws/install/velodyne_laserscan', 'merge_install': False, 'path': '/home/jeongil/ros_foxy_ws/velodyne_ws/src/velodyne-ros2/velodyne_laserscan', 'symlink_install': False, 'test_result_base': None}
[0.218s] Level 5:colcon.colcon_core.verb:set package 'velodyne_msgs' build argument 'cmake_args' from command line to 'None'
[0.218s] Level 5:colcon.colcon_core.verb:set package 'velodyne_msgs' build argument 'cmake_target' from command line to 'None'
[0.218s] Level 5:colcon.colcon_core.verb:set package 'velodyne_msgs' build argument 'cmake_target_skip_unavailable' from command line to 'False'
[0.218s] Level 5:colcon.colcon_core.verb:set package 'velodyne_msgs' build argument 'cmake_clean_cache' from command line to 'False'
[0.218s] Level 5:colcon.colcon_core.verb:set package 'velodyne_msgs' build argument 'cmake_clean_first' from command line to 'False'
[0.218s] Level 5:colcon.colcon_core.verb:set package 'velodyne_msgs' build argument 'cmake_force_configure' from command line to 'False'
[0.218s] Level 5:colcon.colcon_core.verb:set package 'velodyne_msgs' build argument 'ament_cmake_args' from command line to 'None'
[0.218s] Level 5:colcon.colcon_core.verb:set package 'velodyne_msgs' build argument 'catkin_cmake_args' from command line to 'None'
[0.218s] Level 5:colcon.colcon_core.verb:set package 'velodyne_msgs' build argument 'catkin_skip_building_tests' from command line to 'False'
[0.218s] DEBUG:colcon.colcon_core.verb:Building package 'velodyne_msgs' with the following arguments: {'ament_cmake_args': None, 'build_base': '/home/jeongil/ros_foxy_ws/velodyne_ws/build/velodyne_msgs', 'catkin_cmake_args': None, 'catkin_skip_building_tests': False, 'cmake_args': None, 'cmake_clean_cache': False, 'cmake_clean_first': False, 'cmake_force_configure': False, 'cmake_target': None, 'cmake_target_skip_unavailable': False, 'install_base': '/home/jeongil/ros_foxy_ws/velodyne_ws/install/velodyne_msgs', 'merge_install': False, 'path': '/home/jeongil/ros_foxy_ws/velodyne_ws/src/velodyne-ros2/velodyne_msgs', 'symlink_install': False, 'test_result_base': None}
[0.218s] Level 5:colcon.colcon_core.verb:set package 'lego_loam_sr' build argument 'cmake_args' from command line to 'None'
[0.218s] Level 5:colcon.colcon_core.verb:set package 'lego_loam_sr' build argument 'cmake_target' from command line to 'None'
[0.218s] Level 5:colcon.colcon_core.verb:set package 'lego_loam_sr' build argument 'cmake_target_skip_unavailable' from command line to 'False'
[0.218s] Level 5:colcon.colcon_core.verb:set package 'lego_loam_sr' build argument 'cmake_clean_cache' from command line to 'False'
[0.218s] Level 5:colcon.colcon_core.verb:set package 'lego_loam_sr' build argument 'cmake_clean_first' from command line to 'False'
[0.218s] Level 5:colcon.colcon_core.verb:set package 'lego_loam_sr' build argument 'cmake_force_configure' from command line to 'False'
[0.218s] Level 5:colcon.colcon_core.verb:set package 'lego_loam_sr' build argument 'ament_cmake_args' from command line to 'None'
[0.218s] Level 5:colcon.colcon_core.verb:set package 'lego_loam_sr' build argument 'catkin_cmake_args' from command line to 'None'
[0.218s] Level 5:colcon.colcon_core.verb:set package 'lego_loam_sr' build argument 'catkin_skip_building_tests' from command line to 'False'
[0.218s] DEBUG:colcon.colcon_core.verb:Building package 'lego_loam_sr' with the following arguments: {'ament_cmake_args': None, 'build_base': '/home/jeongil/ros_foxy_ws/velodyne_ws/build/lego_loam_sr', 'catkin_cmake_args': None, 'catkin_skip_building_tests': False, 'cmake_args': None, 'cmake_clean_cache': False, 'cmake_clean_first': False, 'cmake_force_configure': False, 'cmake_target': None, 'cmake_target_skip_unavailable': False, 'install_base': '/home/jeongil/ros_foxy_ws/velodyne_ws/install/lego_loam_sr', 'merge_install': False, 'path': '/home/jeongil/ros_foxy_ws/velodyne_ws/src/LeGO-LOAM-SR/LeGO-LOAM', 'symlink_install': False, 'test_result_base': None}
[0.219s] Level 5:colcon.colcon_core.verb:set package 'velodyne_driver' build argument 'cmake_args' from command line to 'None'
[0.219s] Level 5:colcon.colcon_core.verb:set package 'velodyne_driver' build argument 'cmake_target' from command line to 'None'
[0.219s] Level 5:colcon.colcon_core.verb:set package 'velodyne_driver' build argument 'cmake_target_skip_unavailable' from command line to 'False'
[0.219s] Level 5:colcon.colcon_core.verb:set package 'velodyne_driver' build argument 'cmake_clean_cache' from command line to 'False'
[0.219s] Level 5:colcon.colcon_core.verb:set package 'velodyne_driver' build argument 'cmake_clean_first' from command line to 'False'
[0.219s] Level 5:colcon.colcon_core.verb:set package 'velodyne_driver' build argument 'cmake_force_configure' from command line to 'False'
[0.219s] Level 5:colcon.colcon_core.verb:set package 'velodyne_driver' build argument 'ament_cmake_args' from command line to 'None'
[0.219s] Level 5:colcon.colcon_core.verb:set package 'velodyne_driver' build argument 'catkin_cmake_args' from command line to 'None'
[0.219s] Level 5:colcon.colcon_core.verb:set package 'velodyne_driver' build argument 'catkin_skip_building_tests' from command line to 'False'
[0.219s] DEBUG:colcon.colcon_core.verb:Building package 'velodyne_driver' with the following arguments: {'ament_cmake_args': None, 'build_base': '/home/jeongil/ros_foxy_ws/velodyne_ws/build/velodyne_driver', 'catkin_cmake_args': None, 'catkin_skip_building_tests': False, 'cmake_args': None, 'cmake_clean_cache': False, 'cmake_clean_first': False, 'cmake_force_configure': False, 'cmake_target': None, 'cmake_target_skip_unavailable': False, 'install_base': '/home/jeongil/ros_foxy_ws/velodyne_ws/install/velodyne_driver', 'merge_install': False, 'path': '/home/jeongil/ros_foxy_ws/velodyne_ws/src/velodyne-ros2/velodyne_driver', 'symlink_install': False, 'test_result_base': None}
[0.219s] Level 5:colcon.colcon_core.verb:set package 'velodyne_pointcloud' build argument 'cmake_args' from command line to 'None'
[0.219s] Level 5:colcon.colcon_core.verb:set package 'velodyne_pointcloud' build argument 'cmake_target' from command line to 'None'
[0.219s] Level 5:colcon.colcon_core.verb:set package 'velodyne_pointcloud' build argument 'cmake_target_skip_unavailable' from command line to 'False'
[0.219s] Level 5:colcon.colcon_core.verb:set package 'velodyne_pointcloud' build argument 'cmake_clean_cache' from command line to 'False'
[0.219s] Level 5:colcon.colcon_core.verb:set package 'velodyne_pointcloud' build argument 'cmake_clean_first' from command line to 'False'
[0.219s] Level 5:colcon.colcon_core.verb:set package 'velodyne_pointcloud' build argument 'cmake_force_configure' from command line to 'False'
[0.219s] Level 5:colcon.colcon_core.verb:set package 'velodyne_pointcloud' build argument 'ament_cmake_args' from command line to 'None'
[0.219s] Level 5:colcon.colcon_core.verb:set package 'velodyne_pointcloud' build argument 'catkin_cmake_args' from command line to 'None'
[0.219s] Level 5:colcon.colcon_core.verb:set package 'velodyne_pointcloud' build argument 'catkin_skip_building_tests' from command line to 'False'
[0.219s] DEBUG:colcon.colcon_core.verb:Building package 'velodyne_pointcloud' with the following arguments: {'ament_cmake_args': None, 'build_base': '/home/jeongil/ros_foxy_ws/velodyne_ws/build/velodyne_pointcloud', 'catkin_cmake_args': None, 'catkin_skip_building_tests': False, 'cmake_args': None, 'cmake_clean_cache': False, 'cmake_clean_first': False, 'cmake_force_configure': False, 'cmake_target': None, 'cmake_target_skip_unavailable': False, 'install_base': '/home/jeongil/ros_foxy_ws/velodyne_ws/install/velodyne_pointcloud', 'merge_install': False, 'path': '/home/jeongil/ros_foxy_ws/velodyne_ws/src/velodyne-ros2/velodyne_pointcloud', 'symlink_install': False, 'test_result_base': None}
[0.220s] Level 5:colcon.colcon_core.verb:set package 'velodyne' build argument 'cmake_args' from command line to 'None'
[0.220s] Level 5:colcon.colcon_core.verb:set package 'velodyne' build argument 'cmake_target' from command line to 'None'
[0.220s] Level 5:colcon.colcon_core.verb:set package 'velodyne' build argument 'cmake_target_skip_unavailable' from command line to 'False'
[0.220s] Level 5:colcon.colcon_core.verb:set package 'velodyne' build argument 'cmake_clean_cache' from command line to 'False'
[0.220s] Level 5:colcon.colcon_core.verb:set package 'velodyne' build argument 'cmake_clean_first' from command line to 'False'
[0.220s] Level 5:colcon.colcon_core.verb:set package 'velodyne' build argument 'cmake_force_configure' from command line to 'False'
[0.220s] Level 5:colcon.colcon_core.verb:set package 'velodyne' build argument 'ament_cmake_args' from command line to 'None'
[0.220s] Level 5:colcon.colcon_core.verb:set package 'velodyne' build argument 'catkin_cmake_args' from command line to 'None'
[0.220s] Level 5:colcon.colcon_core.verb:set package 'velodyne' build argument 'catkin_skip_building_tests' from command line to 'False'
[0.220s] DEBUG:colcon.colcon_core.verb:Building package 'velodyne' with the following arguments: {'ament_cmake_args': None, 'build_base': '/home/jeongil/ros_foxy_ws/velodyne_ws/build/velodyne', 'catkin_cmake_args': None, 'catkin_skip_building_tests': False, 'cmake_args': None, 'cmake_clean_cache': False, 'cmake_clean_first': False, 'cmake_force_configure': False, 'cmake_target': None, 'cmake_target_skip_unavailable': False, 'install_base': '/home/jeongil/ros_foxy_ws/velodyne_ws/install/velodyne', 'merge_install': False, 'path': '/home/jeongil/ros_foxy_ws/velodyne_ws/src/velodyne-ros2/velodyne', 'symlink_install': False, 'test_result_base': None}
[0.220s] INFO:colcon.colcon_core.executor:Executing jobs using 'parallel' executor
[0.222s] DEBUG:colcon.colcon_parallel_executor.executor.parallel:run_until_complete
[0.222s] INFO:colcon.colcon_ros.task.ament_cmake.build:Building ROS package in '/home/jeongil/ros_foxy_ws/velodyne_ws/src/velodyne-ros2/velodyne_msgs' with build type 'ament_cmake'
[0.222s] INFO:colcon.colcon_cmake.task.cmake.build:Building CMake package in '/home/jeongil/ros_foxy_ws/velodyne_ws/src/velodyne-ros2/velodyne_msgs'
[0.224s] INFO:colcon.colcon_core.plugin_system:Skipping extension 'colcon_core.shell.bat': Not used on non-Windows systems
[0.224s] INFO:colcon.colcon_core.shell:Skip shell extension 'powershell' for command environment: Not usable outside of PowerShell
[0.224s] DEBUG:colcon.colcon_core.shell:Skip shell extension 'dsv' for command environment
[0.226s] INFO:colcon.colcon_ros.task.ament_cmake.build:Building ROS package in '/home/jeongil/ros_foxy_ws/velodyne_ws/src/LeGO-LOAM-SR/cloud_msgs' with build type 'ament_cmake'
[0.227s] INFO:colcon.colcon_cmake.task.cmake.build:Building CMake package in '/home/jeongil/ros_foxy_ws/velodyne_ws/src/LeGO-LOAM-SR/cloud_msgs'
[0.228s] INFO:colcon.colcon_core.shell:Skip shell extension 'powershell' for command environment: Not usable outside of PowerShell
[0.228s] DEBUG:colcon.colcon_core.shell:Skip shell extension 'dsv' for command environment
[0.230s] INFO:colcon.colcon_ros.task.ament_cmake.build:Building ROS package in '/home/jeongil/ros_foxy_ws/velodyne_ws/src/velodyne-ros2/velodyne_laserscan' with build type 'ament_cmake'
[0.230s] INFO:colcon.colcon_cmake.task.cmake.build:Building CMake package in '/home/jeongil/ros_foxy_ws/velodyne_ws/src/velodyne-ros2/velodyne_laserscan'
[0.231s] INFO:colcon.colcon_core.shell:Skip shell extension 'powershell' for command environment: Not usable outside of PowerShell
[0.231s] DEBUG:colcon.colcon_core.shell:Skip shell extension 'dsv' for command environment
[0.236s] DEBUG:colcon.colcon_core.event_handler.log_command:Invoking command in '/home/jeongil/ros_foxy_ws/velodyne_ws/build/velodyne_msgs': CMAKE_PREFIX_PATH=/opt/ros/foxy /usr/bin/cmake --build /home/jeongil/ros_foxy_ws/velodyne_ws/build/velodyne_msgs -- -j20 -l20
[0.238s] DEBUG:colcon.colcon_core.event_handler.log_command:Invoking command in '/home/jeongil/ros_foxy_ws/velodyne_ws/build/cloud_msgs': CMAKE_PREFIX_PATH=/opt/ros/foxy /usr/bin/cmake /home/jeongil/ros_foxy_ws/velodyne_ws/src/LeGO-LOAM-SR/cloud_msgs -DCMAKE_INSTALL_PREFIX=/home/jeongil/ros_foxy_ws/velodyne_ws/install/cloud_msgs
[0.242s] DEBUG:colcon.colcon_core.event_handler.log_command:Invoking command in '/home/jeongil/ros_foxy_ws/velodyne_ws/build/velodyne_laserscan': CMAKE_PREFIX_PATH=/opt/ros/foxy /usr/bin/cmake --build /home/jeongil/ros_foxy_ws/velodyne_ws/build/velodyne_laserscan -- -j20 -l20
[0.296s] DEBUG:colcon.colcon_core.event_handler.log_command:Invoked command in '/home/jeongil/ros_foxy_ws/velodyne_ws/build/velodyne_laserscan' returned '0': CMAKE_PREFIX_PATH=/opt/ros/foxy /usr/bin/cmake --build /home/jeongil/ros_foxy_ws/velodyne_ws/build/velodyne_laserscan -- -j20 -l20
[0.313s] DEBUG:colcon.colcon_core.event_handler.log_command:Invoking command in '/home/jeongil/ros_foxy_ws/velodyne_ws/build/velodyne_laserscan': CMAKE_PREFIX_PATH=/opt/ros/foxy /usr/bin/cmake --install /home/jeongil/ros_foxy_ws/velodyne_ws/build/velodyne_laserscan
[0.325s] Level 1:colcon.colcon_core.environment:create_environment_scripts_only(velodyne_laserscan)
[0.325s] DEBUG:colcon.colcon_core.event_handler.log_command:Invoked command in '/home/jeongil/ros_foxy_ws/velodyne_ws/build/velodyne_laserscan' returned '0': CMAKE_PREFIX_PATH=/opt/ros/foxy /usr/bin/cmake --install /home/jeongil/ros_foxy_ws/velodyne_ws/build/velodyne_laserscan
[0.328s] Level 1:colcon.colcon_core.environment:checking '/home/jeongil/ros_foxy_ws/velodyne_ws/install/velodyne_laserscan' for CMake module files
[0.328s] Level 1:colcon.colcon_core.environment:checking '/home/jeongil/ros_foxy_ws/velodyne_ws/install/velodyne_laserscan' for CMake config files
[0.328s] Level 1:colcon.colcon_core.shell:create_environment_hook('velodyne_laserscan', 'cmake_prefix_path')
[0.329s] INFO:colcon.colcon_core.shell:Creating environment hook '/home/jeongil/ros_foxy_ws/velodyne_ws/install/velodyne_laserscan/share/velodyne_laserscan/hook/cmake_prefix_path.ps1'
[0.330s] INFO:colcon.colcon_core.shell:Creating environment descriptor '/home/jeongil/ros_foxy_ws/velodyne_ws/install/velodyne_laserscan/share/velodyne_laserscan/hook/cmake_prefix_path.dsv'
[0.330s] INFO:colcon.colcon_core.shell:Creating environment hook '/home/jeongil/ros_foxy_ws/velodyne_ws/install/velodyne_laserscan/share/velodyne_laserscan/hook/cmake_prefix_path.sh'
[0.330s] Level 1:colcon.colcon_core.environment:checking '/home/jeongil/ros_foxy_ws/velodyne_ws/install/velodyne_laserscan/lib'
[0.330s] Level 1:colcon.colcon_core.shell:create_environment_hook('velodyne_laserscan', 'ld_library_path_lib')
[0.331s] INFO:colcon.colcon_core.shell:Creating environment hook '/home/jeongil/ros_foxy_ws/velodyne_ws/install/velodyne_laserscan/share/velodyne_laserscan/hook/ld_library_path_lib.ps1'
[0.331s] INFO:colcon.colcon_core.shell:Creating environment descriptor '/home/jeongil/ros_foxy_ws/velodyne_ws/install/velodyne_laserscan/share/velodyne_laserscan/hook/ld_library_path_lib.dsv'
[0.331s] INFO:colcon.colcon_core.shell:Creating environment hook '/home/jeongil/ros_foxy_ws/velodyne_ws/install/velodyne_laserscan/share/velodyne_laserscan/hook/ld_library_path_lib.sh'
[0.331s] Level 1:colcon.colcon_core.environment:checking '/home/jeongil/ros_foxy_ws/velodyne_ws/install/velodyne_laserscan/bin'
[0.331s] Level 1:colcon.colcon_core.environment:checking '/home/jeongil/ros_foxy_ws/velodyne_ws/install/velodyne_laserscan/lib/pkgconfig/velodyne_laserscan.pc'
[0.332s] Level 1:colcon.colcon_core.environment:checking '/home/jeongil/ros_foxy_ws/velodyne_ws/install/velodyne_laserscan/lib/python3.8/site-packages'
[0.332s] Level 1:colcon.colcon_core.environment:checking '/home/jeongil/ros_foxy_ws/velodyne_ws/install/velodyne_laserscan/bin'
[0.332s] INFO:colcon.colcon_core.shell:Creating package script '/home/jeongil/ros_foxy_ws/velodyne_ws/install/velodyne_laserscan/share/velodyne_laserscan/package.ps1'
[0.333s] INFO:colcon.colcon_core.shell:Creating package descriptor '/home/jeongil/ros_foxy_ws/velodyne_ws/install/velodyne_laserscan/share/velodyne_laserscan/package.dsv'
[0.333s] INFO:colcon.colcon_core.shell:Creating package script '/home/jeongil/ros_foxy_ws/velodyne_ws/install/velodyne_laserscan/share/velodyne_laserscan/package.sh'
[0.334s] INFO:colcon.colcon_core.shell:Creating package script '/home/jeongil/ros_foxy_ws/velodyne_ws/install/velodyne_laserscan/share/velodyne_laserscan/package.bash'
[0.334s] INFO:colcon.colcon_core.shell:Creating package script '/home/jeongil/ros_foxy_ws/velodyne_ws/install/velodyne_laserscan/share/velodyne_laserscan/package.zsh'
[0.334s] Level 1:colcon.colcon_core.environment:create_file_with_runtime_dependencies(/home/jeongil/ros_foxy_ws/velodyne_ws/install/velodyne_laserscan/share/colcon-core/packages/velodyne_laserscan)
[0.344s] DEBUG:colcon.colcon_core.event_handler.log_command:Invoked command in '/home/jeongil/ros_foxy_ws/velodyne_ws/build/velodyne_msgs' returned '0': CMAKE_PREFIX_PATH=/opt/ros/foxy /usr/bin/cmake --build /home/jeongil/ros_foxy_ws/velodyne_ws/build/velodyne_msgs -- -j20 -l20
[0.346s] Level 1:colcon.colcon_core.environment:create_environment_scripts_only(velodyne_laserscan)
[0.347s] Level 1:colcon.colcon_core.environment:checking '/home/jeongil/ros_foxy_ws/velodyne_ws/install/velodyne_laserscan' for CMake module files
[0.347s] Level 1:colcon.colcon_core.environment:checking '/home/jeongil/ros_foxy_ws/velodyne_ws/install/velodyne_laserscan' for CMake config files
[0.348s] Level 1:colcon.colcon_core.shell:create_environment_hook('velodyne_laserscan', 'cmake_prefix_path')
[0.348s] INFO:colcon.colcon_core.shell:Creating environment hook '/home/jeongil/ros_foxy_ws/velodyne_ws/install/velodyne_laserscan/share/velodyne_laserscan/hook/cmake_prefix_path.ps1'
[0.349s] INFO:colcon.colcon_core.shell:Creating environment descriptor '/home/jeongil/ros_foxy_ws/velodyne_ws/install/velodyne_laserscan/share/velodyne_laserscan/hook/cmake_prefix_path.dsv'
[0.349s] INFO:colcon.colcon_core.shell:Creating environment hook '/home/jeongil/ros_foxy_ws/velodyne_ws/install/velodyne_laserscan/share/velodyne_laserscan/hook/cmake_prefix_path.sh'
[0.349s] Level 1:colcon.colcon_core.environment:checking '/home/jeongil/ros_foxy_ws/velodyne_ws/install/velodyne_laserscan/lib'
[0.349s] Level 1:colcon.colcon_core.shell:create_environment_hook('velodyne_laserscan', 'ld_library_path_lib')
[0.350s] INFO:colcon.colcon_core.shell:Creating environment hook '/home/jeongil/ros_foxy_ws/velodyne_ws/install/velodyne_laserscan/share/velodyne_laserscan/hook/ld_library_path_lib.ps1'
[0.350s] INFO:colcon.colcon_core.shell:Creating environment descriptor '/home/jeongil/ros_foxy_ws/velodyne_ws/install/velodyne_laserscan/share/velodyne_laserscan/hook/ld_library_path_lib.dsv'
[0.350s] INFO:colcon.colcon_core.shell:Creating environment hook '/home/jeongil/ros_foxy_ws/velodyne_ws/install/velodyne_laserscan/share/velodyne_laserscan/hook/ld_library_path_lib.sh'
[0.350s] Level 1:colcon.colcon_core.environment:checking '/home/jeongil/ros_foxy_ws/velodyne_ws/install/velodyne_laserscan/bin'
[0.350s] Level 1:colcon.colcon_core.environment:checking '/home/jeongil/ros_foxy_ws/velodyne_ws/install/velodyne_laserscan/lib/pkgconfig/velodyne_laserscan.pc'
[0.350s] Level 1:colcon.colcon_core.environment:checking '/home/jeongil/ros_foxy_ws/velodyne_ws/install/velodyne_laserscan/lib/python3.8/site-packages'
[0.350s] Level 1:colcon.colcon_core.environment:checking '/home/jeongil/ros_foxy_ws/velodyne_ws/install/velodyne_laserscan/bin'
[0.351s] INFO:colcon.colcon_core.shell:Creating package script '/home/jeongil/ros_foxy_ws/velodyne_ws/install/velodyne_laserscan/share/velodyne_laserscan/package.ps1'
[0.351s] INFO:colcon.colcon_core.shell:Creating package descriptor '/home/jeongil/ros_foxy_ws/velodyne_ws/install/velodyne_laserscan/share/velodyne_laserscan/package.dsv'
[0.352s] INFO:colcon.colcon_core.shell:Creating package script '/home/jeongil/ros_foxy_ws/velodyne_ws/install/velodyne_laserscan/share/velodyne_laserscan/package.sh'
[0.352s] INFO:colcon.colcon_core.shell:Creating package script '/home/jeongil/ros_foxy_ws/velodyne_ws/install/velodyne_laserscan/share/velodyne_laserscan/package.bash'
[0.352s] INFO:colcon.colcon_core.shell:Creating package script '/home/jeongil/ros_foxy_ws/velodyne_ws/install/velodyne_laserscan/share/velodyne_laserscan/package.zsh'
[0.352s] Level 1:colcon.colcon_core.environment:create_file_with_runtime_dependencies(/home/jeongil/ros_foxy_ws/velodyne_ws/install/velodyne_laserscan/share/colcon-core/packages/velodyne_laserscan)
[0.369s] DEBUG:colcon.colcon_core.event_handler.log_command:Invoking command in '/home/jeongil/ros_foxy_ws/velodyne_ws/build/velodyne_msgs': CMAKE_PREFIX_PATH=/opt/ros/foxy /usr/bin/cmake --install /home/jeongil/ros_foxy_ws/velodyne_ws/build/velodyne_msgs
[0.405s] Level 1:colcon.colcon_core.environment:create_environment_scripts_only(velodyne_msgs)
[0.407s] Level 1:colcon.colcon_core.environment:checking '/home/jeongil/ros_foxy_ws/velodyne_ws/install/velodyne_msgs' for CMake module files
[0.407s] DEBUG:colcon.colcon_core.event_handler.log_command:Invoked command in '/home/jeongil/ros_foxy_ws/velodyne_ws/build/velodyne_msgs' returned '0': CMAKE_PREFIX_PATH=/opt/ros/foxy /usr/bin/cmake --install /home/jeongil/ros_foxy_ws/velodyne_ws/build/velodyne_msgs
[0.407s] Level 1:colcon.colcon_core.environment:checking '/home/jeongil/ros_foxy_ws/velodyne_ws/install/velodyne_msgs' for CMake config files
[0.408s] Level 1:colcon.colcon_core.shell:create_environment_hook('velodyne_msgs', 'cmake_prefix_path')
[0.408s] INFO:colcon.colcon_core.shell:Creating environment hook '/home/jeongil/ros_foxy_ws/velodyne_ws/install/velodyne_msgs/share/velodyne_msgs/hook/cmake_prefix_path.ps1'
[0.408s] INFO:colcon.colcon_core.shell:Creating environment descriptor '/home/jeongil/ros_foxy_ws/velodyne_ws/install/velodyne_msgs/share/velodyne_msgs/hook/cmake_prefix_path.dsv'
[0.409s] INFO:colcon.colcon_core.shell:Creating environment hook '/home/jeongil/ros_foxy_ws/velodyne_ws/install/velodyne_msgs/share/velodyne_msgs/hook/cmake_prefix_path.sh'
[0.409s] Level 1:colcon.colcon_core.environment:checking '/home/jeongil/ros_foxy_ws/velodyne_ws/install/velodyne_msgs/lib'
[0.409s] Level 1:colcon.colcon_core.shell:create_environment_hook('velodyne_msgs', 'ld_library_path_lib')
[0.410s] INFO:colcon.colcon_core.shell:Creating environment hook '/home/jeongil/ros_foxy_ws/velodyne_ws/install/velodyne_msgs/share/velodyne_msgs/hook/ld_library_path_lib.ps1'
[0.410s] INFO:colcon.colcon_core.shell:Creating environment descriptor '/home/jeongil/ros_foxy_ws/velodyne_ws/install/velodyne_msgs/share/velodyne_msgs/hook/ld_library_path_lib.dsv'
[0.410s] INFO:colcon.colcon_core.shell:Creating environment hook '/home/jeongil/ros_foxy_ws/velodyne_ws/install/velodyne_msgs/share/velodyne_msgs/hook/ld_library_path_lib.sh'
[0.410s] Level 1:colcon.colcon_core.environment:checking '/home/jeongil/ros_foxy_ws/velodyne_ws/install/velodyne_msgs/bin'
[0.410s] Level 1:colcon.colcon_core.environment:checking '/home/jeongil/ros_foxy_ws/velodyne_ws/install/velodyne_msgs/lib/pkgconfig/velodyne_msgs.pc'
[0.410s] Level 1:colcon.colcon_core.environment:checking '/home/jeongil/ros_foxy_ws/velodyne_ws/install/velodyne_msgs/lib/python3.8/site-packages'
[0.410s] Level 1:colcon.colcon_core.shell:create_environment_hook('velodyne_msgs', 'pythonpath')
[0.411s] INFO:colcon.colcon_core.shell:Creating environment hook '/home/jeongil/ros_foxy_ws/velodyne_ws/install/velodyne_msgs/share/velodyne_msgs/hook/pythonpath.ps1'
[0.411s] INFO:colcon.colcon_core.shell:Creating environment descriptor '/home/jeongil/ros_foxy_ws/velodyne_ws/install/velodyne_msgs/share/velodyne_msgs/hook/pythonpath.dsv'
[0.411s] INFO:colcon.colcon_core.shell:Creating environment hook '/home/jeongil/ros_foxy_ws/velodyne_ws/install/velodyne_msgs/share/velodyne_msgs/hook/pythonpath.sh'
[0.411s] Level 1:colcon.colcon_core.environment:checking '/home/jeongil/ros_foxy_ws/velodyne_ws/install/velodyne_msgs/bin'
[0.412s] INFO:colcon.colcon_core.shell:Creating package script '/home/jeongil/ros_foxy_ws/velodyne_ws/install/velodyne_msgs/share/velodyne_msgs/package.ps1'
[0.412s] INFO:colcon.colcon_core.shell:Creating package descriptor '/home/jeongil/ros_foxy_ws/velodyne_ws/install/velodyne_msgs/share/velodyne_msgs/package.dsv'
[0.413s] INFO:colcon.colcon_core.shell:Creating package script '/home/jeongil/ros_foxy_ws/velodyne_ws/install/velodyne_msgs/share/velodyne_msgs/package.sh'
[0.413s] INFO:colcon.colcon_core.shell:Creating package script '/home/jeongil/ros_foxy_ws/velodyne_ws/install/velodyne_msgs/share/velodyne_msgs/package.bash'
[0.413s] INFO:colcon.colcon_core.shell:Creating package script '/home/jeongil/ros_foxy_ws/velodyne_ws/install/velodyne_msgs/share/velodyne_msgs/package.zsh'
[0.413s] Level 1:colcon.colcon_core.environment:create_file_with_runtime_dependencies(/home/jeongil/ros_foxy_ws/velodyne_ws/install/velodyne_msgs/share/colcon-core/packages/velodyne_msgs)
[0.440s] Level 1:colcon.colcon_core.environment:create_environment_scripts_only(velodyne_msgs)
[0.441s] Level 1:colcon.colcon_core.environment:checking '/home/jeongil/ros_foxy_ws/velodyne_ws/install/velodyne_msgs' for CMake module files
[0.442s] Level 1:colcon.colcon_core.environment:checking '/home/jeongil/ros_foxy_ws/velodyne_ws/install/velodyne_msgs' for CMake config files
[0.442s] Level 1:colcon.colcon_core.shell:create_environment_hook('velodyne_msgs', 'cmake_prefix_path')
[0.443s] INFO:colcon.colcon_core.shell:Creating environment hook '/home/jeongil/ros_foxy_ws/velodyne_ws/install/velodyne_msgs/share/velodyne_msgs/hook/cmake_prefix_path.ps1'
[0.443s] INFO:colcon.colcon_core.shell:Creating environment descriptor '/home/jeongil/ros_foxy_ws/velodyne_ws/install/velodyne_msgs/share/velodyne_msgs/hook/cmake_prefix_path.dsv'
[0.444s] INFO:colcon.colcon_core.shell:Creating environment hook '/home/jeongil/ros_foxy_ws/velodyne_ws/install/velodyne_msgs/share/velodyne_msgs/hook/cmake_prefix_path.sh'
[0.444s] Level 1:colcon.colcon_core.environment:checking '/home/jeongil/ros_foxy_ws/velodyne_ws/install/velodyne_msgs/lib'
[0.444s] Level 1:colcon.colcon_core.shell:create_environment_hook('velodyne_msgs', 'ld_library_path_lib')
[0.445s] INFO:colcon.colcon_core.shell:Creating environment hook '/home/jeongil/ros_foxy_ws/velodyne_ws/install/velodyne_msgs/share/velodyne_msgs/hook/ld_library_path_lib.ps1'
[0.446s] INFO:colcon.colcon_core.shell:Creating environment descriptor '/home/jeongil/ros_foxy_ws/velodyne_ws/install/velodyne_msgs/share/velodyne_msgs/hook/ld_library_path_lib.dsv'
[0.446s] INFO:colcon.colcon_core.shell:Creating environment hook '/home/jeongil/ros_foxy_ws/velodyne_ws/install/velodyne_msgs/share/velodyne_msgs/hook/ld_library_path_lib.sh'
[0.446s] Level 1:colcon.colcon_core.environment:checking '/home/jeongil/ros_foxy_ws/velodyne_ws/install/velodyne_msgs/bin'
[0.446s] Level 1:colcon.colcon_core.environment:checking '/home/jeongil/ros_foxy_ws/velodyne_ws/install/velodyne_msgs/lib/pkgconfig/velodyne_msgs.pc'
[0.446s] Level 1:colcon.colcon_core.environment:checking '/home/jeongil/ros_foxy_ws/velodyne_ws/install/velodyne_msgs/lib/python3.8/site-packages'
[0.446s] Level 1:colcon.colcon_core.shell:create_environment_hook('velodyne_msgs', 'pythonpath')
[0.447s] INFO:colcon.colcon_core.shell:Creating environment hook '/home/jeongil/ros_foxy_ws/velodyne_ws/install/velodyne_msgs/share/velodyne_msgs/hook/pythonpath.ps1'
[0.447s] INFO:colcon.colcon_core.shell:Creating environment descriptor '/home/jeongil/ros_foxy_ws/velodyne_ws/install/velodyne_msgs/share/velodyne_msgs/hook/pythonpath.dsv'
[0.448s] INFO:colcon.colcon_core.shell:Creating environment hook '/home/jeongil/ros_foxy_ws/velodyne_ws/install/velodyne_msgs/share/velodyne_msgs/hook/pythonpath.sh'
[0.448s] Level 1:colcon.colcon_core.environment:checking '/home/jeongil/ros_foxy_ws/velodyne_ws/install/velodyne_msgs/bin'
[0.449s] INFO:colcon.colcon_core.shell:Creating package script '/home/jeongil/ros_foxy_ws/velodyne_ws/install/velodyne_msgs/share/velodyne_msgs/package.ps1'
[0.449s] INFO:colcon.colcon_core.shell:Creating package descriptor '/home/jeongil/ros_foxy_ws/velodyne_ws/install/velodyne_msgs/share/velodyne_msgs/package.dsv'
[0.449s] INFO:colcon.colcon_core.shell:Creating package script '/home/jeongil/ros_foxy_ws/velodyne_ws/install/velodyne_msgs/share/velodyne_msgs/package.sh'
[0.450s] INFO:colcon.colcon_core.shell:Creating package script '/home/jeongil/ros_foxy_ws/velodyne_ws/install/velodyne_msgs/share/velodyne_msgs/package.bash'
[0.450s] INFO:colcon.colcon_core.shell:Creating package script '/home/jeongil/ros_foxy_ws/velodyne_ws/install/velodyne_msgs/share/velodyne_msgs/package.zsh'
[0.450s] Level 1:colcon.colcon_core.environment:create_file_with_runtime_dependencies(/home/jeongil/ros_foxy_ws/velodyne_ws/install/velodyne_msgs/share/colcon-core/packages/velodyne_msgs)
[0.450s] INFO:colcon.colcon_ros.task.ament_cmake.build:Building ROS package in '/home/jeongil/ros_foxy_ws/velodyne_ws/src/velodyne-ros2/velodyne_driver' with build type 'ament_cmake'
[0.450s] INFO:colcon.colcon_cmake.task.cmake.build:Building CMake package in '/home/jeongil/ros_foxy_ws/velodyne_ws/src/velodyne-ros2/velodyne_driver'
[0.451s] INFO:colcon.colcon_core.shell:Skip shell extension 'powershell' for command environment: Not usable outside of PowerShell
[0.451s] DEBUG:colcon.colcon_core.shell:Skip shell extension 'dsv' for command environment
[0.454s] INFO:colcon.colcon_ros.task.ament_cmake.build:Building ROS package in '/home/jeongil/ros_foxy_ws/velodyne_ws/src/velodyne-ros2/velodyne_pointcloud' with build type 'ament_cmake'
[0.454s] INFO:colcon.colcon_cmake.task.cmake.build:Building CMake package in '/home/jeongil/ros_foxy_ws/velodyne_ws/src/velodyne-ros2/velodyne_pointcloud'
[0.455s] INFO:colcon.colcon_core.shell:Skip shell extension 'powershell' for command environment: Not usable outside of PowerShell
[0.455s] DEBUG:colcon.colcon_core.shell:Skip shell extension 'dsv' for command environment
[0.460s] DEBUG:colcon.colcon_core.event_handler.log_command:Invoking command in '/home/jeongil/ros_foxy_ws/velodyne_ws/build/velodyne_driver': AMENT_PREFIX_PATH=/home/jeongil/ros_foxy_ws/velodyne_ws/install/velodyne_msgs:${AMENT_PREFIX_PATH} CMAKE_PREFIX_PATH=/home/jeongil/ros_foxy_ws/velodyne_ws/install/velodyne_msgs:/opt/ros/foxy LD_LIBRARY_PATH=/home/jeongil/ros_foxy_ws/velodyne_ws/install/velodyne_msgs/lib:${LD_LIBRARY_PATH} PYTHONPATH=/home/jeongil/ros_foxy_ws/velodyne_ws/install/velodyne_msgs/lib/python3.8/site-packages:${PYTHONPATH} /usr/bin/cmake --build /home/jeongil/ros_foxy_ws/velodyne_ws/build/velodyne_driver -- -j20 -l20
[0.462s] DEBUG:colcon.colcon_core.event_handler.log_command:Invoking command in '/home/jeongil/ros_foxy_ws/velodyne_ws/build/velodyne_pointcloud': AMENT_PREFIX_PATH=/home/jeongil/ros_foxy_ws/velodyne_ws/install/velodyne_msgs:${AMENT_PREFIX_PATH} CMAKE_PREFIX_PATH=/home/jeongil/ros_foxy_ws/velodyne_ws/install/velodyne_msgs:/opt/ros/foxy LD_LIBRARY_PATH=/home/jeongil/ros_foxy_ws/velodyne_ws/install/velodyne_msgs/lib:${LD_LIBRARY_PATH} PYTHONPATH=/home/jeongil/ros_foxy_ws/velodyne_ws/install/velodyne_msgs/lib/python3.8/site-packages:${PYTHONPATH} /usr/bin/cmake --build /home/jeongil/ros_foxy_ws/velodyne_ws/build/velodyne_pointcloud -- -j20 -l20
[0.536s] DEBUG:colcon.colcon_core.event_handler.log_command:Invoked command in '/home/jeongil/ros_foxy_ws/velodyne_ws/build/velodyne_driver' returned '0': AMENT_PREFIX_PATH=/home/jeongil/ros_foxy_ws/velodyne_ws/install/velodyne_msgs:${AMENT_PREFIX_PATH} CMAKE_PREFIX_PATH=/home/jeongil/ros_foxy_ws/velodyne_ws/install/velodyne_msgs:/opt/ros/foxy LD_LIBRARY_PATH=/home/jeongil/ros_foxy_ws/velodyne_ws/install/velodyne_msgs/lib:${LD_LIBRARY_PATH} PYTHONPATH=/home/jeongil/ros_foxy_ws/velodyne_ws/install/velodyne_msgs/lib/python3.8/site-packages:${PYTHONPATH} /usr/bin/cmake --build /home/jeongil/ros_foxy_ws/velodyne_ws/build/velodyne_driver -- -j20 -l20
[0.547s] DEBUG:colcon.colcon_core.event_handler.log_command:Invoked command in '/home/jeongil/ros_foxy_ws/velodyne_ws/build/velodyne_pointcloud' returned '0': AMENT_PREFIX_PATH=/home/jeongil/ros_foxy_ws/velodyne_ws/install/velodyne_msgs:${AMENT_PREFIX_PATH} CMAKE_PREFIX_PATH=/home/jeongil/ros_foxy_ws/velodyne_ws/install/velodyne_msgs:/opt/ros/foxy LD_LIBRARY_PATH=/home/jeongil/ros_foxy_ws/velodyne_ws/install/velodyne_msgs/lib:${LD_LIBRARY_PATH} PYTHONPATH=/home/jeongil/ros_foxy_ws/velodyne_ws/install/velodyne_msgs/lib/python3.8/site-packages:${PYTHONPATH} /usr/bin/cmake --build /home/jeongil/ros_foxy_ws/velodyne_ws/build/velodyne_pointcloud -- -j20 -l20
[0.550s] DEBUG:colcon.colcon_core.event_handler.log_command:Invoking command in '/home/jeongil/ros_foxy_ws/velodyne_ws/build/velodyne_driver': AMENT_PREFIX_PATH=/home/jeongil/ros_foxy_ws/velodyne_ws/install/velodyne_msgs:${AMENT_PREFIX_PATH} CMAKE_PREFIX_PATH=/home/jeongil/ros_foxy_ws/velodyne_ws/install/velodyne_msgs:/opt/ros/foxy LD_LIBRARY_PATH=/home/jeongil/ros_foxy_ws/velodyne_ws/install/velodyne_msgs/lib:${LD_LIBRARY_PATH} PYTHONPATH=/home/jeongil/ros_foxy_ws/velodyne_ws/install/velodyne_msgs/lib/python3.8/site-packages:${PYTHONPATH} /usr/bin/cmake --install /home/jeongil/ros_foxy_ws/velodyne_ws/build/velodyne_driver
[0.561s] DEBUG:colcon.colcon_core.event_handler.log_command:Invoking command in '/home/jeongil/ros_foxy_ws/velodyne_ws/build/velodyne_pointcloud': AMENT_PREFIX_PATH=/home/jeongil/ros_foxy_ws/velodyne_ws/install/velodyne_msgs:${AMENT_PREFIX_PATH} CMAKE_PREFIX_PATH=/home/jeongil/ros_foxy_ws/velodyne_ws/install/velodyne_msgs:/opt/ros/foxy LD_LIBRARY_PATH=/home/jeongil/ros_foxy_ws/velodyne_ws/install/velodyne_msgs/lib:${LD_LIBRARY_PATH} PYTHONPATH=/home/jeongil/ros_foxy_ws/velodyne_ws/install/velodyne_msgs/lib/python3.8/site-packages:${PYTHONPATH} /usr/bin/cmake --install /home/jeongil/ros_foxy_ws/velodyne_ws/build/velodyne_pointcloud
[0.562s] Level 1:colcon.colcon_core.environment:create_environment_scripts_only(velodyne_driver)
[0.563s] Level 1:colcon.colcon_core.environment:checking '/home/jeongil/ros_foxy_ws/velodyne_ws/install/velodyne_driver' for CMake module files
[0.564s] DEBUG:colcon.colcon_core.event_handler.log_command:Invoked command in '/home/jeongil/ros_foxy_ws/velodyne_ws/build/velodyne_driver' returned '0': AMENT_PREFIX_PATH=/home/jeongil/ros_foxy_ws/velodyne_ws/install/velodyne_msgs:${AMENT_PREFIX_PATH} CMAKE_PREFIX_PATH=/home/jeongil/ros_foxy_ws/velodyne_ws/install/velodyne_msgs:/opt/ros/foxy LD_LIBRARY_PATH=/home/jeongil/ros_foxy_ws/velodyne_ws/install/velodyne_msgs/lib:${LD_LIBRARY_PATH} PYTHONPATH=/home/jeongil/ros_foxy_ws/velodyne_ws/install/velodyne_msgs/lib/python3.8/site-packages:${PYTHONPATH} /usr/bin/cmake --install /home/jeongil/ros_foxy_ws/velodyne_ws/build/velodyne_driver
[0.564s] Level 1:colcon.colcon_core.environment:checking '/home/jeongil/ros_foxy_ws/velodyne_ws/install/velodyne_driver' for CMake config files
[0.564s] Level 1:colcon.colcon_core.shell:create_environment_hook('velodyne_driver', 'cmake_prefix_path')
[0.565s] INFO:colcon.colcon_core.shell:Creating environment hook '/home/jeongil/ros_foxy_ws/velodyne_ws/install/velodyne_driver/share/velodyne_driver/hook/cmake_prefix_path.ps1'
[0.565s] INFO:colcon.colcon_core.shell:Creating environment descriptor '/home/jeongil/ros_foxy_ws/velodyne_ws/install/velodyne_driver/share/velodyne_driver/hook/cmake_prefix_path.dsv'
[0.566s] INFO:colcon.colcon_core.shell:Creating environment hook '/home/jeongil/ros_foxy_ws/velodyne_ws/install/velodyne_driver/share/velodyne_driver/hook/cmake_prefix_path.sh'
[0.566s] Level 1:colcon.colcon_core.environment:checking '/home/jeongil/ros_foxy_ws/velodyne_ws/install/velodyne_driver/lib'
[0.566s] Level 1:colcon.colcon_core.shell:create_environment_hook('velodyne_driver', 'ld_library_path_lib')
[0.567s] INFO:colcon.colcon_core.shell:Creating environment hook '/home/jeongil/ros_foxy_ws/velodyne_ws/install/velodyne_driver/share/velodyne_driver/hook/ld_library_path_lib.ps1'
[0.568s] INFO:colcon.colcon_core.shell:Creating environment descriptor '/home/jeongil/ros_foxy_ws/velodyne_ws/install/velodyne_driver/share/velodyne_driver/hook/ld_library_path_lib.dsv'
[0.568s] INFO:colcon.colcon_core.shell:Creating environment hook '/home/jeongil/ros_foxy_ws/velodyne_ws/install/velodyne_driver/share/velodyne_driver/hook/ld_library_path_lib.sh'
[0.568s] Level 1:colcon.colcon_core.environment:checking '/home/jeongil/ros_foxy_ws/velodyne_ws/install/velodyne_driver/bin'
[0.568s] Level 1:colcon.colcon_core.environment:checking '/home/jeongil/ros_foxy_ws/velodyne_ws/install/velodyne_driver/lib/pkgconfig/velodyne_driver.pc'
[0.568s] Level 1:colcon.colcon_core.environment:checking '/home/jeongil/ros_foxy_ws/velodyne_ws/install/velodyne_driver/lib/python3.8/site-packages'
[0.568s] Level 1:colcon.colcon_core.environment:checking '/home/jeongil/ros_foxy_ws/velodyne_ws/install/velodyne_driver/bin'
[0.569s] INFO:colcon.colcon_core.shell:Creating package script '/home/jeongil/ros_foxy_ws/velodyne_ws/install/velodyne_driver/share/velodyne_driver/package.ps1'
[0.570s] INFO:colcon.colcon_core.shell:Creating package descriptor '/home/jeongil/ros_foxy_ws/velodyne_ws/install/velodyne_driver/share/velodyne_driver/package.dsv'
[0.570s] INFO:colcon.colcon_core.shell:Creating package script '/home/jeongil/ros_foxy_ws/velodyne_ws/install/velodyne_driver/share/velodyne_driver/package.sh'
[0.570s] INFO:colcon.colcon_core.shell:Creating package script '/home/jeongil/ros_foxy_ws/velodyne_ws/install/velodyne_driver/share/velodyne_driver/package.bash'
[0.570s] INFO:colcon.colcon_core.shell:Creating package script '/home/jeongil/ros_foxy_ws/velodyne_ws/install/velodyne_driver/share/velodyne_driver/package.zsh'
[0.570s] Level 1:colcon.colcon_core.environment:create_file_with_runtime_dependencies(/home/jeongil/ros_foxy_ws/velodyne_ws/install/velodyne_driver/share/colcon-core/packages/velodyne_driver)
[0.575s] Level 1:colcon.colcon_core.environment:create_environment_scripts_only(velodyne_pointcloud)
[0.576s] Level 1:colcon.colcon_core.environment:checking '/home/jeongil/ros_foxy_ws/velodyne_ws/install/velodyne_pointcloud' for CMake module files
[0.576s] DEBUG:colcon.colcon_core.event_handler.log_command:Invoked command in '/home/jeongil/ros_foxy_ws/velodyne_ws/build/velodyne_pointcloud' returned '0': AMENT_PREFIX_PATH=/home/jeongil/ros_foxy_ws/velodyne_ws/install/velodyne_msgs:${AMENT_PREFIX_PATH} CMAKE_PREFIX_PATH=/home/jeongil/ros_foxy_ws/velodyne_ws/install/velodyne_msgs:/opt/ros/foxy LD_LIBRARY_PATH=/home/jeongil/ros_foxy_ws/velodyne_ws/install/velodyne_msgs/lib:${LD_LIBRARY_PATH} PYTHONPATH=/home/jeongil/ros_foxy_ws/velodyne_ws/install/velodyne_msgs/lib/python3.8/site-packages:${PYTHONPATH} /usr/bin/cmake --install /home/jeongil/ros_foxy_ws/velodyne_ws/build/velodyne_pointcloud
[0.576s] Level 1:colcon.colcon_core.environment:checking '/home/jeongil/ros_foxy_ws/velodyne_ws/install/velodyne_pointcloud' for CMake config files
[0.576s] Level 1:colcon.colcon_core.shell:create_environment_hook('velodyne_pointcloud', 'cmake_prefix_path')
[0.577s] INFO:colcon.colcon_core.shell:Creating environment hook '/home/jeongil/ros_foxy_ws/velodyne_ws/install/velodyne_pointcloud/share/velodyne_pointcloud/hook/cmake_prefix_path.ps1'
[0.577s] INFO:colcon.colcon_core.shell:Creating environment descriptor '/home/jeongil/ros_foxy_ws/velodyne_ws/install/velodyne_pointcloud/share/velodyne_pointcloud/hook/cmake_prefix_path.dsv'
[0.578s] INFO:colcon.colcon_core.shell:Creating environment hook '/home/jeongil/ros_foxy_ws/velodyne_ws/install/velodyne_pointcloud/share/velodyne_pointcloud/hook/cmake_prefix_path.sh'
[0.578s] Level 1:colcon.colcon_core.environment:checking '/home/jeongil/ros_foxy_ws/velodyne_ws/install/velodyne_pointcloud/lib'
[0.578s] Level 1:colcon.colcon_core.shell:create_environment_hook('velodyne_pointcloud', 'ld_library_path_lib')
[0.579s] INFO:colcon.colcon_core.shell:Creating environment hook '/home/jeongil/ros_foxy_ws/velodyne_ws/install/velodyne_pointcloud/share/velodyne_pointcloud/hook/ld_library_path_lib.ps1'
[0.579s] INFO:colcon.colcon_core.shell:Creating environment descriptor '/home/jeongil/ros_foxy_ws/velodyne_ws/install/velodyne_pointcloud/share/velodyne_pointcloud/hook/ld_library_path_lib.dsv'
[0.579s] INFO:colcon.colcon_core.shell:Creating environment hook '/home/jeongil/ros_foxy_ws/velodyne_ws/install/velodyne_pointcloud/share/velodyne_pointcloud/hook/ld_library_path_lib.sh'
[0.579s] Level 1:colcon.colcon_core.environment:checking '/home/jeongil/ros_foxy_ws/velodyne_ws/install/velodyne_pointcloud/bin'
[0.579s] Level 1:colcon.colcon_core.environment:checking '/home/jeongil/ros_foxy_ws/velodyne_ws/install/velodyne_pointcloud/lib/pkgconfig/velodyne_pointcloud.pc'
[0.579s] Level 1:colcon.colcon_core.environment:checking '/home/jeongil/ros_foxy_ws/velodyne_ws/install/velodyne_pointcloud/lib/python3.8/site-packages'
[0.579s] Level 1:colcon.colcon_core.environment:checking '/home/jeongil/ros_foxy_ws/velodyne_ws/install/velodyne_pointcloud/bin'
[0.580s] INFO:colcon.colcon_core.shell:Creating package script '/home/jeongil/ros_foxy_ws/velodyne_ws/install/velodyne_pointcloud/share/velodyne_pointcloud/package.ps1'
[0.580s] INFO:colcon.colcon_core.shell:Creating package descriptor '/home/jeongil/ros_foxy_ws/velodyne_ws/install/velodyne_pointcloud/share/velodyne_pointcloud/package.dsv'
[0.580s] INFO:colcon.colcon_core.shell:Creating package script '/home/jeongil/ros_foxy_ws/velodyne_ws/install/velodyne_pointcloud/share/velodyne_pointcloud/package.sh'
[0.581s] INFO:colcon.colcon_core.shell:Creating package script '/home/jeongil/ros_foxy_ws/velodyne_ws/install/velodyne_pointcloud/share/velodyne_pointcloud/package.bash'
[0.581s] INFO:colcon.colcon_core.shell:Creating package script '/home/jeongil/ros_foxy_ws/velodyne_ws/install/velodyne_pointcloud/share/velodyne_pointcloud/package.zsh'
[0.581s] Level 1:colcon.colcon_core.environment:create_file_with_runtime_dependencies(/home/jeongil/ros_foxy_ws/velodyne_ws/install/velodyne_pointcloud/share/colcon-core/packages/velodyne_pointcloud)
[0.584s] Level 1:colcon.colcon_core.environment:create_environment_scripts_only(velodyne_driver)
[0.585s] Level 1:colcon.colcon_core.environment:checking '/home/jeongil/ros_foxy_ws/velodyne_ws/install/velodyne_driver' for CMake module files
[0.585s] Level 1:colcon.colcon_core.environment:checking '/home/jeongil/ros_foxy_ws/velodyne_ws/install/velodyne_driver' for CMake config files
[0.585s] Level 1:colcon.colcon_core.shell:create_environment_hook('velodyne_driver', 'cmake_prefix_path')
[0.586s] INFO:colcon.colcon_core.shell:Creating environment hook '/home/jeongil/ros_foxy_ws/velodyne_ws/install/velodyne_driver/share/velodyne_driver/hook/cmake_prefix_path.ps1'
[0.586s] INFO:colcon.colcon_core.shell:Creating environment descriptor '/home/jeongil/ros_foxy_ws/velodyne_ws/install/velodyne_driver/share/velodyne_driver/hook/cmake_prefix_path.dsv'
[0.586s] INFO:colcon.colcon_core.shell:Creating environment hook '/home/jeongil/ros_foxy_ws/velodyne_ws/install/velodyne_driver/share/velodyne_driver/hook/cmake_prefix_path.sh'
[0.586s] Level 1:colcon.colcon_core.environment:checking '/home/jeongil/ros_foxy_ws/velodyne_ws/install/velodyne_driver/lib'
[0.586s] Level 1:colcon.colcon_core.shell:create_environment_hook('velodyne_driver', 'ld_library_path_lib')
[0.587s] INFO:colcon.colcon_core.shell:Creating environment hook '/home/jeongil/ros_foxy_ws/velodyne_ws/install/velodyne_driver/share/velodyne_driver/hook/ld_library_path_lib.ps1'
[0.587s] INFO:colcon.colcon_core.shell:Creating environment descriptor '/home/jeongil/ros_foxy_ws/velodyne_ws/install/velodyne_driver/share/velodyne_driver/hook/ld_library_path_lib.dsv'
[0.587s] INFO:colcon.colcon_core.shell:Creating environment hook '/home/jeongil/ros_foxy_ws/velodyne_ws/install/velodyne_driver/share/velodyne_driver/hook/ld_library_path_lib.sh'
[0.587s] Level 1:colcon.colcon_core.environment:checking '/home/jeongil/ros_foxy_ws/velodyne_ws/install/velodyne_driver/bin'
[0.587s] Level 1:colcon.colcon_core.environment:checking '/home/jeongil/ros_foxy_ws/velodyne_ws/install/velodyne_driver/lib/pkgconfig/velodyne_driver.pc'
[0.588s] Level 1:colcon.colcon_core.environment:checking '/home/jeongil/ros_foxy_ws/velodyne_ws/install/velodyne_driver/lib/python3.8/site-packages'
[0.588s] Level 1:colcon.colcon_core.environment:checking '/home/jeongil/ros_foxy_ws/velodyne_ws/install/velodyne_driver/bin'
[0.588s] INFO:colcon.colcon_core.shell:Creating package script '/home/jeongil/ros_foxy_ws/velodyne_ws/install/velodyne_driver/share/velodyne_driver/package.ps1'
[0.589s] INFO:colcon.colcon_core.shell:Creating package descriptor '/home/jeongil/ros_foxy_ws/velodyne_ws/install/velodyne_driver/share/velodyne_driver/package.dsv'
[0.589s] INFO:colcon.colcon_core.shell:Creating package script '/home/jeongil/ros_foxy_ws/velodyne_ws/install/velodyne_driver/share/velodyne_driver/package.sh'
[0.589s] INFO:colcon.colcon_core.shell:Creating package script '/home/jeongil/ros_foxy_ws/velodyne_ws/install/velodyne_driver/share/velodyne_driver/package.bash'
[0.589s] INFO:colcon.colcon_core.shell:Creating package script '/home/jeongil/ros_foxy_ws/velodyne_ws/install/velodyne_driver/share/velodyne_driver/package.zsh'
[0.589s] Level 1:colcon.colcon_core.environment:create_file_with_runtime_dependencies(/home/jeongil/ros_foxy_ws/velodyne_ws/install/velodyne_driver/share/colcon-core/packages/velodyne_driver)
[0.594s] Level 1:colcon.colcon_core.environment:create_environment_scripts_only(velodyne_pointcloud)
[0.595s] Level 1:colcon.colcon_core.environment:checking '/home/jeongil/ros_foxy_ws/velodyne_ws/install/velodyne_pointcloud' for CMake module files
[0.595s] Level 1:colcon.colcon_core.environment:checking '/home/jeongil/ros_foxy_ws/velodyne_ws/install/velodyne_pointcloud' for CMake config files
[0.595s] Level 1:colcon.colcon_core.shell:create_environment_hook('velodyne_pointcloud', 'cmake_prefix_path')
[0.596s] INFO:colcon.colcon_core.shell:Creating environment hook '/home/jeongil/ros_foxy_ws/velodyne_ws/install/velodyne_pointcloud/share/velodyne_pointcloud/hook/cmake_prefix_path.ps1'
[0.596s] INFO:colcon.colcon_core.shell:Creating environment descriptor '/home/jeongil/ros_foxy_ws/velodyne_ws/install/velodyne_pointcloud/share/velodyne_pointcloud/hook/cmake_prefix_path.dsv'
[0.596s] INFO:colcon.colcon_core.shell:Creating environment hook '/home/jeongil/ros_foxy_ws/velodyne_ws/install/velodyne_pointcloud/share/velodyne_pointcloud/hook/cmake_prefix_path.sh'
[0.596s] Level 1:colcon.colcon_core.environment:checking '/home/jeongil/ros_foxy_ws/velodyne_ws/install/velodyne_pointcloud/lib'
[0.597s] Level 1:colcon.colcon_core.shell:create_environment_hook('velodyne_pointcloud', 'ld_library_path_lib')
[0.597s] INFO:colcon.colcon_core.shell:Creating environment hook '/home/jeongil/ros_foxy_ws/velodyne_ws/install/velodyne_pointcloud/share/velodyne_pointcloud/hook/ld_library_path_lib.ps1'
[0.597s] INFO:colcon.colcon_core.shell:Creating environment descriptor '/home/jeongil/ros_foxy_ws/velodyne_ws/install/velodyne_pointcloud/share/velodyne_pointcloud/hook/ld_library_path_lib.dsv'
[0.597s] INFO:colcon.colcon_core.shell:Creating environment hook '/home/jeongil/ros_foxy_ws/velodyne_ws/install/velodyne_pointcloud/share/velodyne_pointcloud/hook/ld_library_path_lib.sh'
[0.598s] Level 1:colcon.colcon_core.environment:checking '/home/jeongil/ros_foxy_ws/velodyne_ws/install/velodyne_pointcloud/bin'
[0.598s] Level 1:colcon.colcon_core.environment:checking '/home/jeongil/ros_foxy_ws/velodyne_ws/install/velodyne_pointcloud/lib/pkgconfig/velodyne_pointcloud.pc'
[0.598s] Level 1:colcon.colcon_core.environment:checking '/home/jeongil/ros_foxy_ws/velodyne_ws/install/velodyne_pointcloud/lib/python3.8/site-packages'
[0.598s] Level 1:colcon.colcon_core.environment:checking '/home/jeongil/ros_foxy_ws/velodyne_ws/install/velodyne_pointcloud/bin'
[0.598s] INFO:colcon.colcon_core.shell:Creating package script '/home/jeongil/ros_foxy_ws/velodyne_ws/install/velodyne_pointcloud/share/velodyne_pointcloud/package.ps1'
[0.599s] INFO:colcon.colcon_core.shell:Creating package descriptor '/home/jeongil/ros_foxy_ws/velodyne_ws/install/velodyne_pointcloud/share/velodyne_pointcloud/package.dsv'
[0.599s] INFO:colcon.colcon_core.shell:Creating package script '/home/jeongil/ros_foxy_ws/velodyne_ws/install/velodyne_pointcloud/share/velodyne_pointcloud/package.sh'
[0.599s] INFO:colcon.colcon_core.shell:Creating package script '/home/jeongil/ros_foxy_ws/velodyne_ws/install/velodyne_pointcloud/share/velodyne_pointcloud/package.bash'
[0.599s] INFO:colcon.colcon_core.shell:Creating package script '/home/jeongil/ros_foxy_ws/velodyne_ws/install/velodyne_pointcloud/share/velodyne_pointcloud/package.zsh'
[0.599s] Level 1:colcon.colcon_core.environment:create_file_with_runtime_dependencies(/home/jeongil/ros_foxy_ws/velodyne_ws/install/velodyne_pointcloud/share/colcon-core/packages/velodyne_pointcloud)
[0.600s] INFO:colcon.colcon_ros.task.ament_cmake.build:Building ROS package in '/home/jeongil/ros_foxy_ws/velodyne_ws/src/velodyne-ros2/velodyne' with build type 'ament_cmake'
[0.600s] INFO:colcon.colcon_cmake.task.cmake.build:Building CMake package in '/home/jeongil/ros_foxy_ws/velodyne_ws/src/velodyne-ros2/velodyne'
[0.600s] INFO:colcon.colcon_core.shell:Skip shell extension 'powershell' for command environment: Not usable outside of PowerShell
[0.600s] DEBUG:colcon.colcon_core.shell:Skip shell extension 'dsv' for command environment
[0.607s] DEBUG:colcon.colcon_core.event_handler.log_command:Invoking command in '/home/jeongil/ros_foxy_ws/velodyne_ws/build/velodyne': AMENT_PREFIX_PATH=/home/jeongil/ros_foxy_ws/velodyne_ws/install/velodyne_pointcloud:/home/jeongil/ros_foxy_ws/velodyne_ws/install/velodyne_driver:/home/jeongil/ros_foxy_ws/velodyne_ws/install/velodyne_msgs:/home/jeongil/ros_foxy_ws/velodyne_ws/install/velodyne_laserscan:${AMENT_PREFIX_PATH} CMAKE_PREFIX_PATH=/home/jeongil/ros_foxy_ws/velodyne_ws/install/velodyne_pointcloud:/home/jeongil/ros_foxy_ws/velodyne_ws/install/velodyne_driver:/home/jeongil/ros_foxy_ws/velodyne_ws/install/velodyne_msgs:/home/jeongil/ros_foxy_ws/velodyne_ws/install/velodyne_laserscan:/opt/ros/foxy LD_LIBRARY_PATH=/home/jeongil/ros_foxy_ws/velodyne_ws/install/velodyne_pointcloud/lib:/home/jeongil/ros_foxy_ws/velodyne_ws/install/velodyne_driver/lib:/home/jeongil/ros_foxy_ws/velodyne_ws/install/velodyne_msgs/lib:/home/jeongil/ros_foxy_ws/velodyne_ws/install/velodyne_laserscan/lib:${LD_LIBRARY_PATH} PYTHONPATH=/home/jeongil/ros_foxy_ws/velodyne_ws/install/velodyne_msgs/lib/python3.8/site-packages:${PYTHONPATH} /usr/bin/cmake --build /home/jeongil/ros_foxy_ws/velodyne_ws/build/velodyne -- -j20 -l20
[0.625s] DEBUG:colcon.colcon_core.event_handler.log_command:Invoked command in '/home/jeongil/ros_foxy_ws/velodyne_ws/build/velodyne' returned '0': AMENT_PREFIX_PATH=/home/jeongil/ros_foxy_ws/velodyne_ws/install/velodyne_pointcloud:/home/jeongil/ros_foxy_ws/velodyne_ws/install/velodyne_driver:/home/jeongil/ros_foxy_ws/velodyne_ws/install/velodyne_msgs:/home/jeongil/ros_foxy_ws/velodyne_ws/install/velodyne_laserscan:${AMENT_PREFIX_PATH} CMAKE_PREFIX_PATH=/home/jeongil/ros_foxy_ws/velodyne_ws/install/velodyne_pointcloud:/home/jeongil/ros_foxy_ws/velodyne_ws/install/velodyne_driver:/home/jeongil/ros_foxy_ws/velodyne_ws/install/velodyne_msgs:/home/jeongil/ros_foxy_ws/velodyne_ws/install/velodyne_laserscan:/opt/ros/foxy LD_LIBRARY_PATH=/home/jeongil/ros_foxy_ws/velodyne_ws/install/velodyne_pointcloud/lib:/home/jeongil/ros_foxy_ws/velodyne_ws/install/velodyne_driver/lib:/home/jeongil/ros_foxy_ws/velodyne_ws/install/velodyne_msgs/lib:/home/jeongil/ros_foxy_ws/velodyne_ws/install/velodyne_laserscan/lib:${LD_LIBRARY_PATH} PYTHONPATH=/home/jeongil/ros_foxy_ws/velodyne_ws/install/velodyne_msgs/lib/python3.8/site-packages:${PYTHONPATH} /usr/bin/cmake --build /home/jeongil/ros_foxy_ws/velodyne_ws/build/velodyne -- -j20 -l20
[0.636s] DEBUG:colcon.colcon_core.event_handler.log_command:Invoking command in '/home/jeongil/ros_foxy_ws/velodyne_ws/build/velodyne': AMENT_PREFIX_PATH=/home/jeongil/ros_foxy_ws/velodyne_ws/install/velodyne_pointcloud:/home/jeongil/ros_foxy_ws/velodyne_ws/install/velodyne_driver:/home/jeongil/ros_foxy_ws/velodyne_ws/install/velodyne_msgs:/home/jeongil/ros_foxy_ws/velodyne_ws/install/velodyne_laserscan:${AMENT_PREFIX_PATH} CMAKE_PREFIX_PATH=/home/jeongil/ros_foxy_ws/velodyne_ws/install/velodyne_pointcloud:/home/jeongil/ros_foxy_ws/velodyne_ws/install/velodyne_driver:/home/jeongil/ros_foxy_ws/velodyne_ws/install/velodyne_msgs:/home/jeongil/ros_foxy_ws/velodyne_ws/install/velodyne_laserscan:/opt/ros/foxy LD_LIBRARY_PATH=/home/jeongil/ros_foxy_ws/velodyne_ws/install/velodyne_pointcloud/lib:/home/jeongil/ros_foxy_ws/velodyne_ws/install/velodyne_driver/lib:/home/jeongil/ros_foxy_ws/velodyne_ws/install/velodyne_msgs/lib:/home/jeongil/ros_foxy_ws/velodyne_ws/install/velodyne_laserscan/lib:${LD_LIBRARY_PATH} PYTHONPATH=/home/jeongil/ros_foxy_ws/velodyne_ws/install/velodyne_msgs/lib/python3.8/site-packages:${PYTHONPATH} /usr/bin/cmake --install /home/jeongil/ros_foxy_ws/velodyne_ws/build/velodyne
[0.641s] Level 1:colcon.colcon_core.environment:create_environment_scripts_only(velodyne)
[0.642s] Level 1:colcon.colcon_core.environment:checking '/home/jeongil/ros_foxy_ws/velodyne_ws/install/velodyne' for CMake module files
[0.642s] DEBUG:colcon.colcon_core.event_handler.log_command:Invoked command in '/home/jeongil/ros_foxy_ws/velodyne_ws/build/velodyne' returned '0': AMENT_PREFIX_PATH=/home/jeongil/ros_foxy_ws/velodyne_ws/install/velodyne_pointcloud:/home/jeongil/ros_foxy_ws/velodyne_ws/install/velodyne_driver:/home/jeongil/ros_foxy_ws/velodyne_ws/install/velodyne_msgs:/home/jeongil/ros_foxy_ws/velodyne_ws/install/velodyne_laserscan:${AMENT_PREFIX_PATH} CMAKE_PREFIX_PATH=/home/jeongil/ros_foxy_ws/velodyne_ws/install/velodyne_pointcloud:/home/jeongil/ros_foxy_ws/velodyne_ws/install/velodyne_driver:/home/jeongil/ros_foxy_ws/velodyne_ws/install/velodyne_msgs:/home/jeongil/ros_foxy_ws/velodyne_ws/install/velodyne_laserscan:/opt/ros/foxy LD_LIBRARY_PATH=/home/jeongil/ros_foxy_ws/velodyne_ws/install/velodyne_pointcloud/lib:/home/jeongil/ros_foxy_ws/velodyne_ws/install/velodyne_driver/lib:/home/jeongil/ros_foxy_ws/velodyne_ws/install/velodyne_msgs/lib:/home/jeongil/ros_foxy_ws/velodyne_ws/install/velodyne_laserscan/lib:${LD_LIBRARY_PATH} PYTHONPATH=/home/jeongil/ros_foxy_ws/velodyne_ws/install/velodyne_msgs/lib/python3.8/site-packages:${PYTHONPATH} /usr/bin/cmake --install /home/jeongil/ros_foxy_ws/velodyne_ws/build/velodyne
[0.643s] Level 1:colcon.colcon_core.environment:checking '/home/jeongil/ros_foxy_ws/velodyne_ws/install/velodyne' for CMake config files
[0.643s] Level 1:colcon.colcon_core.shell:create_environment_hook('velodyne', 'cmake_prefix_path')
[0.643s] INFO:colcon.colcon_core.shell:Creating environment hook '/home/jeongil/ros_foxy_ws/velodyne_ws/install/velodyne/share/velodyne/hook/cmake_prefix_path.ps1'
[0.644s] INFO:colcon.colcon_core.shell:Creating environment descriptor '/home/jeongil/ros_foxy_ws/velodyne_ws/install/velodyne/share/velodyne/hook/cmake_prefix_path.dsv'
[0.644s] INFO:colcon.colcon_core.shell:Creating environment hook '/home/jeongil/ros_foxy_ws/velodyne_ws/install/velodyne/share/velodyne/hook/cmake_prefix_path.sh'
[0.644s] Level 1:colcon.colcon_core.environment:checking '/home/jeongil/ros_foxy_ws/velodyne_ws/install/velodyne/bin'
[0.644s] Level 1:colcon.colcon_core.environment:checking '/home/jeongil/ros_foxy_ws/velodyne_ws/install/velodyne/lib/pkgconfig/velodyne.pc'
[0.644s] Level 1:colcon.colcon_core.environment:checking '/home/jeongil/ros_foxy_ws/velodyne_ws/install/velodyne/lib/python3.8/site-packages'
[0.644s] Level 1:colcon.colcon_core.environment:checking '/home/jeongil/ros_foxy_ws/velodyne_ws/install/velodyne/bin'
[0.645s] INFO:colcon.colcon_core.shell:Creating package script '/home/jeongil/ros_foxy_ws/velodyne_ws/install/velodyne/share/velodyne/package.ps1'
[0.645s] INFO:colcon.colcon_core.shell:Creating package descriptor '/home/jeongil/ros_foxy_ws/velodyne_ws/install/velodyne/share/velodyne/package.dsv'
[0.646s] INFO:colcon.colcon_core.shell:Creating package script '/home/jeongil/ros_foxy_ws/velodyne_ws/install/velodyne/share/velodyne/package.sh'
[0.646s] INFO:colcon.colcon_core.shell:Creating package script '/home/jeongil/ros_foxy_ws/velodyne_ws/install/velodyne/share/velodyne/package.bash'
[0.646s] INFO:colcon.colcon_core.shell:Creating package script '/home/jeongil/ros_foxy_ws/velodyne_ws/install/velodyne/share/velodyne/package.zsh'
[0.646s] Level 1:colcon.colcon_core.environment:create_file_with_runtime_dependencies(/home/jeongil/ros_foxy_ws/velodyne_ws/install/velodyne/share/colcon-core/packages/velodyne)
[0.656s] Level 1:colcon.colcon_core.environment:create_environment_scripts_only(velodyne)
[0.657s] Level 1:colcon.colcon_core.environment:checking '/home/jeongil/ros_foxy_ws/velodyne_ws/install/velodyne' for CMake module files
[0.657s] Level 1:colcon.colcon_core.environment:checking '/home/jeongil/ros_foxy_ws/velodyne_ws/install/velodyne' for CMake config files
[0.657s] Level 1:colcon.colcon_core.shell:create_environment_hook('velodyne', 'cmake_prefix_path')
[0.658s] INFO:colcon.colcon_core.shell:Creating environment hook '/home/jeongil/ros_foxy_ws/velodyne_ws/install/velodyne/share/velodyne/hook/cmake_prefix_path.ps1'
[0.658s] INFO:colcon.colcon_core.shell:Creating environment descriptor '/home/jeongil/ros_foxy_ws/velodyne_ws/install/velodyne/share/velodyne/hook/cmake_prefix_path.dsv'
[0.659s] INFO:colcon.colcon_core.shell:Creating environment hook '/home/jeongil/ros_foxy_ws/velodyne_ws/install/velodyne/share/velodyne/hook/cmake_prefix_path.sh'
[0.659s] Level 1:colcon.colcon_core.environment:checking '/home/jeongil/ros_foxy_ws/velodyne_ws/install/velodyne/bin'
[0.659s] Level 1:colcon.colcon_core.environment:checking '/home/jeongil/ros_foxy_ws/velodyne_ws/install/velodyne/lib/pkgconfig/velodyne.pc'
[0.659s] Level 1:colcon.colcon_core.environment:checking '/home/jeongil/ros_foxy_ws/velodyne_ws/install/velodyne/lib/python3.8/site-packages'
[0.659s] Level 1:colcon.colcon_core.environment:checking '/home/jeongil/ros_foxy_ws/velodyne_ws/install/velodyne/bin'
[0.660s] INFO:colcon.colcon_core.shell:Creating package script '/home/jeongil/ros_foxy_ws/velodyne_ws/install/velodyne/share/velodyne/package.ps1'
[0.660s] INFO:colcon.colcon_core.shell:Creating package descriptor '/home/jeongil/ros_foxy_ws/velodyne_ws/install/velodyne/share/velodyne/package.dsv'
[0.660s] INFO:colcon.colcon_core.shell:Creating package script '/home/jeongil/ros_foxy_ws/velodyne_ws/install/velodyne/share/velodyne/package.sh'
[0.660s] INFO:colcon.colcon_core.shell:Creating package script '/home/jeongil/ros_foxy_ws/velodyne_ws/install/velodyne/share/velodyne/package.bash'
[0.661s] INFO:colcon.colcon_core.shell:Creating package script '/home/jeongil/ros_foxy_ws/velodyne_ws/install/velodyne/share/velodyne/package.zsh'
[0.661s] Level 1:colcon.colcon_core.environment:create_file_with_runtime_dependencies(/home/jeongil/ros_foxy_ws/velodyne_ws/install/velodyne/share/colcon-core/packages/velodyne)
[1.021s] DEBUG:colcon.colcon_core.event_handler.log_command:Invoked command in '/home/jeongil/ros_foxy_ws/velodyne_ws/build/cloud_msgs' returned '0': CMAKE_PREFIX_PATH=/opt/ros/foxy /usr/bin/cmake /home/jeongil/ros_foxy_ws/velodyne_ws/src/LeGO-LOAM-SR/cloud_msgs -DCMAKE_INSTALL_PREFIX=/home/jeongil/ros_foxy_ws/velodyne_ws/install/cloud_msgs
[1.022s] DEBUG:colcon.colcon_core.event_handler.log_command:Invoking command in '/home/jeongil/ros_foxy_ws/velodyne_ws/build/cloud_msgs': CMAKE_PREFIX_PATH=/opt/ros/foxy /usr/bin/cmake --build /home/jeongil/ros_foxy_ws/velodyne_ws/build/cloud_msgs -- -j20 -l20
[2.374s] DEBUG:colcon.colcon_core.event_handler.log_command:Invoked command in '/home/jeongil/ros_foxy_ws/velodyne_ws/build/cloud_msgs' returned '0': CMAKE_PREFIX_PATH=/opt/ros/foxy /usr/bin/cmake --build /home/jeongil/ros_foxy_ws/velodyne_ws/build/cloud_msgs -- -j20 -l20
[2.393s] DEBUG:colcon.colcon_core.event_handler.log_command:Invoking command in '/home/jeongil/ros_foxy_ws/velodyne_ws/build/cloud_msgs': CMAKE_PREFIX_PATH=/opt/ros/foxy /usr/bin/cmake --install /home/jeongil/ros_foxy_ws/velodyne_ws/build/cloud_msgs
[2.423s] Level 1:colcon.colcon_core.environment:create_environment_scripts_only(cloud_msgs)
[2.425s] Level 1:colcon.colcon_core.environment:checking '/home/jeongil/ros_foxy_ws/velodyne_ws/install/cloud_msgs' for CMake module files
[2.425s] DEBUG:colcon.colcon_core.event_handler.log_command:Invoked command in '/home/jeongil/ros_foxy_ws/velodyne_ws/build/cloud_msgs' returned '0': CMAKE_PREFIX_PATH=/opt/ros/foxy /usr/bin/cmake --install /home/jeongil/ros_foxy_ws/velodyne_ws/build/cloud_msgs
[2.425s] Level 1:colcon.colcon_core.environment:checking '/home/jeongil/ros_foxy_ws/velodyne_ws/install/cloud_msgs' for CMake config files
[2.425s] Level 1:colcon.colcon_core.shell:create_environment_hook('cloud_msgs', 'cmake_prefix_path')
[2.426s] INFO:colcon.colcon_core.shell:Creating environment hook '/home/jeongil/ros_foxy_ws/velodyne_ws/install/cloud_msgs/share/cloud_msgs/hook/cmake_prefix_path.ps1'
[2.426s] INFO:colcon.colcon_core.shell:Creating environment descriptor '/home/jeongil/ros_foxy_ws/velodyne_ws/install/cloud_msgs/share/cloud_msgs/hook/cmake_prefix_path.dsv'
[2.426s] INFO:colcon.colcon_core.shell:Creating environment hook '/home/jeongil/ros_foxy_ws/velodyne_ws/install/cloud_msgs/share/cloud_msgs/hook/cmake_prefix_path.sh'
[2.427s] Level 1:colcon.colcon_core.environment:checking '/home/jeongil/ros_foxy_ws/velodyne_ws/install/cloud_msgs/lib'
[2.427s] Level 1:colcon.colcon_core.shell:create_environment_hook('cloud_msgs', 'ld_library_path_lib')
[2.427s] INFO:colcon.colcon_core.shell:Creating environment hook '/home/jeongil/ros_foxy_ws/velodyne_ws/install/cloud_msgs/share/cloud_msgs/hook/ld_library_path_lib.ps1'
[2.427s] INFO:colcon.colcon_core.shell:Creating environment descriptor '/home/jeongil/ros_foxy_ws/velodyne_ws/install/cloud_msgs/share/cloud_msgs/hook/ld_library_path_lib.dsv'
[2.427s] INFO:colcon.colcon_core.shell:Creating environment hook '/home/jeongil/ros_foxy_ws/velodyne_ws/install/cloud_msgs/share/cloud_msgs/hook/ld_library_path_lib.sh'
[2.428s] Level 1:colcon.colcon_core.environment:checking '/home/jeongil/ros_foxy_ws/velodyne_ws/install/cloud_msgs/bin'
[2.428s] Level 1:colcon.colcon_core.environment:checking '/home/jeongil/ros_foxy_ws/velodyne_ws/install/cloud_msgs/lib/pkgconfig/cloud_msgs.pc'
[2.428s] Level 1:colcon.colcon_core.environment:checking '/home/jeongil/ros_foxy_ws/velodyne_ws/install/cloud_msgs/lib/python3.8/site-packages'
[2.428s] Level 1:colcon.colcon_core.shell:create_environment_hook('cloud_msgs', 'pythonpath')
[2.428s] INFO:colcon.colcon_core.shell:Creating environment hook '/home/jeongil/ros_foxy_ws/velodyne_ws/install/cloud_msgs/share/cloud_msgs/hook/pythonpath.ps1'
[2.429s] INFO:colcon.colcon_core.shell:Creating environment descriptor '/home/jeongil/ros_foxy_ws/velodyne_ws/install/cloud_msgs/share/cloud_msgs/hook/pythonpath.dsv'
[2.429s] INFO:colcon.colcon_core.shell:Creating environment hook '/home/jeongil/ros_foxy_ws/velodyne_ws/install/cloud_msgs/share/cloud_msgs/hook/pythonpath.sh'
[2.429s] Level 1:colcon.colcon_core.environment:checking '/home/jeongil/ros_foxy_ws/velodyne_ws/install/cloud_msgs/bin'
[2.429s] INFO:colcon.colcon_core.shell:Creating package script '/home/jeongil/ros_foxy_ws/velodyne_ws/install/cloud_msgs/share/cloud_msgs/package.ps1'
[2.430s] INFO:colcon.colcon_core.shell:Creating package descriptor '/home/jeongil/ros_foxy_ws/velodyne_ws/install/cloud_msgs/share/cloud_msgs/package.dsv'
[2.430s] INFO:colcon.colcon_core.shell:Creating package script '/home/jeongil/ros_foxy_ws/velodyne_ws/install/cloud_msgs/share/cloud_msgs/package.sh'
[2.430s] INFO:colcon.colcon_core.shell:Creating package script '/home/jeongil/ros_foxy_ws/velodyne_ws/install/cloud_msgs/share/cloud_msgs/package.bash'
[2.430s] INFO:colcon.colcon_core.shell:Creating package script '/home/jeongil/ros_foxy_ws/velodyne_ws/install/cloud_msgs/share/cloud_msgs/package.zsh'
[2.430s] Level 1:colcon.colcon_core.environment:create_file_with_runtime_dependencies(/home/jeongil/ros_foxy_ws/velodyne_ws/install/cloud_msgs/share/colcon-core/packages/cloud_msgs)
[2.457s] Level 1:colcon.colcon_core.environment:create_environment_scripts_only(cloud_msgs)
[2.458s] Level 1:colcon.colcon_core.environment:checking '/home/jeongil/ros_foxy_ws/velodyne_ws/install/cloud_msgs' for CMake module files
[2.458s] Level 1:colcon.colcon_core.environment:checking '/home/jeongil/ros_foxy_ws/velodyne_ws/install/cloud_msgs' for CMake config files
[2.458s] Level 1:colcon.colcon_core.shell:create_environment_hook('cloud_msgs', 'cmake_prefix_path')
[2.459s] INFO:colcon.colcon_core.shell:Creating environment hook '/home/jeongil/ros_foxy_ws/velodyne_ws/install/cloud_msgs/share/cloud_msgs/hook/cmake_prefix_path.ps1'
[2.459s] INFO:colcon.colcon_core.shell:Creating environment descriptor '/home/jeongil/ros_foxy_ws/velodyne_ws/install/cloud_msgs/share/cloud_msgs/hook/cmake_prefix_path.dsv'
[2.459s] INFO:colcon.colcon_core.shell:Creating environment hook '/home/jeongil/ros_foxy_ws/velodyne_ws/install/cloud_msgs/share/cloud_msgs/hook/cmake_prefix_path.sh'
[2.460s] Level 1:colcon.colcon_core.environment:checking '/home/jeongil/ros_foxy_ws/velodyne_ws/install/cloud_msgs/lib'
[2.460s] Level 1:colcon.colcon_core.shell:create_environment_hook('cloud_msgs', 'ld_library_path_lib')
[2.460s] INFO:colcon.colcon_core.shell:Creating environment hook '/home/jeongil/ros_foxy_ws/velodyne_ws/install/cloud_msgs/share/cloud_msgs/hook/ld_library_path_lib.ps1'
[2.461s] INFO:colcon.colcon_core.shell:Creating environment descriptor '/home/jeongil/ros_foxy_ws/velodyne_ws/install/cloud_msgs/share/cloud_msgs/hook/ld_library_path_lib.dsv'
[2.461s] INFO:colcon.colcon_core.shell:Creating environment hook '/home/jeongil/ros_foxy_ws/velodyne_ws/install/cloud_msgs/share/cloud_msgs/hook/ld_library_path_lib.sh'
[2.461s] Level 1:colcon.colcon_core.environment:checking '/home/jeongil/ros_foxy_ws/velodyne_ws/install/cloud_msgs/bin'
[2.461s] Level 1:colcon.colcon_core.environment:checking '/home/jeongil/ros_foxy_ws/velodyne_ws/install/cloud_msgs/lib/pkgconfig/cloud_msgs.pc'
[2.461s] Level 1:colcon.colcon_core.environment:checking '/home/jeongil/ros_foxy_ws/velodyne_ws/install/cloud_msgs/lib/python3.8/site-packages'
[2.461s] Level 1:colcon.colcon_core.shell:create_environment_hook('cloud_msgs', 'pythonpath')
[2.462s] INFO:colcon.colcon_core.shell:Creating environment hook '/home/jeongil/ros_foxy_ws/velodyne_ws/install/cloud_msgs/share/cloud_msgs/hook/pythonpath.ps1'
[2.462s] INFO:colcon.colcon_core.shell:Creating environment descriptor '/home/jeongil/ros_foxy_ws/velodyne_ws/install/cloud_msgs/share/cloud_msgs/hook/pythonpath.dsv'
[2.463s] INFO:colcon.colcon_core.shell:Creating environment hook '/home/jeongil/ros_foxy_ws/velodyne_ws/install/cloud_msgs/share/cloud_msgs/hook/pythonpath.sh'
[2.463s] Level 1:colcon.colcon_core.environment:checking '/home/jeongil/ros_foxy_ws/velodyne_ws/install/cloud_msgs/bin'
[2.464s] INFO:colcon.colcon_core.shell:Creating package script '/home/jeongil/ros_foxy_ws/velodyne_ws/install/cloud_msgs/share/cloud_msgs/package.ps1'
[2.464s] INFO:colcon.colcon_core.shell:Creating package descriptor '/home/jeongil/ros_foxy_ws/velodyne_ws/install/cloud_msgs/share/cloud_msgs/package.dsv'
[2.465s] INFO:colcon.colcon_core.shell:Creating package script '/home/jeongil/ros_foxy_ws/velodyne_ws/install/cloud_msgs/share/cloud_msgs/package.sh'
[2.465s] INFO:colcon.colcon_core.shell:Creating package script '/home/jeongil/ros_foxy_ws/velodyne_ws/install/cloud_msgs/share/cloud_msgs/package.bash'
[2.465s] INFO:colcon.colcon_core.shell:Creating package script '/home/jeongil/ros_foxy_ws/velodyne_ws/install/cloud_msgs/share/cloud_msgs/package.zsh'
[2.465s] Level 1:colcon.colcon_core.environment:create_file_with_runtime_dependencies(/home/jeongil/ros_foxy_ws/velodyne_ws/install/cloud_msgs/share/colcon-core/packages/cloud_msgs)
[2.465s] INFO:colcon.colcon_ros.task.ament_cmake.build:Building ROS package in '/home/jeongil/ros_foxy_ws/velodyne_ws/src/LeGO-LOAM-SR/LeGO-LOAM' with build type 'ament_cmake'
[2.465s] INFO:colcon.colcon_cmake.task.cmake.build:Building CMake package in '/home/jeongil/ros_foxy_ws/velodyne_ws/src/LeGO-LOAM-SR/LeGO-LOAM'
[2.466s] INFO:colcon.colcon_core.shell:Skip shell extension 'powershell' for command environment: Not usable outside of PowerShell
[2.466s] DEBUG:colcon.colcon_core.shell:Skip shell extension 'dsv' for command environment
[2.472s] DEBUG:colcon.colcon_core.event_handler.log_command:Invoking command in '/home/jeongil/ros_foxy_ws/velodyne_ws/build/lego_loam_sr': AMENT_PREFIX_PATH=/home/jeongil/ros_foxy_ws/velodyne_ws/install/cloud_msgs:${AMENT_PREFIX_PATH} CMAKE_PREFIX_PATH=/home/jeongil/ros_foxy_ws/velodyne_ws/install/cloud_msgs:/opt/ros/foxy LD_LIBRARY_PATH=/home/jeongil/ros_foxy_ws/velodyne_ws/install/cloud_msgs/lib:${LD_LIBRARY_PATH} PYTHONPATH=/home/jeongil/ros_foxy_ws/velodyne_ws/install/cloud_msgs/lib/python3.8/site-packages:${PYTHONPATH} /usr/bin/cmake /home/jeongil/ros_foxy_ws/velodyne_ws/src/LeGO-LOAM-SR/LeGO-LOAM -DCMAKE_INSTALL_PREFIX=/home/jeongil/ros_foxy_ws/velodyne_ws/install/lego_loam_sr
[4.133s] DEBUG:colcon.colcon_core.event_handler.log_command:Invoked command in '/home/jeongil/ros_foxy_ws/velodyne_ws/build/lego_loam_sr' returned '1': AMENT_PREFIX_PATH=/home/jeongil/ros_foxy_ws/velodyne_ws/install/cloud_msgs:${AMENT_PREFIX_PATH} CMAKE_PREFIX_PATH=/home/jeongil/ros_foxy_ws/velodyne_ws/install/cloud_msgs:/opt/ros/foxy LD_LIBRARY_PATH=/home/jeongil/ros_foxy_ws/velodyne_ws/install/cloud_msgs/lib:${LD_LIBRARY_PATH} PYTHONPATH=/home/jeongil/ros_foxy_ws/velodyne_ws/install/cloud_msgs/lib/python3.8/site-packages:${PYTHONPATH} /usr/bin/cmake /home/jeongil/ros_foxy_ws/velodyne_ws/src/LeGO-LOAM-SR/LeGO-LOAM -DCMAKE_INSTALL_PREFIX=/home/jeongil/ros_foxy_ws/velodyne_ws/install/lego_loam_sr
[4.141s] Level 1:colcon.colcon_core.environment:create_environment_scripts_only(lego_loam_sr)
[4.142s] Level 1:colcon.colcon_core.environment:checking '/home/jeongil/ros_foxy_ws/velodyne_ws/install/lego_loam_sr' for CMake module files
[4.142s] Level 1:colcon.colcon_core.environment:checking '/home/jeongil/ros_foxy_ws/velodyne_ws/install/lego_loam_sr' for CMake config files
[4.142s] Level 1:colcon.colcon_core.environment:checking '/home/jeongil/ros_foxy_ws/velodyne_ws/install/lego_loam_sr/bin'
[4.142s] Level 1:colcon.colcon_core.environment:checking '/home/jeongil/ros_foxy_ws/velodyne_ws/install/lego_loam_sr/lib/pkgconfig/lego_loam_sr.pc'
[4.142s] Level 1:colcon.colcon_core.environment:checking '/home/jeongil/ros_foxy_ws/velodyne_ws/install/lego_loam_sr/lib/python3.8/site-packages'
[4.142s] Level 1:colcon.colcon_core.environment:checking '/home/jeongil/ros_foxy_ws/velodyne_ws/install/lego_loam_sr/bin'
[4.143s] INFO:colcon.colcon_core.shell:Creating package script '/home/jeongil/ros_foxy_ws/velodyne_ws/install/lego_loam_sr/share/lego_loam_sr/package.ps1'
[4.143s] INFO:colcon.colcon_core.shell:Creating package descriptor '/home/jeongil/ros_foxy_ws/velodyne_ws/install/lego_loam_sr/share/lego_loam_sr/package.dsv'
[4.143s] INFO:colcon.colcon_core.shell:Creating package script '/home/jeongil/ros_foxy_ws/velodyne_ws/install/lego_loam_sr/share/lego_loam_sr/package.sh'
[4.144s] INFO:colcon.colcon_core.shell:Creating package script '/home/jeongil/ros_foxy_ws/velodyne_ws/install/lego_loam_sr/share/lego_loam_sr/package.bash'
[4.144s] INFO:colcon.colcon_core.shell:Creating package script '/home/jeongil/ros_foxy_ws/velodyne_ws/install/lego_loam_sr/share/lego_loam_sr/package.zsh'
[4.144s] Level 1:colcon.colcon_core.environment:create_file_with_runtime_dependencies(/home/jeongil/ros_foxy_ws/velodyne_ws/install/lego_loam_sr/share/colcon-core/packages/lego_loam_sr)
[4.154s] DEBUG:colcon.colcon_parallel_executor.executor.parallel:closing loop
[4.154s] DEBUG:colcon.colcon_parallel_executor.executor.parallel:loop closed
[4.154s] DEBUG:colcon.colcon_parallel_executor.executor.parallel:run_until_complete finished with '1'
[4.154s] DEBUG:colcon.colcon_core.event_reactor:joining thread
[4.158s] INFO:colcon.colcon_core.plugin_system:Skipping extension 'colcon_notification.desktop_notification.terminal_notifier': Not used on non-Darwin systems
[4.158s] INFO:colcon.colcon_core.plugin_system:Skipping extension 'colcon_notification.desktop_notification.win32': Not used on non-Windows systems
[4.158s] INFO:colcon.colcon_notification.desktop_notification:Sending desktop notification using 'notify2'
[4.172s] DEBUG:colcon.colcon_core.event_reactor:joined thread
[4.174s] INFO:colcon.colcon_core.shell:Creating prefix script '/home/jeongil/ros_foxy_ws/velodyne_ws/install/local_setup.ps1'
[4.175s] INFO:colcon.colcon_core.shell:Creating prefix util module '/home/jeongil/ros_foxy_ws/velodyne_ws/install/_local_setup_util_ps1.py'
[4.176s] INFO:colcon.colcon_core.shell:Creating prefix chain script '/home/jeongil/ros_foxy_ws/velodyne_ws/install/setup.ps1'
[4.177s] INFO:colcon.colcon_core.shell:Creating prefix script '/home/jeongil/ros_foxy_ws/velodyne_ws/install/local_setup.sh'
[4.177s] INFO:colcon.colcon_core.shell:Creating prefix util module '/home/jeongil/ros_foxy_ws/velodyne_ws/install/_local_setup_util_sh.py'
[4.177s] INFO:colcon.colcon_core.shell:Creating prefix chain script '/home/jeongil/ros_foxy_ws/velodyne_ws/install/setup.sh'
[4.178s] INFO:colcon.colcon_core.shell:Creating prefix script '/home/jeongil/ros_foxy_ws/velodyne_ws/install/local_setup.bash'
[4.178s] INFO:colcon.colcon_core.shell:Creating prefix chain script '/home/jeongil/ros_foxy_ws/velodyne_ws/install/setup.bash'
[4.179s] INFO:colcon.colcon_core.shell:Creating prefix script '/home/jeongil/ros_foxy_ws/velodyne_ws/install/local_setup.zsh'
[4.180s] INFO:colcon.colcon_core.shell:Creating prefix chain script '/home/jeongil/ros_foxy_ws/velodyne_ws/install/setup.zsh'
