[0.270s] Invoking command in '/home/jeongil/ros_foxy_ws/velodyne_ws/build/velodyne_pointcloud': CMAKE_PREFIX_PATH=/home/jeongil/ros_foxy_ws/velodyne_ws/install/velodyne_msgs:/home/jeongil/ros_foxy_ws/velodyne_ws/install/velodyne:/home/jeongil/ros_foxy_ws/velodyne_ws/install/velodyne_pointcloud:/home/jeongil/ros_foxy_ws/velodyne_ws/install/velodyne_driver:/home/jeongil/ros_foxy_ws/velodyne_ws/install/velodyne_laserscan:/home/jeongil/ros_foxy_ws/velodyne_ws/install/lego_loam_sr:/home/jeongil/ros_foxy_ws/velodyne_ws/install/cloud_msgs:/home/jeongil/ros_foxy_ws/blickfeld_ws/install/blickfeld_driver:/home/jeongil/ros_foxy_ws/blickfeld_ws/install/blickfeld_pointcloud:/opt/ros/foxy CONDA_PROMPT_MODIFIER=(velodyne) LD_LIBRARY_PATH=/home/jeongil/ros_foxy_ws/velodyne_ws/install/velodyne_msgs/lib:/usr/local/cuda/lib64:/lib64:/home/jeongil/ros_foxy_ws/velodyne_ws/install/velodyne_pointcloud/lib:/home/jeongil/ros_foxy_ws/velodyne_ws/install/velodyne_driver/lib:/home/jeongil/ros_foxy_ws/velodyne_ws/install/velodyne_laserscan/lib:/home/jeongil/ros_foxy_ws/velodyne_ws/install/cloud_msgs/lib:/home/jeongil/ros_foxy_ws/blickfeld_ws/install/blickfeld_driver/lib:/opt/ros/foxy/opt/yaml_cpp_vendor/lib:/opt/ros/foxy/opt/rviz_ogre_vendor/lib:/opt/ros/foxy/lib/x86_64-linux-gnu:/opt/ros/foxy/lib:/lib /usr/bin/cmake --build /home/jeongil/ros_foxy_ws/velodyne_ws/build/velodyne_pointcloud -- -j20 -l20
[0.304s] [ 16%] Built target gtest_main
[0.304s] [ 22%] Built target gtest
[0.314s] [ 38%] Built target velodyne_rawdata
[0.316s] [ 55%] Built target velodyne_cloud_types
[0.325s] [ 66%] Built target test_row_step
[0.328s] [ 77%] Built target test_calibration
[0.336s] [ 88%] Built target transform
[0.356s] [100%] Built target velodyne_transform_node
[0.362s] Invoked command in '/home/jeongil/ros_foxy_ws/velodyne_ws/build/velodyne_pointcloud' returned '0': CMAKE_PREFIX_PATH=/home/jeongil/ros_foxy_ws/velodyne_ws/install/velodyne_msgs:/home/jeongil/ros_foxy_ws/velodyne_ws/install/velodyne:/home/jeongil/ros_foxy_ws/velodyne_ws/install/velodyne_pointcloud:/home/jeongil/ros_foxy_ws/velodyne_ws/install/velodyne_driver:/home/jeongil/ros_foxy_ws/velodyne_ws/install/velodyne_laserscan:/home/jeongil/ros_foxy_ws/velodyne_ws/install/lego_loam_sr:/home/jeongil/ros_foxy_ws/velodyne_ws/install/cloud_msgs:/home/jeongil/ros_foxy_ws/blickfeld_ws/install/blickfeld_driver:/home/jeongil/ros_foxy_ws/blickfeld_ws/install/blickfeld_pointcloud:/opt/ros/foxy CONDA_PROMPT_MODIFIER=(velodyne) LD_LIBRARY_PATH=/home/jeongil/ros_foxy_ws/velodyne_ws/install/velodyne_msgs/lib:/usr/local/cuda/lib64:/lib64:/home/jeongil/ros_foxy_ws/velodyne_ws/install/velodyne_pointcloud/lib:/home/jeongil/ros_foxy_ws/velodyne_ws/install/velodyne_driver/lib:/home/jeongil/ros_foxy_ws/velodyne_ws/install/velodyne_laserscan/lib:/home/jeongil/ros_foxy_ws/velodyne_ws/install/cloud_msgs/lib:/home/jeongil/ros_foxy_ws/blickfeld_ws/install/blickfeld_driver/lib:/opt/ros/foxy/opt/yaml_cpp_vendor/lib:/opt/ros/foxy/opt/rviz_ogre_vendor/lib:/opt/ros/foxy/lib/x86_64-linux-gnu:/opt/ros/foxy/lib:/lib /usr/bin/cmake --build /home/jeongil/ros_foxy_ws/velodyne_ws/build/velodyne_pointcloud -- -j20 -l20
[0.445s] Invoking command in '/home/jeongil/ros_foxy_ws/velodyne_ws/build/velodyne_pointcloud': CMAKE_PREFIX_PATH=/home/jeongil/ros_foxy_ws/velodyne_ws/install/velodyne_msgs:/home/jeongil/ros_foxy_ws/velodyne_ws/install/velodyne:/home/jeongil/ros_foxy_ws/velodyne_ws/install/velodyne_pointcloud:/home/jeongil/ros_foxy_ws/velodyne_ws/install/velodyne_driver:/home/jeongil/ros_foxy_ws/velodyne_ws/install/velodyne_laserscan:/home/jeongil/ros_foxy_ws/velodyne_ws/install/lego_loam_sr:/home/jeongil/ros_foxy_ws/velodyne_ws/install/cloud_msgs:/home/jeongil/ros_foxy_ws/blickfeld_ws/install/blickfeld_driver:/home/jeongil/ros_foxy_ws/blickfeld_ws/install/blickfeld_pointcloud:/opt/ros/foxy CONDA_PROMPT_MODIFIER=(velodyne) LD_LIBRARY_PATH=/home/jeongil/ros_foxy_ws/velodyne_ws/install/velodyne_msgs/lib:/usr/local/cuda/lib64:/lib64:/home/jeongil/ros_foxy_ws/velodyne_ws/install/velodyne_pointcloud/lib:/home/jeongil/ros_foxy_ws/velodyne_ws/install/velodyne_driver/lib:/home/jeongil/ros_foxy_ws/velodyne_ws/install/velodyne_laserscan/lib:/home/jeongil/ros_foxy_ws/velodyne_ws/install/cloud_msgs/lib:/home/jeongil/ros_foxy_ws/blickfeld_ws/install/blickfeld_driver/lib:/opt/ros/foxy/opt/yaml_cpp_vendor/lib:/opt/ros/foxy/opt/rviz_ogre_vendor/lib:/opt/ros/foxy/lib/x86_64-linux-gnu:/opt/ros/foxy/lib:/lib /usr/bin/cmake --install /home/jeongil/ros_foxy_ws/velodyne_ws/build/velodyne_pointcloud
[0.449s] -- Install configuration: ""
[0.449s] -- Up-to-date: /home/jeongil/ros_foxy_ws/velodyne_ws/install/velodyne_pointcloud/lib/libtransform.so
[0.449s] -- Up-to-date: /home/jeongil/ros_foxy_ws/velodyne_ws/install/velodyne_pointcloud/lib/velodyne_pointcloud/velodyne_transform_node
[0.450s] -- Up-to-date: /home/jeongil/ros_foxy_ws/velodyne_ws/install/velodyne_pointcloud/include/velodyne_pointcloud
[0.450s] -- Up-to-date: /home/jeongil/ros_foxy_ws/velodyne_ws/install/velodyne_pointcloud/include/velodyne_pointcloud/organized_cloudXYZIRT.hpp
[0.450s] -- Up-to-date: /home/jeongil/ros_foxy_ws/velodyne_ws/install/velodyne_pointcloud/include/velodyne_pointcloud/rawdata.hpp
[0.450s] -- Up-to-date: /home/jeongil/ros_foxy_ws/velodyne_ws/install/velodyne_pointcloud/include/velodyne_pointcloud/calibration.hpp
[0.450s] -- Up-to-date: /home/jeongil/ros_foxy_ws/velodyne_ws/install/velodyne_pointcloud/include/velodyne_pointcloud/pointcloudXYZIRT.hpp
[0.450s] -- Up-to-date: /home/jeongil/ros_foxy_ws/velodyne_ws/install/velodyne_pointcloud/include/velodyne_pointcloud/datacontainerbase.hpp
[0.450s] -- Up-to-date: /home/jeongil/ros_foxy_ws/velodyne_ws/install/velodyne_pointcloud/include/velodyne_pointcloud/transform.hpp
[0.450s] -- Up-to-date: /home/jeongil/ros_foxy_ws/velodyne_ws/install/velodyne_pointcloud/share/velodyne_pointcloud/config
[0.450s] -- Up-to-date: /home/jeongil/ros_foxy_ws/velodyne_ws/install/velodyne_pointcloud/share/velodyne_pointcloud/config/VLP16-velodyne_transform_node-params.yaml
[0.450s] -- Up-to-date: /home/jeongil/ros_foxy_ws/velodyne_ws/install/velodyne_pointcloud/share/velodyne_pointcloud/config/VLP32C-velodyne_transform_node-params.yaml
[0.450s] -- Up-to-date: /home/jeongil/ros_foxy_ws/velodyne_ws/install/velodyne_pointcloud/share/velodyne_pointcloud/launch
[0.450s] -- Up-to-date: /home/jeongil/ros_foxy_ws/velodyne_ws/install/velodyne_pointcloud/share/velodyne_pointcloud/launch/velodyne_transform_node-VLP32C-launch.py
[0.450s] -- Up-to-date: /home/jeongil/ros_foxy_ws/velodyne_ws/install/velodyne_pointcloud/share/velodyne_pointcloud/launch/velodyne_transform_node-VLP16-composed-launch.py
[0.450s] -- Up-to-date: /home/jeongil/ros_foxy_ws/velodyne_ws/install/velodyne_pointcloud/share/velodyne_pointcloud/launch/velodyne_transform_node-VLP32C-composed-launch.py
[0.450s] -- Up-to-date: /home/jeongil/ros_foxy_ws/velodyne_ws/install/velodyne_pointcloud/share/velodyne_pointcloud/launch/velodyne_transform_node-VLP16-launch.py
[0.450s] -- Up-to-date: /home/jeongil/ros_foxy_ws/velodyne_ws/install/velodyne_pointcloud/share/velodyne_pointcloud/params
[0.450s] -- Up-to-date: /home/jeongil/ros_foxy_ws/velodyne_ws/install/velodyne_pointcloud/share/velodyne_pointcloud/params/32db.yaml
[0.450s] -- Up-to-date: /home/jeongil/ros_foxy_ws/velodyne_ws/install/velodyne_pointcloud/share/velodyne_pointcloud/params/VeloView-VLP-32C.yaml
[0.450s] -- Up-to-date: /home/jeongil/ros_foxy_ws/velodyne_ws/install/velodyne_pointcloud/share/velodyne_pointcloud/params/VLP16db.yaml
[0.450s] -- Up-to-date: /home/jeongil/ros_foxy_ws/velodyne_ws/install/velodyne_pointcloud/share/velodyne_pointcloud/params/rviz_points.vcg
[0.450s] -- Up-to-date: /home/jeongil/ros_foxy_ws/velodyne_ws/install/velodyne_pointcloud/share/velodyne_pointcloud/params/64e_utexas.yaml
[0.450s] -- Up-to-date: /home/jeongil/ros_foxy_ws/velodyne_ws/install/velodyne_pointcloud/share/velodyne_pointcloud/params/issue_84_float_intensities.yaml
[0.450s] -- Up-to-date: /home/jeongil/ros_foxy_ws/velodyne_ws/install/velodyne_pointcloud/share/velodyne_pointcloud/params/64e_s2.1-sztaki.yaml
[0.450s] -- Up-to-date: /home/jeongil/ros_foxy_ws/velodyne_ws/install/velodyne_pointcloud/share/velodyne_pointcloud/params/VLP16_hires_db.yaml
[0.450s] -- Up-to-date: /home/jeongil/ros_foxy_ws/velodyne_ws/install/velodyne_pointcloud/share/velodyne_pointcloud/params/64e_s3-xiesc.yaml
[0.450s] -- Up-to-date: /home/jeongil/ros_foxy_ws/velodyne_ws/install/velodyne_pointcloud/share/ament_index/resource_index/package_run_dependencies/velodyne_pointcloud
[0.451s] -- Up-to-date: /home/jeongil/ros_foxy_ws/velodyne_ws/install/velodyne_pointcloud/share/ament_index/resource_index/parent_prefix_path/velodyne_pointcloud
[0.451s] -- Up-to-date: /home/jeongil/ros_foxy_ws/velodyne_ws/install/velodyne_pointcloud/share/velodyne_pointcloud/environment/ament_prefix_path.sh
[0.451s] -- Up-to-date: /home/jeongil/ros_foxy_ws/velodyne_ws/install/velodyne_pointcloud/share/velodyne_pointcloud/environment/ament_prefix_path.dsv
[0.451s] -- Up-to-date: /home/jeongil/ros_foxy_ws/velodyne_ws/install/velodyne_pointcloud/share/velodyne_pointcloud/environment/path.sh
[0.451s] -- Up-to-date: /home/jeongil/ros_foxy_ws/velodyne_ws/install/velodyne_pointcloud/share/velodyne_pointcloud/environment/path.dsv
[0.451s] -- Up-to-date: /home/jeongil/ros_foxy_ws/velodyne_ws/install/velodyne_pointcloud/share/velodyne_pointcloud/local_setup.bash
[0.451s] -- Up-to-date: /home/jeongil/ros_foxy_ws/velodyne_ws/install/velodyne_pointcloud/share/velodyne_pointcloud/local_setup.sh
[0.451s] -- Up-to-date: /home/jeongil/ros_foxy_ws/velodyne_ws/install/velodyne_pointcloud/share/velodyne_pointcloud/local_setup.zsh
[0.451s] -- Up-to-date: /home/jeongil/ros_foxy_ws/velodyne_ws/install/velodyne_pointcloud/share/velodyne_pointcloud/local_setup.dsv
[0.451s] -- Installing: /home/jeongil/ros_foxy_ws/velodyne_ws/install/velodyne_pointcloud/share/velodyne_pointcloud/package.dsv
[0.451s] -- Up-to-date: /home/jeongil/ros_foxy_ws/velodyne_ws/install/velodyne_pointcloud/share/ament_index/resource_index/packages/velodyne_pointcloud
[0.451s] -- Up-to-date: /home/jeongil/ros_foxy_ws/velodyne_ws/install/velodyne_pointcloud/share/ament_index/resource_index/rclcpp_components/velodyne_pointcloud
[0.451s] -- Up-to-date: /home/jeongil/ros_foxy_ws/velodyne_ws/install/velodyne_pointcloud/share/velodyne_pointcloud/cmake/velodyne_pointcloudConfig.cmake
[0.451s] -- Up-to-date: /home/jeongil/ros_foxy_ws/velodyne_ws/install/velodyne_pointcloud/share/velodyne_pointcloud/cmake/velodyne_pointcloudConfig-version.cmake
[0.451s] -- Up-to-date: /home/jeongil/ros_foxy_ws/velodyne_ws/install/velodyne_pointcloud/share/velodyne_pointcloud/package.xml
[0.451s] -- Up-to-date: /home/jeongil/ros_foxy_ws/velodyne_ws/install/velodyne_pointcloud/lib/libvelodyne_cloud_types.so
[0.451s] -- Up-to-date: /home/jeongil/ros_foxy_ws/velodyne_ws/install/velodyne_pointcloud/lib/libvelodyne_rawdata.so
[0.452s] Invoked command in '/home/jeongil/ros_foxy_ws/velodyne_ws/build/velodyne_pointcloud' returned '0': CMAKE_PREFIX_PATH=/home/jeongil/ros_foxy_ws/velodyne_ws/install/velodyne_msgs:/home/jeongil/ros_foxy_ws/velodyne_ws/install/velodyne:/home/jeongil/ros_foxy_ws/velodyne_ws/install/velodyne_pointcloud:/home/jeongil/ros_foxy_ws/velodyne_ws/install/velodyne_driver:/home/jeongil/ros_foxy_ws/velodyne_ws/install/velodyne_laserscan:/home/jeongil/ros_foxy_ws/velodyne_ws/install/lego_loam_sr:/home/jeongil/ros_foxy_ws/velodyne_ws/install/cloud_msgs:/home/jeongil/ros_foxy_ws/blickfeld_ws/install/blickfeld_driver:/home/jeongil/ros_foxy_ws/blickfeld_ws/install/blickfeld_pointcloud:/opt/ros/foxy CONDA_PROMPT_MODIFIER=(velodyne) LD_LIBRARY_PATH=/home/jeongil/ros_foxy_ws/velodyne_ws/install/velodyne_msgs/lib:/usr/local/cuda/lib64:/lib64:/home/jeongil/ros_foxy_ws/velodyne_ws/install/velodyne_pointcloud/lib:/home/jeongil/ros_foxy_ws/velodyne_ws/install/velodyne_driver/lib:/home/jeongil/ros_foxy_ws/velodyne_ws/install/velodyne_laserscan/lib:/home/jeongil/ros_foxy_ws/velodyne_ws/install/cloud_msgs/lib:/home/jeongil/ros_foxy_ws/blickfeld_ws/install/blickfeld_driver/lib:/opt/ros/foxy/opt/yaml_cpp_vendor/lib:/opt/ros/foxy/opt/rviz_ogre_vendor/lib:/opt/ros/foxy/lib/x86_64-linux-gnu:/opt/ros/foxy/lib:/lib /usr/bin/cmake --install /home/jeongil/ros_foxy_ws/velodyne_ws/build/velodyne_pointcloud
