[0.136s] DEBUG:colcon:Command line arguments: ['/usr/bin/colcon', 'build']
[0.136s] DEBUG:colcon:Parsed command line arguments: Namespace(allow_overriding=[], ament_cmake_args=None, base_paths=['.'], build_base='build', catkin_cmake_args=None, catkin_skip_building_tests=False, cmake_args=None, cmake_clean_cache=False, cmake_clean_first=False, cmake_force_configure=False, cmake_target=None, cmake_target_skip_unavailable=False, continue_on_error=False, event_handlers=None, executor='parallel', ignore_user_meta=False, install_base='install', log_base=None, log_level=None, main=<bound method BuildVerb.main of <colcon_core.verb.build.BuildVerb object at 0x7fa7d8823340>>, merge_install=False, metas=['./colcon.meta'], packages_above=None, packages_above_and_dependencies=None, packages_above_depth=None, packages_end=None, packages_ignore=None, packages_ignore_regex=None, packages_select=None, packages_select_build_failed=False, packages_select_by_dep=None, packages_select_regex=None, packages_select_test_failures=False, packages_skip=None, packages_skip_build_finished=False, packages_skip_by_dep=None, packages_skip_regex=None, packages_skip_test_passed=False, packages_skip_up_to=None, packages_start=None, packages_up_to=None, packages_up_to_regex=None, parallel_workers=20, paths=None, symlink_install=False, test_result_base=None, verb_extension=<colcon_core.verb.build.BuildVerb object at 0x7fa7d8823340>, verb_name='build', verb_parser=<colcon_defaults.argument_parser.defaults.DefaultArgumentsDecorator object at 0x7fa7d8823880>)
[0.149s] Level 1:colcon.colcon_core.package_discovery:discover_packages(colcon_meta) check parameters
[0.149s] Level 1:colcon.colcon_core.package_discovery:discover_packages(recursive) check parameters
[0.149s] Level 1:colcon.colcon_core.package_discovery:discover_packages(ignore) check parameters
[0.149s] Level 1:colcon.colcon_core.package_discovery:discover_packages(path) check parameters
[0.149s] Level 1:colcon.colcon_core.package_discovery:discover_packages(colcon_meta) discover
[0.149s] Level 1:colcon.colcon_core.package_discovery:discover_packages(recursive) discover
[0.149s] INFO:colcon.colcon_core.package_discovery:Crawling recursively for packages in '/home/jeongil/ros_foxy_ws/velodyne_ws'
[0.149s] Level 1:colcon.colcon_core.package_identification:_identify(.) by extensions ['ignore', 'ignore_ament_install']
[0.149s] Level 1:colcon.colcon_core.package_identification:_identify(.) by extension 'ignore'
[0.149s] Level 1:colcon.colcon_core.package_identification:_identify(.) by extension 'ignore_ament_install'
[0.149s] Level 1:colcon.colcon_core.package_identification:_identify(.) by extensions ['colcon_pkg']
[0.149s] Level 1:colcon.colcon_core.package_identification:_identify(.) by extension 'colcon_pkg'
[0.149s] Level 1:colcon.colcon_core.package_identification:_identify(.) by extensions ['colcon_meta']
[0.149s] Level 1:colcon.colcon_core.package_identification:_identify(.) by extension 'colcon_meta'
[0.149s] Level 1:colcon.colcon_core.package_identification:_identify(.) by extensions ['ros']
[0.149s] Level 1:colcon.colcon_core.package_identification:_identify(.) by extension 'ros'
[0.158s] Level 1:colcon.colcon_core.package_identification:_identify(.) by extensions ['cmake', 'python']
[0.158s] Level 1:colcon.colcon_core.package_identification:_identify(.) by extension 'cmake'
[0.158s] Level 1:colcon.colcon_core.package_identification:_identify(.) by extension 'python'
[0.158s] Level 1:colcon.colcon_core.package_identification:_identify(.) by extensions ['python_setup_py']
[0.158s] Level 1:colcon.colcon_core.package_identification:_identify(.) by extension 'python_setup_py'
[0.158s] Level 1:colcon.colcon_core.package_identification:_identify(build) by extensions ['ignore', 'ignore_ament_install']
[0.158s] Level 1:colcon.colcon_core.package_identification:_identify(build) by extension 'ignore'
[0.158s] Level 1:colcon.colcon_core.package_identification:_identify(build) ignored
[0.158s] Level 1:colcon.colcon_core.package_identification:_identify(install) by extensions ['ignore', 'ignore_ament_install']
[0.159s] Level 1:colcon.colcon_core.package_identification:_identify(install) by extension 'ignore'
[0.159s] Level 1:colcon.colcon_core.package_identification:_identify(install) ignored
[0.159s] Level 1:colcon.colcon_core.package_identification:_identify(log) by extensions ['ignore', 'ignore_ament_install']
[0.159s] Level 1:colcon.colcon_core.package_identification:_identify(log) by extension 'ignore'
[0.159s] Level 1:colcon.colcon_core.package_identification:_identify(log) ignored
[0.159s] Level 1:colcon.colcon_core.package_identification:_identify(src) by extensions ['ignore', 'ignore_ament_install']
[0.159s] Level 1:colcon.colcon_core.package_identification:_identify(src) by extension 'ignore'
[0.159s] Level 1:colcon.colcon_core.package_identification:_identify(src) by extension 'ignore_ament_install'
[0.159s] Level 1:colcon.colcon_core.package_identification:_identify(src) by extensions ['colcon_pkg']
[0.159s] Level 1:colcon.colcon_core.package_identification:_identify(src) by extension 'colcon_pkg'
[0.159s] Level 1:colcon.colcon_core.package_identification:_identify(src) by extensions ['colcon_meta']
[0.159s] Level 1:colcon.colcon_core.package_identification:_identify(src) by extension 'colcon_meta'
[0.159s] Level 1:colcon.colcon_core.package_identification:_identify(src) by extensions ['ros']
[0.159s] Level 1:colcon.colcon_core.package_identification:_identify(src) by extension 'ros'
[0.159s] Level 1:colcon.colcon_core.package_identification:_identify(src) by extensions ['cmake', 'python']
[0.159s] Level 1:colcon.colcon_core.package_identification:_identify(src) by extension 'cmake'
[0.159s] Level 1:colcon.colcon_core.package_identification:_identify(src) by extension 'python'
[0.159s] Level 1:colcon.colcon_core.package_identification:_identify(src) by extensions ['python_setup_py']
[0.159s] Level 1:colcon.colcon_core.package_identification:_identify(src) by extension 'python_setup_py'
[0.159s] Level 1:colcon.colcon_core.package_identification:_identify(src/LeGO-LOAM-SR) by extensions ['ignore', 'ignore_ament_install']
[0.159s] Level 1:colcon.colcon_core.package_identification:_identify(src/LeGO-LOAM-SR) by extension 'ignore'
[0.159s] Level 1:colcon.colcon_core.package_identification:_identify(src/LeGO-LOAM-SR) by extension 'ignore_ament_install'
[0.159s] Level 1:colcon.colcon_core.package_identification:_identify(src/LeGO-LOAM-SR) by extensions ['colcon_pkg']
[0.159s] Level 1:colcon.colcon_core.package_identification:_identify(src/LeGO-LOAM-SR) by extension 'colcon_pkg'
[0.159s] Level 1:colcon.colcon_core.package_identification:_identify(src/LeGO-LOAM-SR) by extensions ['colcon_meta']
[0.159s] Level 1:colcon.colcon_core.package_identification:_identify(src/LeGO-LOAM-SR) by extension 'colcon_meta'
[0.159s] Level 1:colcon.colcon_core.package_identification:_identify(src/LeGO-LOAM-SR) by extensions ['ros']
[0.159s] Level 1:colcon.colcon_core.package_identification:_identify(src/LeGO-LOAM-SR) by extension 'ros'
[0.159s] Level 1:colcon.colcon_core.package_identification:_identify(src/LeGO-LOAM-SR) by extensions ['cmake', 'python']
[0.159s] Level 1:colcon.colcon_core.package_identification:_identify(src/LeGO-LOAM-SR) by extension 'cmake'
[0.159s] Level 1:colcon.colcon_core.package_identification:_identify(src/LeGO-LOAM-SR) by extension 'python'
[0.159s] Level 1:colcon.colcon_core.package_identification:_identify(src/LeGO-LOAM-SR) by extensions ['python_setup_py']
[0.159s] Level 1:colcon.colcon_core.package_identification:_identify(src/LeGO-LOAM-SR) by extension 'python_setup_py'
[0.159s] Level 1:colcon.colcon_core.package_identification:_identify(src/velodyne-ros2) by extensions ['ignore', 'ignore_ament_install']
[0.159s] Level 1:colcon.colcon_core.package_identification:_identify(src/velodyne-ros2) by extension 'ignore'
[0.159s] Level 1:colcon.colcon_core.package_identification:_identify(src/velodyne-ros2) by extension 'ignore_ament_install'
[0.159s] Level 1:colcon.colcon_core.package_identification:_identify(src/velodyne-ros2) by extensions ['colcon_pkg']
[0.159s] Level 1:colcon.colcon_core.package_identification:_identify(src/velodyne-ros2) by extension 'colcon_pkg'
[0.159s] Level 1:colcon.colcon_core.package_identification:_identify(src/velodyne-ros2) by extensions ['colcon_meta']
[0.159s] Level 1:colcon.colcon_core.package_identification:_identify(src/velodyne-ros2) by extension 'colcon_meta'
[0.159s] Level 1:colcon.colcon_core.package_identification:_identify(src/velodyne-ros2) by extensions ['ros']
[0.159s] Level 1:colcon.colcon_core.package_identification:_identify(src/velodyne-ros2) by extension 'ros'
[0.159s] Level 1:colcon.colcon_core.package_identification:_identify(src/velodyne-ros2) by extensions ['cmake', 'python']
[0.159s] Level 1:colcon.colcon_core.package_identification:_identify(src/velodyne-ros2) by extension 'cmake'
[0.159s] Level 1:colcon.colcon_core.package_identification:_identify(src/velodyne-ros2) by extension 'python'
[0.159s] Level 1:colcon.colcon_core.package_identification:_identify(src/velodyne-ros2) by extensions ['python_setup_py']
[0.159s] Level 1:colcon.colcon_core.package_identification:_identify(src/velodyne-ros2) by extension 'python_setup_py'
[0.159s] Level 1:colcon.colcon_core.package_identification:_identify(src/velodyne-ros2/velodyne) by extensions ['ignore', 'ignore_ament_install']
[0.160s] Level 1:colcon.colcon_core.package_identification:_identify(src/velodyne-ros2/velodyne) by extension 'ignore'
[0.160s] Level 1:colcon.colcon_core.package_identification:_identify(src/velodyne-ros2/velodyne) by extension 'ignore_ament_install'
[0.160s] Level 1:colcon.colcon_core.package_identification:_identify(src/velodyne-ros2/velodyne) by extensions ['colcon_pkg']
[0.160s] Level 1:colcon.colcon_core.package_identification:_identify(src/velodyne-ros2/velodyne) by extension 'colcon_pkg'
[0.160s] Level 1:colcon.colcon_core.package_identification:_identify(src/velodyne-ros2/velodyne) by extensions ['colcon_meta']
[0.160s] Level 1:colcon.colcon_core.package_identification:_identify(src/velodyne-ros2/velodyne) by extension 'colcon_meta'
[0.160s] Level 1:colcon.colcon_core.package_identification:_identify(src/velodyne-ros2/velodyne) by extensions ['ros']
[0.160s] Level 1:colcon.colcon_core.package_identification:_identify(src/velodyne-ros2/velodyne) by extension 'ros'
[0.161s] DEBUG:colcon.colcon_core.package_identification:Package 'src/velodyne-ros2/velodyne' with type 'ros.ament_cmake' and name 'velodyne'
[0.161s] Level 1:colcon.colcon_core.package_identification:_identify(src/velodyne-ros2/velodyne_driver) by extensions ['ignore', 'ignore_ament_install']
[0.161s] Level 1:colcon.colcon_core.package_identification:_identify(src/velodyne-ros2/velodyne_driver) by extension 'ignore'
[0.161s] Level 1:colcon.colcon_core.package_identification:_identify(src/velodyne-ros2/velodyne_driver) by extension 'ignore_ament_install'
[0.161s] Level 1:colcon.colcon_core.package_identification:_identify(src/velodyne-ros2/velodyne_driver) by extensions ['colcon_pkg']
[0.161s] Level 1:colcon.colcon_core.package_identification:_identify(src/velodyne-ros2/velodyne_driver) by extension 'colcon_pkg'
[0.161s] Level 1:colcon.colcon_core.package_identification:_identify(src/velodyne-ros2/velodyne_driver) by extensions ['colcon_meta']
[0.161s] Level 1:colcon.colcon_core.package_identification:_identify(src/velodyne-ros2/velodyne_driver) by extension 'colcon_meta'
[0.161s] Level 1:colcon.colcon_core.package_identification:_identify(src/velodyne-ros2/velodyne_driver) by extensions ['ros']
[0.161s] Level 1:colcon.colcon_core.package_identification:_identify(src/velodyne-ros2/velodyne_driver) by extension 'ros'
[0.162s] DEBUG:colcon.colcon_core.package_identification:Package 'src/velodyne-ros2/velodyne_driver' with type 'ros.ament_cmake' and name 'velodyne_driver'
[0.162s] Level 1:colcon.colcon_core.package_identification:_identify(src/velodyne-ros2/velodyne_laserscan) by extensions ['ignore', 'ignore_ament_install']
[0.162s] Level 1:colcon.colcon_core.package_identification:_identify(src/velodyne-ros2/velodyne_laserscan) by extension 'ignore'
[0.162s] Level 1:colcon.colcon_core.package_identification:_identify(src/velodyne-ros2/velodyne_laserscan) by extension 'ignore_ament_install'
[0.162s] Level 1:colcon.colcon_core.package_identification:_identify(src/velodyne-ros2/velodyne_laserscan) by extensions ['colcon_pkg']
[0.162s] Level 1:colcon.colcon_core.package_identification:_identify(src/velodyne-ros2/velodyne_laserscan) by extension 'colcon_pkg'
[0.162s] Level 1:colcon.colcon_core.package_identification:_identify(src/velodyne-ros2/velodyne_laserscan) by extensions ['colcon_meta']
[0.162s] Level 1:colcon.colcon_core.package_identification:_identify(src/velodyne-ros2/velodyne_laserscan) by extension 'colcon_meta'
[0.162s] Level 1:colcon.colcon_core.package_identification:_identify(src/velodyne-ros2/velodyne_laserscan) by extensions ['ros']
[0.162s] Level 1:colcon.colcon_core.package_identification:_identify(src/velodyne-ros2/velodyne_laserscan) by extension 'ros'
[0.162s] DEBUG:colcon.colcon_core.package_identification:Package 'src/velodyne-ros2/velodyne_laserscan' with type 'ros.ament_cmake' and name 'velodyne_laserscan'
[0.162s] Level 1:colcon.colcon_core.package_identification:_identify(src/velodyne-ros2/velodyne_msgs) by extensions ['ignore', 'ignore_ament_install']
[0.162s] Level 1:colcon.colcon_core.package_identification:_identify(src/velodyne-ros2/velodyne_msgs) by extension 'ignore'
[0.162s] Level 1:colcon.colcon_core.package_identification:_identify(src/velodyne-ros2/velodyne_msgs) by extension 'ignore_ament_install'
[0.162s] Level 1:colcon.colcon_core.package_identification:_identify(src/velodyne-ros2/velodyne_msgs) by extensions ['colcon_pkg']
[0.162s] Level 1:colcon.colcon_core.package_identification:_identify(src/velodyne-ros2/velodyne_msgs) by extension 'colcon_pkg'
[0.162s] Level 1:colcon.colcon_core.package_identification:_identify(src/velodyne-ros2/velodyne_msgs) by extensions ['colcon_meta']
[0.162s] Level 1:colcon.colcon_core.package_identification:_identify(src/velodyne-ros2/velodyne_msgs) by extension 'colcon_meta'
[0.163s] Level 1:colcon.colcon_core.package_identification:_identify(src/velodyne-ros2/velodyne_msgs) by extensions ['ros']
[0.163s] Level 1:colcon.colcon_core.package_identification:_identify(src/velodyne-ros2/velodyne_msgs) by extension 'ros'
[0.163s] DEBUG:colcon.colcon_core.package_identification:Package 'src/velodyne-ros2/velodyne_msgs' with type 'ros.ament_cmake' and name 'velodyne_msgs'
[0.163s] Level 1:colcon.colcon_core.package_identification:_identify(src/velodyne-ros2/velodyne_pointcloud) by extensions ['ignore', 'ignore_ament_install']
[0.163s] Level 1:colcon.colcon_core.package_identification:_identify(src/velodyne-ros2/velodyne_pointcloud) by extension 'ignore'
[0.163s] Level 1:colcon.colcon_core.package_identification:_identify(src/velodyne-ros2/velodyne_pointcloud) by extension 'ignore_ament_install'
[0.163s] Level 1:colcon.colcon_core.package_identification:_identify(src/velodyne-ros2/velodyne_pointcloud) by extensions ['colcon_pkg']
[0.163s] Level 1:colcon.colcon_core.package_identification:_identify(src/velodyne-ros2/velodyne_pointcloud) by extension 'colcon_pkg'
[0.163s] Level 1:colcon.colcon_core.package_identification:_identify(src/velodyne-ros2/velodyne_pointcloud) by extensions ['colcon_meta']
[0.163s] Level 1:colcon.colcon_core.package_identification:_identify(src/velodyne-ros2/velodyne_pointcloud) by extension 'colcon_meta'
[0.163s] Level 1:colcon.colcon_core.package_identification:_identify(src/velodyne-ros2/velodyne_pointcloud) by extensions ['ros']
[0.163s] Level 1:colcon.colcon_core.package_identification:_identify(src/velodyne-ros2/velodyne_pointcloud) by extension 'ros'
[0.164s] DEBUG:colcon.colcon_core.package_identification:Package 'src/velodyne-ros2/velodyne_pointcloud' with type 'ros.ament_cmake' and name 'velodyne_pointcloud'
[0.164s] Level 1:colcon.colcon_core.package_discovery:discover_packages(recursive) using defaults
[0.164s] Level 1:colcon.colcon_core.package_discovery:discover_packages(ignore) discover
[0.164s] Level 1:colcon.colcon_core.package_discovery:discover_packages(ignore) using defaults
[0.164s] Level 1:colcon.colcon_core.package_discovery:discover_packages(path) discover
[0.164s] Level 1:colcon.colcon_core.package_discovery:discover_packages(path) using defaults
[0.174s] Level 1:colcon.colcon_core.package_discovery:discover_packages(prefix_path) check parameters
[0.174s] Level 1:colcon.colcon_core.package_discovery:discover_packages(prefix_path) discover
[0.175s] DEBUG:colcon.colcon_installed_package_information.package_discovery:Found 256 installed packages in /opt/ros/foxy
[0.176s] Level 1:colcon.colcon_core.package_discovery:discover_packages(prefix_path) using defaults
[0.204s] Level 5:colcon.colcon_core.verb:set package 'velodyne_laserscan' build argument 'cmake_args' from command line to 'None'
[0.204s] Level 5:colcon.colcon_core.verb:set package 'velodyne_laserscan' build argument 'cmake_target' from command line to 'None'
[0.204s] Level 5:colcon.colcon_core.verb:set package 'velodyne_laserscan' build argument 'cmake_target_skip_unavailable' from command line to 'False'
[0.204s] Level 5:colcon.colcon_core.verb:set package 'velodyne_laserscan' build argument 'cmake_clean_cache' from command line to 'False'
[0.204s] Level 5:colcon.colcon_core.verb:set package 'velodyne_laserscan' build argument 'cmake_clean_first' from command line to 'False'
[0.204s] Level 5:colcon.colcon_core.verb:set package 'velodyne_laserscan' build argument 'cmake_force_configure' from command line to 'False'
[0.204s] Level 5:colcon.colcon_core.verb:set package 'velodyne_laserscan' build argument 'ament_cmake_args' from command line to 'None'
[0.204s] Level 5:colcon.colcon_core.verb:set package 'velodyne_laserscan' build argument 'catkin_cmake_args' from command line to 'None'
[0.204s] Level 5:colcon.colcon_core.verb:set package 'velodyne_laserscan' build argument 'catkin_skip_building_tests' from command line to 'False'
[0.204s] DEBUG:colcon.colcon_core.verb:Building package 'velodyne_laserscan' with the following arguments: {'ament_cmake_args': None, 'build_base': '/home/jeongil/ros_foxy_ws/velodyne_ws/build/velodyne_laserscan', 'catkin_cmake_args': None, 'catkin_skip_building_tests': False, 'cmake_args': None, 'cmake_clean_cache': False, 'cmake_clean_first': False, 'cmake_force_configure': False, 'cmake_target': None, 'cmake_target_skip_unavailable': False, 'install_base': '/home/jeongil/ros_foxy_ws/velodyne_ws/install/velodyne_laserscan', 'merge_install': False, 'path': '/home/jeongil/ros_foxy_ws/velodyne_ws/src/velodyne-ros2/velodyne_laserscan', 'symlink_install': False, 'test_result_base': None}
[0.205s] Level 5:colcon.colcon_core.verb:set package 'velodyne_msgs' build argument 'cmake_args' from command line to 'None'
[0.205s] Level 5:colcon.colcon_core.verb:set package 'velodyne_msgs' build argument 'cmake_target' from command line to 'None'
[0.205s] Level 5:colcon.colcon_core.verb:set package 'velodyne_msgs' build argument 'cmake_target_skip_unavailable' from command line to 'False'
[0.205s] Level 5:colcon.colcon_core.verb:set package 'velodyne_msgs' build argument 'cmake_clean_cache' from command line to 'False'
[0.205s] Level 5:colcon.colcon_core.verb:set package 'velodyne_msgs' build argument 'cmake_clean_first' from command line to 'False'
[0.205s] Level 5:colcon.colcon_core.verb:set package 'velodyne_msgs' build argument 'cmake_force_configure' from command line to 'False'
[0.205s] Level 5:colcon.colcon_core.verb:set package 'velodyne_msgs' build argument 'ament_cmake_args' from command line to 'None'
[0.205s] Level 5:colcon.colcon_core.verb:set package 'velodyne_msgs' build argument 'catkin_cmake_args' from command line to 'None'
[0.205s] Level 5:colcon.colcon_core.verb:set package 'velodyne_msgs' build argument 'catkin_skip_building_tests' from command line to 'False'
[0.205s] DEBUG:colcon.colcon_core.verb:Building package 'velodyne_msgs' with the following arguments: {'ament_cmake_args': None, 'build_base': '/home/jeongil/ros_foxy_ws/velodyne_ws/build/velodyne_msgs', 'catkin_cmake_args': None, 'catkin_skip_building_tests': False, 'cmake_args': None, 'cmake_clean_cache': False, 'cmake_clean_first': False, 'cmake_force_configure': False, 'cmake_target': None, 'cmake_target_skip_unavailable': False, 'install_base': '/home/jeongil/ros_foxy_ws/velodyne_ws/install/velodyne_msgs', 'merge_install': False, 'path': '/home/jeongil/ros_foxy_ws/velodyne_ws/src/velodyne-ros2/velodyne_msgs', 'symlink_install': False, 'test_result_base': None}
[0.205s] Level 5:colcon.colcon_core.verb:set package 'velodyne_driver' build argument 'cmake_args' from command line to 'None'
[0.205s] Level 5:colcon.colcon_core.verb:set package 'velodyne_driver' build argument 'cmake_target' from command line to 'None'
[0.206s] Level 5:colcon.colcon_core.verb:set package 'velodyne_driver' build argument 'cmake_target_skip_unavailable' from command line to 'False'
[0.206s] Level 5:colcon.colcon_core.verb:set package 'velodyne_driver' build argument 'cmake_clean_cache' from command line to 'False'
[0.206s] Level 5:colcon.colcon_core.verb:set package 'velodyne_driver' build argument 'cmake_clean_first' from command line to 'False'
[0.206s] Level 5:colcon.colcon_core.verb:set package 'velodyne_driver' build argument 'cmake_force_configure' from command line to 'False'
[0.206s] Level 5:colcon.colcon_core.verb:set package 'velodyne_driver' build argument 'ament_cmake_args' from command line to 'None'
[0.206s] Level 5:colcon.colcon_core.verb:set package 'velodyne_driver' build argument 'catkin_cmake_args' from command line to 'None'
[0.206s] Level 5:colcon.colcon_core.verb:set package 'velodyne_driver' build argument 'catkin_skip_building_tests' from command line to 'False'
[0.206s] DEBUG:colcon.colcon_core.verb:Building package 'velodyne_driver' with the following arguments: {'ament_cmake_args': None, 'build_base': '/home/jeongil/ros_foxy_ws/velodyne_ws/build/velodyne_driver', 'catkin_cmake_args': None, 'catkin_skip_building_tests': False, 'cmake_args': None, 'cmake_clean_cache': False, 'cmake_clean_first': False, 'cmake_force_configure': False, 'cmake_target': None, 'cmake_target_skip_unavailable': False, 'install_base': '/home/jeongil/ros_foxy_ws/velodyne_ws/install/velodyne_driver', 'merge_install': False, 'path': '/home/jeongil/ros_foxy_ws/velodyne_ws/src/velodyne-ros2/velodyne_driver', 'symlink_install': False, 'test_result_base': None}
[0.206s] Level 5:colcon.colcon_core.verb:set package 'velodyne_pointcloud' build argument 'cmake_args' from command line to 'None'
[0.206s] Level 5:colcon.colcon_core.verb:set package 'velodyne_pointcloud' build argument 'cmake_target' from command line to 'None'
[0.206s] Level 5:colcon.colcon_core.verb:set package 'velodyne_pointcloud' build argument 'cmake_target_skip_unavailable' from command line to 'False'
[0.206s] Level 5:colcon.colcon_core.verb:set package 'velodyne_pointcloud' build argument 'cmake_clean_cache' from command line to 'False'
[0.206s] Level 5:colcon.colcon_core.verb:set package 'velodyne_pointcloud' build argument 'cmake_clean_first' from command line to 'False'
[0.206s] Level 5:colcon.colcon_core.verb:set package 'velodyne_pointcloud' build argument 'cmake_force_configure' from command line to 'False'
[0.206s] Level 5:colcon.colcon_core.verb:set package 'velodyne_pointcloud' build argument 'ament_cmake_args' from command line to 'None'
[0.206s] Level 5:colcon.colcon_core.verb:set package 'velodyne_pointcloud' build argument 'catkin_cmake_args' from command line to 'None'
[0.206s] Level 5:colcon.colcon_core.verb:set package 'velodyne_pointcloud' build argument 'catkin_skip_building_tests' from command line to 'False'
[0.206s] DEBUG:colcon.colcon_core.verb:Building package 'velodyne_pointcloud' with the following arguments: {'ament_cmake_args': None, 'build_base': '/home/jeongil/ros_foxy_ws/velodyne_ws/build/velodyne_pointcloud', 'catkin_cmake_args': None, 'catkin_skip_building_tests': False, 'cmake_args': None, 'cmake_clean_cache': False, 'cmake_clean_first': False, 'cmake_force_configure': False, 'cmake_target': None, 'cmake_target_skip_unavailable': False, 'install_base': '/home/jeongil/ros_foxy_ws/velodyne_ws/install/velodyne_pointcloud', 'merge_install': False, 'path': '/home/jeongil/ros_foxy_ws/velodyne_ws/src/velodyne-ros2/velodyne_pointcloud', 'symlink_install': False, 'test_result_base': None}
[0.206s] Level 5:colcon.colcon_core.verb:set package 'velodyne' build argument 'cmake_args' from command line to 'None'
[0.207s] Level 5:colcon.colcon_core.verb:set package 'velodyne' build argument 'cmake_target' from command line to 'None'
[0.207s] Level 5:colcon.colcon_core.verb:set package 'velodyne' build argument 'cmake_target_skip_unavailable' from command line to 'False'
[0.207s] Level 5:colcon.colcon_core.verb:set package 'velodyne' build argument 'cmake_clean_cache' from command line to 'False'
[0.207s] Level 5:colcon.colcon_core.verb:set package 'velodyne' build argument 'cmake_clean_first' from command line to 'False'
[0.207s] Level 5:colcon.colcon_core.verb:set package 'velodyne' build argument 'cmake_force_configure' from command line to 'False'
[0.207s] Level 5:colcon.colcon_core.verb:set package 'velodyne' build argument 'ament_cmake_args' from command line to 'None'
[0.207s] Level 5:colcon.colcon_core.verb:set package 'velodyne' build argument 'catkin_cmake_args' from command line to 'None'
[0.207s] Level 5:colcon.colcon_core.verb:set package 'velodyne' build argument 'catkin_skip_building_tests' from command line to 'False'
[0.207s] DEBUG:colcon.colcon_core.verb:Building package 'velodyne' with the following arguments: {'ament_cmake_args': None, 'build_base': '/home/jeongil/ros_foxy_ws/velodyne_ws/build/velodyne', 'catkin_cmake_args': None, 'catkin_skip_building_tests': False, 'cmake_args': None, 'cmake_clean_cache': False, 'cmake_clean_first': False, 'cmake_force_configure': False, 'cmake_target': None, 'cmake_target_skip_unavailable': False, 'install_base': '/home/jeongil/ros_foxy_ws/velodyne_ws/install/velodyne', 'merge_install': False, 'path': '/home/jeongil/ros_foxy_ws/velodyne_ws/src/velodyne-ros2/velodyne', 'symlink_install': False, 'test_result_base': None}
[0.207s] INFO:colcon.colcon_core.executor:Executing jobs using 'parallel' executor
[0.208s] DEBUG:colcon.colcon_parallel_executor.executor.parallel:run_until_complete
[0.208s] INFO:colcon.colcon_ros.task.ament_cmake.build:Building ROS package in '/home/jeongil/ros_foxy_ws/velodyne_ws/src/velodyne-ros2/velodyne_msgs' with build type 'ament_cmake'
[0.209s] INFO:colcon.colcon_cmake.task.cmake.build:Building CMake package in '/home/jeongil/ros_foxy_ws/velodyne_ws/src/velodyne-ros2/velodyne_msgs'
[0.210s] INFO:colcon.colcon_core.plugin_system:Skipping extension 'colcon_core.shell.bat': Not used on non-Windows systems
[0.211s] INFO:colcon.colcon_core.shell:Skip shell extension 'powershell' for command environment: Not usable outside of PowerShell
[0.211s] DEBUG:colcon.colcon_core.shell:Skip shell extension 'dsv' for command environment
[0.213s] INFO:colcon.colcon_ros.task.ament_cmake.build:Building ROS package in '/home/jeongil/ros_foxy_ws/velodyne_ws/src/velodyne-ros2/velodyne_laserscan' with build type 'ament_cmake'
[0.213s] INFO:colcon.colcon_cmake.task.cmake.build:Building CMake package in '/home/jeongil/ros_foxy_ws/velodyne_ws/src/velodyne-ros2/velodyne_laserscan'
[0.214s] INFO:colcon.colcon_core.shell:Skip shell extension 'powershell' for command environment: Not usable outside of PowerShell
[0.214s] DEBUG:colcon.colcon_core.shell:Skip shell extension 'dsv' for command environment
[0.220s] DEBUG:colcon.colcon_core.event_handler.log_command:Invoking command in '/home/jeongil/ros_foxy_ws/velodyne_ws/build/velodyne_msgs': CMAKE_PREFIX_PATH=/opt/ros/foxy /usr/bin/cmake --build /home/jeongil/ros_foxy_ws/velodyne_ws/build/velodyne_msgs -- -j20 -l20
[0.223s] DEBUG:colcon.colcon_core.event_handler.log_command:Invoking command in '/home/jeongil/ros_foxy_ws/velodyne_ws/build/velodyne_laserscan': CMAKE_PREFIX_PATH=/opt/ros/foxy /usr/bin/cmake --build /home/jeongil/ros_foxy_ws/velodyne_ws/build/velodyne_laserscan -- -j20 -l20
[0.272s] DEBUG:colcon.colcon_core.event_handler.log_command:Invoked command in '/home/jeongil/ros_foxy_ws/velodyne_ws/build/velodyne_laserscan' returned '0': CMAKE_PREFIX_PATH=/opt/ros/foxy /usr/bin/cmake --build /home/jeongil/ros_foxy_ws/velodyne_ws/build/velodyne_laserscan -- -j20 -l20
[0.289s] DEBUG:colcon.colcon_core.event_handler.log_command:Invoking command in '/home/jeongil/ros_foxy_ws/velodyne_ws/build/velodyne_laserscan': CMAKE_PREFIX_PATH=/opt/ros/foxy /usr/bin/cmake --install /home/jeongil/ros_foxy_ws/velodyne_ws/build/velodyne_laserscan
[0.297s] Level 1:colcon.colcon_core.environment:create_environment_scripts_only(velodyne_laserscan)
[0.298s] DEBUG:colcon.colcon_core.event_handler.log_command:Invoked command in '/home/jeongil/ros_foxy_ws/velodyne_ws/build/velodyne_laserscan' returned '0': CMAKE_PREFIX_PATH=/opt/ros/foxy /usr/bin/cmake --install /home/jeongil/ros_foxy_ws/velodyne_ws/build/velodyne_laserscan
[0.301s] Level 1:colcon.colcon_core.environment:checking '/home/jeongil/ros_foxy_ws/velodyne_ws/install/velodyne_laserscan' for CMake module files
[0.301s] Level 1:colcon.colcon_core.environment:checking '/home/jeongil/ros_foxy_ws/velodyne_ws/install/velodyne_laserscan' for CMake config files
[0.301s] Level 1:colcon.colcon_core.shell:create_environment_hook('velodyne_laserscan', 'cmake_prefix_path')
[0.302s] INFO:colcon.colcon_core.shell:Creating environment hook '/home/jeongil/ros_foxy_ws/velodyne_ws/install/velodyne_laserscan/share/velodyne_laserscan/hook/cmake_prefix_path.ps1'
[0.302s] INFO:colcon.colcon_core.shell:Creating environment descriptor '/home/jeongil/ros_foxy_ws/velodyne_ws/install/velodyne_laserscan/share/velodyne_laserscan/hook/cmake_prefix_path.dsv'
[0.302s] INFO:colcon.colcon_core.shell:Creating environment hook '/home/jeongil/ros_foxy_ws/velodyne_ws/install/velodyne_laserscan/share/velodyne_laserscan/hook/cmake_prefix_path.sh'
[0.303s] Level 1:colcon.colcon_core.environment:checking '/home/jeongil/ros_foxy_ws/velodyne_ws/install/velodyne_laserscan/lib'
[0.303s] Level 1:colcon.colcon_core.shell:create_environment_hook('velodyne_laserscan', 'ld_library_path_lib')
[0.303s] INFO:colcon.colcon_core.shell:Creating environment hook '/home/jeongil/ros_foxy_ws/velodyne_ws/install/velodyne_laserscan/share/velodyne_laserscan/hook/ld_library_path_lib.ps1'
[0.304s] INFO:colcon.colcon_core.shell:Creating environment descriptor '/home/jeongil/ros_foxy_ws/velodyne_ws/install/velodyne_laserscan/share/velodyne_laserscan/hook/ld_library_path_lib.dsv'
[0.304s] INFO:colcon.colcon_core.shell:Creating environment hook '/home/jeongil/ros_foxy_ws/velodyne_ws/install/velodyne_laserscan/share/velodyne_laserscan/hook/ld_library_path_lib.sh'
[0.304s] Level 1:colcon.colcon_core.environment:checking '/home/jeongil/ros_foxy_ws/velodyne_ws/install/velodyne_laserscan/bin'
[0.304s] Level 1:colcon.colcon_core.environment:checking '/home/jeongil/ros_foxy_ws/velodyne_ws/install/velodyne_laserscan/lib/pkgconfig/velodyne_laserscan.pc'
[0.304s] Level 1:colcon.colcon_core.environment:checking '/home/jeongil/ros_foxy_ws/velodyne_ws/install/velodyne_laserscan/lib/python3.8/site-packages'
[0.304s] Level 1:colcon.colcon_core.environment:checking '/home/jeongil/ros_foxy_ws/velodyne_ws/install/velodyne_laserscan/bin'
[0.305s] INFO:colcon.colcon_core.shell:Creating package script '/home/jeongil/ros_foxy_ws/velodyne_ws/install/velodyne_laserscan/share/velodyne_laserscan/package.ps1'
[0.305s] INFO:colcon.colcon_core.shell:Creating package descriptor '/home/jeongil/ros_foxy_ws/velodyne_ws/install/velodyne_laserscan/share/velodyne_laserscan/package.dsv'
[0.306s] INFO:colcon.colcon_core.shell:Creating package script '/home/jeongil/ros_foxy_ws/velodyne_ws/install/velodyne_laserscan/share/velodyne_laserscan/package.sh'
[0.306s] INFO:colcon.colcon_core.shell:Creating package script '/home/jeongil/ros_foxy_ws/velodyne_ws/install/velodyne_laserscan/share/velodyne_laserscan/package.bash'
[0.306s] INFO:colcon.colcon_core.shell:Creating package script '/home/jeongil/ros_foxy_ws/velodyne_ws/install/velodyne_laserscan/share/velodyne_laserscan/package.zsh'
[0.306s] Level 1:colcon.colcon_core.environment:create_file_with_runtime_dependencies(/home/jeongil/ros_foxy_ws/velodyne_ws/install/velodyne_laserscan/share/colcon-core/packages/velodyne_laserscan)
[0.318s] Level 1:colcon.colcon_core.environment:create_environment_scripts_only(velodyne_laserscan)
[0.319s] Level 1:colcon.colcon_core.environment:checking '/home/jeongil/ros_foxy_ws/velodyne_ws/install/velodyne_laserscan' for CMake module files
[0.319s] Level 1:colcon.colcon_core.environment:checking '/home/jeongil/ros_foxy_ws/velodyne_ws/install/velodyne_laserscan' for CMake config files
[0.320s] Level 1:colcon.colcon_core.shell:create_environment_hook('velodyne_laserscan', 'cmake_prefix_path')
[0.320s] INFO:colcon.colcon_core.shell:Creating environment hook '/home/jeongil/ros_foxy_ws/velodyne_ws/install/velodyne_laserscan/share/velodyne_laserscan/hook/cmake_prefix_path.ps1'
[0.320s] INFO:colcon.colcon_core.shell:Creating environment descriptor '/home/jeongil/ros_foxy_ws/velodyne_ws/install/velodyne_laserscan/share/velodyne_laserscan/hook/cmake_prefix_path.dsv'
[0.321s] INFO:colcon.colcon_core.shell:Creating environment hook '/home/jeongil/ros_foxy_ws/velodyne_ws/install/velodyne_laserscan/share/velodyne_laserscan/hook/cmake_prefix_path.sh'
[0.321s] Level 1:colcon.colcon_core.environment:checking '/home/jeongil/ros_foxy_ws/velodyne_ws/install/velodyne_laserscan/lib'
[0.321s] Level 1:colcon.colcon_core.shell:create_environment_hook('velodyne_laserscan', 'ld_library_path_lib')
[0.322s] INFO:colcon.colcon_core.shell:Creating environment hook '/home/jeongil/ros_foxy_ws/velodyne_ws/install/velodyne_laserscan/share/velodyne_laserscan/hook/ld_library_path_lib.ps1'
[0.322s] INFO:colcon.colcon_core.shell:Creating environment descriptor '/home/jeongil/ros_foxy_ws/velodyne_ws/install/velodyne_laserscan/share/velodyne_laserscan/hook/ld_library_path_lib.dsv'
[0.322s] INFO:colcon.colcon_core.shell:Creating environment hook '/home/jeongil/ros_foxy_ws/velodyne_ws/install/velodyne_laserscan/share/velodyne_laserscan/hook/ld_library_path_lib.sh'
[0.322s] Level 1:colcon.colcon_core.environment:checking '/home/jeongil/ros_foxy_ws/velodyne_ws/install/velodyne_laserscan/bin'
[0.322s] Level 1:colcon.colcon_core.environment:checking '/home/jeongil/ros_foxy_ws/velodyne_ws/install/velodyne_laserscan/lib/pkgconfig/velodyne_laserscan.pc'
[0.322s] Level 1:colcon.colcon_core.environment:checking '/home/jeongil/ros_foxy_ws/velodyne_ws/install/velodyne_laserscan/lib/python3.8/site-packages'
[0.322s] Level 1:colcon.colcon_core.environment:checking '/home/jeongil/ros_foxy_ws/velodyne_ws/install/velodyne_laserscan/bin'
[0.323s] INFO:colcon.colcon_core.shell:Creating package script '/home/jeongil/ros_foxy_ws/velodyne_ws/install/velodyne_laserscan/share/velodyne_laserscan/package.ps1'
[0.323s] INFO:colcon.colcon_core.shell:Creating package descriptor '/home/jeongil/ros_foxy_ws/velodyne_ws/install/velodyne_laserscan/share/velodyne_laserscan/package.dsv'
[0.323s] INFO:colcon.colcon_core.shell:Creating package script '/home/jeongil/ros_foxy_ws/velodyne_ws/install/velodyne_laserscan/share/velodyne_laserscan/package.sh'
[0.324s] INFO:colcon.colcon_core.shell:Creating package script '/home/jeongil/ros_foxy_ws/velodyne_ws/install/velodyne_laserscan/share/velodyne_laserscan/package.bash'
[0.324s] INFO:colcon.colcon_core.shell:Creating package script '/home/jeongil/ros_foxy_ws/velodyne_ws/install/velodyne_laserscan/share/velodyne_laserscan/package.zsh'
[0.324s] Level 1:colcon.colcon_core.environment:create_file_with_runtime_dependencies(/home/jeongil/ros_foxy_ws/velodyne_ws/install/velodyne_laserscan/share/colcon-core/packages/velodyne_laserscan)
[0.325s] DEBUG:colcon.colcon_core.event_handler.log_command:Invoked command in '/home/jeongil/ros_foxy_ws/velodyne_ws/build/velodyne_msgs' returned '0': CMAKE_PREFIX_PATH=/opt/ros/foxy /usr/bin/cmake --build /home/jeongil/ros_foxy_ws/velodyne_ws/build/velodyne_msgs -- -j20 -l20
[0.358s] DEBUG:colcon.colcon_core.event_handler.log_command:Invoking command in '/home/jeongil/ros_foxy_ws/velodyne_ws/build/velodyne_msgs': CMAKE_PREFIX_PATH=/opt/ros/foxy /usr/bin/cmake --install /home/jeongil/ros_foxy_ws/velodyne_ws/build/velodyne_msgs
[0.396s] Level 1:colcon.colcon_core.environment:create_environment_scripts_only(velodyne_msgs)
[0.397s] Level 1:colcon.colcon_core.environment:checking '/home/jeongil/ros_foxy_ws/velodyne_ws/install/velodyne_msgs' for CMake module files
[0.397s] DEBUG:colcon.colcon_core.event_handler.log_command:Invoked command in '/home/jeongil/ros_foxy_ws/velodyne_ws/build/velodyne_msgs' returned '0': CMAKE_PREFIX_PATH=/opt/ros/foxy /usr/bin/cmake --install /home/jeongil/ros_foxy_ws/velodyne_ws/build/velodyne_msgs
[0.398s] Level 1:colcon.colcon_core.environment:checking '/home/jeongil/ros_foxy_ws/velodyne_ws/install/velodyne_msgs' for CMake config files
[0.398s] Level 1:colcon.colcon_core.shell:create_environment_hook('velodyne_msgs', 'cmake_prefix_path')
[0.398s] INFO:colcon.colcon_core.shell:Creating environment hook '/home/jeongil/ros_foxy_ws/velodyne_ws/install/velodyne_msgs/share/velodyne_msgs/hook/cmake_prefix_path.ps1'
[0.399s] INFO:colcon.colcon_core.shell:Creating environment descriptor '/home/jeongil/ros_foxy_ws/velodyne_ws/install/velodyne_msgs/share/velodyne_msgs/hook/cmake_prefix_path.dsv'
[0.399s] INFO:colcon.colcon_core.shell:Creating environment hook '/home/jeongil/ros_foxy_ws/velodyne_ws/install/velodyne_msgs/share/velodyne_msgs/hook/cmake_prefix_path.sh'
[0.399s] Level 1:colcon.colcon_core.environment:checking '/home/jeongil/ros_foxy_ws/velodyne_ws/install/velodyne_msgs/lib'
[0.399s] Level 1:colcon.colcon_core.shell:create_environment_hook('velodyne_msgs', 'ld_library_path_lib')
[0.400s] INFO:colcon.colcon_core.shell:Creating environment hook '/home/jeongil/ros_foxy_ws/velodyne_ws/install/velodyne_msgs/share/velodyne_msgs/hook/ld_library_path_lib.ps1'
[0.400s] INFO:colcon.colcon_core.shell:Creating environment descriptor '/home/jeongil/ros_foxy_ws/velodyne_ws/install/velodyne_msgs/share/velodyne_msgs/hook/ld_library_path_lib.dsv'
[0.400s] INFO:colcon.colcon_core.shell:Creating environment hook '/home/jeongil/ros_foxy_ws/velodyne_ws/install/velodyne_msgs/share/velodyne_msgs/hook/ld_library_path_lib.sh'
[0.400s] Level 1:colcon.colcon_core.environment:checking '/home/jeongil/ros_foxy_ws/velodyne_ws/install/velodyne_msgs/bin'
[0.400s] Level 1:colcon.colcon_core.environment:checking '/home/jeongil/ros_foxy_ws/velodyne_ws/install/velodyne_msgs/lib/pkgconfig/velodyne_msgs.pc'
[0.400s] Level 1:colcon.colcon_core.environment:checking '/home/jeongil/ros_foxy_ws/velodyne_ws/install/velodyne_msgs/lib/python3.8/site-packages'
[0.400s] Level 1:colcon.colcon_core.shell:create_environment_hook('velodyne_msgs', 'pythonpath')
[0.401s] INFO:colcon.colcon_core.shell:Creating environment hook '/home/jeongil/ros_foxy_ws/velodyne_ws/install/velodyne_msgs/share/velodyne_msgs/hook/pythonpath.ps1'
[0.401s] INFO:colcon.colcon_core.shell:Creating environment descriptor '/home/jeongil/ros_foxy_ws/velodyne_ws/install/velodyne_msgs/share/velodyne_msgs/hook/pythonpath.dsv'
[0.401s] INFO:colcon.colcon_core.shell:Creating environment hook '/home/jeongil/ros_foxy_ws/velodyne_ws/install/velodyne_msgs/share/velodyne_msgs/hook/pythonpath.sh'
[0.402s] Level 1:colcon.colcon_core.environment:checking '/home/jeongil/ros_foxy_ws/velodyne_ws/install/velodyne_msgs/bin'
[0.403s] INFO:colcon.colcon_core.shell:Creating package script '/home/jeongil/ros_foxy_ws/velodyne_ws/install/velodyne_msgs/share/velodyne_msgs/package.ps1'
[0.403s] INFO:colcon.colcon_core.shell:Creating package descriptor '/home/jeongil/ros_foxy_ws/velodyne_ws/install/velodyne_msgs/share/velodyne_msgs/package.dsv'
[0.403s] INFO:colcon.colcon_core.shell:Creating package script '/home/jeongil/ros_foxy_ws/velodyne_ws/install/velodyne_msgs/share/velodyne_msgs/package.sh'
[0.404s] INFO:colcon.colcon_core.shell:Creating package script '/home/jeongil/ros_foxy_ws/velodyne_ws/install/velodyne_msgs/share/velodyne_msgs/package.bash'
[0.404s] INFO:colcon.colcon_core.shell:Creating package script '/home/jeongil/ros_foxy_ws/velodyne_ws/install/velodyne_msgs/share/velodyne_msgs/package.zsh'
[0.404s] Level 1:colcon.colcon_core.environment:create_file_with_runtime_dependencies(/home/jeongil/ros_foxy_ws/velodyne_ws/install/velodyne_msgs/share/colcon-core/packages/velodyne_msgs)
[0.449s] Level 1:colcon.colcon_core.environment:create_environment_scripts_only(velodyne_msgs)
[0.450s] Level 1:colcon.colcon_core.environment:checking '/home/jeongil/ros_foxy_ws/velodyne_ws/install/velodyne_msgs' for CMake module files
[0.450s] Level 1:colcon.colcon_core.environment:checking '/home/jeongil/ros_foxy_ws/velodyne_ws/install/velodyne_msgs' for CMake config files
[0.450s] Level 1:colcon.colcon_core.shell:create_environment_hook('velodyne_msgs', 'cmake_prefix_path')
[0.451s] INFO:colcon.colcon_core.shell:Creating environment hook '/home/jeongil/ros_foxy_ws/velodyne_ws/install/velodyne_msgs/share/velodyne_msgs/hook/cmake_prefix_path.ps1'
[0.451s] INFO:colcon.colcon_core.shell:Creating environment descriptor '/home/jeongil/ros_foxy_ws/velodyne_ws/install/velodyne_msgs/share/velodyne_msgs/hook/cmake_prefix_path.dsv'
[0.451s] INFO:colcon.colcon_core.shell:Creating environment hook '/home/jeongil/ros_foxy_ws/velodyne_ws/install/velodyne_msgs/share/velodyne_msgs/hook/cmake_prefix_path.sh'
[0.451s] Level 1:colcon.colcon_core.environment:checking '/home/jeongil/ros_foxy_ws/velodyne_ws/install/velodyne_msgs/lib'
[0.451s] Level 1:colcon.colcon_core.shell:create_environment_hook('velodyne_msgs', 'ld_library_path_lib')
[0.452s] INFO:colcon.colcon_core.shell:Creating environment hook '/home/jeongil/ros_foxy_ws/velodyne_ws/install/velodyne_msgs/share/velodyne_msgs/hook/ld_library_path_lib.ps1'
[0.452s] INFO:colcon.colcon_core.shell:Creating environment descriptor '/home/jeongil/ros_foxy_ws/velodyne_ws/install/velodyne_msgs/share/velodyne_msgs/hook/ld_library_path_lib.dsv'
[0.452s] INFO:colcon.colcon_core.shell:Creating environment hook '/home/jeongil/ros_foxy_ws/velodyne_ws/install/velodyne_msgs/share/velodyne_msgs/hook/ld_library_path_lib.sh'
[0.452s] Level 1:colcon.colcon_core.environment:checking '/home/jeongil/ros_foxy_ws/velodyne_ws/install/velodyne_msgs/bin'
[0.452s] Level 1:colcon.colcon_core.environment:checking '/home/jeongil/ros_foxy_ws/velodyne_ws/install/velodyne_msgs/lib/pkgconfig/velodyne_msgs.pc'
[0.452s] Level 1:colcon.colcon_core.environment:checking '/home/jeongil/ros_foxy_ws/velodyne_ws/install/velodyne_msgs/lib/python3.8/site-packages'
[0.453s] Level 1:colcon.colcon_core.shell:create_environment_hook('velodyne_msgs', 'pythonpath')
[0.453s] INFO:colcon.colcon_core.shell:Creating environment hook '/home/jeongil/ros_foxy_ws/velodyne_ws/install/velodyne_msgs/share/velodyne_msgs/hook/pythonpath.ps1'
[0.453s] INFO:colcon.colcon_core.shell:Creating environment descriptor '/home/jeongil/ros_foxy_ws/velodyne_ws/install/velodyne_msgs/share/velodyne_msgs/hook/pythonpath.dsv'
[0.453s] INFO:colcon.colcon_core.shell:Creating environment hook '/home/jeongil/ros_foxy_ws/velodyne_ws/install/velodyne_msgs/share/velodyne_msgs/hook/pythonpath.sh'
[0.454s] Level 1:colcon.colcon_core.environment:checking '/home/jeongil/ros_foxy_ws/velodyne_ws/install/velodyne_msgs/bin'
[0.454s] INFO:colcon.colcon_core.shell:Creating package script '/home/jeongil/ros_foxy_ws/velodyne_ws/install/velodyne_msgs/share/velodyne_msgs/package.ps1'
[0.455s] INFO:colcon.colcon_core.shell:Creating package descriptor '/home/jeongil/ros_foxy_ws/velodyne_ws/install/velodyne_msgs/share/velodyne_msgs/package.dsv'
[0.455s] INFO:colcon.colcon_core.shell:Creating package script '/home/jeongil/ros_foxy_ws/velodyne_ws/install/velodyne_msgs/share/velodyne_msgs/package.sh'
[0.455s] INFO:colcon.colcon_core.shell:Creating package script '/home/jeongil/ros_foxy_ws/velodyne_ws/install/velodyne_msgs/share/velodyne_msgs/package.bash'
[0.455s] INFO:colcon.colcon_core.shell:Creating package script '/home/jeongil/ros_foxy_ws/velodyne_ws/install/velodyne_msgs/share/velodyne_msgs/package.zsh'
[0.455s] Level 1:colcon.colcon_core.environment:create_file_with_runtime_dependencies(/home/jeongil/ros_foxy_ws/velodyne_ws/install/velodyne_msgs/share/colcon-core/packages/velodyne_msgs)
[0.456s] INFO:colcon.colcon_ros.task.ament_cmake.build:Building ROS package in '/home/jeongil/ros_foxy_ws/velodyne_ws/src/velodyne-ros2/velodyne_driver' with build type 'ament_cmake'
[0.456s] INFO:colcon.colcon_cmake.task.cmake.build:Building CMake package in '/home/jeongil/ros_foxy_ws/velodyne_ws/src/velodyne-ros2/velodyne_driver'
[0.456s] INFO:colcon.colcon_core.shell:Skip shell extension 'powershell' for command environment: Not usable outside of PowerShell
[0.456s] DEBUG:colcon.colcon_core.shell:Skip shell extension 'dsv' for command environment
[0.459s] INFO:colcon.colcon_ros.task.ament_cmake.build:Building ROS package in '/home/jeongil/ros_foxy_ws/velodyne_ws/src/velodyne-ros2/velodyne_pointcloud' with build type 'ament_cmake'
[0.460s] INFO:colcon.colcon_cmake.task.cmake.build:Building CMake package in '/home/jeongil/ros_foxy_ws/velodyne_ws/src/velodyne-ros2/velodyne_pointcloud'
[0.460s] INFO:colcon.colcon_core.shell:Skip shell extension 'powershell' for command environment: Not usable outside of PowerShell
[0.460s] DEBUG:colcon.colcon_core.shell:Skip shell extension 'dsv' for command environment
[0.465s] DEBUG:colcon.colcon_core.event_handler.log_command:Invoking command in '/home/jeongil/ros_foxy_ws/velodyne_ws/build/velodyne_driver': AMENT_PREFIX_PATH=/home/jeongil/ros_foxy_ws/velodyne_ws/install/velodyne_msgs:${AMENT_PREFIX_PATH} CMAKE_PREFIX_PATH=/home/jeongil/ros_foxy_ws/velodyne_ws/install/velodyne_msgs:/opt/ros/foxy LD_LIBRARY_PATH=/home/jeongil/ros_foxy_ws/velodyne_ws/install/velodyne_msgs/lib:${LD_LIBRARY_PATH} PYTHONPATH=/home/jeongil/ros_foxy_ws/velodyne_ws/install/velodyne_msgs/lib/python3.8/site-packages:${PYTHONPATH} /usr/bin/cmake /home/jeongil/ros_foxy_ws/velodyne_ws/src/velodyne-ros2/velodyne_driver -DCMAKE_INSTALL_PREFIX=/home/jeongil/ros_foxy_ws/velodyne_ws/install/velodyne_driver
[0.467s] DEBUG:colcon.colcon_core.event_handler.log_command:Invoking command in '/home/jeongil/ros_foxy_ws/velodyne_ws/build/velodyne_pointcloud': AMENT_PREFIX_PATH=/home/jeongil/ros_foxy_ws/velodyne_ws/install/velodyne_msgs:${AMENT_PREFIX_PATH} CMAKE_PREFIX_PATH=/home/jeongil/ros_foxy_ws/velodyne_ws/install/velodyne_msgs:/opt/ros/foxy LD_LIBRARY_PATH=/home/jeongil/ros_foxy_ws/velodyne_ws/install/velodyne_msgs/lib:${LD_LIBRARY_PATH} PYTHONPATH=/home/jeongil/ros_foxy_ws/velodyne_ws/install/velodyne_msgs/lib/python3.8/site-packages:${PYTHONPATH} /usr/bin/cmake /home/jeongil/ros_foxy_ws/velodyne_ws/src/velodyne-ros2/velodyne_pointcloud -DCMAKE_INSTALL_PREFIX=/home/jeongil/ros_foxy_ws/velodyne_ws/install/velodyne_pointcloud
[0.577s] DEBUG:colcon.colcon_core.event_handler.log_command:Invoked command in '/home/jeongil/ros_foxy_ws/velodyne_ws/build/velodyne_pointcloud' returned '1': AMENT_PREFIX_PATH=/home/jeongil/ros_foxy_ws/velodyne_ws/install/velodyne_msgs:${AMENT_PREFIX_PATH} CMAKE_PREFIX_PATH=/home/jeongil/ros_foxy_ws/velodyne_ws/install/velodyne_msgs:/opt/ros/foxy LD_LIBRARY_PATH=/home/jeongil/ros_foxy_ws/velodyne_ws/install/velodyne_msgs/lib:${LD_LIBRARY_PATH} PYTHONPATH=/home/jeongil/ros_foxy_ws/velodyne_ws/install/velodyne_msgs/lib/python3.8/site-packages:${PYTHONPATH} /usr/bin/cmake /home/jeongil/ros_foxy_ws/velodyne_ws/src/velodyne-ros2/velodyne_pointcloud -DCMAKE_INSTALL_PREFIX=/home/jeongil/ros_foxy_ws/velodyne_ws/install/velodyne_pointcloud
[0.584s] Level 1:colcon.colcon_core.environment:create_environment_scripts_only(velodyne_pointcloud)
[0.585s] Level 1:colcon.colcon_core.environment:checking '/home/jeongil/ros_foxy_ws/velodyne_ws/install/velodyne_pointcloud' for CMake module files
[0.585s] Level 1:colcon.colcon_core.environment:checking '/home/jeongil/ros_foxy_ws/velodyne_ws/install/velodyne_pointcloud' for CMake config files
[0.585s] Level 1:colcon.colcon_core.environment:checking '/home/jeongil/ros_foxy_ws/velodyne_ws/install/velodyne_pointcloud/bin'
[0.585s] Level 1:colcon.colcon_core.environment:checking '/home/jeongil/ros_foxy_ws/velodyne_ws/install/velodyne_pointcloud/lib/pkgconfig/velodyne_pointcloud.pc'
[0.586s] Level 1:colcon.colcon_core.environment:checking '/home/jeongil/ros_foxy_ws/velodyne_ws/install/velodyne_pointcloud/lib/python3.8/site-packages'
[0.586s] Level 1:colcon.colcon_core.environment:checking '/home/jeongil/ros_foxy_ws/velodyne_ws/install/velodyne_pointcloud/bin'
[0.586s] INFO:colcon.colcon_core.shell:Creating package script '/home/jeongil/ros_foxy_ws/velodyne_ws/install/velodyne_pointcloud/share/velodyne_pointcloud/package.ps1'
[0.587s] INFO:colcon.colcon_core.shell:Creating package descriptor '/home/jeongil/ros_foxy_ws/velodyne_ws/install/velodyne_pointcloud/share/velodyne_pointcloud/package.dsv'
[0.587s] INFO:colcon.colcon_core.shell:Creating package script '/home/jeongil/ros_foxy_ws/velodyne_ws/install/velodyne_pointcloud/share/velodyne_pointcloud/package.sh'
[0.587s] INFO:colcon.colcon_core.shell:Creating package script '/home/jeongil/ros_foxy_ws/velodyne_ws/install/velodyne_pointcloud/share/velodyne_pointcloud/package.bash'
[0.587s] INFO:colcon.colcon_core.shell:Creating package script '/home/jeongil/ros_foxy_ws/velodyne_ws/install/velodyne_pointcloud/share/velodyne_pointcloud/package.zsh'
[0.587s] Level 1:colcon.colcon_core.environment:create_file_with_runtime_dependencies(/home/jeongil/ros_foxy_ws/velodyne_ws/install/velodyne_pointcloud/share/colcon-core/packages/velodyne_pointcloud)
[0.701s] DEBUG:colcon.colcon_parallel_executor.executor.parallel:closing loop
[0.701s] DEBUG:colcon.colcon_parallel_executor.executor.parallel:loop closed
[0.701s] DEBUG:colcon.colcon_parallel_executor.executor.parallel:run_until_complete finished with '1'
[0.701s] DEBUG:colcon.colcon_core.event_reactor:joining thread
[0.705s] INFO:colcon.colcon_core.plugin_system:Skipping extension 'colcon_notification.desktop_notification.terminal_notifier': Not used on non-Darwin systems
[0.705s] INFO:colcon.colcon_core.plugin_system:Skipping extension 'colcon_notification.desktop_notification.win32': Not used on non-Windows systems
[0.705s] INFO:colcon.colcon_notification.desktop_notification:Sending desktop notification using 'notify2'
[0.712s] DEBUG:colcon.colcon_core.event_reactor:joined thread
[0.713s] INFO:colcon.colcon_core.shell:Creating prefix script '/home/jeongil/ros_foxy_ws/velodyne_ws/install/local_setup.ps1'
[0.714s] INFO:colcon.colcon_core.shell:Creating prefix util module '/home/jeongil/ros_foxy_ws/velodyne_ws/install/_local_setup_util_ps1.py'
[0.714s] INFO:colcon.colcon_core.shell:Creating prefix chain script '/home/jeongil/ros_foxy_ws/velodyne_ws/install/setup.ps1'
[0.715s] INFO:colcon.colcon_core.shell:Creating prefix script '/home/jeongil/ros_foxy_ws/velodyne_ws/install/local_setup.sh'
[0.715s] INFO:colcon.colcon_core.shell:Creating prefix util module '/home/jeongil/ros_foxy_ws/velodyne_ws/install/_local_setup_util_sh.py'
[0.715s] INFO:colcon.colcon_core.shell:Creating prefix chain script '/home/jeongil/ros_foxy_ws/velodyne_ws/install/setup.sh'
[0.716s] INFO:colcon.colcon_core.shell:Creating prefix script '/home/jeongil/ros_foxy_ws/velodyne_ws/install/local_setup.bash'
[0.716s] INFO:colcon.colcon_core.shell:Creating prefix chain script '/home/jeongil/ros_foxy_ws/velodyne_ws/install/setup.bash'
[0.717s] INFO:colcon.colcon_core.shell:Creating prefix script '/home/jeongil/ros_foxy_ws/velodyne_ws/install/local_setup.zsh'
[0.717s] INFO:colcon.colcon_core.shell:Creating prefix chain script '/home/jeongil/ros_foxy_ws/velodyne_ws/install/setup.zsh'
