[0.134s] DEBUG:colcon:Command line arguments: ['/usr/bin/colcon', 'build']
[0.134s] DEBUG:colcon:Parsed command line arguments: Namespace(allow_overriding=[], ament_cmake_args=None, base_paths=['.'], build_base='build', catkin_cmake_args=None, catkin_skip_building_tests=False, cmake_args=None, cmake_clean_cache=False, cmake_clean_first=False, cmake_force_configure=False, cmake_target=None, cmake_target_skip_unavailable=False, continue_on_error=False, event_handlers=None, executor='parallel', ignore_user_meta=False, install_base='install', log_base=None, log_level=None, main=<bound method BuildVerb.main of <colcon_core.verb.build.BuildVerb object at 0x7fdc458c8880>>, merge_install=False, metas=['./colcon.meta'], packages_above=None, packages_above_and_dependencies=None, packages_above_depth=None, packages_end=None, packages_ignore=None, packages_ignore_regex=None, packages_select=None, packages_select_build_failed=False, packages_select_by_dep=None, packages_select_regex=None, packages_select_test_failures=False, packages_skip=None, packages_skip_build_finished=False, packages_skip_by_dep=None, packages_skip_regex=None, packages_skip_test_passed=False, packages_skip_up_to=None, packages_start=None, packages_up_to=None, packages_up_to_regex=None, parallel_workers=20, paths=None, symlink_install=False, test_result_base=None, verb_extension=<colcon_core.verb.build.BuildVerb object at 0x7fdc458c8880>, verb_name='build', verb_parser=<colcon_defaults.argument_parser.defaults.DefaultArgumentsDecorator object at 0x7fdc458c8df0>)
[0.146s] Level 1:colcon.colcon_core.package_discovery:discover_packages(colcon_meta) check parameters
[0.146s] Level 1:colcon.colcon_core.package_discovery:discover_packages(recursive) check parameters
[0.146s] Level 1:colcon.colcon_core.package_discovery:discover_packages(ignore) check parameters
[0.146s] Level 1:colcon.colcon_core.package_discovery:discover_packages(path) check parameters
[0.146s] Level 1:colcon.colcon_core.package_discovery:discover_packages(colcon_meta) discover
[0.146s] Level 1:colcon.colcon_core.package_discovery:discover_packages(recursive) discover
[0.146s] INFO:colcon.colcon_core.package_discovery:Crawling recursively for packages in '/home/jeongil/ros_foxy_ws/velodyne_ws'
[0.146s] Level 1:colcon.colcon_core.package_identification:_identify(.) by extensions ['ignore', 'ignore_ament_install']
[0.146s] Level 1:colcon.colcon_core.package_identification:_identify(.) by extension 'ignore'
[0.146s] Level 1:colcon.colcon_core.package_identification:_identify(.) by extension 'ignore_ament_install'
[0.146s] Level 1:colcon.colcon_core.package_identification:_identify(.) by extensions ['colcon_pkg']
[0.146s] Level 1:colcon.colcon_core.package_identification:_identify(.) by extension 'colcon_pkg'
[0.146s] Level 1:colcon.colcon_core.package_identification:_identify(.) by extensions ['colcon_meta']
[0.146s] Level 1:colcon.colcon_core.package_identification:_identify(.) by extension 'colcon_meta'
[0.146s] Level 1:colcon.colcon_core.package_identification:_identify(.) by extensions ['ros']
[0.146s] Level 1:colcon.colcon_core.package_identification:_identify(.) by extension 'ros'
[0.156s] Level 1:colcon.colcon_core.package_identification:_identify(.) by extensions ['cmake', 'python']
[0.156s] Level 1:colcon.colcon_core.package_identification:_identify(.) by extension 'cmake'
[0.156s] Level 1:colcon.colcon_core.package_identification:_identify(.) by extension 'python'
[0.156s] Level 1:colcon.colcon_core.package_identification:_identify(.) by extensions ['python_setup_py']
[0.156s] Level 1:colcon.colcon_core.package_identification:_identify(.) by extension 'python_setup_py'
[0.156s] Level 1:colcon.colcon_core.package_identification:_identify(build) by extensions ['ignore', 'ignore_ament_install']
[0.156s] Level 1:colcon.colcon_core.package_identification:_identify(build) by extension 'ignore'
[0.156s] Level 1:colcon.colcon_core.package_identification:_identify(build) ignored
[0.156s] Level 1:colcon.colcon_core.package_identification:_identify(install) by extensions ['ignore', 'ignore_ament_install']
[0.156s] Level 1:colcon.colcon_core.package_identification:_identify(install) by extension 'ignore'
[0.156s] Level 1:colcon.colcon_core.package_identification:_identify(install) ignored
[0.156s] Level 1:colcon.colcon_core.package_identification:_identify(log) by extensions ['ignore', 'ignore_ament_install']
[0.156s] Level 1:colcon.colcon_core.package_identification:_identify(log) by extension 'ignore'
[0.156s] Level 1:colcon.colcon_core.package_identification:_identify(log) ignored
[0.156s] Level 1:colcon.colcon_core.package_identification:_identify(src) by extensions ['ignore', 'ignore_ament_install']
[0.156s] Level 1:colcon.colcon_core.package_identification:_identify(src) by extension 'ignore'
[0.156s] Level 1:colcon.colcon_core.package_identification:_identify(src) by extension 'ignore_ament_install'
[0.156s] Level 1:colcon.colcon_core.package_identification:_identify(src) by extensions ['colcon_pkg']
[0.156s] Level 1:colcon.colcon_core.package_identification:_identify(src) by extension 'colcon_pkg'
[0.156s] Level 1:colcon.colcon_core.package_identification:_identify(src) by extensions ['colcon_meta']
[0.156s] Level 1:colcon.colcon_core.package_identification:_identify(src) by extension 'colcon_meta'
[0.156s] Level 1:colcon.colcon_core.package_identification:_identify(src) by extensions ['ros']
[0.156s] Level 1:colcon.colcon_core.package_identification:_identify(src) by extension 'ros'
[0.156s] Level 1:colcon.colcon_core.package_identification:_identify(src) by extensions ['cmake', 'python']
[0.156s] Level 1:colcon.colcon_core.package_identification:_identify(src) by extension 'cmake'
[0.156s] Level 1:colcon.colcon_core.package_identification:_identify(src) by extension 'python'
[0.156s] Level 1:colcon.colcon_core.package_identification:_identify(src) by extensions ['python_setup_py']
[0.156s] Level 1:colcon.colcon_core.package_identification:_identify(src) by extension 'python_setup_py'
[0.156s] Level 1:colcon.colcon_core.package_identification:_identify(src/LeGO-LOAM-SR) by extensions ['ignore', 'ignore_ament_install']
[0.156s] Level 1:colcon.colcon_core.package_identification:_identify(src/LeGO-LOAM-SR) by extension 'ignore'
[0.156s] Level 1:colcon.colcon_core.package_identification:_identify(src/LeGO-LOAM-SR) by extension 'ignore_ament_install'
[0.156s] Level 1:colcon.colcon_core.package_identification:_identify(src/LeGO-LOAM-SR) by extensions ['colcon_pkg']
[0.156s] Level 1:colcon.colcon_core.package_identification:_identify(src/LeGO-LOAM-SR) by extension 'colcon_pkg'
[0.156s] Level 1:colcon.colcon_core.package_identification:_identify(src/LeGO-LOAM-SR) by extensions ['colcon_meta']
[0.156s] Level 1:colcon.colcon_core.package_identification:_identify(src/LeGO-LOAM-SR) by extension 'colcon_meta'
[0.156s] Level 1:colcon.colcon_core.package_identification:_identify(src/LeGO-LOAM-SR) by extensions ['ros']
[0.156s] Level 1:colcon.colcon_core.package_identification:_identify(src/LeGO-LOAM-SR) by extension 'ros'
[0.157s] Level 1:colcon.colcon_core.package_identification:_identify(src/LeGO-LOAM-SR) by extensions ['cmake', 'python']
[0.157s] Level 1:colcon.colcon_core.package_identification:_identify(src/LeGO-LOAM-SR) by extension 'cmake'
[0.157s] Level 1:colcon.colcon_core.package_identification:_identify(src/LeGO-LOAM-SR) by extension 'python'
[0.157s] Level 1:colcon.colcon_core.package_identification:_identify(src/LeGO-LOAM-SR) by extensions ['python_setup_py']
[0.157s] Level 1:colcon.colcon_core.package_identification:_identify(src/LeGO-LOAM-SR) by extension 'python_setup_py'
[0.157s] Level 1:colcon.colcon_core.package_identification:_identify(src/velodyne-ros2) by extensions ['ignore', 'ignore_ament_install']
[0.157s] Level 1:colcon.colcon_core.package_identification:_identify(src/velodyne-ros2) by extension 'ignore'
[0.157s] Level 1:colcon.colcon_core.package_identification:_identify(src/velodyne-ros2) by extension 'ignore_ament_install'
[0.157s] Level 1:colcon.colcon_core.package_identification:_identify(src/velodyne-ros2) by extensions ['colcon_pkg']
[0.157s] Level 1:colcon.colcon_core.package_identification:_identify(src/velodyne-ros2) by extension 'colcon_pkg'
[0.157s] Level 1:colcon.colcon_core.package_identification:_identify(src/velodyne-ros2) by extensions ['colcon_meta']
[0.157s] Level 1:colcon.colcon_core.package_identification:_identify(src/velodyne-ros2) by extension 'colcon_meta'
[0.157s] Level 1:colcon.colcon_core.package_identification:_identify(src/velodyne-ros2) by extensions ['ros']
[0.157s] Level 1:colcon.colcon_core.package_identification:_identify(src/velodyne-ros2) by extension 'ros'
[0.157s] Level 1:colcon.colcon_core.package_identification:_identify(src/velodyne-ros2) by extensions ['cmake', 'python']
[0.157s] Level 1:colcon.colcon_core.package_identification:_identify(src/velodyne-ros2) by extension 'cmake'
[0.157s] Level 1:colcon.colcon_core.package_identification:_identify(src/velodyne-ros2) by extension 'python'
[0.157s] Level 1:colcon.colcon_core.package_identification:_identify(src/velodyne-ros2) by extensions ['python_setup_py']
[0.157s] Level 1:colcon.colcon_core.package_identification:_identify(src/velodyne-ros2) by extension 'python_setup_py'
[0.157s] Level 1:colcon.colcon_core.package_identification:_identify(src/velodyne-ros2/velodyne) by extensions ['ignore', 'ignore_ament_install']
[0.157s] Level 1:colcon.colcon_core.package_identification:_identify(src/velodyne-ros2/velodyne) by extension 'ignore'
[0.157s] Level 1:colcon.colcon_core.package_identification:_identify(src/velodyne-ros2/velodyne) by extension 'ignore_ament_install'
[0.157s] Level 1:colcon.colcon_core.package_identification:_identify(src/velodyne-ros2/velodyne) by extensions ['colcon_pkg']
[0.157s] Level 1:colcon.colcon_core.package_identification:_identify(src/velodyne-ros2/velodyne) by extension 'colcon_pkg'
[0.157s] Level 1:colcon.colcon_core.package_identification:_identify(src/velodyne-ros2/velodyne) by extensions ['colcon_meta']
[0.157s] Level 1:colcon.colcon_core.package_identification:_identify(src/velodyne-ros2/velodyne) by extension 'colcon_meta'
[0.157s] Level 1:colcon.colcon_core.package_identification:_identify(src/velodyne-ros2/velodyne) by extensions ['ros']
[0.157s] Level 1:colcon.colcon_core.package_identification:_identify(src/velodyne-ros2/velodyne) by extension 'ros'
[0.158s] DEBUG:colcon.colcon_core.package_identification:Package 'src/velodyne-ros2/velodyne' with type 'ros.ament_cmake' and name 'velodyne'
[0.158s] Level 1:colcon.colcon_core.package_identification:_identify(src/velodyne-ros2/velodyne_driver) by extensions ['ignore', 'ignore_ament_install']
[0.158s] Level 1:colcon.colcon_core.package_identification:_identify(src/velodyne-ros2/velodyne_driver) by extension 'ignore'
[0.158s] Level 1:colcon.colcon_core.package_identification:_identify(src/velodyne-ros2/velodyne_driver) by extension 'ignore_ament_install'
[0.158s] Level 1:colcon.colcon_core.package_identification:_identify(src/velodyne-ros2/velodyne_driver) by extensions ['colcon_pkg']
[0.158s] Level 1:colcon.colcon_core.package_identification:_identify(src/velodyne-ros2/velodyne_driver) by extension 'colcon_pkg'
[0.158s] Level 1:colcon.colcon_core.package_identification:_identify(src/velodyne-ros2/velodyne_driver) by extensions ['colcon_meta']
[0.158s] Level 1:colcon.colcon_core.package_identification:_identify(src/velodyne-ros2/velodyne_driver) by extension 'colcon_meta'
[0.158s] Level 1:colcon.colcon_core.package_identification:_identify(src/velodyne-ros2/velodyne_driver) by extensions ['ros']
[0.158s] Level 1:colcon.colcon_core.package_identification:_identify(src/velodyne-ros2/velodyne_driver) by extension 'ros'
[0.159s] DEBUG:colcon.colcon_core.package_identification:Package 'src/velodyne-ros2/velodyne_driver' with type 'ros.ament_cmake' and name 'velodyne_driver'
[0.159s] Level 1:colcon.colcon_core.package_identification:_identify(src/velodyne-ros2/velodyne_laserscan) by extensions ['ignore', 'ignore_ament_install']
[0.159s] Level 1:colcon.colcon_core.package_identification:_identify(src/velodyne-ros2/velodyne_laserscan) by extension 'ignore'
[0.159s] Level 1:colcon.colcon_core.package_identification:_identify(src/velodyne-ros2/velodyne_laserscan) by extension 'ignore_ament_install'
[0.159s] Level 1:colcon.colcon_core.package_identification:_identify(src/velodyne-ros2/velodyne_laserscan) by extensions ['colcon_pkg']
[0.159s] Level 1:colcon.colcon_core.package_identification:_identify(src/velodyne-ros2/velodyne_laserscan) by extension 'colcon_pkg'
[0.159s] Level 1:colcon.colcon_core.package_identification:_identify(src/velodyne-ros2/velodyne_laserscan) by extensions ['colcon_meta']
[0.159s] Level 1:colcon.colcon_core.package_identification:_identify(src/velodyne-ros2/velodyne_laserscan) by extension 'colcon_meta'
[0.159s] Level 1:colcon.colcon_core.package_identification:_identify(src/velodyne-ros2/velodyne_laserscan) by extensions ['ros']
[0.159s] Level 1:colcon.colcon_core.package_identification:_identify(src/velodyne-ros2/velodyne_laserscan) by extension 'ros'
[0.160s] DEBUG:colcon.colcon_core.package_identification:Package 'src/velodyne-ros2/velodyne_laserscan' with type 'ros.ament_cmake' and name 'velodyne_laserscan'
[0.160s] Level 1:colcon.colcon_core.package_identification:_identify(src/velodyne-ros2/velodyne_msgs) by extensions ['ignore', 'ignore_ament_install']
[0.160s] Level 1:colcon.colcon_core.package_identification:_identify(src/velodyne-ros2/velodyne_msgs) by extension 'ignore'
[0.160s] Level 1:colcon.colcon_core.package_identification:_identify(src/velodyne-ros2/velodyne_msgs) by extension 'ignore_ament_install'
[0.160s] Level 1:colcon.colcon_core.package_identification:_identify(src/velodyne-ros2/velodyne_msgs) by extensions ['colcon_pkg']
[0.160s] Level 1:colcon.colcon_core.package_identification:_identify(src/velodyne-ros2/velodyne_msgs) by extension 'colcon_pkg'
[0.160s] Level 1:colcon.colcon_core.package_identification:_identify(src/velodyne-ros2/velodyne_msgs) by extensions ['colcon_meta']
[0.160s] Level 1:colcon.colcon_core.package_identification:_identify(src/velodyne-ros2/velodyne_msgs) by extension 'colcon_meta'
[0.160s] Level 1:colcon.colcon_core.package_identification:_identify(src/velodyne-ros2/velodyne_msgs) by extensions ['ros']
[0.160s] Level 1:colcon.colcon_core.package_identification:_identify(src/velodyne-ros2/velodyne_msgs) by extension 'ros'
[0.160s] DEBUG:colcon.colcon_core.package_identification:Package 'src/velodyne-ros2/velodyne_msgs' with type 'ros.ament_cmake' and name 'velodyne_msgs'
[0.160s] Level 1:colcon.colcon_core.package_identification:_identify(src/velodyne-ros2/velodyne_pointcloud) by extensions ['ignore', 'ignore_ament_install']
[0.160s] Level 1:colcon.colcon_core.package_identification:_identify(src/velodyne-ros2/velodyne_pointcloud) by extension 'ignore'
[0.160s] Level 1:colcon.colcon_core.package_identification:_identify(src/velodyne-ros2/velodyne_pointcloud) by extension 'ignore_ament_install'
[0.160s] Level 1:colcon.colcon_core.package_identification:_identify(src/velodyne-ros2/velodyne_pointcloud) by extensions ['colcon_pkg']
[0.160s] Level 1:colcon.colcon_core.package_identification:_identify(src/velodyne-ros2/velodyne_pointcloud) by extension 'colcon_pkg'
[0.160s] Level 1:colcon.colcon_core.package_identification:_identify(src/velodyne-ros2/velodyne_pointcloud) by extensions ['colcon_meta']
[0.160s] Level 1:colcon.colcon_core.package_identification:_identify(src/velodyne-ros2/velodyne_pointcloud) by extension 'colcon_meta'
[0.160s] Level 1:colcon.colcon_core.package_identification:_identify(src/velodyne-ros2/velodyne_pointcloud) by extensions ['ros']
[0.160s] Level 1:colcon.colcon_core.package_identification:_identify(src/velodyne-ros2/velodyne_pointcloud) by extension 'ros'
[0.161s] DEBUG:colcon.colcon_core.package_identification:Package 'src/velodyne-ros2/velodyne_pointcloud' with type 'ros.ament_cmake' and name 'velodyne_pointcloud'
[0.161s] Level 1:colcon.colcon_core.package_discovery:discover_packages(recursive) using defaults
[0.161s] Level 1:colcon.colcon_core.package_discovery:discover_packages(ignore) discover
[0.161s] Level 1:colcon.colcon_core.package_discovery:discover_packages(ignore) using defaults
[0.161s] Level 1:colcon.colcon_core.package_discovery:discover_packages(path) discover
[0.161s] Level 1:colcon.colcon_core.package_discovery:discover_packages(path) using defaults
[0.171s] Level 1:colcon.colcon_core.package_discovery:discover_packages(prefix_path) check parameters
[0.171s] Level 1:colcon.colcon_core.package_discovery:discover_packages(prefix_path) discover
[0.172s] DEBUG:colcon.colcon_installed_package_information.package_discovery:Found 261 installed packages in /opt/ros/foxy
[0.173s] Level 1:colcon.colcon_core.package_discovery:discover_packages(prefix_path) using defaults
[0.201s] Level 5:colcon.colcon_core.verb:set package 'velodyne_laserscan' build argument 'cmake_args' from command line to 'None'
[0.201s] Level 5:colcon.colcon_core.verb:set package 'velodyne_laserscan' build argument 'cmake_target' from command line to 'None'
[0.201s] Level 5:colcon.colcon_core.verb:set package 'velodyne_laserscan' build argument 'cmake_target_skip_unavailable' from command line to 'False'
[0.201s] Level 5:colcon.colcon_core.verb:set package 'velodyne_laserscan' build argument 'cmake_clean_cache' from command line to 'False'
[0.201s] Level 5:colcon.colcon_core.verb:set package 'velodyne_laserscan' build argument 'cmake_clean_first' from command line to 'False'
[0.201s] Level 5:colcon.colcon_core.verb:set package 'velodyne_laserscan' build argument 'cmake_force_configure' from command line to 'False'
[0.201s] Level 5:colcon.colcon_core.verb:set package 'velodyne_laserscan' build argument 'ament_cmake_args' from command line to 'None'
[0.201s] Level 5:colcon.colcon_core.verb:set package 'velodyne_laserscan' build argument 'catkin_cmake_args' from command line to 'None'
[0.201s] Level 5:colcon.colcon_core.verb:set package 'velodyne_laserscan' build argument 'catkin_skip_building_tests' from command line to 'False'
[0.201s] DEBUG:colcon.colcon_core.verb:Building package 'velodyne_laserscan' with the following arguments: {'ament_cmake_args': None, 'build_base': '/home/jeongil/ros_foxy_ws/velodyne_ws/build/velodyne_laserscan', 'catkin_cmake_args': None, 'catkin_skip_building_tests': False, 'cmake_args': None, 'cmake_clean_cache': False, 'cmake_clean_first': False, 'cmake_force_configure': False, 'cmake_target': None, 'cmake_target_skip_unavailable': False, 'install_base': '/home/jeongil/ros_foxy_ws/velodyne_ws/install/velodyne_laserscan', 'merge_install': False, 'path': '/home/jeongil/ros_foxy_ws/velodyne_ws/src/velodyne-ros2/velodyne_laserscan', 'symlink_install': False, 'test_result_base': None}
[0.202s] Level 5:colcon.colcon_core.verb:set package 'velodyne_msgs' build argument 'cmake_args' from command line to 'None'
[0.202s] Level 5:colcon.colcon_core.verb:set package 'velodyne_msgs' build argument 'cmake_target' from command line to 'None'
[0.202s] Level 5:colcon.colcon_core.verb:set package 'velodyne_msgs' build argument 'cmake_target_skip_unavailable' from command line to 'False'
[0.202s] Level 5:colcon.colcon_core.verb:set package 'velodyne_msgs' build argument 'cmake_clean_cache' from command line to 'False'
[0.202s] Level 5:colcon.colcon_core.verb:set package 'velodyne_msgs' build argument 'cmake_clean_first' from command line to 'False'
[0.202s] Level 5:colcon.colcon_core.verb:set package 'velodyne_msgs' build argument 'cmake_force_configure' from command line to 'False'
[0.202s] Level 5:colcon.colcon_core.verb:set package 'velodyne_msgs' build argument 'ament_cmake_args' from command line to 'None'
[0.202s] Level 5:colcon.colcon_core.verb:set package 'velodyne_msgs' build argument 'catkin_cmake_args' from command line to 'None'
[0.202s] Level 5:colcon.colcon_core.verb:set package 'velodyne_msgs' build argument 'catkin_skip_building_tests' from command line to 'False'
[0.202s] DEBUG:colcon.colcon_core.verb:Building package 'velodyne_msgs' with the following arguments: {'ament_cmake_args': None, 'build_base': '/home/jeongil/ros_foxy_ws/velodyne_ws/build/velodyne_msgs', 'catkin_cmake_args': None, 'catkin_skip_building_tests': False, 'cmake_args': None, 'cmake_clean_cache': False, 'cmake_clean_first': False, 'cmake_force_configure': False, 'cmake_target': None, 'cmake_target_skip_unavailable': False, 'install_base': '/home/jeongil/ros_foxy_ws/velodyne_ws/install/velodyne_msgs', 'merge_install': False, 'path': '/home/jeongil/ros_foxy_ws/velodyne_ws/src/velodyne-ros2/velodyne_msgs', 'symlink_install': False, 'test_result_base': None}
[0.202s] Level 5:colcon.colcon_core.verb:set package 'velodyne_driver' build argument 'cmake_args' from command line to 'None'
[0.202s] Level 5:colcon.colcon_core.verb:set package 'velodyne_driver' build argument 'cmake_target' from command line to 'None'
[0.202s] Level 5:colcon.colcon_core.verb:set package 'velodyne_driver' build argument 'cmake_target_skip_unavailable' from command line to 'False'
[0.202s] Level 5:colcon.colcon_core.verb:set package 'velodyne_driver' build argument 'cmake_clean_cache' from command line to 'False'
[0.202s] Level 5:colcon.colcon_core.verb:set package 'velodyne_driver' build argument 'cmake_clean_first' from command line to 'False'
[0.202s] Level 5:colcon.colcon_core.verb:set package 'velodyne_driver' build argument 'cmake_force_configure' from command line to 'False'
[0.202s] Level 5:colcon.colcon_core.verb:set package 'velodyne_driver' build argument 'ament_cmake_args' from command line to 'None'
[0.202s] Level 5:colcon.colcon_core.verb:set package 'velodyne_driver' build argument 'catkin_cmake_args' from command line to 'None'
[0.202s] Level 5:colcon.colcon_core.verb:set package 'velodyne_driver' build argument 'catkin_skip_building_tests' from command line to 'False'
[0.203s] DEBUG:colcon.colcon_core.verb:Building package 'velodyne_driver' with the following arguments: {'ament_cmake_args': None, 'build_base': '/home/jeongil/ros_foxy_ws/velodyne_ws/build/velodyne_driver', 'catkin_cmake_args': None, 'catkin_skip_building_tests': False, 'cmake_args': None, 'cmake_clean_cache': False, 'cmake_clean_first': False, 'cmake_force_configure': False, 'cmake_target': None, 'cmake_target_skip_unavailable': False, 'install_base': '/home/jeongil/ros_foxy_ws/velodyne_ws/install/velodyne_driver', 'merge_install': False, 'path': '/home/jeongil/ros_foxy_ws/velodyne_ws/src/velodyne-ros2/velodyne_driver', 'symlink_install': False, 'test_result_base': None}
[0.203s] Level 5:colcon.colcon_core.verb:set package 'velodyne_pointcloud' build argument 'cmake_args' from command line to 'None'
[0.203s] Level 5:colcon.colcon_core.verb:set package 'velodyne_pointcloud' build argument 'cmake_target' from command line to 'None'
[0.203s] Level 5:colcon.colcon_core.verb:set package 'velodyne_pointcloud' build argument 'cmake_target_skip_unavailable' from command line to 'False'
[0.203s] Level 5:colcon.colcon_core.verb:set package 'velodyne_pointcloud' build argument 'cmake_clean_cache' from command line to 'False'
[0.203s] Level 5:colcon.colcon_core.verb:set package 'velodyne_pointcloud' build argument 'cmake_clean_first' from command line to 'False'
[0.203s] Level 5:colcon.colcon_core.verb:set package 'velodyne_pointcloud' build argument 'cmake_force_configure' from command line to 'False'
[0.203s] Level 5:colcon.colcon_core.verb:set package 'velodyne_pointcloud' build argument 'ament_cmake_args' from command line to 'None'
[0.203s] Level 5:colcon.colcon_core.verb:set package 'velodyne_pointcloud' build argument 'catkin_cmake_args' from command line to 'None'
[0.203s] Level 5:colcon.colcon_core.verb:set package 'velodyne_pointcloud' build argument 'catkin_skip_building_tests' from command line to 'False'
[0.203s] DEBUG:colcon.colcon_core.verb:Building package 'velodyne_pointcloud' with the following arguments: {'ament_cmake_args': None, 'build_base': '/home/jeongil/ros_foxy_ws/velodyne_ws/build/velodyne_pointcloud', 'catkin_cmake_args': None, 'catkin_skip_building_tests': False, 'cmake_args': None, 'cmake_clean_cache': False, 'cmake_clean_first': False, 'cmake_force_configure': False, 'cmake_target': None, 'cmake_target_skip_unavailable': False, 'install_base': '/home/jeongil/ros_foxy_ws/velodyne_ws/install/velodyne_pointcloud', 'merge_install': False, 'path': '/home/jeongil/ros_foxy_ws/velodyne_ws/src/velodyne-ros2/velodyne_pointcloud', 'symlink_install': False, 'test_result_base': None}
[0.203s] Level 5:colcon.colcon_core.verb:set package 'velodyne' build argument 'cmake_args' from command line to 'None'
[0.203s] Level 5:colcon.colcon_core.verb:set package 'velodyne' build argument 'cmake_target' from command line to 'None'
[0.203s] Level 5:colcon.colcon_core.verb:set package 'velodyne' build argument 'cmake_target_skip_unavailable' from command line to 'False'
[0.203s] Level 5:colcon.colcon_core.verb:set package 'velodyne' build argument 'cmake_clean_cache' from command line to 'False'
[0.203s] Level 5:colcon.colcon_core.verb:set package 'velodyne' build argument 'cmake_clean_first' from command line to 'False'
[0.203s] Level 5:colcon.colcon_core.verb:set package 'velodyne' build argument 'cmake_force_configure' from command line to 'False'
[0.203s] Level 5:colcon.colcon_core.verb:set package 'velodyne' build argument 'ament_cmake_args' from command line to 'None'
[0.203s] Level 5:colcon.colcon_core.verb:set package 'velodyne' build argument 'catkin_cmake_args' from command line to 'None'
[0.203s] Level 5:colcon.colcon_core.verb:set package 'velodyne' build argument 'catkin_skip_building_tests' from command line to 'False'
[0.203s] DEBUG:colcon.colcon_core.verb:Building package 'velodyne' with the following arguments: {'ament_cmake_args': None, 'build_base': '/home/jeongil/ros_foxy_ws/velodyne_ws/build/velodyne', 'catkin_cmake_args': None, 'catkin_skip_building_tests': False, 'cmake_args': None, 'cmake_clean_cache': False, 'cmake_clean_first': False, 'cmake_force_configure': False, 'cmake_target': None, 'cmake_target_skip_unavailable': False, 'install_base': '/home/jeongil/ros_foxy_ws/velodyne_ws/install/velodyne', 'merge_install': False, 'path': '/home/jeongil/ros_foxy_ws/velodyne_ws/src/velodyne-ros2/velodyne', 'symlink_install': False, 'test_result_base': None}
[0.204s] INFO:colcon.colcon_core.executor:Executing jobs using 'parallel' executor
[0.205s] DEBUG:colcon.colcon_parallel_executor.executor.parallel:run_until_complete
[0.205s] INFO:colcon.colcon_ros.task.ament_cmake.build:Building ROS package in '/home/jeongil/ros_foxy_ws/velodyne_ws/src/velodyne-ros2/velodyne_msgs' with build type 'ament_cmake'
[0.205s] INFO:colcon.colcon_cmake.task.cmake.build:Building CMake package in '/home/jeongil/ros_foxy_ws/velodyne_ws/src/velodyne-ros2/velodyne_msgs'
[0.208s] INFO:colcon.colcon_core.plugin_system:Skipping extension 'colcon_core.shell.bat': Not used on non-Windows systems
[0.208s] INFO:colcon.colcon_core.shell:Skip shell extension 'powershell' for command environment: Not usable outside of PowerShell
[0.208s] DEBUG:colcon.colcon_core.shell:Skip shell extension 'dsv' for command environment
[0.210s] INFO:colcon.colcon_ros.task.ament_cmake.build:Building ROS package in '/home/jeongil/ros_foxy_ws/velodyne_ws/src/velodyne-ros2/velodyne_laserscan' with build type 'ament_cmake'
[0.210s] INFO:colcon.colcon_cmake.task.cmake.build:Building CMake package in '/home/jeongil/ros_foxy_ws/velodyne_ws/src/velodyne-ros2/velodyne_laserscan'
[0.211s] INFO:colcon.colcon_core.shell:Skip shell extension 'powershell' for command environment: Not usable outside of PowerShell
[0.211s] DEBUG:colcon.colcon_core.shell:Skip shell extension 'dsv' for command environment
[0.216s] DEBUG:colcon.colcon_core.event_handler.log_command:Invoking command in '/home/jeongil/ros_foxy_ws/velodyne_ws/build/velodyne_msgs': CMAKE_PREFIX_PATH=/opt/ros/foxy /usr/bin/cmake /home/jeongil/ros_foxy_ws/velodyne_ws/src/velodyne-ros2/velodyne_msgs -DCMAKE_INSTALL_PREFIX=/home/jeongil/ros_foxy_ws/velodyne_ws/install/velodyne_msgs
[0.219s] DEBUG:colcon.colcon_core.event_handler.log_command:Invoking command in '/home/jeongil/ros_foxy_ws/velodyne_ws/build/velodyne_laserscan': CMAKE_PREFIX_PATH=/opt/ros/foxy /usr/bin/cmake /home/jeongil/ros_foxy_ws/velodyne_ws/src/velodyne-ros2/velodyne_laserscan -DCMAKE_INSTALL_PREFIX=/home/jeongil/ros_foxy_ws/velodyne_ws/install/velodyne_laserscan
[0.638s] DEBUG:colcon.colcon_core.event_handler.log_command:Invoked command in '/home/jeongil/ros_foxy_ws/velodyne_ws/build/velodyne_laserscan' returned '0': CMAKE_PREFIX_PATH=/opt/ros/foxy /usr/bin/cmake /home/jeongil/ros_foxy_ws/velodyne_ws/src/velodyne-ros2/velodyne_laserscan -DCMAKE_INSTALL_PREFIX=/home/jeongil/ros_foxy_ws/velodyne_ws/install/velodyne_laserscan
[0.639s] DEBUG:colcon.colcon_core.event_handler.log_command:Invoking command in '/home/jeongil/ros_foxy_ws/velodyne_ws/build/velodyne_laserscan': CMAKE_PREFIX_PATH=/opt/ros/foxy /usr/bin/cmake --build /home/jeongil/ros_foxy_ws/velodyne_ws/build/velodyne_laserscan -- -j20 -l20
[0.689s] DEBUG:colcon.colcon_core.event_handler.log_command:Invoked command in '/home/jeongil/ros_foxy_ws/velodyne_ws/build/velodyne_laserscan' returned '0': CMAKE_PREFIX_PATH=/opt/ros/foxy /usr/bin/cmake --build /home/jeongil/ros_foxy_ws/velodyne_ws/build/velodyne_laserscan -- -j20 -l20
[0.700s] DEBUG:colcon.colcon_core.event_handler.log_command:Invoked command in '/home/jeongil/ros_foxy_ws/velodyne_ws/build/velodyne_msgs' returned '0': CMAKE_PREFIX_PATH=/opt/ros/foxy /usr/bin/cmake /home/jeongil/ros_foxy_ws/velodyne_ws/src/velodyne-ros2/velodyne_msgs -DCMAKE_INSTALL_PREFIX=/home/jeongil/ros_foxy_ws/velodyne_ws/install/velodyne_msgs
[0.702s] DEBUG:colcon.colcon_core.event_handler.log_command:Invoking command in '/home/jeongil/ros_foxy_ws/velodyne_ws/build/velodyne_msgs': CMAKE_PREFIX_PATH=/opt/ros/foxy /usr/bin/cmake --build /home/jeongil/ros_foxy_ws/velodyne_ws/build/velodyne_msgs -- -j20 -l20
[0.708s] DEBUG:colcon.colcon_core.event_handler.log_command:Invoking command in '/home/jeongil/ros_foxy_ws/velodyne_ws/build/velodyne_laserscan': CMAKE_PREFIX_PATH=/opt/ros/foxy /usr/bin/cmake --install /home/jeongil/ros_foxy_ws/velodyne_ws/build/velodyne_laserscan
[0.719s] Level 1:colcon.colcon_core.environment:create_environment_scripts_only(velodyne_laserscan)
[0.720s] DEBUG:colcon.colcon_core.event_handler.log_command:Invoked command in '/home/jeongil/ros_foxy_ws/velodyne_ws/build/velodyne_laserscan' returned '0': CMAKE_PREFIX_PATH=/opt/ros/foxy /usr/bin/cmake --install /home/jeongil/ros_foxy_ws/velodyne_ws/build/velodyne_laserscan
[0.722s] Level 1:colcon.colcon_core.environment:checking '/home/jeongil/ros_foxy_ws/velodyne_ws/install/velodyne_laserscan' for CMake module files
[0.723s] Level 1:colcon.colcon_core.environment:checking '/home/jeongil/ros_foxy_ws/velodyne_ws/install/velodyne_laserscan' for CMake config files
[0.723s] Level 1:colcon.colcon_core.shell:create_environment_hook('velodyne_laserscan', 'cmake_prefix_path')
[0.724s] INFO:colcon.colcon_core.shell:Creating environment hook '/home/jeongil/ros_foxy_ws/velodyne_ws/install/velodyne_laserscan/share/velodyne_laserscan/hook/cmake_prefix_path.ps1'
[0.724s] INFO:colcon.colcon_core.shell:Creating environment descriptor '/home/jeongil/ros_foxy_ws/velodyne_ws/install/velodyne_laserscan/share/velodyne_laserscan/hook/cmake_prefix_path.dsv'
[0.724s] INFO:colcon.colcon_core.shell:Creating environment hook '/home/jeongil/ros_foxy_ws/velodyne_ws/install/velodyne_laserscan/share/velodyne_laserscan/hook/cmake_prefix_path.sh'
[0.725s] Level 1:colcon.colcon_core.environment:checking '/home/jeongil/ros_foxy_ws/velodyne_ws/install/velodyne_laserscan/lib'
[0.725s] Level 1:colcon.colcon_core.shell:create_environment_hook('velodyne_laserscan', 'ld_library_path_lib')
[0.725s] INFO:colcon.colcon_core.shell:Creating environment hook '/home/jeongil/ros_foxy_ws/velodyne_ws/install/velodyne_laserscan/share/velodyne_laserscan/hook/ld_library_path_lib.ps1'
[0.726s] INFO:colcon.colcon_core.shell:Creating environment descriptor '/home/jeongil/ros_foxy_ws/velodyne_ws/install/velodyne_laserscan/share/velodyne_laserscan/hook/ld_library_path_lib.dsv'
[0.726s] INFO:colcon.colcon_core.shell:Creating environment hook '/home/jeongil/ros_foxy_ws/velodyne_ws/install/velodyne_laserscan/share/velodyne_laserscan/hook/ld_library_path_lib.sh'
[0.726s] Level 1:colcon.colcon_core.environment:checking '/home/jeongil/ros_foxy_ws/velodyne_ws/install/velodyne_laserscan/bin'
[0.726s] Level 1:colcon.colcon_core.environment:checking '/home/jeongil/ros_foxy_ws/velodyne_ws/install/velodyne_laserscan/lib/pkgconfig/velodyne_laserscan.pc'
[0.726s] Level 1:colcon.colcon_core.environment:checking '/home/jeongil/ros_foxy_ws/velodyne_ws/install/velodyne_laserscan/lib/python3.8/site-packages'
[0.726s] Level 1:colcon.colcon_core.environment:checking '/home/jeongil/ros_foxy_ws/velodyne_ws/install/velodyne_laserscan/bin'
[0.727s] INFO:colcon.colcon_core.shell:Creating package script '/home/jeongil/ros_foxy_ws/velodyne_ws/install/velodyne_laserscan/share/velodyne_laserscan/package.ps1'
[0.728s] INFO:colcon.colcon_core.shell:Creating package descriptor '/home/jeongil/ros_foxy_ws/velodyne_ws/install/velodyne_laserscan/share/velodyne_laserscan/package.dsv'
[0.728s] INFO:colcon.colcon_core.shell:Creating package script '/home/jeongil/ros_foxy_ws/velodyne_ws/install/velodyne_laserscan/share/velodyne_laserscan/package.sh'
[0.728s] INFO:colcon.colcon_core.shell:Creating package script '/home/jeongil/ros_foxy_ws/velodyne_ws/install/velodyne_laserscan/share/velodyne_laserscan/package.bash'
[0.729s] INFO:colcon.colcon_core.shell:Creating package script '/home/jeongil/ros_foxy_ws/velodyne_ws/install/velodyne_laserscan/share/velodyne_laserscan/package.zsh'
[0.729s] Level 1:colcon.colcon_core.environment:create_file_with_runtime_dependencies(/home/jeongil/ros_foxy_ws/velodyne_ws/install/velodyne_laserscan/share/colcon-core/packages/velodyne_laserscan)
[0.742s] Level 1:colcon.colcon_core.environment:create_environment_scripts_only(velodyne_laserscan)
[0.743s] Level 1:colcon.colcon_core.environment:checking '/home/jeongil/ros_foxy_ws/velodyne_ws/install/velodyne_laserscan' for CMake module files
[0.743s] Level 1:colcon.colcon_core.environment:checking '/home/jeongil/ros_foxy_ws/velodyne_ws/install/velodyne_laserscan' for CMake config files
[0.743s] Level 1:colcon.colcon_core.shell:create_environment_hook('velodyne_laserscan', 'cmake_prefix_path')
[0.744s] INFO:colcon.colcon_core.shell:Creating environment hook '/home/jeongil/ros_foxy_ws/velodyne_ws/install/velodyne_laserscan/share/velodyne_laserscan/hook/cmake_prefix_path.ps1'
[0.744s] INFO:colcon.colcon_core.shell:Creating environment descriptor '/home/jeongil/ros_foxy_ws/velodyne_ws/install/velodyne_laserscan/share/velodyne_laserscan/hook/cmake_prefix_path.dsv'
[0.745s] INFO:colcon.colcon_core.shell:Creating environment hook '/home/jeongil/ros_foxy_ws/velodyne_ws/install/velodyne_laserscan/share/velodyne_laserscan/hook/cmake_prefix_path.sh'
[0.745s] Level 1:colcon.colcon_core.environment:checking '/home/jeongil/ros_foxy_ws/velodyne_ws/install/velodyne_laserscan/lib'
[0.745s] Level 1:colcon.colcon_core.shell:create_environment_hook('velodyne_laserscan', 'ld_library_path_lib')
[0.745s] INFO:colcon.colcon_core.shell:Creating environment hook '/home/jeongil/ros_foxy_ws/velodyne_ws/install/velodyne_laserscan/share/velodyne_laserscan/hook/ld_library_path_lib.ps1'
[0.746s] INFO:colcon.colcon_core.shell:Creating environment descriptor '/home/jeongil/ros_foxy_ws/velodyne_ws/install/velodyne_laserscan/share/velodyne_laserscan/hook/ld_library_path_lib.dsv'
[0.746s] INFO:colcon.colcon_core.shell:Creating environment hook '/home/jeongil/ros_foxy_ws/velodyne_ws/install/velodyne_laserscan/share/velodyne_laserscan/hook/ld_library_path_lib.sh'
[0.746s] Level 1:colcon.colcon_core.environment:checking '/home/jeongil/ros_foxy_ws/velodyne_ws/install/velodyne_laserscan/bin'
[0.746s] Level 1:colcon.colcon_core.environment:checking '/home/jeongil/ros_foxy_ws/velodyne_ws/install/velodyne_laserscan/lib/pkgconfig/velodyne_laserscan.pc'
[0.746s] Level 1:colcon.colcon_core.environment:checking '/home/jeongil/ros_foxy_ws/velodyne_ws/install/velodyne_laserscan/lib/python3.8/site-packages'
[0.746s] Level 1:colcon.colcon_core.environment:checking '/home/jeongil/ros_foxy_ws/velodyne_ws/install/velodyne_laserscan/bin'
[0.747s] INFO:colcon.colcon_core.shell:Creating package script '/home/jeongil/ros_foxy_ws/velodyne_ws/install/velodyne_laserscan/share/velodyne_laserscan/package.ps1'
[0.747s] INFO:colcon.colcon_core.shell:Creating package descriptor '/home/jeongil/ros_foxy_ws/velodyne_ws/install/velodyne_laserscan/share/velodyne_laserscan/package.dsv'
[0.747s] INFO:colcon.colcon_core.shell:Creating package script '/home/jeongil/ros_foxy_ws/velodyne_ws/install/velodyne_laserscan/share/velodyne_laserscan/package.sh'
[0.747s] INFO:colcon.colcon_core.shell:Creating package script '/home/jeongil/ros_foxy_ws/velodyne_ws/install/velodyne_laserscan/share/velodyne_laserscan/package.bash'
[0.748s] INFO:colcon.colcon_core.shell:Creating package script '/home/jeongil/ros_foxy_ws/velodyne_ws/install/velodyne_laserscan/share/velodyne_laserscan/package.zsh'
[0.748s] Level 1:colcon.colcon_core.environment:create_file_with_runtime_dependencies(/home/jeongil/ros_foxy_ws/velodyne_ws/install/velodyne_laserscan/share/colcon-core/packages/velodyne_laserscan)
[0.808s] DEBUG:colcon.colcon_core.event_handler.log_command:Invoked command in '/home/jeongil/ros_foxy_ws/velodyne_ws/build/velodyne_msgs' returned '0': CMAKE_PREFIX_PATH=/opt/ros/foxy /usr/bin/cmake --build /home/jeongil/ros_foxy_ws/velodyne_ws/build/velodyne_msgs -- -j20 -l20
[0.847s] DEBUG:colcon.colcon_core.event_handler.log_command:Invoking command in '/home/jeongil/ros_foxy_ws/velodyne_ws/build/velodyne_msgs': CMAKE_PREFIX_PATH=/opt/ros/foxy /usr/bin/cmake --install /home/jeongil/ros_foxy_ws/velodyne_ws/build/velodyne_msgs
[0.886s] Level 1:colcon.colcon_core.environment:create_environment_scripts_only(velodyne_msgs)
[0.886s] DEBUG:colcon.colcon_core.event_handler.log_command:Invoked command in '/home/jeongil/ros_foxy_ws/velodyne_ws/build/velodyne_msgs' returned '0': CMAKE_PREFIX_PATH=/opt/ros/foxy /usr/bin/cmake --install /home/jeongil/ros_foxy_ws/velodyne_ws/build/velodyne_msgs
[0.887s] Level 1:colcon.colcon_core.environment:checking '/home/jeongil/ros_foxy_ws/velodyne_ws/install/velodyne_msgs' for CMake module files
[0.888s] Level 1:colcon.colcon_core.environment:checking '/home/jeongil/ros_foxy_ws/velodyne_ws/install/velodyne_msgs' for CMake config files
[0.888s] Level 1:colcon.colcon_core.shell:create_environment_hook('velodyne_msgs', 'cmake_prefix_path')
[0.889s] INFO:colcon.colcon_core.shell:Creating environment hook '/home/jeongil/ros_foxy_ws/velodyne_ws/install/velodyne_msgs/share/velodyne_msgs/hook/cmake_prefix_path.ps1'
[0.889s] INFO:colcon.colcon_core.shell:Creating environment descriptor '/home/jeongil/ros_foxy_ws/velodyne_ws/install/velodyne_msgs/share/velodyne_msgs/hook/cmake_prefix_path.dsv'
[0.889s] INFO:colcon.colcon_core.shell:Creating environment hook '/home/jeongil/ros_foxy_ws/velodyne_ws/install/velodyne_msgs/share/velodyne_msgs/hook/cmake_prefix_path.sh'
[0.889s] Level 1:colcon.colcon_core.environment:checking '/home/jeongil/ros_foxy_ws/velodyne_ws/install/velodyne_msgs/lib'
[0.889s] Level 1:colcon.colcon_core.shell:create_environment_hook('velodyne_msgs', 'ld_library_path_lib')
[0.890s] INFO:colcon.colcon_core.shell:Creating environment hook '/home/jeongil/ros_foxy_ws/velodyne_ws/install/velodyne_msgs/share/velodyne_msgs/hook/ld_library_path_lib.ps1'
[0.890s] INFO:colcon.colcon_core.shell:Creating environment descriptor '/home/jeongil/ros_foxy_ws/velodyne_ws/install/velodyne_msgs/share/velodyne_msgs/hook/ld_library_path_lib.dsv'
[0.890s] INFO:colcon.colcon_core.shell:Creating environment hook '/home/jeongil/ros_foxy_ws/velodyne_ws/install/velodyne_msgs/share/velodyne_msgs/hook/ld_library_path_lib.sh'
[0.890s] Level 1:colcon.colcon_core.environment:checking '/home/jeongil/ros_foxy_ws/velodyne_ws/install/velodyne_msgs/bin'
[0.890s] Level 1:colcon.colcon_core.environment:checking '/home/jeongil/ros_foxy_ws/velodyne_ws/install/velodyne_msgs/lib/pkgconfig/velodyne_msgs.pc'
[0.891s] Level 1:colcon.colcon_core.environment:checking '/home/jeongil/ros_foxy_ws/velodyne_ws/install/velodyne_msgs/lib/python3.8/site-packages'
[0.891s] Level 1:colcon.colcon_core.shell:create_environment_hook('velodyne_msgs', 'pythonpath')
[0.891s] INFO:colcon.colcon_core.shell:Creating environment hook '/home/jeongil/ros_foxy_ws/velodyne_ws/install/velodyne_msgs/share/velodyne_msgs/hook/pythonpath.ps1'
[0.891s] INFO:colcon.colcon_core.shell:Creating environment descriptor '/home/jeongil/ros_foxy_ws/velodyne_ws/install/velodyne_msgs/share/velodyne_msgs/hook/pythonpath.dsv'
[0.891s] INFO:colcon.colcon_core.shell:Creating environment hook '/home/jeongil/ros_foxy_ws/velodyne_ws/install/velodyne_msgs/share/velodyne_msgs/hook/pythonpath.sh'
[0.892s] Level 1:colcon.colcon_core.environment:checking '/home/jeongil/ros_foxy_ws/velodyne_ws/install/velodyne_msgs/bin'
[0.892s] INFO:colcon.colcon_core.shell:Creating package script '/home/jeongil/ros_foxy_ws/velodyne_ws/install/velodyne_msgs/share/velodyne_msgs/package.ps1'
[0.893s] INFO:colcon.colcon_core.shell:Creating package descriptor '/home/jeongil/ros_foxy_ws/velodyne_ws/install/velodyne_msgs/share/velodyne_msgs/package.dsv'
[0.893s] INFO:colcon.colcon_core.shell:Creating package script '/home/jeongil/ros_foxy_ws/velodyne_ws/install/velodyne_msgs/share/velodyne_msgs/package.sh'
[0.893s] INFO:colcon.colcon_core.shell:Creating package script '/home/jeongil/ros_foxy_ws/velodyne_ws/install/velodyne_msgs/share/velodyne_msgs/package.bash'
[0.893s] INFO:colcon.colcon_core.shell:Creating package script '/home/jeongil/ros_foxy_ws/velodyne_ws/install/velodyne_msgs/share/velodyne_msgs/package.zsh'
[0.893s] Level 1:colcon.colcon_core.environment:create_file_with_runtime_dependencies(/home/jeongil/ros_foxy_ws/velodyne_ws/install/velodyne_msgs/share/colcon-core/packages/velodyne_msgs)
[0.922s] Level 1:colcon.colcon_core.environment:create_environment_scripts_only(velodyne_msgs)
[0.923s] Level 1:colcon.colcon_core.environment:checking '/home/jeongil/ros_foxy_ws/velodyne_ws/install/velodyne_msgs' for CMake module files
[0.923s] Level 1:colcon.colcon_core.environment:checking '/home/jeongil/ros_foxy_ws/velodyne_ws/install/velodyne_msgs' for CMake config files
[0.923s] Level 1:colcon.colcon_core.shell:create_environment_hook('velodyne_msgs', 'cmake_prefix_path')
[0.924s] INFO:colcon.colcon_core.shell:Creating environment hook '/home/jeongil/ros_foxy_ws/velodyne_ws/install/velodyne_msgs/share/velodyne_msgs/hook/cmake_prefix_path.ps1'
[0.924s] INFO:colcon.colcon_core.shell:Creating environment descriptor '/home/jeongil/ros_foxy_ws/velodyne_ws/install/velodyne_msgs/share/velodyne_msgs/hook/cmake_prefix_path.dsv'
[0.925s] INFO:colcon.colcon_core.shell:Creating environment hook '/home/jeongil/ros_foxy_ws/velodyne_ws/install/velodyne_msgs/share/velodyne_msgs/hook/cmake_prefix_path.sh'
[0.925s] Level 1:colcon.colcon_core.environment:checking '/home/jeongil/ros_foxy_ws/velodyne_ws/install/velodyne_msgs/lib'
[0.925s] Level 1:colcon.colcon_core.shell:create_environment_hook('velodyne_msgs', 'ld_library_path_lib')
[0.925s] INFO:colcon.colcon_core.shell:Creating environment hook '/home/jeongil/ros_foxy_ws/velodyne_ws/install/velodyne_msgs/share/velodyne_msgs/hook/ld_library_path_lib.ps1'
[0.926s] INFO:colcon.colcon_core.shell:Creating environment descriptor '/home/jeongil/ros_foxy_ws/velodyne_ws/install/velodyne_msgs/share/velodyne_msgs/hook/ld_library_path_lib.dsv'
[0.926s] INFO:colcon.colcon_core.shell:Creating environment hook '/home/jeongil/ros_foxy_ws/velodyne_ws/install/velodyne_msgs/share/velodyne_msgs/hook/ld_library_path_lib.sh'
[0.926s] Level 1:colcon.colcon_core.environment:checking '/home/jeongil/ros_foxy_ws/velodyne_ws/install/velodyne_msgs/bin'
[0.926s] Level 1:colcon.colcon_core.environment:checking '/home/jeongil/ros_foxy_ws/velodyne_ws/install/velodyne_msgs/lib/pkgconfig/velodyne_msgs.pc'
[0.926s] Level 1:colcon.colcon_core.environment:checking '/home/jeongil/ros_foxy_ws/velodyne_ws/install/velodyne_msgs/lib/python3.8/site-packages'
[0.926s] Level 1:colcon.colcon_core.shell:create_environment_hook('velodyne_msgs', 'pythonpath')
[0.927s] INFO:colcon.colcon_core.shell:Creating environment hook '/home/jeongil/ros_foxy_ws/velodyne_ws/install/velodyne_msgs/share/velodyne_msgs/hook/pythonpath.ps1'
[0.927s] INFO:colcon.colcon_core.shell:Creating environment descriptor '/home/jeongil/ros_foxy_ws/velodyne_ws/install/velodyne_msgs/share/velodyne_msgs/hook/pythonpath.dsv'
[0.927s] INFO:colcon.colcon_core.shell:Creating environment hook '/home/jeongil/ros_foxy_ws/velodyne_ws/install/velodyne_msgs/share/velodyne_msgs/hook/pythonpath.sh'
[0.927s] Level 1:colcon.colcon_core.environment:checking '/home/jeongil/ros_foxy_ws/velodyne_ws/install/velodyne_msgs/bin'
[0.928s] INFO:colcon.colcon_core.shell:Creating package script '/home/jeongil/ros_foxy_ws/velodyne_ws/install/velodyne_msgs/share/velodyne_msgs/package.ps1'
[0.928s] INFO:colcon.colcon_core.shell:Creating package descriptor '/home/jeongil/ros_foxy_ws/velodyne_ws/install/velodyne_msgs/share/velodyne_msgs/package.dsv'
[0.928s] INFO:colcon.colcon_core.shell:Creating package script '/home/jeongil/ros_foxy_ws/velodyne_ws/install/velodyne_msgs/share/velodyne_msgs/package.sh'
[0.928s] INFO:colcon.colcon_core.shell:Creating package script '/home/jeongil/ros_foxy_ws/velodyne_ws/install/velodyne_msgs/share/velodyne_msgs/package.bash'
[0.929s] INFO:colcon.colcon_core.shell:Creating package script '/home/jeongil/ros_foxy_ws/velodyne_ws/install/velodyne_msgs/share/velodyne_msgs/package.zsh'
[0.929s] Level 1:colcon.colcon_core.environment:create_file_with_runtime_dependencies(/home/jeongil/ros_foxy_ws/velodyne_ws/install/velodyne_msgs/share/colcon-core/packages/velodyne_msgs)
[0.929s] INFO:colcon.colcon_ros.task.ament_cmake.build:Building ROS package in '/home/jeongil/ros_foxy_ws/velodyne_ws/src/velodyne-ros2/velodyne_driver' with build type 'ament_cmake'
[0.929s] INFO:colcon.colcon_cmake.task.cmake.build:Building CMake package in '/home/jeongil/ros_foxy_ws/velodyne_ws/src/velodyne-ros2/velodyne_driver'
[0.930s] INFO:colcon.colcon_core.shell:Skip shell extension 'powershell' for command environment: Not usable outside of PowerShell
[0.930s] DEBUG:colcon.colcon_core.shell:Skip shell extension 'dsv' for command environment
[0.932s] INFO:colcon.colcon_ros.task.ament_cmake.build:Building ROS package in '/home/jeongil/ros_foxy_ws/velodyne_ws/src/velodyne-ros2/velodyne_pointcloud' with build type 'ament_cmake'
[0.932s] INFO:colcon.colcon_cmake.task.cmake.build:Building CMake package in '/home/jeongil/ros_foxy_ws/velodyne_ws/src/velodyne-ros2/velodyne_pointcloud'
[0.933s] INFO:colcon.colcon_core.shell:Skip shell extension 'powershell' for command environment: Not usable outside of PowerShell
[0.933s] DEBUG:colcon.colcon_core.shell:Skip shell extension 'dsv' for command environment
[0.939s] DEBUG:colcon.colcon_core.event_handler.log_command:Invoking command in '/home/jeongil/ros_foxy_ws/velodyne_ws/build/velodyne_driver': AMENT_PREFIX_PATH=/home/jeongil/ros_foxy_ws/velodyne_ws/install/velodyne_msgs:${AMENT_PREFIX_PATH} CMAKE_PREFIX_PATH=/home/jeongil/ros_foxy_ws/velodyne_ws/install/velodyne_msgs:/opt/ros/foxy LD_LIBRARY_PATH=/home/jeongil/ros_foxy_ws/velodyne_ws/install/velodyne_msgs/lib:${LD_LIBRARY_PATH} PYTHONPATH=/home/jeongil/ros_foxy_ws/velodyne_ws/install/velodyne_msgs/lib/python3.8/site-packages:${PYTHONPATH} /usr/bin/cmake /home/jeongil/ros_foxy_ws/velodyne_ws/src/velodyne-ros2/velodyne_driver -DCMAKE_INSTALL_PREFIX=/home/jeongil/ros_foxy_ws/velodyne_ws/install/velodyne_driver
[0.941s] DEBUG:colcon.colcon_core.event_handler.log_command:Invoking command in '/home/jeongil/ros_foxy_ws/velodyne_ws/build/velodyne_pointcloud': AMENT_PREFIX_PATH=/home/jeongil/ros_foxy_ws/velodyne_ws/install/velodyne_msgs:${AMENT_PREFIX_PATH} CMAKE_PREFIX_PATH=/home/jeongil/ros_foxy_ws/velodyne_ws/install/velodyne_msgs:/opt/ros/foxy LD_LIBRARY_PATH=/home/jeongil/ros_foxy_ws/velodyne_ws/install/velodyne_msgs/lib:${LD_LIBRARY_PATH} PYTHONPATH=/home/jeongil/ros_foxy_ws/velodyne_ws/install/velodyne_msgs/lib/python3.8/site-packages:${PYTHONPATH} /usr/bin/cmake /home/jeongil/ros_foxy_ws/velodyne_ws/src/velodyne-ros2/velodyne_pointcloud -DCMAKE_INSTALL_PREFIX=/home/jeongil/ros_foxy_ws/velodyne_ws/install/velodyne_pointcloud
[1.752s] DEBUG:colcon.colcon_core.event_handler.log_command:Invoked command in '/home/jeongil/ros_foxy_ws/velodyne_ws/build/velodyne_driver' returned '0': AMENT_PREFIX_PATH=/home/jeongil/ros_foxy_ws/velodyne_ws/install/velodyne_msgs:${AMENT_PREFIX_PATH} CMAKE_PREFIX_PATH=/home/jeongil/ros_foxy_ws/velodyne_ws/install/velodyne_msgs:/opt/ros/foxy LD_LIBRARY_PATH=/home/jeongil/ros_foxy_ws/velodyne_ws/install/velodyne_msgs/lib:${LD_LIBRARY_PATH} PYTHONPATH=/home/jeongil/ros_foxy_ws/velodyne_ws/install/velodyne_msgs/lib/python3.8/site-packages:${PYTHONPATH} /usr/bin/cmake /home/jeongil/ros_foxy_ws/velodyne_ws/src/velodyne-ros2/velodyne_driver -DCMAKE_INSTALL_PREFIX=/home/jeongil/ros_foxy_ws/velodyne_ws/install/velodyne_driver
[1.752s] DEBUG:colcon.colcon_core.event_handler.log_command:Invoking command in '/home/jeongil/ros_foxy_ws/velodyne_ws/build/velodyne_driver': AMENT_PREFIX_PATH=/home/jeongil/ros_foxy_ws/velodyne_ws/install/velodyne_msgs:${AMENT_PREFIX_PATH} CMAKE_PREFIX_PATH=/home/jeongil/ros_foxy_ws/velodyne_ws/install/velodyne_msgs:/opt/ros/foxy LD_LIBRARY_PATH=/home/jeongil/ros_foxy_ws/velodyne_ws/install/velodyne_msgs/lib:${LD_LIBRARY_PATH} PYTHONPATH=/home/jeongil/ros_foxy_ws/velodyne_ws/install/velodyne_msgs/lib/python3.8/site-packages:${PYTHONPATH} /usr/bin/cmake --build /home/jeongil/ros_foxy_ws/velodyne_ws/build/velodyne_driver -- -j20 -l20
[1.937s] DEBUG:colcon.colcon_core.event_handler.log_command:Invoked command in '/home/jeongil/ros_foxy_ws/velodyne_ws/build/velodyne_pointcloud' returned '0': AMENT_PREFIX_PATH=/home/jeongil/ros_foxy_ws/velodyne_ws/install/velodyne_msgs:${AMENT_PREFIX_PATH} CMAKE_PREFIX_PATH=/home/jeongil/ros_foxy_ws/velodyne_ws/install/velodyne_msgs:/opt/ros/foxy LD_LIBRARY_PATH=/home/jeongil/ros_foxy_ws/velodyne_ws/install/velodyne_msgs/lib:${LD_LIBRARY_PATH} PYTHONPATH=/home/jeongil/ros_foxy_ws/velodyne_ws/install/velodyne_msgs/lib/python3.8/site-packages:${PYTHONPATH} /usr/bin/cmake /home/jeongil/ros_foxy_ws/velodyne_ws/src/velodyne-ros2/velodyne_pointcloud -DCMAKE_INSTALL_PREFIX=/home/jeongil/ros_foxy_ws/velodyne_ws/install/velodyne_pointcloud
[1.937s] DEBUG:colcon.colcon_core.event_handler.log_command:Invoking command in '/home/jeongil/ros_foxy_ws/velodyne_ws/build/velodyne_pointcloud': AMENT_PREFIX_PATH=/home/jeongil/ros_foxy_ws/velodyne_ws/install/velodyne_msgs:${AMENT_PREFIX_PATH} CMAKE_PREFIX_PATH=/home/jeongil/ros_foxy_ws/velodyne_ws/install/velodyne_msgs:/opt/ros/foxy LD_LIBRARY_PATH=/home/jeongil/ros_foxy_ws/velodyne_ws/install/velodyne_msgs/lib:${LD_LIBRARY_PATH} PYTHONPATH=/home/jeongil/ros_foxy_ws/velodyne_ws/install/velodyne_msgs/lib/python3.8/site-packages:${PYTHONPATH} /usr/bin/cmake --build /home/jeongil/ros_foxy_ws/velodyne_ws/build/velodyne_pointcloud -- -j20 -l20
[3.445s] DEBUG:colcon.colcon_core.event_handler.log_command:Invoked command in '/home/jeongil/ros_foxy_ws/velodyne_ws/build/velodyne_driver' returned '2': AMENT_PREFIX_PATH=/home/jeongil/ros_foxy_ws/velodyne_ws/install/velodyne_msgs:${AMENT_PREFIX_PATH} CMAKE_PREFIX_PATH=/home/jeongil/ros_foxy_ws/velodyne_ws/install/velodyne_msgs:/opt/ros/foxy LD_LIBRARY_PATH=/home/jeongil/ros_foxy_ws/velodyne_ws/install/velodyne_msgs/lib:${LD_LIBRARY_PATH} PYTHONPATH=/home/jeongil/ros_foxy_ws/velodyne_ws/install/velodyne_msgs/lib/python3.8/site-packages:${PYTHONPATH} /usr/bin/cmake --build /home/jeongil/ros_foxy_ws/velodyne_ws/build/velodyne_driver -- -j20 -l20
[3.462s] Level 1:colcon.colcon_core.environment:create_environment_scripts_only(velodyne_driver)
[3.463s] Level 1:colcon.colcon_core.environment:checking '/home/jeongil/ros_foxy_ws/velodyne_ws/install/velodyne_driver' for CMake module files
[3.463s] Level 1:colcon.colcon_core.environment:checking '/home/jeongil/ros_foxy_ws/velodyne_ws/install/velodyne_driver' for CMake config files
[3.463s] Level 1:colcon.colcon_core.environment:checking '/home/jeongil/ros_foxy_ws/velodyne_ws/install/velodyne_driver/bin'
[3.463s] Level 1:colcon.colcon_core.environment:checking '/home/jeongil/ros_foxy_ws/velodyne_ws/install/velodyne_driver/lib/pkgconfig/velodyne_driver.pc'
[3.463s] Level 1:colcon.colcon_core.environment:checking '/home/jeongil/ros_foxy_ws/velodyne_ws/install/velodyne_driver/lib/python3.8/site-packages'
[3.463s] Level 1:colcon.colcon_core.environment:checking '/home/jeongil/ros_foxy_ws/velodyne_ws/install/velodyne_driver/bin'
[3.464s] INFO:colcon.colcon_core.shell:Creating package script '/home/jeongil/ros_foxy_ws/velodyne_ws/install/velodyne_driver/share/velodyne_driver/package.ps1'
[3.464s] INFO:colcon.colcon_core.shell:Creating package descriptor '/home/jeongil/ros_foxy_ws/velodyne_ws/install/velodyne_driver/share/velodyne_driver/package.dsv'
[3.465s] INFO:colcon.colcon_core.shell:Creating package script '/home/jeongil/ros_foxy_ws/velodyne_ws/install/velodyne_driver/share/velodyne_driver/package.sh'
[3.465s] INFO:colcon.colcon_core.shell:Creating package script '/home/jeongil/ros_foxy_ws/velodyne_ws/install/velodyne_driver/share/velodyne_driver/package.bash'
[3.465s] INFO:colcon.colcon_core.shell:Creating package script '/home/jeongil/ros_foxy_ws/velodyne_ws/install/velodyne_driver/share/velodyne_driver/package.zsh'
[3.465s] Level 1:colcon.colcon_core.environment:create_file_with_runtime_dependencies(/home/jeongil/ros_foxy_ws/velodyne_ws/install/velodyne_driver/share/colcon-core/packages/velodyne_driver)
[10.120s] DEBUG:colcon.colcon_parallel_executor.executor.parallel:closing loop
[10.120s] DEBUG:colcon.colcon_parallel_executor.executor.parallel:loop closed
[10.120s] DEBUG:colcon.colcon_parallel_executor.executor.parallel:run_until_complete finished with '2'
[10.120s] DEBUG:colcon.colcon_core.event_reactor:joining thread
[10.125s] INFO:colcon.colcon_core.plugin_system:Skipping extension 'colcon_notification.desktop_notification.terminal_notifier': Not used on non-Darwin systems
[10.125s] INFO:colcon.colcon_core.plugin_system:Skipping extension 'colcon_notification.desktop_notification.win32': Not used on non-Windows systems
[10.125s] INFO:colcon.colcon_notification.desktop_notification:Sending desktop notification using 'notify2'
[10.144s] DEBUG:colcon.colcon_core.event_reactor:joined thread
[10.146s] INFO:colcon.colcon_core.shell:Creating prefix script '/home/jeongil/ros_foxy_ws/velodyne_ws/install/local_setup.ps1'
[10.146s] INFO:colcon.colcon_core.shell:Creating prefix util module '/home/jeongil/ros_foxy_ws/velodyne_ws/install/_local_setup_util_ps1.py'
[10.147s] INFO:colcon.colcon_core.shell:Creating prefix chain script '/home/jeongil/ros_foxy_ws/velodyne_ws/install/setup.ps1'
[10.148s] INFO:colcon.colcon_core.shell:Creating prefix script '/home/jeongil/ros_foxy_ws/velodyne_ws/install/local_setup.sh'
[10.149s] INFO:colcon.colcon_core.shell:Creating prefix util module '/home/jeongil/ros_foxy_ws/velodyne_ws/install/_local_setup_util_sh.py'
[10.149s] INFO:colcon.colcon_core.shell:Creating prefix chain script '/home/jeongil/ros_foxy_ws/velodyne_ws/install/setup.sh'
[10.150s] INFO:colcon.colcon_core.shell:Creating prefix script '/home/jeongil/ros_foxy_ws/velodyne_ws/install/local_setup.bash'
[10.150s] INFO:colcon.colcon_core.shell:Creating prefix chain script '/home/jeongil/ros_foxy_ws/velodyne_ws/install/setup.bash'
[10.151s] INFO:colcon.colcon_core.shell:Creating prefix script '/home/jeongil/ros_foxy_ws/velodyne_ws/install/local_setup.zsh'
[10.151s] INFO:colcon.colcon_core.shell:Creating prefix chain script '/home/jeongil/ros_foxy_ws/velodyne_ws/install/setup.zsh'
