[0.011s] Invoking command in '/home/d/velo_ws/build/velodyne_laserscan': CMAKE_PREFIX_PATH=${CMAKE_PREFIX_PATH}:/home/d/jack_ws/install/jackal_desktop:/home/d/jack_ws/install/jackal_viz:/home/d/jack_ws/install/jackal_simulator:/home/d/jack_ws/install/jackal_msgs:/home/d/jack_ws/install/jackal_gazebo:/home/d/jack_ws/install/jackal_control:/home/d/jack_ws/install/jackal_description:/home/d/gcamp_ros2_ws/install/turtlesim:/home/d/gcamp_ros2_ws/install/py_topic_pkg:/home/d/gcamp_ros2_ws/install/py_service_pkg:/home/d/gcamp_ros2_ws/install/py_first_pkg:/home/d/gcamp_ros2_ws/install/py_action_pkg:/home/d/gcamp_ros2_ws/install/gcamp_gazebo:/home/d/gcamp_ros2_ws/install/cpp_service_pkg:/home/d/gcamp_ros2_ws/install/cpp_action_pkg:/home/d/gcamp_ros2_ws/install/custom_interfaces:/home/d/gcamp_ros2_ws/install/cpp_topic_pkg:/home/d/gcamp_ros2_ws/install/cpp_service_tutorial:/home/d/gcamp_ros2_ws/install/cpp_param_pkg:/home/d/gcamp_ros2_ws/install/cpp_first_pkg:/opt/ros/foxy /usr/bin/cmake /home/d/velo_ws/src/velodyne-ros2/velodyne_laserscan -DCMAKE_INSTALL_PREFIX=/home/d/velo_ws/install/velodyne_laserscan
[0.039s] -- The C compiler identification is GNU 9.4.0
[0.067s] -- The CXX compiler identification is GNU 9.4.0
[0.070s] -- Check for working C compiler: /usr/bin/cc
[0.103s] -- Check for working C compiler: /usr/bin/cc -- works
[0.103s] -- Detecting C compiler ABI info
[0.139s] -- Detecting C compiler ABI info - done
[0.145s] -- Detecting C compile features
[0.146s] -- Detecting C compile features - done
[0.147s] -- Check for working CXX compiler: /usr/bin/c++
[0.189s] -- Check for working CXX compiler: /usr/bin/c++ -- works
[0.190s] -- Detecting CXX compiler ABI info
[0.231s] -- Detecting CXX compiler ABI info - done
[0.238s] -- Detecting CXX compile features
[0.238s] -- Detecting CXX compile features - done
[0.239s] -- Found ament_cmake_ros: 0.9.2 (/opt/ros/foxy/share/ament_cmake_ros/cmake)
[0.261s] -- Found PythonInterp: /usr/bin/python3 (found suitable version "3.8.10", minimum required is "3") 
[0.261s] -- Using PYTHON_EXECUTABLE: /usr/bin/python3
[0.371s] -- Found rclcpp: 2.4.2 (/opt/ros/foxy/share/rclcpp/cmake)
[0.399s] -- Using all available rosidl_typesupport_c: rosidl_typesupport_fastrtps_c;rosidl_typesupport_introspection_c
[0.404s] -- Found rosidl_adapter: 1.3.0 (/opt/ros/foxy/share/rosidl_adapter/cmake)
[0.446s] -- Found OpenSSL: /usr/lib/x86_64-linux-gnu/libcrypto.so (found version "1.1.1f")  
[0.463s] -- Found FastRTPS: /opt/ros/foxy/include  
[0.508s] -- Using all available rosidl_typesupport_cpp: rosidl_typesupport_fastrtps_cpp;rosidl_typesupport_introspection_cpp
[0.540s] -- Found rmw_implementation_cmake: 1.0.4 (/opt/ros/foxy/share/rmw_implementation_cmake/cmake)
[0.541s] -- Using RMW implementation 'rmw_fastrtps_cpp' as default
[0.542s] -- Looking for pthread.h
[0.580s] -- Looking for pthread.h - found
[0.580s] -- Performing Test CMAKE_HAVE_LIBC_PTHREAD
[0.617s] -- Performing Test CMAKE_HAVE_LIBC_PTHREAD - Failed
[0.618s] -- Looking for pthread_create in pthreads
[0.648s] -- Looking for pthread_create in pthreads - not found
[0.648s] -- Looking for pthread_create in pthread
[0.684s] -- Looking for pthread_create in pthread - found
[0.684s] -- Found Threads: TRUE  
[0.768s] -- Found rclcpp_components: 2.4.2 (/opt/ros/foxy/share/rclcpp_components/cmake)
[0.803s] -- Found sensor_msgs: 2.0.5 (/opt/ros/foxy/share/sensor_msgs/cmake)
[0.868s] -- Found ament_lint_auto: 0.9.8 (/opt/ros/foxy/share/ament_lint_auto/cmake)
[0.914s] -- Added test 'copyright' to check source files copyright and LICENSE
[0.915s] -- Added test 'cppcheck' to perform static code analysis on C / C++ code
[0.915s] -- Configured cppcheck include dirs: /home/d/velo_ws/src/velodyne-ros2/velodyne_laserscan/include
[0.915s] -- Configured cppcheck exclude dirs and/or files: 
[0.916s] -- Added test 'cpplint' to check C / C++ code against the Google style
[0.916s] -- Configured cpplint exclude dirs and/or files: 
[0.916s] -- Added test 'flake8' to check Python code syntax and style conventions
[0.917s] -- Added test 'lint_cmake' to check CMake code style
[0.917s] -- Added test 'pep257' to check Python code against some of the style conventions in PEP 257
[0.918s] -- Added test 'uncrustify' to check C / C++ code style
[0.918s] -- Configured uncrustify additional arguments: 
[0.918s] -- Added test 'xmllint' to check XML markup files
[0.920s] -- Configuring done
[0.926s] -- Generating done
[0.927s] -- Build files have been written to: /home/d/velo_ws/build/velodyne_laserscan
[0.933s] Invoked command in '/home/d/velo_ws/build/velodyne_laserscan' returned '0': CMAKE_PREFIX_PATH=${CMAKE_PREFIX_PATH}:/home/d/jack_ws/install/jackal_desktop:/home/d/jack_ws/install/jackal_viz:/home/d/jack_ws/install/jackal_simulator:/home/d/jack_ws/install/jackal_msgs:/home/d/jack_ws/install/jackal_gazebo:/home/d/jack_ws/install/jackal_control:/home/d/jack_ws/install/jackal_description:/home/d/gcamp_ros2_ws/install/turtlesim:/home/d/gcamp_ros2_ws/install/py_topic_pkg:/home/d/gcamp_ros2_ws/install/py_service_pkg:/home/d/gcamp_ros2_ws/install/py_first_pkg:/home/d/gcamp_ros2_ws/install/py_action_pkg:/home/d/gcamp_ros2_ws/install/gcamp_gazebo:/home/d/gcamp_ros2_ws/install/cpp_service_pkg:/home/d/gcamp_ros2_ws/install/cpp_action_pkg:/home/d/gcamp_ros2_ws/install/custom_interfaces:/home/d/gcamp_ros2_ws/install/cpp_topic_pkg:/home/d/gcamp_ros2_ws/install/cpp_service_tutorial:/home/d/gcamp_ros2_ws/install/cpp_param_pkg:/home/d/gcamp_ros2_ws/install/cpp_first_pkg:/opt/ros/foxy /usr/bin/cmake /home/d/velo_ws/src/velodyne-ros2/velodyne_laserscan -DCMAKE_INSTALL_PREFIX=/home/d/velo_ws/install/velodyne_laserscan
[0.934s] Invoking command in '/home/d/velo_ws/build/velodyne_laserscan': CMAKE_PREFIX_PATH=${CMAKE_PREFIX_PATH}:/home/d/jack_ws/install/jackal_desktop:/home/d/jack_ws/install/jackal_viz:/home/d/jack_ws/install/jackal_simulator:/home/d/jack_ws/install/jackal_msgs:/home/d/jack_ws/install/jackal_gazebo:/home/d/jack_ws/install/jackal_control:/home/d/jack_ws/install/jackal_description:/home/d/gcamp_ros2_ws/install/turtlesim:/home/d/gcamp_ros2_ws/install/py_topic_pkg:/home/d/gcamp_ros2_ws/install/py_service_pkg:/home/d/gcamp_ros2_ws/install/py_first_pkg:/home/d/gcamp_ros2_ws/install/py_action_pkg:/home/d/gcamp_ros2_ws/install/gcamp_gazebo:/home/d/gcamp_ros2_ws/install/cpp_service_pkg:/home/d/gcamp_ros2_ws/install/cpp_action_pkg:/home/d/gcamp_ros2_ws/install/custom_interfaces:/home/d/gcamp_ros2_ws/install/cpp_topic_pkg:/home/d/gcamp_ros2_ws/install/cpp_service_tutorial:/home/d/gcamp_ros2_ws/install/cpp_param_pkg:/home/d/gcamp_ros2_ws/install/cpp_first_pkg:/opt/ros/foxy /usr/bin/cmake --build /home/d/velo_ws/build/velodyne_laserscan -- -j20 -l20
[0.956s] [35m[1mScanning dependencies of target velodyne_laserscan[0m
[0.974s] [ 25%] [32mBuilding CXX object CMakeFiles/velodyne_laserscan.dir/src/velodyne_laserscan.cpp.o[0m
[4.059s] [ 50%] [32m[1mLinking CXX shared library libvelodyne_laserscan.so[0m
[4.256s] [ 50%] Built target velodyne_laserscan
[4.265s] [35m[1mScanning dependencies of target velodyne_laserscan_node[0m
[4.294s] [ 75%] [32mBuilding CXX object CMakeFiles/velodyne_laserscan_node.dir/src/node.cpp.o[0m
[5.638s] [100%] [32m[1mLinking CXX executable velodyne_laserscan_node[0m
[5.735s] [100%] Built target velodyne_laserscan_node
[5.742s] Invoked command in '/home/d/velo_ws/build/velodyne_laserscan' returned '0': CMAKE_PREFIX_PATH=${CMAKE_PREFIX_PATH}:/home/d/jack_ws/install/jackal_desktop:/home/d/jack_ws/install/jackal_viz:/home/d/jack_ws/install/jackal_simulator:/home/d/jack_ws/install/jackal_msgs:/home/d/jack_ws/install/jackal_gazebo:/home/d/jack_ws/install/jackal_control:/home/d/jack_ws/install/jackal_description:/home/d/gcamp_ros2_ws/install/turtlesim:/home/d/gcamp_ros2_ws/install/py_topic_pkg:/home/d/gcamp_ros2_ws/install/py_service_pkg:/home/d/gcamp_ros2_ws/install/py_first_pkg:/home/d/gcamp_ros2_ws/install/py_action_pkg:/home/d/gcamp_ros2_ws/install/gcamp_gazebo:/home/d/gcamp_ros2_ws/install/cpp_service_pkg:/home/d/gcamp_ros2_ws/install/cpp_action_pkg:/home/d/gcamp_ros2_ws/install/custom_interfaces:/home/d/gcamp_ros2_ws/install/cpp_topic_pkg:/home/d/gcamp_ros2_ws/install/cpp_service_tutorial:/home/d/gcamp_ros2_ws/install/cpp_param_pkg:/home/d/gcamp_ros2_ws/install/cpp_first_pkg:/opt/ros/foxy /usr/bin/cmake --build /home/d/velo_ws/build/velodyne_laserscan -- -j20 -l20
[5.759s] Invoking command in '/home/d/velo_ws/build/velodyne_laserscan': CMAKE_PREFIX_PATH=${CMAKE_PREFIX_PATH}:/home/d/jack_ws/install/jackal_desktop:/home/d/jack_ws/install/jackal_viz:/home/d/jack_ws/install/jackal_simulator:/home/d/jack_ws/install/jackal_msgs:/home/d/jack_ws/install/jackal_gazebo:/home/d/jack_ws/install/jackal_control:/home/d/jack_ws/install/jackal_description:/home/d/gcamp_ros2_ws/install/turtlesim:/home/d/gcamp_ros2_ws/install/py_topic_pkg:/home/d/gcamp_ros2_ws/install/py_service_pkg:/home/d/gcamp_ros2_ws/install/py_first_pkg:/home/d/gcamp_ros2_ws/install/py_action_pkg:/home/d/gcamp_ros2_ws/install/gcamp_gazebo:/home/d/gcamp_ros2_ws/install/cpp_service_pkg:/home/d/gcamp_ros2_ws/install/cpp_action_pkg:/home/d/gcamp_ros2_ws/install/custom_interfaces:/home/d/gcamp_ros2_ws/install/cpp_topic_pkg:/home/d/gcamp_ros2_ws/install/cpp_service_tutorial:/home/d/gcamp_ros2_ws/install/cpp_param_pkg:/home/d/gcamp_ros2_ws/install/cpp_first_pkg:/opt/ros/foxy /usr/bin/cmake --install /home/d/velo_ws/build/velodyne_laserscan
[5.764s] -- Install configuration: ""
[5.764s] -- Installing: /home/d/velo_ws/install/velodyne_laserscan/lib/libvelodyne_laserscan.so
[5.766s] -- Set runtime path of "/home/d/velo_ws/install/velodyne_laserscan/lib/libvelodyne_laserscan.so" to ""
[5.766s] -- Installing: /home/d/velo_ws/install/velodyne_laserscan/lib/velodyne_laserscan/velodyne_laserscan_node
[5.766s] -- Set runtime path of "/home/d/velo_ws/install/velodyne_laserscan/lib/velodyne_laserscan/velodyne_laserscan_node" to ""
[5.766s] -- Installing: /home/d/velo_ws/install/velodyne_laserscan/include/velodyne_laserscan
[5.766s] -- Installing: /home/d/velo_ws/install/velodyne_laserscan/include/velodyne_laserscan/velodyne_laserscan.hpp
[5.766s] -- Installing: /home/d/velo_ws/install/velodyne_laserscan/share/velodyne_laserscan/config
[5.766s] -- Installing: /home/d/velo_ws/install/velodyne_laserscan/share/velodyne_laserscan/config/default-velodyne_laserscan_node-params.yaml
[5.766s] -- Installing: /home/d/velo_ws/install/velodyne_laserscan/share/velodyne_laserscan/launch
[5.766s] -- Installing: /home/d/velo_ws/install/velodyne_laserscan/share/velodyne_laserscan/launch/velodyne_laserscan_node-launch.py
[5.767s] -- Installing: /home/d/velo_ws/install/velodyne_laserscan/share/velodyne_laserscan/launch/velodyne_laserscan_node-composed-launch.py
[5.767s] -- Installing: /home/d/velo_ws/install/velodyne_laserscan/share/ament_index/resource_index/package_run_dependencies/velodyne_laserscan
[5.767s] -- Installing: /home/d/velo_ws/install/velodyne_laserscan/share/ament_index/resource_index/parent_prefix_path/velodyne_laserscan
[5.767s] -- Installing: /home/d/velo_ws/install/velodyne_laserscan/share/velodyne_laserscan/environment/ament_prefix_path.sh
[5.767s] -- Installing: /home/d/velo_ws/install/velodyne_laserscan/share/velodyne_laserscan/environment/ament_prefix_path.dsv
[5.767s] -- Installing: /home/d/velo_ws/install/velodyne_laserscan/share/velodyne_laserscan/environment/path.sh
[5.767s] -- Installing: /home/d/velo_ws/install/velodyne_laserscan/share/velodyne_laserscan/environment/path.dsv
[5.767s] -- Installing: /home/d/velo_ws/install/velodyne_laserscan/share/velodyne_laserscan/local_setup.bash
[5.767s] -- Installing: /home/d/velo_ws/install/velodyne_laserscan/share/velodyne_laserscan/local_setup.sh
[5.767s] -- Installing: /home/d/velo_ws/install/velodyne_laserscan/share/velodyne_laserscan/local_setup.zsh
[5.767s] -- Installing: /home/d/velo_ws/install/velodyne_laserscan/share/velodyne_laserscan/local_setup.dsv
[5.767s] -- Installing: /home/d/velo_ws/install/velodyne_laserscan/share/velodyne_laserscan/package.dsv
[5.767s] -- Installing: /home/d/velo_ws/install/velodyne_laserscan/share/ament_index/resource_index/packages/velodyne_laserscan
[5.767s] -- Installing: /home/d/velo_ws/install/velodyne_laserscan/share/ament_index/resource_index/rclcpp_components/velodyne_laserscan
[5.767s] -- Installing: /home/d/velo_ws/install/velodyne_laserscan/share/velodyne_laserscan/cmake/velodyne_laserscanConfig.cmake
[5.767s] -- Installing: /home/d/velo_ws/install/velodyne_laserscan/share/velodyne_laserscan/cmake/velodyne_laserscanConfig-version.cmake
[5.767s] -- Installing: /home/d/velo_ws/install/velodyne_laserscan/share/velodyne_laserscan/package.xml
[5.770s] Invoked command in '/home/d/velo_ws/build/velodyne_laserscan' returned '0': CMAKE_PREFIX_PATH=${CMAKE_PREFIX_PATH}:/home/d/jack_ws/install/jackal_desktop:/home/d/jack_ws/install/jackal_viz:/home/d/jack_ws/install/jackal_simulator:/home/d/jack_ws/install/jackal_msgs:/home/d/jack_ws/install/jackal_gazebo:/home/d/jack_ws/install/jackal_control:/home/d/jack_ws/install/jackal_description:/home/d/gcamp_ros2_ws/install/turtlesim:/home/d/gcamp_ros2_ws/install/py_topic_pkg:/home/d/gcamp_ros2_ws/install/py_service_pkg:/home/d/gcamp_ros2_ws/install/py_first_pkg:/home/d/gcamp_ros2_ws/install/py_action_pkg:/home/d/gcamp_ros2_ws/install/gcamp_gazebo:/home/d/gcamp_ros2_ws/install/cpp_service_pkg:/home/d/gcamp_ros2_ws/install/cpp_action_pkg:/home/d/gcamp_ros2_ws/install/custom_interfaces:/home/d/gcamp_ros2_ws/install/cpp_topic_pkg:/home/d/gcamp_ros2_ws/install/cpp_service_tutorial:/home/d/gcamp_ros2_ws/install/cpp_param_pkg:/home/d/gcamp_ros2_ws/install/cpp_first_pkg:/opt/ros/foxy /usr/bin/cmake --install /home/d/velo_ws/build/velodyne_laserscan
