-- Found ament_cmake: 0.9.11 (/opt/ros/foxy/share/ament_cmake/cmake)
-- Using PYTHON_EXECUTABLE: /usr/bin/python3
-- Found rclcpp: 2.4.2 (/opt/ros/foxy/share/rclcpp/cmake)
-- Using all available rosidl_typesupport_c: rosidl_typesupport_fastrtps_c;rosidl_typesupport_introspection_c
-- Found rosidl_adapter: 1.3.0 (/opt/ros/foxy/share/rosidl_adapter/cmake)
-- Using all available rosidl_typesupport_cpp: rosidl_typesupport_fastrtps_cpp;rosidl_typesupport_introspection_cpp
-- Found rmw_implementation_cmake: 1.0.4 (/opt/ros/foxy/share/rmw_implementation_cmake/cmake)
-- Using RMW implementation 'rmw_fastrtps_cpp' as default
-- Found sensor_msgs: 2.0.5 (/opt/ros/foxy/share/sensor_msgs/cmake)
-- Found nav_msgs: 2.0.5 (/opt/ros/foxy/share/nav_msgs/cmake)
-- Found tf2: 0.13.14 (/opt/ros/foxy/share/tf2/cmake)
-- Found tf2_ros: 0.13.14 (/opt/ros/foxy/share/tf2_ros/cmake)
-- Found tf2_geometry_msgs: 0.13.14 (/opt/ros/foxy/share/tf2_geometry_msgs/cmake)
-- Found eigen3_cmake_module: 0.1.1 (/opt/ros/foxy/share/eigen3_cmake_module/cmake)
-- Found pcl_conversions: 2.2.1 (/opt/ros/foxy/share/pcl_conversions/cmake)
-- Found cloud_msgs: 1.0.0 (/home/jeongil/ros_foxy_ws/velodyne_ws/install/cloud_msgs/share/cloud_msgs/cmake)
-- Eigen found (include: /usr/include/eigen3, version: 3.3.7)
-- The imported target "vtkParseOGLExt" references the file
   "/usr/bin/vtkParseOGLExt-7.1"
but this file does not exist.  Possible reasons include:
* The file was deleted, renamed, or moved to another location.
* An install or uninstall procedure did not complete successfully.
* The installation package was faulty and contained
   "/usr/lib/cmake/vtk-7.1/VTKTargets.cmake"
but not all the files it references.

-- The imported target "vtkRenderingPythonTkWidgets" references the file
   "/usr/lib/x86_64-linux-gnu/libvtkRenderingPythonTkWidgets.so"
but this file does not exist.  Possible reasons include:
* The file was deleted, renamed, or moved to another location.
* An install or uninstall procedure did not complete successfully.
* The installation package was faulty and contained
   "/usr/lib/cmake/vtk-7.1/VTKTargets.cmake"
but not all the files it references.

-- The imported target "vtk" references the file
   "/usr/bin/vtk"
but this file does not exist.  Possible reasons include:
* The file was deleted, renamed, or moved to another location.
* An install or uninstall procedure did not complete successfully.
* The installation package was faulty and contained
   "/usr/lib/cmake/vtk-7.1/VTKTargets.cmake"
but not all the files it references.

-- The imported target "pvtk" references the file
   "/usr/bin/pvtk"
but this file does not exist.  Possible reasons include:
* The file was deleted, renamed, or moved to another location.
* An install or uninstall procedure did not complete successfully.
* The installation package was faulty and contained
   "/usr/lib/cmake/vtk-7.1/VTKTargets.cmake"
but not all the files it references.

-- OpenNI found (include: /usr/include/ni, lib: /usr/lib/libOpenNI.so)
-- OpenNI2 found (include: /usr/include/openni2, lib: /usr/lib/libOpenNI2.so)
** WARNING ** io features related to pcap will be disabled
** WARNING ** io features related to png will be disabled
** WARNING ** io features related to libusb-1.0 will be disabled
-- OpenNI found (include: /usr/include/ni, lib: /usr/lib/libOpenNI.so)
-- OpenNI2 found (include: /usr/include/openni2, lib: /usr/lib/libOpenNI2.so)
-- QHULL found (include: /usr/include, lib: optimized;/usr/lib/x86_64-linux-gnu/libqhull.so;debug;/usr/lib/x86_64-linux-gnu/libqhull.so)
-- OpenNI found (include: /usr/include/ni, lib: /usr/lib/libOpenNI.so)
-- looking for PCL_COMMON
-- looking for PCL_KDTREE
-- looking for PCL_OCTREE
-- looking for PCL_SEARCH
-- looking for PCL_SAMPLE_CONSENSUS
-- looking for PCL_FILTERS
-- looking for PCL_2D
-- looking for PCL_GEOMETRY
-- looking for PCL_IO
-- looking for PCL_FEATURES
-- looking for PCL_ML
-- looking for PCL_SEGMENTATION
-- looking for PCL_VISUALIZATION
-- looking for PCL_SURFACE
-- looking for PCL_REGISTRATION
-- looking for PCL_KEYPOINTS
-- looking for PCL_TRACKING
-- looking for PCL_RECOGNITION
-- looking for PCL_STEREO
-- looking for PCL_APPS
-- looking for PCL_IN_HAND_SCANNER
-- looking for PCL_POINT_CLOUD_EDITOR
-- looking for PCL_OUTOFCORE
-- looking for PCL_PEOPLE
-- GTSAM include directory:  /usr/local/lib/cmake/GTSAM/../../../include;/usr/include;/usr/local/include/gtsam/3rdparty/Eigen/
-- Found Boost: /usr/include (found version "1.71.0") found components: thread serialization timer chrono date_time atomic 
-- Configuring done
-- Generating done
-- Build files have been written to: /home/jeongil/ros_foxy_ws/velodyne_ws/build/lego_loam_sr
[35m[1mScanning dependencies of target lego_loam_sr[0m
[ 16%] [32mBuilding CXX object CMakeFiles/lego_loam_sr.dir/src/imageProjection.cpp.o[0m
[ 33%] [32mBuilding CXX object CMakeFiles/lego_loam_sr.dir/src/featureAssociation.cpp.o[0m
[ 50%] [32mBuilding CXX object CMakeFiles/lego_loam_sr.dir/src/mapOptmization.cpp.o[0m
[ 66%] [32mBuilding CXX object CMakeFiles/lego_loam_sr.dir/src/transformFusion.cpp.o[0m
[ 83%] [32mBuilding CXX object CMakeFiles/lego_loam_sr.dir/src/main.cpp.o[0m
[01m[K/home/jeongil/ros_foxy_ws/velodyne_ws/src/LeGO-LOAM-SR/LeGO-LOAM/src/featureAssociation.cpp:[m[K In destructor ‘[01m[Kvirtual FeatureAssociation::~FeatureAssociation()[m[K’:
[01m[K/home/jeongil/ros_foxy_ws/velodyne_ws/src/LeGO-LOAM-SR/LeGO-LOAM/src/featureAssociation.cpp:110:25:[m[K [01;35m[Kwarning: [m[Kconverting to ‘[01m[Kcloud_msgs::msg::CloudInfo[m[K’ {aka ‘[01m[Kcloud_msgs::msg::CloudInfo_<std::allocator<void> >[m[K’} from initializer list would use explicit constructor ‘[01m[Kcloud_msgs::msg::CloudInfo_<ContainerAllocator>::CloudInfo_(rosidl_runtime_cpp::MessageInitialization) [with ContainerAllocator = std::allocator<void>][m[K’
  110 |   _input_channel.send({}[01;35m[K)[m[K;
      |                         [01;35m[K^[m[K
[01m[K/home/jeongil/ros_foxy_ws/velodyne_ws/src/LeGO-LOAM-SR/LeGO-LOAM/src/featureAssociation.cpp:110:25:[m[K [01;36m[Knote: [m[Kin C++11 and above a default constructor can be explicit
In file included from [01m[K/usr/local/include/gtsam/base/types.h:31[m[K,
                 from [01m[K/usr/local/include/gtsam/global_includes.h:22[m[K,
                 from [01m[K/usr/local/include/gtsam/base/Vector.h:27[m[K,
                 from [01m[K/usr/local/include/gtsam/base/Matrix.h:26[m[K,
                 from [01m[K/usr/local/include/gtsam/base/Manifold.h:22[m[K,
                 from [01m[K/usr/local/include/gtsam/geometry/BearingRange.h:21[m[K,
                 from [01m[K/usr/local/include/gtsam/geometry/Pose3.h:22[m[K,
                 from [01m[K/home/jeongil/ros_foxy_ws/velodyne_ws/src/LeGO-LOAM-SR/LeGO-LOAM/src/mapOptimization.h:8[m[K,
                 from [01m[K/home/jeongil/ros_foxy_ws/velodyne_ws/src/LeGO-LOAM-SR/LeGO-LOAM/src/mapOptmization.cpp:37[m[K:
[01m[K/usr/include/tbb/task_scheduler_init.h:21:154:[m[K [01;36m[Knote: [m[K#pragma message: TBB Warning: tbb/task_scheduler_init.h is deprecated. For details, please see Deprecated Features appendix in the TBB reference manual.
   21 | #pragma message("TBB Warning: tbb/task_scheduler_init.h is deprecated. For details, please see Deprecated Features appendix in the TBB reference manual."[01;36m[K)[m[K
      |                                                                                                                                                          [01;36m[K^[m[K
In file included from [01m[K/usr/local/include/gtsam/base/types.h:31[m[K,
                 from [01m[K/usr/local/include/gtsam/global_includes.h:22[m[K,
                 from [01m[K/usr/local/include/gtsam/base/Vector.h:27[m[K,
                 from [01m[K/usr/local/include/gtsam/base/Matrix.h:26[m[K,
                 from [01m[K/usr/local/include/gtsam/base/Manifold.h:22[m[K,
                 from [01m[K/usr/local/include/gtsam/geometry/BearingRange.h:21[m[K,
                 from [01m[K/usr/local/include/gtsam/geometry/Pose3.h:22[m[K,
                 from [01m[K/home/jeongil/ros_foxy_ws/velodyne_ws/src/LeGO-LOAM-SR/LeGO-LOAM/src/mapOptimization.h:8[m[K,
                 from [01m[K/home/jeongil/ros_foxy_ws/velodyne_ws/src/LeGO-LOAM-SR/LeGO-LOAM/src/main.cpp:4[m[K:
[01m[K/usr/include/tbb/task_scheduler_init.h:21:154:[m[K [01;36m[Knote: [m[K#pragma message: TBB Warning: tbb/task_scheduler_init.h is deprecated. For details, please see Deprecated Features appendix in the TBB reference manual.
   21 | #pragma message("TBB Warning: tbb/task_scheduler_init.h is deprecated. For details, please see Deprecated Features appendix in the TBB reference manual."[01;36m[K)[m[K
      |                                                                                                                                                          [01;36m[K^[m[K
In file included from [01m[K/usr/local/include/gtsam/geometry/Unit3.h:36[m[K,
                 from [01m[K/usr/local/include/gtsam/geometry/Rot3.h:25[m[K,
                 from [01m[K/usr/local/include/gtsam/geometry/Pose3.h:24[m[K,
                 from [01m[K/home/jeongil/ros_foxy_ws/velodyne_ws/src/LeGO-LOAM-SR/LeGO-LOAM/src/mapOptimization.h:8[m[K,
                 from [01m[K/home/jeongil/ros_foxy_ws/velodyne_ws/src/LeGO-LOAM-SR/LeGO-LOAM/src/mapOptmization.cpp:37[m[K:
[01m[K/usr/include/tbb/mutex.h:21:140:[m[K [01;36m[Knote: [m[K#pragma message: TBB Warning: tbb/mutex.h is deprecated. For details, please see Deprecated Features appendix in the TBB reference manual.
   21 | #pragma message("TBB Warning: tbb/mutex.h is deprecated. For details, please see Deprecated Features appendix in the TBB reference manual."[01;36m[K)[m[K
      |                                                                                                                                            [01;36m[K^[m[K
In file included from [01m[K/usr/local/include/gtsam/geometry/Unit3.h:36[m[K,
                 from [01m[K/usr/local/include/gtsam/geometry/Rot3.h:25[m[K,
                 from [01m[K/usr/local/include/gtsam/geometry/Pose3.h:24[m[K,
                 from [01m[K/home/jeongil/ros_foxy_ws/velodyne_ws/src/LeGO-LOAM-SR/LeGO-LOAM/src/mapOptimization.h:8[m[K,
                 from [01m[K/home/jeongil/ros_foxy_ws/velodyne_ws/src/LeGO-LOAM-SR/LeGO-LOAM/src/main.cpp:4[m[K:
[01m[K/usr/include/tbb/mutex.h:21:140:[m[K [01;36m[Knote: [m[K#pragma message: TBB Warning: tbb/mutex.h is deprecated. For details, please see Deprecated Features appendix in the TBB reference manual.
   21 | #pragma message("TBB Warning: tbb/mutex.h is deprecated. For details, please see Deprecated Features appendix in the TBB reference manual."[01;36m[K)[m[K
      |                                                                                                                                            [01;36m[K^[m[K
[01m[K/home/jeongil/ros_foxy_ws/velodyne_ws/src/LeGO-LOAM-SR/LeGO-LOAM/src/mapOptmization.cpp:[m[K In destructor ‘[01m[Kvirtual MapOptimization::~MapOptimization()[m[K’:
[01m[K/home/jeongil/ros_foxy_ws/velodyne_ws/src/LeGO-LOAM-SR/LeGO-LOAM/src/mapOptmization.cpp:128:25:[m[K [01;35m[Kwarning: [m[Kconverting to ‘[01m[Knav_msgs::msg::Odometry[m[K’ {aka ‘[01m[Knav_msgs::msg::Odometry_<std::allocator<void> >[m[K’} from initializer list would use explicit constructor ‘[01m[Knav_msgs::msg::Odometry_<ContainerAllocator>::Odometry_(rosidl_runtime_cpp::MessageInitialization) [with ContainerAllocator = std::allocator<void>][m[K’
  128 |   _input_channel.send({}[01;35m[K)[m[K;
      |                         [01;35m[K^[m[K
[01m[K/home/jeongil/ros_foxy_ws/velodyne_ws/src/LeGO-LOAM-SR/LeGO-LOAM/src/mapOptmization.cpp:128:25:[m[K [01;36m[Knote: [m[Kin C++11 and above a default constructor can be explicit
[01m[K/home/jeongil/ros_foxy_ws/velodyne_ws/src/LeGO-LOAM-SR/LeGO-LOAM/src/main.cpp:[m[K In function ‘[01m[Kint main(int, char**)[m[K’:
[01m[K/home/jeongil/ros_foxy_ws/velodyne_ws/src/LeGO-LOAM-SR/LeGO-LOAM/src/main.cpp:25:71:[m[K [01;35m[Kwarning: [m[K‘[01m[Krclcpp::ExecutorOptions rclcpp::executor::create_default_executor_arguments()[m[K’ is deprecated: use rclcpp::ExecutorOptions() instead [[01;35m[K-Wdeprecated-declarations[m[K]
   25 |   rclcpp::executors::MultiThreadedExecutor executor(rclcpp::executor::[01;35m[Kcreate_default_executor_arguments[m[K(), 4);
      |                                                                       [01;35m[K^~~~~~~~~~~~~~~~~~~~~~~~~~~~~~~~~[m[K
In file included from [01m[K/opt/ros/foxy/include/rclcpp/executor.hpp:33[m[K,
                 from [01m[K/opt/ros/foxy/include/rclcpp/executors/multi_threaded_executor.hpp:26[m[K,
                 from [01m[K/opt/ros/foxy/include/rclcpp/executors.hpp:21[m[K,
                 from [01m[K/opt/ros/foxy/include/rclcpp/rclcpp.hpp:146[m[K,
                 from [01m[K/home/jeongil/ros_foxy_ws/velodyne_ws/src/LeGO-LOAM-SR/LeGO-LOAM/src/main.cpp:1[m[K:
[01m[K/opt/ros/foxy/include/rclcpp/executor_options.hpp:49:1:[m[K [01;36m[Knote: [m[Kdeclared here
   49 | [01;36m[Kcreate_default_executor_arguments[m[K()
      | [01;36m[K^~~~~~~~~~~~~~~~~~~~~~~~~~~~~~~~~[m[K
[01m[K/home/jeongil/ros_foxy_ws/velodyne_ws/src/LeGO-LOAM-SR/LeGO-LOAM/src/main.cpp:25:105:[m[K [01;35m[Kwarning: [m[K‘[01m[Krclcpp::ExecutorOptions rclcpp::executor::create_default_executor_arguments()[m[K’ is deprecated: use rclcpp::ExecutorOptions() instead [[01;35m[K-Wdeprecated-declarations[m[K]
   25 |   rclcpp::executors::MultiThreadedExecutor executor(rclcpp::executor::create_default_executor_arguments([01;35m[K)[m[K, 4);
      |                                                                                                         [01;35m[K^[m[K
In file included from [01m[K/opt/ros/foxy/include/rclcpp/executor.hpp:33[m[K,
                 from [01m[K/opt/ros/foxy/include/rclcpp/executors/multi_threaded_executor.hpp:26[m[K,
                 from [01m[K/opt/ros/foxy/include/rclcpp/executors.hpp:21[m[K,
                 from [01m[K/opt/ros/foxy/include/rclcpp/rclcpp.hpp:146[m[K,
                 from [01m[K/home/jeongil/ros_foxy_ws/velodyne_ws/src/LeGO-LOAM-SR/LeGO-LOAM/src/main.cpp:1[m[K:
[01m[K/opt/ros/foxy/include/rclcpp/executor_options.hpp:49:1:[m[K [01;36m[Knote: [m[Kdeclared here
   49 | [01;36m[Kcreate_default_executor_arguments[m[K()
      | [01;36m[K^~~~~~~~~~~~~~~~~~~~~~~~~~~~~~~~~[m[K
[01m[K/home/jeongil/ros_foxy_ws/velodyne_ws/src/LeGO-LOAM-SR/LeGO-LOAM/src/main.cpp:25:105:[m[K [01;35m[Kwarning: [m[K‘[01m[Krclcpp::ExecutorOptions rclcpp::executor::create_default_executor_arguments()[m[K’ is deprecated: use rclcpp::ExecutorOptions() instead [[01;35m[K-Wdeprecated-declarations[m[K]
   25 |   rclcpp::executors::MultiThreadedExecutor executor(rclcpp::executor::create_default_executor_arguments([01;35m[K)[m[K, 4);
      |                                                                                                         [01;35m[K^[m[K
In file included from [01m[K/opt/ros/foxy/include/rclcpp/executor.hpp:33[m[K,
                 from [01m[K/opt/ros/foxy/include/rclcpp/executors/multi_threaded_executor.hpp:26[m[K,
                 from [01m[K/opt/ros/foxy/include/rclcpp/executors.hpp:21[m[K,
                 from [01m[K/opt/ros/foxy/include/rclcpp/rclcpp.hpp:146[m[K,
                 from [01m[K/home/jeongil/ros_foxy_ws/velodyne_ws/src/LeGO-LOAM-SR/LeGO-LOAM/src/main.cpp:1[m[K:
[01m[K/opt/ros/foxy/include/rclcpp/executor_options.hpp:49:1:[m[K [01;36m[Knote: [m[Kdeclared here
   49 | [01;36m[Kcreate_default_executor_arguments[m[K()
      | [01;36m[K^~~~~~~~~~~~~~~~~~~~~~~~~~~~~~~~~[m[K
[100%] [32m[1mLinking CXX executable lego_loam_sr[0m
[100%] Built target lego_loam_sr
-- Install configuration: ""
-- Installing: /home/jeongil/ros_foxy_ws/velodyne_ws/install/lego_loam_sr/lib/lego_loam_sr/lego_loam_sr
-- Set runtime path of "/home/jeongil/ros_foxy_ws/velodyne_ws/install/lego_loam_sr/lib/lego_loam_sr/lego_loam_sr" to ""
-- Installing: /home/jeongil/ros_foxy_ws/velodyne_ws/install/lego_loam_sr/share/lego_loam_sr/config
-- Installing: /home/jeongil/ros_foxy_ws/velodyne_ws/install/lego_loam_sr/share/lego_loam_sr/config/loam_config.yaml
-- Installing: /home/jeongil/ros_foxy_ws/velodyne_ws/install/lego_loam_sr/share/lego_loam_sr/launch
-- Installing: /home/jeongil/ros_foxy_ws/velodyne_ws/install/lego_loam_sr/share/lego_loam_sr/launch/block.png
-- Installing: /home/jeongil/ros_foxy_ws/velodyne_ws/install/lego_loam_sr/share/lego_loam_sr/launch/odometry.jpg
-- Installing: /home/jeongil/ros_foxy_ws/velodyne_ws/install/lego_loam_sr/share/lego_loam_sr/launch/seg-total.jpg
-- Installing: /home/jeongil/ros_foxy_ws/velodyne_ws/install/lego_loam_sr/share/lego_loam_sr/launch/run.launch.py
-- Installing: /home/jeongil/ros_foxy_ws/velodyne_ws/install/lego_loam_sr/share/lego_loam_sr/launch/demo.gif
-- Installing: /home/jeongil/ros_foxy_ws/velodyne_ws/install/lego_loam_sr/share/lego_loam_sr/launch/dataset-demo.gif
-- Installing: /home/jeongil/ros_foxy_ws/velodyne_ws/install/lego_loam_sr/share/lego_loam_sr/launch/google-earth.png
-- Installing: /home/jeongil/ros_foxy_ws/velodyne_ws/install/lego_loam_sr/share/lego_loam_sr/rviz
-- Installing: /home/jeongil/ros_foxy_ws/velodyne_ws/install/lego_loam_sr/share/lego_loam_sr/rviz/test.rviz
-- Installing: /home/jeongil/ros_foxy_ws/velodyne_ws/install/lego_loam_sr/share/ament_index/resource_index/package_run_dependencies/lego_loam_sr
-- Installing: /home/jeongil/ros_foxy_ws/velodyne_ws/install/lego_loam_sr/share/ament_index/resource_index/parent_prefix_path/lego_loam_sr
-- Installing: /home/jeongil/ros_foxy_ws/velodyne_ws/install/lego_loam_sr/share/lego_loam_sr/environment/ament_prefix_path.sh
-- Installing: /home/jeongil/ros_foxy_ws/velodyne_ws/install/lego_loam_sr/share/lego_loam_sr/environment/ament_prefix_path.dsv
-- Installing: /home/jeongil/ros_foxy_ws/velodyne_ws/install/lego_loam_sr/share/lego_loam_sr/environment/path.sh
-- Installing: /home/jeongil/ros_foxy_ws/velodyne_ws/install/lego_loam_sr/share/lego_loam_sr/environment/path.dsv
-- Installing: /home/jeongil/ros_foxy_ws/velodyne_ws/install/lego_loam_sr/share/lego_loam_sr/local_setup.bash
-- Installing: /home/jeongil/ros_foxy_ws/velodyne_ws/install/lego_loam_sr/share/lego_loam_sr/local_setup.sh
-- Installing: /home/jeongil/ros_foxy_ws/velodyne_ws/install/lego_loam_sr/share/lego_loam_sr/local_setup.zsh
-- Installing: /home/jeongil/ros_foxy_ws/velodyne_ws/install/lego_loam_sr/share/lego_loam_sr/local_setup.dsv
-- Installing: /home/jeongil/ros_foxy_ws/velodyne_ws/install/lego_loam_sr/share/lego_loam_sr/package.dsv
-- Installing: /home/jeongil/ros_foxy_ws/velodyne_ws/install/lego_loam_sr/share/ament_index/resource_index/packages/lego_loam_sr
-- Installing: /home/jeongil/ros_foxy_ws/velodyne_ws/install/lego_loam_sr/share/lego_loam_sr/cmake/ament_cmake_export_include_directories-extras.cmake
-- Installing: /home/jeongil/ros_foxy_ws/velodyne_ws/install/lego_loam_sr/share/lego_loam_sr/cmake/lego_loam_srConfig.cmake
-- Installing: /home/jeongil/ros_foxy_ws/velodyne_ws/install/lego_loam_sr/share/lego_loam_sr/cmake/lego_loam_srConfig-version.cmake
-- Installing: /home/jeongil/ros_foxy_ws/velodyne_ws/install/lego_loam_sr/share/lego_loam_sr/package.xml
