[0.005s] Invoking command in '/home/jeongil/ros_foxy_ws/velodyne_ws/build/lego_loam_sr': AMENT_PREFIX_PATH=/home/jeongil/ros_foxy_ws/velodyne_ws/install/cloud_msgs:${AMENT_PREFIX_PATH} CMAKE_PREFIX_PATH=/home/jeongil/ros_foxy_ws/velodyne_ws/install/cloud_msgs:/opt/ros/foxy LD_LIBRARY_PATH=/home/jeongil/ros_foxy_ws/velodyne_ws/install/cloud_msgs/lib:${LD_LIBRARY_PATH} PYTHONPATH=/home/jeongil/ros_foxy_ws/velodyne_ws/install/cloud_msgs/lib/python3.8/site-packages:${PYTHONPATH} /usr/bin/cmake /home/jeongil/ros_foxy_ws/velodyne_ws/src/LeGO-LOAM-SR/LeGO-LOAM -DCMAKE_INSTALL_PREFIX=/home/jeongil/ros_foxy_ws/velodyne_ws/install/lego_loam_sr
[0.013s] -- Found ament_cmake: 0.9.11 (/opt/ros/foxy/share/ament_cmake/cmake)
[0.027s] -- Using PYTHON_EXECUTABLE: /usr/bin/python3
[0.113s] -- Found rclcpp: 2.4.2 (/opt/ros/foxy/share/rclcpp/cmake)
[0.132s] -- Using all available rosidl_typesupport_c: rosidl_typesupport_fastrtps_c;rosidl_typesupport_introspection_c
[0.133s] -- Found rosidl_adapter: 1.3.0 (/opt/ros/foxy/share/rosidl_adapter/cmake)
[0.199s] -- Using all available rosidl_typesupport_cpp: rosidl_typesupport_fastrtps_cpp;rosidl_typesupport_introspection_cpp
[0.226s] -- Found rmw_implementation_cmake: 1.0.4 (/opt/ros/foxy/share/rmw_implementation_cmake/cmake)
[0.226s] -- Using RMW implementation 'rmw_fastrtps_cpp' as default
[0.304s] -- Found sensor_msgs: 2.0.5 (/opt/ros/foxy/share/sensor_msgs/cmake)
[0.364s] -- Found nav_msgs: 2.0.5 (/opt/ros/foxy/share/nav_msgs/cmake)
[0.402s] -- Found tf2: 0.13.14 (/opt/ros/foxy/share/tf2/cmake)
[0.407s] -- Found tf2_ros: 0.13.14 (/opt/ros/foxy/share/tf2_ros/cmake)
[0.571s] -- Found tf2_geometry_msgs: 0.13.14 (/opt/ros/foxy/share/tf2_geometry_msgs/cmake)
[0.574s] -- Found eigen3_cmake_module: 0.1.1 (/opt/ros/foxy/share/eigen3_cmake_module/cmake)
[0.587s] -- Found pcl_conversions: 2.2.1 (/opt/ros/foxy/share/pcl_conversions/cmake)
[0.674s] -- Found cloud_msgs: 1.0.0 (/home/jeongil/ros_foxy_ws/velodyne_ws/install/cloud_msgs/share/cloud_msgs/cmake)
[0.698s] -- Eigen found (include: /usr/include/eigen3, version: 3.3.7)
[0.742s] -- The imported target "vtkParseOGLExt" references the file
[0.742s]    "/usr/bin/vtkParseOGLExt-7.1"
[0.742s] but this file does not exist.  Possible reasons include:
[0.742s] * The file was deleted, renamed, or moved to another location.
[0.742s] * An install or uninstall procedure did not complete successfully.
[0.742s] * The installation package was faulty and contained
[0.742s]    "/usr/lib/cmake/vtk-7.1/VTKTargets.cmake"
[0.743s] but not all the files it references.
[0.743s] 
[0.743s] -- The imported target "vtkRenderingPythonTkWidgets" references the file
[0.743s]    "/usr/lib/x86_64-linux-gnu/libvtkRenderingPythonTkWidgets.so"
[0.743s] but this file does not exist.  Possible reasons include:
[0.743s] * The file was deleted, renamed, or moved to another location.
[0.743s] * An install or uninstall procedure did not complete successfully.
[0.743s] * The installation package was faulty and contained
[0.743s]    "/usr/lib/cmake/vtk-7.1/VTKTargets.cmake"
[0.743s] but not all the files it references.
[0.743s] 
[0.743s] -- The imported target "vtk" references the file
[0.743s]    "/usr/bin/vtk"
[0.743s] but this file does not exist.  Possible reasons include:
[0.743s] * The file was deleted, renamed, or moved to another location.
[0.743s] * An install or uninstall procedure did not complete successfully.
[0.743s] * The installation package was faulty and contained
[0.743s]    "/usr/lib/cmake/vtk-7.1/VTKTargets.cmake"
[0.743s] but not all the files it references.
[0.743s] 
[0.744s] -- The imported target "pvtk" references the file
[0.744s]    "/usr/bin/pvtk"
[0.744s] but this file does not exist.  Possible reasons include:
[0.744s] * The file was deleted, renamed, or moved to another location.
[0.744s] * An install or uninstall procedure did not complete successfully.
[0.744s] * The installation package was faulty and contained
[0.744s]    "/usr/lib/cmake/vtk-7.1/VTKTargets.cmake"
[0.744s] but not all the files it references.
[0.744s] 
[0.754s] -- OpenNI found (include: /usr/include/ni, lib: /usr/lib/libOpenNI.so)
[0.758s] -- OpenNI2 found (include: /usr/include/openni2, lib: /usr/lib/libOpenNI2.so)
[0.758s] ** WARNING ** io features related to pcap will be disabled
[0.758s] ** WARNING ** io features related to png will be disabled
[0.764s] ** WARNING ** io features related to libusb-1.0 will be disabled
[0.768s] -- OpenNI found (include: /usr/include/ni, lib: /usr/lib/libOpenNI.so)
[0.771s] -- OpenNI2 found (include: /usr/include/openni2, lib: /usr/lib/libOpenNI2.so)
[0.778s] -- QHULL found (include: /usr/include, lib: optimized;/usr/lib/x86_64-linux-gnu/libqhull.so;debug;/usr/lib/x86_64-linux-gnu/libqhull.so)
[0.781s] -- OpenNI found (include: /usr/include/ni, lib: /usr/lib/libOpenNI.so)
[0.788s] -- looking for PCL_COMMON
[0.788s] -- looking for PCL_KDTREE
[0.788s] -- looking for PCL_OCTREE
[0.789s] -- looking for PCL_SEARCH
[0.789s] -- looking for PCL_SAMPLE_CONSENSUS
[0.789s] -- looking for PCL_FILTERS
[0.789s] -- looking for PCL_2D
[0.789s] -- looking for PCL_GEOMETRY
[0.790s] -- looking for PCL_IO
[0.790s] -- looking for PCL_FEATURES
[0.790s] -- looking for PCL_ML
[0.791s] -- looking for PCL_SEGMENTATION
[0.791s] -- looking for PCL_VISUALIZATION
[0.791s] -- looking for PCL_SURFACE
[0.792s] -- looking for PCL_REGISTRATION
[0.792s] -- looking for PCL_KEYPOINTS
[0.792s] -- looking for PCL_TRACKING
[0.793s] -- looking for PCL_RECOGNITION
[0.793s] -- looking for PCL_STEREO
[0.793s] -- looking for PCL_APPS
[0.794s] -- looking for PCL_IN_HAND_SCANNER
[0.794s] -- looking for PCL_POINT_CLOUD_EDITOR
[0.794s] -- looking for PCL_OUTOFCORE
[0.795s] -- looking for PCL_PEOPLE
[0.797s] -- GTSAM include directory:  /usr/local/lib/cmake/GTSAM/../../../include;/usr/include;/usr/local/include/gtsam/3rdparty/Eigen/
[0.815s] -- Found Boost: /usr/include (found version "1.71.0") found components: thread serialization timer chrono date_time atomic 
[0.869s] -- Configuring done
[0.903s] -- Generating done
[0.904s] -- Build files have been written to: /home/jeongil/ros_foxy_ws/velodyne_ws/build/lego_loam_sr
[0.911s] Invoked command in '/home/jeongil/ros_foxy_ws/velodyne_ws/build/lego_loam_sr' returned '0': AMENT_PREFIX_PATH=/home/jeongil/ros_foxy_ws/velodyne_ws/install/cloud_msgs:${AMENT_PREFIX_PATH} CMAKE_PREFIX_PATH=/home/jeongil/ros_foxy_ws/velodyne_ws/install/cloud_msgs:/opt/ros/foxy LD_LIBRARY_PATH=/home/jeongil/ros_foxy_ws/velodyne_ws/install/cloud_msgs/lib:${LD_LIBRARY_PATH} PYTHONPATH=/home/jeongil/ros_foxy_ws/velodyne_ws/install/cloud_msgs/lib/python3.8/site-packages:${PYTHONPATH} /usr/bin/cmake /home/jeongil/ros_foxy_ws/velodyne_ws/src/LeGO-LOAM-SR/LeGO-LOAM -DCMAKE_INSTALL_PREFIX=/home/jeongil/ros_foxy_ws/velodyne_ws/install/lego_loam_sr
[0.912s] Invoking command in '/home/jeongil/ros_foxy_ws/velodyne_ws/build/lego_loam_sr': AMENT_PREFIX_PATH=/home/jeongil/ros_foxy_ws/velodyne_ws/install/cloud_msgs:${AMENT_PREFIX_PATH} CMAKE_PREFIX_PATH=/home/jeongil/ros_foxy_ws/velodyne_ws/install/cloud_msgs:/opt/ros/foxy LD_LIBRARY_PATH=/home/jeongil/ros_foxy_ws/velodyne_ws/install/cloud_msgs/lib:${LD_LIBRARY_PATH} PYTHONPATH=/home/jeongil/ros_foxy_ws/velodyne_ws/install/cloud_msgs/lib/python3.8/site-packages:${PYTHONPATH} /usr/bin/cmake --build /home/jeongil/ros_foxy_ws/velodyne_ws/build/lego_loam_sr -- -j20 -l20
[0.938s] [35m[1mScanning dependencies of target lego_loam_sr[0m
[1.030s] [ 16%] [32mBuilding CXX object CMakeFiles/lego_loam_sr.dir/src/imageProjection.cpp.o[0m
[1.031s] [ 33%] [32mBuilding CXX object CMakeFiles/lego_loam_sr.dir/src/featureAssociation.cpp.o[0m
[1.031s] [ 50%] [32mBuilding CXX object CMakeFiles/lego_loam_sr.dir/src/mapOptmization.cpp.o[0m
[1.031s] [ 66%] [32mBuilding CXX object CMakeFiles/lego_loam_sr.dir/src/transformFusion.cpp.o[0m
[1.031s] [ 83%] [32mBuilding CXX object CMakeFiles/lego_loam_sr.dir/src/main.cpp.o[0m
[4.361s] [01m[K/home/jeongil/ros_foxy_ws/velodyne_ws/src/LeGO-LOAM-SR/LeGO-LOAM/src/featureAssociation.cpp:[m[K In destructor ‘[01m[Kvirtual FeatureAssociation::~FeatureAssociation()[m[K’:
[4.361s] [01m[K/home/jeongil/ros_foxy_ws/velodyne_ws/src/LeGO-LOAM-SR/LeGO-LOAM/src/featureAssociation.cpp:110:25:[m[K [01;35m[Kwarning: [m[Kconverting to ‘[01m[Kcloud_msgs::msg::CloudInfo[m[K’ {aka ‘[01m[Kcloud_msgs::msg::CloudInfo_<std::allocator<void> >[m[K’} from initializer list would use explicit constructor ‘[01m[Kcloud_msgs::msg::CloudInfo_<ContainerAllocator>::CloudInfo_(rosidl_runtime_cpp::MessageInitialization) [with ContainerAllocator = std::allocator<void>][m[K’
[4.361s]   110 |   _input_channel.send({}[01;35m[K)[m[K;
[4.361s]       |                         [01;35m[K^[m[K
[4.361s] [01m[K/home/jeongil/ros_foxy_ws/velodyne_ws/src/LeGO-LOAM-SR/LeGO-LOAM/src/featureAssociation.cpp:110:25:[m[K [01;36m[Knote: [m[Kin C++11 and above a default constructor can be explicit
[4.489s] In file included from [01m[K/usr/local/include/gtsam/base/types.h:31[m[K,
[4.489s]                  from [01m[K/usr/local/include/gtsam/global_includes.h:22[m[K,
[4.489s]                  from [01m[K/usr/local/include/gtsam/base/Vector.h:27[m[K,
[4.489s]                  from [01m[K/usr/local/include/gtsam/base/Matrix.h:26[m[K,
[4.489s]                  from [01m[K/usr/local/include/gtsam/base/Manifold.h:22[m[K,
[4.489s]                  from [01m[K/usr/local/include/gtsam/geometry/BearingRange.h:21[m[K,
[4.489s]                  from [01m[K/usr/local/include/gtsam/geometry/Pose3.h:22[m[K,
[4.489s]                  from [01m[K/home/jeongil/ros_foxy_ws/velodyne_ws/src/LeGO-LOAM-SR/LeGO-LOAM/src/mapOptimization.h:8[m[K,
[4.489s]                  from [01m[K/home/jeongil/ros_foxy_ws/velodyne_ws/src/LeGO-LOAM-SR/LeGO-LOAM/src/mapOptmization.cpp:37[m[K:
[4.489s] [01m[K/usr/include/tbb/task_scheduler_init.h:21:154:[m[K [01;36m[Knote: [m[K#pragma message: TBB Warning: tbb/task_scheduler_init.h is deprecated. For details, please see Deprecated Features appendix in the TBB reference manual.
[4.489s]    21 | #pragma message("TBB Warning: tbb/task_scheduler_init.h is deprecated. For details, please see Deprecated Features appendix in the TBB reference manual."[01;36m[K)[m[K
[4.489s]       |                                                                                                                                                          [01;36m[K^[m[K
[4.518s] In file included from [01m[K/usr/local/include/gtsam/base/types.h:31[m[K,
[4.518s]                  from [01m[K/usr/local/include/gtsam/global_includes.h:22[m[K,
[4.518s]                  from [01m[K/usr/local/include/gtsam/base/Vector.h:27[m[K,
[4.518s]                  from [01m[K/usr/local/include/gtsam/base/Matrix.h:26[m[K,
[4.518s]                  from [01m[K/usr/local/include/gtsam/base/Manifold.h:22[m[K,
[4.518s]                  from [01m[K/usr/local/include/gtsam/geometry/BearingRange.h:21[m[K,
[4.518s]                  from [01m[K/usr/local/include/gtsam/geometry/Pose3.h:22[m[K,
[4.518s]                  from [01m[K/home/jeongil/ros_foxy_ws/velodyne_ws/src/LeGO-LOAM-SR/LeGO-LOAM/src/mapOptimization.h:8[m[K,
[4.518s]                  from [01m[K/home/jeongil/ros_foxy_ws/velodyne_ws/src/LeGO-LOAM-SR/LeGO-LOAM/src/main.cpp:4[m[K:
[4.518s] [01m[K/usr/include/tbb/task_scheduler_init.h:21:154:[m[K [01;36m[Knote: [m[K#pragma message: TBB Warning: tbb/task_scheduler_init.h is deprecated. For details, please see Deprecated Features appendix in the TBB reference manual.
[4.518s]    21 | #pragma message("TBB Warning: tbb/task_scheduler_init.h is deprecated. For details, please see Deprecated Features appendix in the TBB reference manual."[01;36m[K)[m[K
[4.518s]       |                                                                                                                                                          [01;36m[K^[m[K
[5.019s] In file included from [01m[K/usr/local/include/gtsam/geometry/Unit3.h:36[m[K,
[5.019s]                  from [01m[K/usr/local/include/gtsam/geometry/Rot3.h:25[m[K,
[5.019s]                  from [01m[K/usr/local/include/gtsam/geometry/Pose3.h:24[m[K,
[5.019s]                  from [01m[K/home/jeongil/ros_foxy_ws/velodyne_ws/src/LeGO-LOAM-SR/LeGO-LOAM/src/mapOptimization.h:8[m[K,
[5.019s]                  from [01m[K/home/jeongil/ros_foxy_ws/velodyne_ws/src/LeGO-LOAM-SR/LeGO-LOAM/src/mapOptmization.cpp:37[m[K:
[5.019s] [01m[K/usr/include/tbb/mutex.h:21:140:[m[K [01;36m[Knote: [m[K#pragma message: TBB Warning: tbb/mutex.h is deprecated. For details, please see Deprecated Features appendix in the TBB reference manual.
[5.019s]    21 | #pragma message("TBB Warning: tbb/mutex.h is deprecated. For details, please see Deprecated Features appendix in the TBB reference manual."[01;36m[K)[m[K
[5.019s]       |                                                                                                                                            [01;36m[K^[m[K
[5.048s] In file included from [01m[K/usr/local/include/gtsam/geometry/Unit3.h:36[m[K,
[5.048s]                  from [01m[K/usr/local/include/gtsam/geometry/Rot3.h:25[m[K,
[5.048s]                  from [01m[K/usr/local/include/gtsam/geometry/Pose3.h:24[m[K,
[5.048s]                  from [01m[K/home/jeongil/ros_foxy_ws/velodyne_ws/src/LeGO-LOAM-SR/LeGO-LOAM/src/mapOptimization.h:8[m[K,
[5.048s]                  from [01m[K/home/jeongil/ros_foxy_ws/velodyne_ws/src/LeGO-LOAM-SR/LeGO-LOAM/src/main.cpp:4[m[K:
[5.048s] [01m[K/usr/include/tbb/mutex.h:21:140:[m[K [01;36m[Knote: [m[K#pragma message: TBB Warning: tbb/mutex.h is deprecated. For details, please see Deprecated Features appendix in the TBB reference manual.
[5.048s]    21 | #pragma message("TBB Warning: tbb/mutex.h is deprecated. For details, please see Deprecated Features appendix in the TBB reference manual."[01;36m[K)[m[K
[5.048s]       |                                                                                                                                            [01;36m[K^[m[K
[5.797s] [01m[K/home/jeongil/ros_foxy_ws/velodyne_ws/src/LeGO-LOAM-SR/LeGO-LOAM/src/mapOptmization.cpp:[m[K In destructor ‘[01m[Kvirtual MapOptimization::~MapOptimization()[m[K’:
[5.798s] [01m[K/home/jeongil/ros_foxy_ws/velodyne_ws/src/LeGO-LOAM-SR/LeGO-LOAM/src/mapOptmization.cpp:128:25:[m[K [01;35m[Kwarning: [m[Kconverting to ‘[01m[Knav_msgs::msg::Odometry[m[K’ {aka ‘[01m[Knav_msgs::msg::Odometry_<std::allocator<void> >[m[K’} from initializer list would use explicit constructor ‘[01m[Knav_msgs::msg::Odometry_<ContainerAllocator>::Odometry_(rosidl_runtime_cpp::MessageInitialization) [with ContainerAllocator = std::allocator<void>][m[K’
[5.798s]   128 |   _input_channel.send({}[01;35m[K)[m[K;
[5.798s]       |                         [01;35m[K^[m[K
[5.798s] [01m[K/home/jeongil/ros_foxy_ws/velodyne_ws/src/LeGO-LOAM-SR/LeGO-LOAM/src/mapOptmization.cpp:128:25:[m[K [01;36m[Knote: [m[Kin C++11 and above a default constructor can be explicit
[5.819s] [01m[K/home/jeongil/ros_foxy_ws/velodyne_ws/src/LeGO-LOAM-SR/LeGO-LOAM/src/main.cpp:[m[K In function ‘[01m[Kint main(int, char**)[m[K’:
[5.819s] [01m[K/home/jeongil/ros_foxy_ws/velodyne_ws/src/LeGO-LOAM-SR/LeGO-LOAM/src/main.cpp:25:71:[m[K [01;35m[Kwarning: [m[K‘[01m[Krclcpp::ExecutorOptions rclcpp::executor::create_default_executor_arguments()[m[K’ is deprecated: use rclcpp::ExecutorOptions() instead [[01;35m[K-Wdeprecated-declarations[m[K]
[5.819s]    25 |   rclcpp::executors::MultiThreadedExecutor executor(rclcpp::executor::[01;35m[Kcreate_default_executor_arguments[m[K(), 4);
[5.819s]       |                                                                       [01;35m[K^~~~~~~~~~~~~~~~~~~~~~~~~~~~~~~~~[m[K
[5.819s] In file included from [01m[K/opt/ros/foxy/include/rclcpp/executor.hpp:33[m[K,
[5.819s]                  from [01m[K/opt/ros/foxy/include/rclcpp/executors/multi_threaded_executor.hpp:26[m[K,
[5.819s]                  from [01m[K/opt/ros/foxy/include/rclcpp/executors.hpp:21[m[K,
[5.819s]                  from [01m[K/opt/ros/foxy/include/rclcpp/rclcpp.hpp:146[m[K,
[5.819s]                  from [01m[K/home/jeongil/ros_foxy_ws/velodyne_ws/src/LeGO-LOAM-SR/LeGO-LOAM/src/main.cpp:1[m[K:
[5.819s] [01m[K/opt/ros/foxy/include/rclcpp/executor_options.hpp:49:1:[m[K [01;36m[Knote: [m[Kdeclared here
[5.819s]    49 | [01;36m[Kcreate_default_executor_arguments[m[K()
[5.819s]       | [01;36m[K^~~~~~~~~~~~~~~~~~~~~~~~~~~~~~~~~[m[K
[5.819s] [01m[K/home/jeongil/ros_foxy_ws/velodyne_ws/src/LeGO-LOAM-SR/LeGO-LOAM/src/main.cpp:25:105:[m[K [01;35m[Kwarning: [m[K‘[01m[Krclcpp::ExecutorOptions rclcpp::executor::create_default_executor_arguments()[m[K’ is deprecated: use rclcpp::ExecutorOptions() instead [[01;35m[K-Wdeprecated-declarations[m[K]
[5.819s]    25 |   rclcpp::executors::MultiThreadedExecutor executor(rclcpp::executor::create_default_executor_arguments([01;35m[K)[m[K, 4);
[5.819s]       |                                                                                                         [01;35m[K^[m[K
[5.819s] In file included from [01m[K/opt/ros/foxy/include/rclcpp/executor.hpp:33[m[K,
[5.819s]                  from [01m[K/opt/ros/foxy/include/rclcpp/executors/multi_threaded_executor.hpp:26[m[K,
[5.819s]                  from [01m[K/opt/ros/foxy/include/rclcpp/executors.hpp:21[m[K,
[5.819s]                  from [01m[K/opt/ros/foxy/include/rclcpp/rclcpp.hpp:146[m[K,
[5.819s]                  from [01m[K/home/jeongil/ros_foxy_ws/velodyne_ws/src/LeGO-LOAM-SR/LeGO-LOAM/src/main.cpp:1[m[K:
[5.819s] [01m[K/opt/ros/foxy/include/rclcpp/executor_options.hpp:49:1:[m[K [01;36m[Knote: [m[Kdeclared here
[5.819s]    49 | [01;36m[Kcreate_default_executor_arguments[m[K()
[5.820s]       | [01;36m[K^~~~~~~~~~~~~~~~~~~~~~~~~~~~~~~~~[m[K
[5.820s] [01m[K/home/jeongil/ros_foxy_ws/velodyne_ws/src/LeGO-LOAM-SR/LeGO-LOAM/src/main.cpp:25:105:[m[K [01;35m[Kwarning: [m[K‘[01m[Krclcpp::ExecutorOptions rclcpp::executor::create_default_executor_arguments()[m[K’ is deprecated: use rclcpp::ExecutorOptions() instead [[01;35m[K-Wdeprecated-declarations[m[K]
[5.820s]    25 |   rclcpp::executors::MultiThreadedExecutor executor(rclcpp::executor::create_default_executor_arguments([01;35m[K)[m[K, 4);
[5.820s]       |                                                                                                         [01;35m[K^[m[K
[5.820s] In file included from [01m[K/opt/ros/foxy/include/rclcpp/executor.hpp:33[m[K,
[5.820s]                  from [01m[K/opt/ros/foxy/include/rclcpp/executors/multi_threaded_executor.hpp:26[m[K,
[5.820s]                  from [01m[K/opt/ros/foxy/include/rclcpp/executors.hpp:21[m[K,
[5.820s]                  from [01m[K/opt/ros/foxy/include/rclcpp/rclcpp.hpp:146[m[K,
[5.820s]                  from [01m[K/home/jeongil/ros_foxy_ws/velodyne_ws/src/LeGO-LOAM-SR/LeGO-LOAM/src/main.cpp:1[m[K:
[5.820s] [01m[K/opt/ros/foxy/include/rclcpp/executor_options.hpp:49:1:[m[K [01;36m[Knote: [m[Kdeclared here
[5.820s]    49 | [01;36m[Kcreate_default_executor_arguments[m[K()
[5.820s]       | [01;36m[K^~~~~~~~~~~~~~~~~~~~~~~~~~~~~~~~~[m[K
[28.247s] [100%] [32m[1mLinking CXX executable lego_loam_sr[0m
[28.883s] [100%] Built target lego_loam_sr
[28.894s] Invoked command in '/home/jeongil/ros_foxy_ws/velodyne_ws/build/lego_loam_sr' returned '0': AMENT_PREFIX_PATH=/home/jeongil/ros_foxy_ws/velodyne_ws/install/cloud_msgs:${AMENT_PREFIX_PATH} CMAKE_PREFIX_PATH=/home/jeongil/ros_foxy_ws/velodyne_ws/install/cloud_msgs:/opt/ros/foxy LD_LIBRARY_PATH=/home/jeongil/ros_foxy_ws/velodyne_ws/install/cloud_msgs/lib:${LD_LIBRARY_PATH} PYTHONPATH=/home/jeongil/ros_foxy_ws/velodyne_ws/install/cloud_msgs/lib/python3.8/site-packages:${PYTHONPATH} /usr/bin/cmake --build /home/jeongil/ros_foxy_ws/velodyne_ws/build/lego_loam_sr -- -j20 -l20
[28.908s] Invoking command in '/home/jeongil/ros_foxy_ws/velodyne_ws/build/lego_loam_sr': AMENT_PREFIX_PATH=/home/jeongil/ros_foxy_ws/velodyne_ws/install/cloud_msgs:${AMENT_PREFIX_PATH} CMAKE_PREFIX_PATH=/home/jeongil/ros_foxy_ws/velodyne_ws/install/cloud_msgs:/opt/ros/foxy LD_LIBRARY_PATH=/home/jeongil/ros_foxy_ws/velodyne_ws/install/cloud_msgs/lib:${LD_LIBRARY_PATH} PYTHONPATH=/home/jeongil/ros_foxy_ws/velodyne_ws/install/cloud_msgs/lib/python3.8/site-packages:${PYTHONPATH} /usr/bin/cmake --install /home/jeongil/ros_foxy_ws/velodyne_ws/build/lego_loam_sr
[28.913s] -- Install configuration: ""
[28.913s] -- Installing: /home/jeongil/ros_foxy_ws/velodyne_ws/install/lego_loam_sr/lib/lego_loam_sr/lego_loam_sr
[28.914s] -- Set runtime path of "/home/jeongil/ros_foxy_ws/velodyne_ws/install/lego_loam_sr/lib/lego_loam_sr/lego_loam_sr" to ""
[28.914s] -- Installing: /home/jeongil/ros_foxy_ws/velodyne_ws/install/lego_loam_sr/share/lego_loam_sr/config
[28.914s] -- Installing: /home/jeongil/ros_foxy_ws/velodyne_ws/install/lego_loam_sr/share/lego_loam_sr/config/loam_config.yaml
[28.914s] -- Installing: /home/jeongil/ros_foxy_ws/velodyne_ws/install/lego_loam_sr/share/lego_loam_sr/launch
[28.914s] -- Installing: /home/jeongil/ros_foxy_ws/velodyne_ws/install/lego_loam_sr/share/lego_loam_sr/launch/block.png
[28.915s] -- Installing: /home/jeongil/ros_foxy_ws/velodyne_ws/install/lego_loam_sr/share/lego_loam_sr/launch/odometry.jpg
[28.915s] -- Installing: /home/jeongil/ros_foxy_ws/velodyne_ws/install/lego_loam_sr/share/lego_loam_sr/launch/seg-total.jpg
[28.915s] -- Installing: /home/jeongil/ros_foxy_ws/velodyne_ws/install/lego_loam_sr/share/lego_loam_sr/launch/run.launch.py
[28.915s] -- Installing: /home/jeongil/ros_foxy_ws/velodyne_ws/install/lego_loam_sr/share/lego_loam_sr/launch/demo.gif
[28.924s] -- Installing: /home/jeongil/ros_foxy_ws/velodyne_ws/install/lego_loam_sr/share/lego_loam_sr/launch/dataset-demo.gif
[28.925s] -- Installing: /home/jeongil/ros_foxy_ws/velodyne_ws/install/lego_loam_sr/share/lego_loam_sr/launch/google-earth.png
[28.926s] -- Installing: /home/jeongil/ros_foxy_ws/velodyne_ws/install/lego_loam_sr/share/lego_loam_sr/rviz
[28.926s] -- Installing: /home/jeongil/ros_foxy_ws/velodyne_ws/install/lego_loam_sr/share/lego_loam_sr/rviz/test.rviz
[28.926s] -- Installing: /home/jeongil/ros_foxy_ws/velodyne_ws/install/lego_loam_sr/share/ament_index/resource_index/package_run_dependencies/lego_loam_sr
[28.926s] -- Installing: /home/jeongil/ros_foxy_ws/velodyne_ws/install/lego_loam_sr/share/ament_index/resource_index/parent_prefix_path/lego_loam_sr
[28.926s] -- Installing: /home/jeongil/ros_foxy_ws/velodyne_ws/install/lego_loam_sr/share/lego_loam_sr/environment/ament_prefix_path.sh
[28.926s] -- Installing: /home/jeongil/ros_foxy_ws/velodyne_ws/install/lego_loam_sr/share/lego_loam_sr/environment/ament_prefix_path.dsv
[28.926s] -- Installing: /home/jeongil/ros_foxy_ws/velodyne_ws/install/lego_loam_sr/share/lego_loam_sr/environment/path.sh
[28.926s] -- Installing: /home/jeongil/ros_foxy_ws/velodyne_ws/install/lego_loam_sr/share/lego_loam_sr/environment/path.dsv
[28.926s] -- Installing: /home/jeongil/ros_foxy_ws/velodyne_ws/install/lego_loam_sr/share/lego_loam_sr/local_setup.bash
[28.926s] -- Installing: /home/jeongil/ros_foxy_ws/velodyne_ws/install/lego_loam_sr/share/lego_loam_sr/local_setup.sh
[28.926s] -- Installing: /home/jeongil/ros_foxy_ws/velodyne_ws/install/lego_loam_sr/share/lego_loam_sr/local_setup.zsh
[28.926s] -- Installing: /home/jeongil/ros_foxy_ws/velodyne_ws/install/lego_loam_sr/share/lego_loam_sr/local_setup.dsv
[28.926s] -- Installing: /home/jeongil/ros_foxy_ws/velodyne_ws/install/lego_loam_sr/share/lego_loam_sr/package.dsv
[28.926s] -- Installing: /home/jeongil/ros_foxy_ws/velodyne_ws/install/lego_loam_sr/share/ament_index/resource_index/packages/lego_loam_sr
[28.926s] -- Installing: /home/jeongil/ros_foxy_ws/velodyne_ws/install/lego_loam_sr/share/lego_loam_sr/cmake/ament_cmake_export_include_directories-extras.cmake
[28.927s] -- Installing: /home/jeongil/ros_foxy_ws/velodyne_ws/install/lego_loam_sr/share/lego_loam_sr/cmake/lego_loam_srConfig.cmake
[28.927s] -- Installing: /home/jeongil/ros_foxy_ws/velodyne_ws/install/lego_loam_sr/share/lego_loam_sr/cmake/lego_loam_srConfig-version.cmake
[28.927s] -- Installing: /home/jeongil/ros_foxy_ws/velodyne_ws/install/lego_loam_sr/share/lego_loam_sr/package.xml
[28.929s] Invoked command in '/home/jeongil/ros_foxy_ws/velodyne_ws/build/lego_loam_sr' returned '0': AMENT_PREFIX_PATH=/home/jeongil/ros_foxy_ws/velodyne_ws/install/cloud_msgs:${AMENT_PREFIX_PATH} CMAKE_PREFIX_PATH=/home/jeongil/ros_foxy_ws/velodyne_ws/install/cloud_msgs:/opt/ros/foxy LD_LIBRARY_PATH=/home/jeongil/ros_foxy_ws/velodyne_ws/install/cloud_msgs/lib:${LD_LIBRARY_PATH} PYTHONPATH=/home/jeongil/ros_foxy_ws/velodyne_ws/install/cloud_msgs/lib/python3.8/site-packages:${PYTHONPATH} /usr/bin/cmake --install /home/jeongil/ros_foxy_ws/velodyne_ws/build/lego_loam_sr
