[0.208s] Invoking command in '/home/jeongil/ros_foxy_ws/velodyne_ws/build/velodyne_driver': CMAKE_PREFIX_PATH=/home/jeongil/ros_foxy_ws/velodyne_ws/install/velodyne_msgs:/home/jeongil/ros_foxy_ws/velodyne_ws/install/velodyne:/home/jeongil/ros_foxy_ws/velodyne_ws/install/velodyne_pointcloud:/home/jeongil/ros_foxy_ws/velodyne_ws/install/velodyne_driver:/home/jeongil/ros_foxy_ws/velodyne_ws/install/velodyne_laserscan:/home/jeongil/ros_foxy_ws/velodyne_ws/install/lego_loam_sr:/home/jeongil/ros_foxy_ws/velodyne_ws/install/cloud_msgs:/home/jeongil/ros_foxy_ws/blickfeld_ws/install/blickfeld_driver:/home/jeongil/ros_foxy_ws/blickfeld_ws/install/blickfeld_pointcloud:/opt/ros/foxy LD_LIBRARY_PATH=/home/jeongil/ros_foxy_ws/velodyne_ws/install/velodyne_msgs/lib:/usr/local/cuda/lib64:/lib64:/home/jeongil/ros_foxy_ws/velodyne_ws/install/velodyne_pointcloud/lib:/home/jeongil/ros_foxy_ws/velodyne_ws/install/velodyne_driver/lib:/home/jeongil/ros_foxy_ws/velodyne_ws/install/velodyne_laserscan/lib:/home/jeongil/ros_foxy_ws/velodyne_ws/install/cloud_msgs/lib:/home/jeongil/ros_foxy_ws/blickfeld_ws/install/blickfeld_driver/lib:/opt/ros/foxy/opt/yaml_cpp_vendor/lib:/opt/ros/foxy/opt/rviz_ogre_vendor/lib:/opt/ros/foxy/lib/x86_64-linux-gnu:/opt/ros/foxy/lib:/lib /usr/bin/cmake --build /home/jeongil/ros_foxy_ws/velodyne_ws/build/velodyne_driver -- -j20 -l20
[0.236s] [ 25%] Built target gtest_main
[0.237s] [ 33%] Built target gtest
[0.241s] [ 50%] Built target velodyne_input
[0.257s] [ 66%] Built target time_test
[0.258s] [ 83%] Built target velodyne_driver
[0.274s] [100%] Built target velodyne_driver_node
[0.281s] Invoked command in '/home/jeongil/ros_foxy_ws/velodyne_ws/build/velodyne_driver' returned '0': CMAKE_PREFIX_PATH=/home/jeongil/ros_foxy_ws/velodyne_ws/install/velodyne_msgs:/home/jeongil/ros_foxy_ws/velodyne_ws/install/velodyne:/home/jeongil/ros_foxy_ws/velodyne_ws/install/velodyne_pointcloud:/home/jeongil/ros_foxy_ws/velodyne_ws/install/velodyne_driver:/home/jeongil/ros_foxy_ws/velodyne_ws/install/velodyne_laserscan:/home/jeongil/ros_foxy_ws/velodyne_ws/install/lego_loam_sr:/home/jeongil/ros_foxy_ws/velodyne_ws/install/cloud_msgs:/home/jeongil/ros_foxy_ws/blickfeld_ws/install/blickfeld_driver:/home/jeongil/ros_foxy_ws/blickfeld_ws/install/blickfeld_pointcloud:/opt/ros/foxy LD_LIBRARY_PATH=/home/jeongil/ros_foxy_ws/velodyne_ws/install/velodyne_msgs/lib:/usr/local/cuda/lib64:/lib64:/home/jeongil/ros_foxy_ws/velodyne_ws/install/velodyne_pointcloud/lib:/home/jeongil/ros_foxy_ws/velodyne_ws/install/velodyne_driver/lib:/home/jeongil/ros_foxy_ws/velodyne_ws/install/velodyne_laserscan/lib:/home/jeongil/ros_foxy_ws/velodyne_ws/install/cloud_msgs/lib:/home/jeongil/ros_foxy_ws/blickfeld_ws/install/blickfeld_driver/lib:/opt/ros/foxy/opt/yaml_cpp_vendor/lib:/opt/ros/foxy/opt/rviz_ogre_vendor/lib:/opt/ros/foxy/lib/x86_64-linux-gnu:/opt/ros/foxy/lib:/lib /usr/bin/cmake --build /home/jeongil/ros_foxy_ws/velodyne_ws/build/velodyne_driver -- -j20 -l20
[0.298s] Invoking command in '/home/jeongil/ros_foxy_ws/velodyne_ws/build/velodyne_driver': CMAKE_PREFIX_PATH=/home/jeongil/ros_foxy_ws/velodyne_ws/install/velodyne_msgs:/home/jeongil/ros_foxy_ws/velodyne_ws/install/velodyne:/home/jeongil/ros_foxy_ws/velodyne_ws/install/velodyne_pointcloud:/home/jeongil/ros_foxy_ws/velodyne_ws/install/velodyne_driver:/home/jeongil/ros_foxy_ws/velodyne_ws/install/velodyne_laserscan:/home/jeongil/ros_foxy_ws/velodyne_ws/install/lego_loam_sr:/home/jeongil/ros_foxy_ws/velodyne_ws/install/cloud_msgs:/home/jeongil/ros_foxy_ws/blickfeld_ws/install/blickfeld_driver:/home/jeongil/ros_foxy_ws/blickfeld_ws/install/blickfeld_pointcloud:/opt/ros/foxy LD_LIBRARY_PATH=/home/jeongil/ros_foxy_ws/velodyne_ws/install/velodyne_msgs/lib:/usr/local/cuda/lib64:/lib64:/home/jeongil/ros_foxy_ws/velodyne_ws/install/velodyne_pointcloud/lib:/home/jeongil/ros_foxy_ws/velodyne_ws/install/velodyne_driver/lib:/home/jeongil/ros_foxy_ws/velodyne_ws/install/velodyne_laserscan/lib:/home/jeongil/ros_foxy_ws/velodyne_ws/install/cloud_msgs/lib:/home/jeongil/ros_foxy_ws/blickfeld_ws/install/blickfeld_driver/lib:/opt/ros/foxy/opt/yaml_cpp_vendor/lib:/opt/ros/foxy/opt/rviz_ogre_vendor/lib:/opt/ros/foxy/lib/x86_64-linux-gnu:/opt/ros/foxy/lib:/lib /usr/bin/cmake --install /home/jeongil/ros_foxy_ws/velodyne_ws/build/velodyne_driver
[0.301s] -- Install configuration: ""
[0.301s] -- Up-to-date: /home/jeongil/ros_foxy_ws/velodyne_ws/install/velodyne_driver/lib/libvelodyne_driver.so
[0.302s] -- Up-to-date: /home/jeongil/ros_foxy_ws/velodyne_ws/install/velodyne_driver/lib/velodyne_driver/velodyne_driver_node
[0.302s] -- Up-to-date: /home/jeongil/ros_foxy_ws/velodyne_ws/install/velodyne_driver/include/velodyne_driver
[0.302s] -- Up-to-date: /home/jeongil/ros_foxy_ws/velodyne_ws/install/velodyne_driver/include/velodyne_driver/input.hpp
[0.302s] -- Up-to-date: /home/jeongil/ros_foxy_ws/velodyne_ws/install/velodyne_driver/include/velodyne_driver/time_conversion.hpp
[0.302s] -- Up-to-date: /home/jeongil/ros_foxy_ws/velodyne_ws/install/velodyne_driver/include/velodyne_driver/driver.hpp
[0.302s] -- Up-to-date: /home/jeongil/ros_foxy_ws/velodyne_ws/install/velodyne_driver/share/velodyne_driver/config
[0.302s] -- Up-to-date: /home/jeongil/ros_foxy_ws/velodyne_ws/install/velodyne_driver/share/velodyne_driver/config/VLP32C-velodyne_driver_node-params.yaml
[0.302s] -- Up-to-date: /home/jeongil/ros_foxy_ws/velodyne_ws/install/velodyne_driver/share/velodyne_driver/config/VLP16-velodyne_driver_node-params.yaml
[0.302s] -- Up-to-date: /home/jeongil/ros_foxy_ws/velodyne_ws/install/velodyne_driver/share/velodyne_driver/launch
[0.302s] -- Up-to-date: /home/jeongil/ros_foxy_ws/velodyne_ws/install/velodyne_driver/share/velodyne_driver/launch/velodyne_driver_node-VLP32C-composed-launch.py
[0.302s] -- Up-to-date: /home/jeongil/ros_foxy_ws/velodyne_ws/install/velodyne_driver/share/velodyne_driver/launch/velodyne_driver_node-VLP32C-launch.py
[0.302s] -- Up-to-date: /home/jeongil/ros_foxy_ws/velodyne_ws/install/velodyne_driver/share/velodyne_driver/launch/velodyne_driver_node-VLP16-launch.py
[0.302s] -- Up-to-date: /home/jeongil/ros_foxy_ws/velodyne_ws/install/velodyne_driver/share/velodyne_driver/launch/velodyne_driver_node-VLP16-composed-launch.py
[0.302s] -- Up-to-date: /home/jeongil/ros_foxy_ws/velodyne_ws/install/velodyne_driver/lib/velodyne_driver/vdump
[0.302s] -- Up-to-date: /home/jeongil/ros_foxy_ws/velodyne_ws/install/velodyne_driver/share/ament_index/resource_index/package_run_dependencies/velodyne_driver
[0.302s] -- Up-to-date: /home/jeongil/ros_foxy_ws/velodyne_ws/install/velodyne_driver/share/ament_index/resource_index/parent_prefix_path/velodyne_driver
[0.302s] -- Up-to-date: /home/jeongil/ros_foxy_ws/velodyne_ws/install/velodyne_driver/share/velodyne_driver/environment/ament_prefix_path.sh
[0.302s] -- Up-to-date: /home/jeongil/ros_foxy_ws/velodyne_ws/install/velodyne_driver/share/velodyne_driver/environment/ament_prefix_path.dsv
[0.302s] -- Up-to-date: /home/jeongil/ros_foxy_ws/velodyne_ws/install/velodyne_driver/share/velodyne_driver/environment/path.sh
[0.302s] -- Up-to-date: /home/jeongil/ros_foxy_ws/velodyne_ws/install/velodyne_driver/share/velodyne_driver/environment/path.dsv
[0.302s] -- Up-to-date: /home/jeongil/ros_foxy_ws/velodyne_ws/install/velodyne_driver/share/velodyne_driver/local_setup.bash
[0.302s] -- Up-to-date: /home/jeongil/ros_foxy_ws/velodyne_ws/install/velodyne_driver/share/velodyne_driver/local_setup.sh
[0.302s] -- Up-to-date: /home/jeongil/ros_foxy_ws/velodyne_ws/install/velodyne_driver/share/velodyne_driver/local_setup.zsh
[0.303s] -- Up-to-date: /home/jeongil/ros_foxy_ws/velodyne_ws/install/velodyne_driver/share/velodyne_driver/local_setup.dsv
[0.303s] -- Installing: /home/jeongil/ros_foxy_ws/velodyne_ws/install/velodyne_driver/share/velodyne_driver/package.dsv
[0.303s] -- Up-to-date: /home/jeongil/ros_foxy_ws/velodyne_ws/install/velodyne_driver/share/ament_index/resource_index/packages/velodyne_driver
[0.303s] -- Up-to-date: /home/jeongil/ros_foxy_ws/velodyne_ws/install/velodyne_driver/share/ament_index/resource_index/rclcpp_components/velodyne_driver
[0.303s] -- Up-to-date: /home/jeongil/ros_foxy_ws/velodyne_ws/install/velodyne_driver/share/velodyne_driver/cmake/velodyne_driverConfig.cmake
[0.303s] -- Up-to-date: /home/jeongil/ros_foxy_ws/velodyne_ws/install/velodyne_driver/share/velodyne_driver/cmake/velodyne_driverConfig-version.cmake
[0.303s] -- Up-to-date: /home/jeongil/ros_foxy_ws/velodyne_ws/install/velodyne_driver/share/velodyne_driver/package.xml
[0.303s] -- Up-to-date: /home/jeongil/ros_foxy_ws/velodyne_ws/install/velodyne_driver/lib/libvelodyne_input.so
[0.303s] Invoked command in '/home/jeongil/ros_foxy_ws/velodyne_ws/build/velodyne_driver' returned '0': CMAKE_PREFIX_PATH=/home/jeongil/ros_foxy_ws/velodyne_ws/install/velodyne_msgs:/home/jeongil/ros_foxy_ws/velodyne_ws/install/velodyne:/home/jeongil/ros_foxy_ws/velodyne_ws/install/velodyne_pointcloud:/home/jeongil/ros_foxy_ws/velodyne_ws/install/velodyne_driver:/home/jeongil/ros_foxy_ws/velodyne_ws/install/velodyne_laserscan:/home/jeongil/ros_foxy_ws/velodyne_ws/install/lego_loam_sr:/home/jeongil/ros_foxy_ws/velodyne_ws/install/cloud_msgs:/home/jeongil/ros_foxy_ws/blickfeld_ws/install/blickfeld_driver:/home/jeongil/ros_foxy_ws/blickfeld_ws/install/blickfeld_pointcloud:/opt/ros/foxy LD_LIBRARY_PATH=/home/jeongil/ros_foxy_ws/velodyne_ws/install/velodyne_msgs/lib:/usr/local/cuda/lib64:/lib64:/home/jeongil/ros_foxy_ws/velodyne_ws/install/velodyne_pointcloud/lib:/home/jeongil/ros_foxy_ws/velodyne_ws/install/velodyne_driver/lib:/home/jeongil/ros_foxy_ws/velodyne_ws/install/velodyne_laserscan/lib:/home/jeongil/ros_foxy_ws/velodyne_ws/install/cloud_msgs/lib:/home/jeongil/ros_foxy_ws/blickfeld_ws/install/blickfeld_driver/lib:/opt/ros/foxy/opt/yaml_cpp_vendor/lib:/opt/ros/foxy/opt/rviz_ogre_vendor/lib:/opt/ros/foxy/lib/x86_64-linux-gnu:/opt/ros/foxy/lib:/lib /usr/bin/cmake --install /home/jeongil/ros_foxy_ws/velodyne_ws/build/velodyne_driver
