[0.149s] DEBUG:colcon:Command line arguments: ['/usr/bin/colcon', 'list', '-p', '--base-paths', '/home/jeongil/ros_foxy_ws/velodyne_ws']
[0.149s] DEBUG:colcon:Parsed command line arguments: Namespace(allow_overriding=[], base_paths=['/home/jeongil/ros_foxy_ws/velodyne_ws'], build_base='build', ignore_user_meta=False, log_base=None, log_level=None, main=<bound method ListVerb.main of <colcon_package_information.verb.list.ListVerb object at 0x7f099f2f3e80>>, metas=['./colcon.meta'], names_only=False, packages_above=None, packages_above_and_dependencies=None, packages_above_depth=None, packages_end=None, packages_ignore=None, packages_ignore_regex=None, packages_select=None, packages_select_build_failed=False, packages_select_by_dep=None, packages_select_regex=None, packages_select_test_failures=False, packages_skip=None, packages_skip_build_finished=False, packages_skip_by_dep=None, packages_skip_regex=None, packages_skip_test_passed=False, packages_skip_up_to=None, packages_start=None, packages_up_to=None, packages_up_to_regex=None, paths=None, paths_only=True, topological_graph=False, topological_graph_density=False, topological_graph_dot=False, topological_graph_dot_cluster=False, topological_graph_dot_include_skipped=False, topological_graph_legend=False, topological_order=False, verb_extension=<colcon_package_information.verb.list.ListVerb object at 0x7f099f2f3e80>, verb_name='list', verb_parser=<colcon_defaults.argument_parser.defaults.DefaultArgumentsDecorator object at 0x7f099f1ee2e0>)
[0.164s] Level 1:colcon.colcon_core.package_discovery:discover_packages(colcon_meta) check parameters
[0.164s] Level 1:colcon.colcon_core.package_discovery:discover_packages(recursive) check parameters
[0.165s] Level 1:colcon.colcon_core.package_discovery:discover_packages(ignore) check parameters
[0.165s] Level 1:colcon.colcon_core.package_discovery:discover_packages(path) check parameters
[0.165s] Level 1:colcon.colcon_core.package_discovery:discover_packages(recursive) discover
[0.165s] INFO:colcon.colcon_core.package_discovery:Crawling recursively for packages in '/home/jeongil/ros_foxy_ws/velodyne_ws'
[0.165s] Level 1:colcon.colcon_core.package_identification:_identify(/home/jeongil/ros_foxy_ws/velodyne_ws) by extensions ['ignore', 'ignore_ament_install']
[0.165s] Level 1:colcon.colcon_core.package_identification:_identify(/home/jeongil/ros_foxy_ws/velodyne_ws) by extension 'ignore'
[0.165s] Level 1:colcon.colcon_core.package_identification:_identify(/home/jeongil/ros_foxy_ws/velodyne_ws) by extension 'ignore_ament_install'
[0.165s] Level 1:colcon.colcon_core.package_identification:_identify(/home/jeongil/ros_foxy_ws/velodyne_ws) by extensions ['colcon_pkg']
[0.165s] Level 1:colcon.colcon_core.package_identification:_identify(/home/jeongil/ros_foxy_ws/velodyne_ws) by extension 'colcon_pkg'
[0.165s] Level 1:colcon.colcon_core.package_identification:_identify(/home/jeongil/ros_foxy_ws/velodyne_ws) by extensions ['colcon_meta']
[0.165s] Level 1:colcon.colcon_core.package_identification:_identify(/home/jeongil/ros_foxy_ws/velodyne_ws) by extension 'colcon_meta'
[0.165s] Level 1:colcon.colcon_core.package_identification:_identify(/home/jeongil/ros_foxy_ws/velodyne_ws) by extensions ['ros']
[0.165s] Level 1:colcon.colcon_core.package_identification:_identify(/home/jeongil/ros_foxy_ws/velodyne_ws) by extension 'ros'
[0.171s] Level 1:colcon.colcon_core.package_identification:_identify(/home/jeongil/ros_foxy_ws/velodyne_ws) by extensions ['cmake', 'python']
[0.171s] Level 1:colcon.colcon_core.package_identification:_identify(/home/jeongil/ros_foxy_ws/velodyne_ws) by extension 'cmake'
[0.171s] Level 1:colcon.colcon_core.package_identification:_identify(/home/jeongil/ros_foxy_ws/velodyne_ws) by extension 'python'
[0.171s] Level 1:colcon.colcon_core.package_identification:_identify(/home/jeongil/ros_foxy_ws/velodyne_ws) by extensions ['python_setup_py']
[0.171s] Level 1:colcon.colcon_core.package_identification:_identify(/home/jeongil/ros_foxy_ws/velodyne_ws) by extension 'python_setup_py'
[0.171s] Level 1:colcon.colcon_core.package_identification:_identify(/home/jeongil/ros_foxy_ws/velodyne_ws/build) by extensions ['ignore', 'ignore_ament_install']
[0.171s] Level 1:colcon.colcon_core.package_identification:_identify(/home/jeongil/ros_foxy_ws/velodyne_ws/build) by extension 'ignore'
[0.171s] Level 1:colcon.colcon_core.package_identification:_identify(/home/jeongil/ros_foxy_ws/velodyne_ws/build) ignored
[0.171s] Level 1:colcon.colcon_core.package_identification:_identify(/home/jeongil/ros_foxy_ws/velodyne_ws/install) by extensions ['ignore', 'ignore_ament_install']
[0.171s] Level 1:colcon.colcon_core.package_identification:_identify(/home/jeongil/ros_foxy_ws/velodyne_ws/install) by extension 'ignore'
[0.171s] Level 1:colcon.colcon_core.package_identification:_identify(/home/jeongil/ros_foxy_ws/velodyne_ws/install) ignored
[0.171s] Level 1:colcon.colcon_core.package_identification:_identify(/home/jeongil/ros_foxy_ws/velodyne_ws/log) by extensions ['ignore', 'ignore_ament_install']
[0.172s] Level 1:colcon.colcon_core.package_identification:_identify(/home/jeongil/ros_foxy_ws/velodyne_ws/log) by extension 'ignore'
[0.172s] Level 1:colcon.colcon_core.package_identification:_identify(/home/jeongil/ros_foxy_ws/velodyne_ws/log) ignored
[0.172s] Level 1:colcon.colcon_core.package_identification:_identify(/home/jeongil/ros_foxy_ws/velodyne_ws/src) by extensions ['ignore', 'ignore_ament_install']
[0.172s] Level 1:colcon.colcon_core.package_identification:_identify(/home/jeongil/ros_foxy_ws/velodyne_ws/src) by extension 'ignore'
[0.172s] Level 1:colcon.colcon_core.package_identification:_identify(/home/jeongil/ros_foxy_ws/velodyne_ws/src) by extension 'ignore_ament_install'
[0.172s] Level 1:colcon.colcon_core.package_identification:_identify(/home/jeongil/ros_foxy_ws/velodyne_ws/src) by extensions ['colcon_pkg']
[0.172s] Level 1:colcon.colcon_core.package_identification:_identify(/home/jeongil/ros_foxy_ws/velodyne_ws/src) by extension 'colcon_pkg'
[0.172s] Level 1:colcon.colcon_core.package_identification:_identify(/home/jeongil/ros_foxy_ws/velodyne_ws/src) by extensions ['colcon_meta']
[0.172s] Level 1:colcon.colcon_core.package_identification:_identify(/home/jeongil/ros_foxy_ws/velodyne_ws/src) by extension 'colcon_meta'
[0.172s] Level 1:colcon.colcon_core.package_identification:_identify(/home/jeongil/ros_foxy_ws/velodyne_ws/src) by extensions ['ros']
[0.172s] Level 1:colcon.colcon_core.package_identification:_identify(/home/jeongil/ros_foxy_ws/velodyne_ws/src) by extension 'ros'
[0.172s] Level 1:colcon.colcon_core.package_identification:_identify(/home/jeongil/ros_foxy_ws/velodyne_ws/src) by extensions ['cmake', 'python']
[0.172s] Level 1:colcon.colcon_core.package_identification:_identify(/home/jeongil/ros_foxy_ws/velodyne_ws/src) by extension 'cmake'
[0.172s] Level 1:colcon.colcon_core.package_identification:_identify(/home/jeongil/ros_foxy_ws/velodyne_ws/src) by extension 'python'
[0.172s] Level 1:colcon.colcon_core.package_identification:_identify(/home/jeongil/ros_foxy_ws/velodyne_ws/src) by extensions ['python_setup_py']
[0.172s] Level 1:colcon.colcon_core.package_identification:_identify(/home/jeongil/ros_foxy_ws/velodyne_ws/src) by extension 'python_setup_py'
[0.172s] Level 1:colcon.colcon_core.package_identification:_identify(/home/jeongil/ros_foxy_ws/velodyne_ws/src/LeGO-LOAM-SR) by extensions ['ignore', 'ignore_ament_install']
[0.172s] Level 1:colcon.colcon_core.package_identification:_identify(/home/jeongil/ros_foxy_ws/velodyne_ws/src/LeGO-LOAM-SR) by extension 'ignore'
[0.172s] Level 1:colcon.colcon_core.package_identification:_identify(/home/jeongil/ros_foxy_ws/velodyne_ws/src/LeGO-LOAM-SR) by extension 'ignore_ament_install'
[0.172s] Level 1:colcon.colcon_core.package_identification:_identify(/home/jeongil/ros_foxy_ws/velodyne_ws/src/LeGO-LOAM-SR) by extensions ['colcon_pkg']
[0.172s] Level 1:colcon.colcon_core.package_identification:_identify(/home/jeongil/ros_foxy_ws/velodyne_ws/src/LeGO-LOAM-SR) by extension 'colcon_pkg'
[0.172s] Level 1:colcon.colcon_core.package_identification:_identify(/home/jeongil/ros_foxy_ws/velodyne_ws/src/LeGO-LOAM-SR) by extensions ['colcon_meta']
[0.172s] Level 1:colcon.colcon_core.package_identification:_identify(/home/jeongil/ros_foxy_ws/velodyne_ws/src/LeGO-LOAM-SR) by extension 'colcon_meta'
[0.172s] Level 1:colcon.colcon_core.package_identification:_identify(/home/jeongil/ros_foxy_ws/velodyne_ws/src/LeGO-LOAM-SR) by extensions ['ros']
[0.172s] Level 1:colcon.colcon_core.package_identification:_identify(/home/jeongil/ros_foxy_ws/velodyne_ws/src/LeGO-LOAM-SR) by extension 'ros'
[0.172s] Level 1:colcon.colcon_core.package_identification:_identify(/home/jeongil/ros_foxy_ws/velodyne_ws/src/LeGO-LOAM-SR) by extensions ['cmake', 'python']
[0.172s] Level 1:colcon.colcon_core.package_identification:_identify(/home/jeongil/ros_foxy_ws/velodyne_ws/src/LeGO-LOAM-SR) by extension 'cmake'
[0.172s] Level 1:colcon.colcon_core.package_identification:_identify(/home/jeongil/ros_foxy_ws/velodyne_ws/src/LeGO-LOAM-SR) by extension 'python'
[0.172s] Level 1:colcon.colcon_core.package_identification:_identify(/home/jeongil/ros_foxy_ws/velodyne_ws/src/LeGO-LOAM-SR) by extensions ['python_setup_py']
[0.172s] Level 1:colcon.colcon_core.package_identification:_identify(/home/jeongil/ros_foxy_ws/velodyne_ws/src/LeGO-LOAM-SR) by extension 'python_setup_py'
[0.172s] Level 1:colcon.colcon_core.package_identification:_identify(/home/jeongil/ros_foxy_ws/velodyne_ws/src/LeGO-LOAM-SR/LeGO-LOAM) by extensions ['ignore', 'ignore_ament_install']
[0.172s] Level 1:colcon.colcon_core.package_identification:_identify(/home/jeongil/ros_foxy_ws/velodyne_ws/src/LeGO-LOAM-SR/LeGO-LOAM) by extension 'ignore'
[0.172s] Level 1:colcon.colcon_core.package_identification:_identify(/home/jeongil/ros_foxy_ws/velodyne_ws/src/LeGO-LOAM-SR/LeGO-LOAM) by extension 'ignore_ament_install'
[0.172s] Level 1:colcon.colcon_core.package_identification:_identify(/home/jeongil/ros_foxy_ws/velodyne_ws/src/LeGO-LOAM-SR/LeGO-LOAM) by extensions ['colcon_pkg']
[0.172s] Level 1:colcon.colcon_core.package_identification:_identify(/home/jeongil/ros_foxy_ws/velodyne_ws/src/LeGO-LOAM-SR/LeGO-LOAM) by extension 'colcon_pkg'
[0.172s] Level 1:colcon.colcon_core.package_identification:_identify(/home/jeongil/ros_foxy_ws/velodyne_ws/src/LeGO-LOAM-SR/LeGO-LOAM) by extensions ['colcon_meta']
[0.172s] Level 1:colcon.colcon_core.package_identification:_identify(/home/jeongil/ros_foxy_ws/velodyne_ws/src/LeGO-LOAM-SR/LeGO-LOAM) by extension 'colcon_meta'
[0.172s] Level 1:colcon.colcon_core.package_identification:_identify(/home/jeongil/ros_foxy_ws/velodyne_ws/src/LeGO-LOAM-SR/LeGO-LOAM) by extensions ['ros']
[0.172s] Level 1:colcon.colcon_core.package_identification:_identify(/home/jeongil/ros_foxy_ws/velodyne_ws/src/LeGO-LOAM-SR/LeGO-LOAM) by extension 'ros'
[0.174s] DEBUG:colcon.colcon_core.package_identification:Package '/home/jeongil/ros_foxy_ws/velodyne_ws/src/LeGO-LOAM-SR/LeGO-LOAM' with type 'ros.ament_cmake' and name 'lego_loam_sr'
[0.174s] Level 1:colcon.colcon_core.package_identification:_identify(/home/jeongil/ros_foxy_ws/velodyne_ws/src/LeGO-LOAM-SR/cloud_msgs) by extensions ['ignore', 'ignore_ament_install']
[0.174s] Level 1:colcon.colcon_core.package_identification:_identify(/home/jeongil/ros_foxy_ws/velodyne_ws/src/LeGO-LOAM-SR/cloud_msgs) by extension 'ignore'
[0.174s] Level 1:colcon.colcon_core.package_identification:_identify(/home/jeongil/ros_foxy_ws/velodyne_ws/src/LeGO-LOAM-SR/cloud_msgs) by extension 'ignore_ament_install'
[0.174s] Level 1:colcon.colcon_core.package_identification:_identify(/home/jeongil/ros_foxy_ws/velodyne_ws/src/LeGO-LOAM-SR/cloud_msgs) by extensions ['colcon_pkg']
[0.174s] Level 1:colcon.colcon_core.package_identification:_identify(/home/jeongil/ros_foxy_ws/velodyne_ws/src/LeGO-LOAM-SR/cloud_msgs) by extension 'colcon_pkg'
[0.174s] Level 1:colcon.colcon_core.package_identification:_identify(/home/jeongil/ros_foxy_ws/velodyne_ws/src/LeGO-LOAM-SR/cloud_msgs) by extensions ['colcon_meta']
[0.174s] Level 1:colcon.colcon_core.package_identification:_identify(/home/jeongil/ros_foxy_ws/velodyne_ws/src/LeGO-LOAM-SR/cloud_msgs) by extension 'colcon_meta'
[0.174s] Level 1:colcon.colcon_core.package_identification:_identify(/home/jeongil/ros_foxy_ws/velodyne_ws/src/LeGO-LOAM-SR/cloud_msgs) by extensions ['ros']
[0.174s] Level 1:colcon.colcon_core.package_identification:_identify(/home/jeongil/ros_foxy_ws/velodyne_ws/src/LeGO-LOAM-SR/cloud_msgs) by extension 'ros'
[0.175s] DEBUG:colcon.colcon_core.package_identification:Package '/home/jeongil/ros_foxy_ws/velodyne_ws/src/LeGO-LOAM-SR/cloud_msgs' with type 'ros.ament_cmake' and name 'cloud_msgs'
[0.175s] Level 1:colcon.colcon_core.package_identification:_identify(/home/jeongil/ros_foxy_ws/velodyne_ws/src/velodyne-ros2) by extensions ['ignore', 'ignore_ament_install']
[0.175s] Level 1:colcon.colcon_core.package_identification:_identify(/home/jeongil/ros_foxy_ws/velodyne_ws/src/velodyne-ros2) by extension 'ignore'
[0.175s] Level 1:colcon.colcon_core.package_identification:_identify(/home/jeongil/ros_foxy_ws/velodyne_ws/src/velodyne-ros2) by extension 'ignore_ament_install'
[0.175s] Level 1:colcon.colcon_core.package_identification:_identify(/home/jeongil/ros_foxy_ws/velodyne_ws/src/velodyne-ros2) by extensions ['colcon_pkg']
[0.175s] Level 1:colcon.colcon_core.package_identification:_identify(/home/jeongil/ros_foxy_ws/velodyne_ws/src/velodyne-ros2) by extension 'colcon_pkg'
[0.175s] Level 1:colcon.colcon_core.package_identification:_identify(/home/jeongil/ros_foxy_ws/velodyne_ws/src/velodyne-ros2) by extensions ['colcon_meta']
[0.175s] Level 1:colcon.colcon_core.package_identification:_identify(/home/jeongil/ros_foxy_ws/velodyne_ws/src/velodyne-ros2) by extension 'colcon_meta'
[0.175s] Level 1:colcon.colcon_core.package_identification:_identify(/home/jeongil/ros_foxy_ws/velodyne_ws/src/velodyne-ros2) by extensions ['ros']
[0.175s] Level 1:colcon.colcon_core.package_identification:_identify(/home/jeongil/ros_foxy_ws/velodyne_ws/src/velodyne-ros2) by extension 'ros'
[0.175s] Level 1:colcon.colcon_core.package_identification:_identify(/home/jeongil/ros_foxy_ws/velodyne_ws/src/velodyne-ros2) by extensions ['cmake', 'python']
[0.175s] Level 1:colcon.colcon_core.package_identification:_identify(/home/jeongil/ros_foxy_ws/velodyne_ws/src/velodyne-ros2) by extension 'cmake'
[0.175s] Level 1:colcon.colcon_core.package_identification:_identify(/home/jeongil/ros_foxy_ws/velodyne_ws/src/velodyne-ros2) by extension 'python'
[0.175s] Level 1:colcon.colcon_core.package_identification:_identify(/home/jeongil/ros_foxy_ws/velodyne_ws/src/velodyne-ros2) by extensions ['python_setup_py']
[0.175s] Level 1:colcon.colcon_core.package_identification:_identify(/home/jeongil/ros_foxy_ws/velodyne_ws/src/velodyne-ros2) by extension 'python_setup_py'
[0.175s] Level 1:colcon.colcon_core.package_identification:_identify(/home/jeongil/ros_foxy_ws/velodyne_ws/src/velodyne-ros2/velodyne) by extensions ['ignore', 'ignore_ament_install']
[0.175s] Level 1:colcon.colcon_core.package_identification:_identify(/home/jeongil/ros_foxy_ws/velodyne_ws/src/velodyne-ros2/velodyne) by extension 'ignore'
[0.175s] Level 1:colcon.colcon_core.package_identification:_identify(/home/jeongil/ros_foxy_ws/velodyne_ws/src/velodyne-ros2/velodyne) by extension 'ignore_ament_install'
[0.175s] Level 1:colcon.colcon_core.package_identification:_identify(/home/jeongil/ros_foxy_ws/velodyne_ws/src/velodyne-ros2/velodyne) by extensions ['colcon_pkg']
[0.175s] Level 1:colcon.colcon_core.package_identification:_identify(/home/jeongil/ros_foxy_ws/velodyne_ws/src/velodyne-ros2/velodyne) by extension 'colcon_pkg'
[0.175s] Level 1:colcon.colcon_core.package_identification:_identify(/home/jeongil/ros_foxy_ws/velodyne_ws/src/velodyne-ros2/velodyne) by extensions ['colcon_meta']
[0.175s] Level 1:colcon.colcon_core.package_identification:_identify(/home/jeongil/ros_foxy_ws/velodyne_ws/src/velodyne-ros2/velodyne) by extension 'colcon_meta'
[0.175s] Level 1:colcon.colcon_core.package_identification:_identify(/home/jeongil/ros_foxy_ws/velodyne_ws/src/velodyne-ros2/velodyne) by extensions ['ros']
[0.175s] Level 1:colcon.colcon_core.package_identification:_identify(/home/jeongil/ros_foxy_ws/velodyne_ws/src/velodyne-ros2/velodyne) by extension 'ros'
[0.176s] DEBUG:colcon.colcon_core.package_identification:Package '/home/jeongil/ros_foxy_ws/velodyne_ws/src/velodyne-ros2/velodyne' with type 'ros.ament_cmake' and name 'velodyne'
[0.176s] Level 1:colcon.colcon_core.package_identification:_identify(/home/jeongil/ros_foxy_ws/velodyne_ws/src/velodyne-ros2/velodyne_driver) by extensions ['ignore', 'ignore_ament_install']
[0.176s] Level 1:colcon.colcon_core.package_identification:_identify(/home/jeongil/ros_foxy_ws/velodyne_ws/src/velodyne-ros2/velodyne_driver) by extension 'ignore'
[0.176s] Level 1:colcon.colcon_core.package_identification:_identify(/home/jeongil/ros_foxy_ws/velodyne_ws/src/velodyne-ros2/velodyne_driver) by extension 'ignore_ament_install'
[0.176s] Level 1:colcon.colcon_core.package_identification:_identify(/home/jeongil/ros_foxy_ws/velodyne_ws/src/velodyne-ros2/velodyne_driver) by extensions ['colcon_pkg']
[0.176s] Level 1:colcon.colcon_core.package_identification:_identify(/home/jeongil/ros_foxy_ws/velodyne_ws/src/velodyne-ros2/velodyne_driver) by extension 'colcon_pkg'
[0.176s] Level 1:colcon.colcon_core.package_identification:_identify(/home/jeongil/ros_foxy_ws/velodyne_ws/src/velodyne-ros2/velodyne_driver) by extensions ['colcon_meta']
[0.176s] Level 1:colcon.colcon_core.package_identification:_identify(/home/jeongil/ros_foxy_ws/velodyne_ws/src/velodyne-ros2/velodyne_driver) by extension 'colcon_meta'
[0.176s] Level 1:colcon.colcon_core.package_identification:_identify(/home/jeongil/ros_foxy_ws/velodyne_ws/src/velodyne-ros2/velodyne_driver) by extensions ['ros']
[0.176s] Level 1:colcon.colcon_core.package_identification:_identify(/home/jeongil/ros_foxy_ws/velodyne_ws/src/velodyne-ros2/velodyne_driver) by extension 'ros'
[0.176s] DEBUG:colcon.colcon_core.package_identification:Package '/home/jeongil/ros_foxy_ws/velodyne_ws/src/velodyne-ros2/velodyne_driver' with type 'ros.ament_cmake' and name 'velodyne_driver'
[0.176s] Level 1:colcon.colcon_core.package_identification:_identify(/home/jeongil/ros_foxy_ws/velodyne_ws/src/velodyne-ros2/velodyne_laserscan) by extensions ['ignore', 'ignore_ament_install']
[0.176s] Level 1:colcon.colcon_core.package_identification:_identify(/home/jeongil/ros_foxy_ws/velodyne_ws/src/velodyne-ros2/velodyne_laserscan) by extension 'ignore'
[0.177s] Level 1:colcon.colcon_core.package_identification:_identify(/home/jeongil/ros_foxy_ws/velodyne_ws/src/velodyne-ros2/velodyne_laserscan) by extension 'ignore_ament_install'
[0.177s] Level 1:colcon.colcon_core.package_identification:_identify(/home/jeongil/ros_foxy_ws/velodyne_ws/src/velodyne-ros2/velodyne_laserscan) by extensions ['colcon_pkg']
[0.177s] Level 1:colcon.colcon_core.package_identification:_identify(/home/jeongil/ros_foxy_ws/velodyne_ws/src/velodyne-ros2/velodyne_laserscan) by extension 'colcon_pkg'
[0.177s] Level 1:colcon.colcon_core.package_identification:_identify(/home/jeongil/ros_foxy_ws/velodyne_ws/src/velodyne-ros2/velodyne_laserscan) by extensions ['colcon_meta']
[0.177s] Level 1:colcon.colcon_core.package_identification:_identify(/home/jeongil/ros_foxy_ws/velodyne_ws/src/velodyne-ros2/velodyne_laserscan) by extension 'colcon_meta'
[0.177s] Level 1:colcon.colcon_core.package_identification:_identify(/home/jeongil/ros_foxy_ws/velodyne_ws/src/velodyne-ros2/velodyne_laserscan) by extensions ['ros']
[0.177s] Level 1:colcon.colcon_core.package_identification:_identify(/home/jeongil/ros_foxy_ws/velodyne_ws/src/velodyne-ros2/velodyne_laserscan) by extension 'ros'
[0.177s] DEBUG:colcon.colcon_core.package_identification:Package '/home/jeongil/ros_foxy_ws/velodyne_ws/src/velodyne-ros2/velodyne_laserscan' with type 'ros.ament_cmake' and name 'velodyne_laserscan'
[0.177s] Level 1:colcon.colcon_core.package_identification:_identify(/home/jeongil/ros_foxy_ws/velodyne_ws/src/velodyne-ros2/velodyne_msgs) by extensions ['ignore', 'ignore_ament_install']
[0.177s] Level 1:colcon.colcon_core.package_identification:_identify(/home/jeongil/ros_foxy_ws/velodyne_ws/src/velodyne-ros2/velodyne_msgs) by extension 'ignore'
[0.177s] Level 1:colcon.colcon_core.package_identification:_identify(/home/jeongil/ros_foxy_ws/velodyne_ws/src/velodyne-ros2/velodyne_msgs) by extension 'ignore_ament_install'
[0.177s] Level 1:colcon.colcon_core.package_identification:_identify(/home/jeongil/ros_foxy_ws/velodyne_ws/src/velodyne-ros2/velodyne_msgs) by extensions ['colcon_pkg']
[0.177s] Level 1:colcon.colcon_core.package_identification:_identify(/home/jeongil/ros_foxy_ws/velodyne_ws/src/velodyne-ros2/velodyne_msgs) by extension 'colcon_pkg'
[0.177s] Level 1:colcon.colcon_core.package_identification:_identify(/home/jeongil/ros_foxy_ws/velodyne_ws/src/velodyne-ros2/velodyne_msgs) by extensions ['colcon_meta']
[0.177s] Level 1:colcon.colcon_core.package_identification:_identify(/home/jeongil/ros_foxy_ws/velodyne_ws/src/velodyne-ros2/velodyne_msgs) by extension 'colcon_meta'
[0.177s] Level 1:colcon.colcon_core.package_identification:_identify(/home/jeongil/ros_foxy_ws/velodyne_ws/src/velodyne-ros2/velodyne_msgs) by extensions ['ros']
[0.177s] Level 1:colcon.colcon_core.package_identification:_identify(/home/jeongil/ros_foxy_ws/velodyne_ws/src/velodyne-ros2/velodyne_msgs) by extension 'ros'
[0.178s] DEBUG:colcon.colcon_core.package_identification:Package '/home/jeongil/ros_foxy_ws/velodyne_ws/src/velodyne-ros2/velodyne_msgs' with type 'ros.ament_cmake' and name 'velodyne_msgs'
[0.178s] Level 1:colcon.colcon_core.package_identification:_identify(/home/jeongil/ros_foxy_ws/velodyne_ws/src/velodyne-ros2/velodyne_pointcloud) by extensions ['ignore', 'ignore_ament_install']
[0.178s] Level 1:colcon.colcon_core.package_identification:_identify(/home/jeongil/ros_foxy_ws/velodyne_ws/src/velodyne-ros2/velodyne_pointcloud) by extension 'ignore'
[0.179s] Level 1:colcon.colcon_core.package_identification:_identify(/home/jeongil/ros_foxy_ws/velodyne_ws/src/velodyne-ros2/velodyne_pointcloud) by extension 'ignore_ament_install'
[0.179s] Level 1:colcon.colcon_core.package_identification:_identify(/home/jeongil/ros_foxy_ws/velodyne_ws/src/velodyne-ros2/velodyne_pointcloud) by extensions ['colcon_pkg']
[0.179s] Level 1:colcon.colcon_core.package_identification:_identify(/home/jeongil/ros_foxy_ws/velodyne_ws/src/velodyne-ros2/velodyne_pointcloud) by extension 'colcon_pkg'
[0.179s] Level 1:colcon.colcon_core.package_identification:_identify(/home/jeongil/ros_foxy_ws/velodyne_ws/src/velodyne-ros2/velodyne_pointcloud) by extensions ['colcon_meta']
[0.179s] Level 1:colcon.colcon_core.package_identification:_identify(/home/jeongil/ros_foxy_ws/velodyne_ws/src/velodyne-ros2/velodyne_pointcloud) by extension 'colcon_meta'
[0.179s] Level 1:colcon.colcon_core.package_identification:_identify(/home/jeongil/ros_foxy_ws/velodyne_ws/src/velodyne-ros2/velodyne_pointcloud) by extensions ['ros']
[0.179s] Level 1:colcon.colcon_core.package_identification:_identify(/home/jeongil/ros_foxy_ws/velodyne_ws/src/velodyne-ros2/velodyne_pointcloud) by extension 'ros'
[0.179s] DEBUG:colcon.colcon_core.package_identification:Package '/home/jeongil/ros_foxy_ws/velodyne_ws/src/velodyne-ros2/velodyne_pointcloud' with type 'ros.ament_cmake' and name 'velodyne_pointcloud'
[0.179s] Level 1:colcon.colcon_core.package_discovery:discover_packages(recursive) using defaults
