[0.007s] Invoking command in '/home/jeongil/ros_foxy_ws/velodyne_ws/build/velodyne_driver': AMENT_PREFIX_PATH=/home/jeongil/ros_foxy_ws/velodyne_ws/install/velodyne_msgs:${AMENT_PREFIX_PATH} CMAKE_PREFIX_PATH=/home/jeongil/ros_foxy_ws/velodyne_ws/install/velodyne_msgs:/opt/ros/foxy LD_LIBRARY_PATH=/home/jeongil/ros_foxy_ws/velodyne_ws/install/velodyne_msgs/lib:${LD_LIBRARY_PATH} PYTHONPATH=/home/jeongil/ros_foxy_ws/velodyne_ws/install/velodyne_msgs/lib/python3.8/site-packages:${PYTHONPATH} /usr/bin/cmake /home/jeongil/ros_foxy_ws/velodyne_ws/src/velodyne-ros2/velodyne_driver -DAMENT_CMAKE_SYMLINK_INSTALL=1 -DCMAKE_INSTALL_PREFIX=/home/jeongil/ros_foxy_ws/velodyne_ws/install/velodyne_driver
[0.014s] -- Found ament_cmake_ros: 0.9.2 (/opt/ros/foxy/share/ament_cmake_ros/cmake)
[0.028s] -- Using PYTHON_EXECUTABLE: /usr/bin/python3
[0.107s] -- Override CMake install command with custom implementation using symlinks instead of copying resources
[0.111s] -- Found diagnostic_msgs: 2.0.5 (/opt/ros/foxy/share/diagnostic_msgs/cmake)
[0.123s] -- Using all available rosidl_typesupport_c: rosidl_typesupport_fastrtps_c;rosidl_typesupport_introspection_c
[0.124s] -- Found rosidl_adapter: 1.3.0 (/opt/ros/foxy/share/rosidl_adapter/cmake)
[0.184s] -- Using all available rosidl_typesupport_cpp: rosidl_typesupport_fastrtps_cpp;rosidl_typesupport_introspection_cpp
[0.229s] CMake Error at CMakeLists.txt:15 (find_package):
[0.229s]   By not providing "Finddiagnostic_updater.cmake" in CMAKE_MODULE_PATH this
[0.229s]   project has asked CMake to find a package configuration file provided by
[0.229s]   "diagnostic_updater", but CMake did not find one.
[0.229s] 
[0.229s]   Could not find a package configuration file provided by
[0.229s]   "diagnostic_updater" with any of the following names:
[0.229s] 
[0.229s]     diagnostic_updaterConfig.cmake
[0.229s]     diagnostic_updater-config.cmake
[0.229s] 
[0.229s]   Add the installation prefix of "diagnostic_updater" to CMAKE_PREFIX_PATH or
[0.229s]   set "diagnostic_updater_DIR" to a directory containing one of the above
[0.229s]   files.  If "diagnostic_updater" provides a separate development package or
[0.230s]   SDK, be sure it has been installed.
[0.230s] 
[0.230s] 
[0.230s] -- Configuring incomplete, errors occurred!
[0.230s] See also "/home/jeongil/ros_foxy_ws/velodyne_ws/build/velodyne_driver/CMakeFiles/CMakeOutput.log".
