[0.008s] Invoking command in '/home/jeongil/ros_foxy_ws/velodyne_ws/build/velodyne_laserscan': CMAKE_PREFIX_PATH=/opt/ros/foxy /usr/bin/cmake --build /home/jeongil/ros_foxy_ws/velodyne_ws/build/velodyne_laserscan -- -j20 -l20
[0.038s] [ 50%] Built target velodyne_laserscan
[0.053s] [100%] Built target velodyne_laserscan_node
[0.057s] Invoked command in '/home/jeongil/ros_foxy_ws/velodyne_ws/build/velodyne_laserscan' returned '0': CMAKE_PREFIX_PATH=/opt/ros/foxy /usr/bin/cmake --build /home/jeongil/ros_foxy_ws/velodyne_ws/build/velodyne_laserscan -- -j20 -l20
[0.074s] Invoking command in '/home/jeongil/ros_foxy_ws/velodyne_ws/build/velodyne_laserscan': CMAKE_PREFIX_PATH=/opt/ros/foxy /usr/bin/cmake --install /home/jeongil/ros_foxy_ws/velodyne_ws/build/velodyne_laserscan
[0.078s] -- Install configuration: ""
[0.078s] -- Installing: /home/jeongil/ros_foxy_ws/velodyne_ws/install/velodyne_laserscan/lib/libvelodyne_laserscan.so
[0.080s] -- Set runtime path of "/home/jeongil/ros_foxy_ws/velodyne_ws/install/velodyne_laserscan/lib/libvelodyne_laserscan.so" to ""
[0.080s] -- Installing: /home/jeongil/ros_foxy_ws/velodyne_ws/install/velodyne_laserscan/lib/velodyne_laserscan/velodyne_laserscan_node
[0.080s] -- Set runtime path of "/home/jeongil/ros_foxy_ws/velodyne_ws/install/velodyne_laserscan/lib/velodyne_laserscan/velodyne_laserscan_node" to ""
[0.080s] -- Installing: /home/jeongil/ros_foxy_ws/velodyne_ws/install/velodyne_laserscan/include/velodyne_laserscan
[0.080s] -- Installing: /home/jeongil/ros_foxy_ws/velodyne_ws/install/velodyne_laserscan/include/velodyne_laserscan/velodyne_laserscan.hpp
[0.081s] -- Installing: /home/jeongil/ros_foxy_ws/velodyne_ws/install/velodyne_laserscan/share/velodyne_laserscan/config
[0.081s] -- Installing: /home/jeongil/ros_foxy_ws/velodyne_ws/install/velodyne_laserscan/share/velodyne_laserscan/config/default-velodyne_laserscan_node-params.yaml
[0.081s] -- Installing: /home/jeongil/ros_foxy_ws/velodyne_ws/install/velodyne_laserscan/share/velodyne_laserscan/launch
[0.081s] -- Installing: /home/jeongil/ros_foxy_ws/velodyne_ws/install/velodyne_laserscan/share/velodyne_laserscan/launch/velodyne_laserscan_node-launch.py
[0.081s] -- Installing: /home/jeongil/ros_foxy_ws/velodyne_ws/install/velodyne_laserscan/share/velodyne_laserscan/launch/velodyne_laserscan_node-composed-launch.py
[0.081s] -- Installing: /home/jeongil/ros_foxy_ws/velodyne_ws/install/velodyne_laserscan/share/ament_index/resource_index/package_run_dependencies/velodyne_laserscan
[0.081s] -- Installing: /home/jeongil/ros_foxy_ws/velodyne_ws/install/velodyne_laserscan/share/ament_index/resource_index/parent_prefix_path/velodyne_laserscan
[0.081s] -- Installing: /home/jeongil/ros_foxy_ws/velodyne_ws/install/velodyne_laserscan/share/velodyne_laserscan/environment/ament_prefix_path.sh
[0.081s] -- Installing: /home/jeongil/ros_foxy_ws/velodyne_ws/install/velodyne_laserscan/share/velodyne_laserscan/environment/ament_prefix_path.dsv
[0.081s] -- Installing: /home/jeongil/ros_foxy_ws/velodyne_ws/install/velodyne_laserscan/share/velodyne_laserscan/environment/path.sh
[0.081s] -- Installing: /home/jeongil/ros_foxy_ws/velodyne_ws/install/velodyne_laserscan/share/velodyne_laserscan/environment/path.dsv
[0.081s] -- Installing: /home/jeongil/ros_foxy_ws/velodyne_ws/install/velodyne_laserscan/share/velodyne_laserscan/local_setup.bash
[0.081s] -- Installing: /home/jeongil/ros_foxy_ws/velodyne_ws/install/velodyne_laserscan/share/velodyne_laserscan/local_setup.sh
[0.081s] -- Installing: /home/jeongil/ros_foxy_ws/velodyne_ws/install/velodyne_laserscan/share/velodyne_laserscan/local_setup.zsh
[0.081s] -- Installing: /home/jeongil/ros_foxy_ws/velodyne_ws/install/velodyne_laserscan/share/velodyne_laserscan/local_setup.dsv
[0.081s] -- Installing: /home/jeongil/ros_foxy_ws/velodyne_ws/install/velodyne_laserscan/share/velodyne_laserscan/package.dsv
[0.081s] -- Installing: /home/jeongil/ros_foxy_ws/velodyne_ws/install/velodyne_laserscan/share/ament_index/resource_index/packages/velodyne_laserscan
[0.081s] -- Installing: /home/jeongil/ros_foxy_ws/velodyne_ws/install/velodyne_laserscan/share/ament_index/resource_index/rclcpp_components/velodyne_laserscan
[0.082s] -- Installing: /home/jeongil/ros_foxy_ws/velodyne_ws/install/velodyne_laserscan/share/velodyne_laserscan/cmake/velodyne_laserscanConfig.cmake
[0.082s] -- Installing: /home/jeongil/ros_foxy_ws/velodyne_ws/install/velodyne_laserscan/share/velodyne_laserscan/cmake/velodyne_laserscanConfig-version.cmake
[0.082s] -- Installing: /home/jeongil/ros_foxy_ws/velodyne_ws/install/velodyne_laserscan/share/velodyne_laserscan/package.xml
[0.083s] Invoked command in '/home/jeongil/ros_foxy_ws/velodyne_ws/build/velodyne_laserscan' returned '0': CMAKE_PREFIX_PATH=/opt/ros/foxy /usr/bin/cmake --install /home/jeongil/ros_foxy_ws/velodyne_ws/build/velodyne_laserscan
