[0.009s] Invoking command in '/home/d/velo_ws/build/velodyne': AMENT_PREFIX_PATH=/home/d/velo_ws/install/velodyne_pointcloud:/home/d/velo_ws/install/velodyne_driver:/home/d/velo_ws/install/velodyne_msgs:/home/d/velo_ws/install/velodyne_laserscan:${AMENT_PREFIX_PATH} CMAKE_PREFIX_PATH=/home/d/velo_ws/install/velodyne_pointcloud:/home/d/velo_ws/install/velodyne_driver:/home/d/velo_ws/install/velodyne_msgs:/home/d/velo_ws/install/velodyne_laserscan:/home/d/jack_ws/install/jackal_navigation:/home/d/jack_ws/install/jackal_desktop:/home/d/jack_ws/install/jackal_viz:/home/d/jack_ws/install/jackal_simulator:/home/d/jack_ws/install/jackal_msgs:/home/d/jack_ws/install/jackal_gazebo:/home/d/jack_ws/install/jackal_control:/home/d/jack_ws/install/jackal_description:/home/d/gcamp_ros2_ws/install/turtlesim:/home/d/gcamp_ros2_ws/install/py_topic_pkg:/home/d/gcamp_ros2_ws/install/py_service_pkg:/home/d/gcamp_ros2_ws/install/py_first_pkg:/home/d/gcamp_ros2_ws/install/py_action_pkg:/home/d/gcamp_ros2_ws/install/gcamp_gazebo:/home/d/gcamp_ros2_ws/install/cpp_service_pkg:/home/d/gcamp_ros2_ws/install/cpp_action_pkg:/home/d/gcamp_ros2_ws/install/custom_interfaces:/home/d/gcamp_ros2_ws/install/cpp_topic_pkg:/home/d/gcamp_ros2_ws/install/cpp_service_tutorial:/home/d/gcamp_ros2_ws/install/cpp_param_pkg:/home/d/gcamp_ros2_ws/install/cpp_first_pkg:/opt/ros/foxy LD_LIBRARY_PATH=/home/d/velo_ws/install/velodyne_pointcloud/lib:/home/d/velo_ws/install/velodyne_driver/lib:/home/d/velo_ws/install/velodyne_msgs/lib:/home/d/velo_ws/install/velodyne_laserscan/lib:${LD_LIBRARY_PATH} PYTHONPATH=/home/d/velo_ws/install/velodyne_msgs/lib/python3.8/site-packages:${PYTHONPATH} /usr/bin/cmake /home/d/velo_ws/src/velodyne-ros2/velodyne -DCMAKE_INSTALL_PREFIX=/home/d/velo_ws/install/velodyne
[0.039s] -- The C compiler identification is GNU 9.4.0
[0.069s] -- The CXX compiler identification is GNU 9.4.0
[0.072s] -- Check for working C compiler: /usr/bin/cc
[0.109s] -- Check for working C compiler: /usr/bin/cc -- works
[0.110s] -- Detecting C compiler ABI info
[0.147s] -- Detecting C compiler ABI info - done
[0.153s] -- Detecting C compile features
[0.153s] -- Detecting C compile features - done
[0.155s] -- Check for working CXX compiler: /usr/bin/c++
[0.197s] -- Check for working CXX compiler: /usr/bin/c++ -- works
[0.198s] -- Detecting CXX compiler ABI info
[0.241s] -- Detecting CXX compiler ABI info - done
[0.247s] -- Detecting CXX compile features
[0.248s] -- Detecting CXX compile features - done
[0.249s] -- Found ament_cmake: 0.9.11 (/opt/ros/foxy/share/ament_cmake/cmake)
[0.268s] -- Found PythonInterp: /usr/bin/python3 (found suitable version "3.8.10", minimum required is "3") 
[0.268s] -- Using PYTHON_EXECUTABLE: /usr/bin/python3
[0.414s] -- Configuring done
[0.415s] -- Generating done
[0.416s] -- Build files have been written to: /home/d/velo_ws/build/velodyne
[0.419s] Invoked command in '/home/d/velo_ws/build/velodyne' returned '0': AMENT_PREFIX_PATH=/home/d/velo_ws/install/velodyne_pointcloud:/home/d/velo_ws/install/velodyne_driver:/home/d/velo_ws/install/velodyne_msgs:/home/d/velo_ws/install/velodyne_laserscan:${AMENT_PREFIX_PATH} CMAKE_PREFIX_PATH=/home/d/velo_ws/install/velodyne_pointcloud:/home/d/velo_ws/install/velodyne_driver:/home/d/velo_ws/install/velodyne_msgs:/home/d/velo_ws/install/velodyne_laserscan:/home/d/jack_ws/install/jackal_navigation:/home/d/jack_ws/install/jackal_desktop:/home/d/jack_ws/install/jackal_viz:/home/d/jack_ws/install/jackal_simulator:/home/d/jack_ws/install/jackal_msgs:/home/d/jack_ws/install/jackal_gazebo:/home/d/jack_ws/install/jackal_control:/home/d/jack_ws/install/jackal_description:/home/d/gcamp_ros2_ws/install/turtlesim:/home/d/gcamp_ros2_ws/install/py_topic_pkg:/home/d/gcamp_ros2_ws/install/py_service_pkg:/home/d/gcamp_ros2_ws/install/py_first_pkg:/home/d/gcamp_ros2_ws/install/py_action_pkg:/home/d/gcamp_ros2_ws/install/gcamp_gazebo:/home/d/gcamp_ros2_ws/install/cpp_service_pkg:/home/d/gcamp_ros2_ws/install/cpp_action_pkg:/home/d/gcamp_ros2_ws/install/custom_interfaces:/home/d/gcamp_ros2_ws/install/cpp_topic_pkg:/home/d/gcamp_ros2_ws/install/cpp_service_tutorial:/home/d/gcamp_ros2_ws/install/cpp_param_pkg:/home/d/gcamp_ros2_ws/install/cpp_first_pkg:/opt/ros/foxy LD_LIBRARY_PATH=/home/d/velo_ws/install/velodyne_pointcloud/lib:/home/d/velo_ws/install/velodyne_driver/lib:/home/d/velo_ws/install/velodyne_msgs/lib:/home/d/velo_ws/install/velodyne_laserscan/lib:${LD_LIBRARY_PATH} PYTHONPATH=/home/d/velo_ws/install/velodyne_msgs/lib/python3.8/site-packages:${PYTHONPATH} /usr/bin/cmake /home/d/velo_ws/src/velodyne-ros2/velodyne -DCMAKE_INSTALL_PREFIX=/home/d/velo_ws/install/velodyne
[0.420s] Invoking command in '/home/d/velo_ws/build/velodyne': AMENT_PREFIX_PATH=/home/d/velo_ws/install/velodyne_pointcloud:/home/d/velo_ws/install/velodyne_driver:/home/d/velo_ws/install/velodyne_msgs:/home/d/velo_ws/install/velodyne_laserscan:${AMENT_PREFIX_PATH} CMAKE_PREFIX_PATH=/home/d/velo_ws/install/velodyne_pointcloud:/home/d/velo_ws/install/velodyne_driver:/home/d/velo_ws/install/velodyne_msgs:/home/d/velo_ws/install/velodyne_laserscan:/home/d/jack_ws/install/jackal_navigation:/home/d/jack_ws/install/jackal_desktop:/home/d/jack_ws/install/jackal_viz:/home/d/jack_ws/install/jackal_simulator:/home/d/jack_ws/install/jackal_msgs:/home/d/jack_ws/install/jackal_gazebo:/home/d/jack_ws/install/jackal_control:/home/d/jack_ws/install/jackal_description:/home/d/gcamp_ros2_ws/install/turtlesim:/home/d/gcamp_ros2_ws/install/py_topic_pkg:/home/d/gcamp_ros2_ws/install/py_service_pkg:/home/d/gcamp_ros2_ws/install/py_first_pkg:/home/d/gcamp_ros2_ws/install/py_action_pkg:/home/d/gcamp_ros2_ws/install/gcamp_gazebo:/home/d/gcamp_ros2_ws/install/cpp_service_pkg:/home/d/gcamp_ros2_ws/install/cpp_action_pkg:/home/d/gcamp_ros2_ws/install/custom_interfaces:/home/d/gcamp_ros2_ws/install/cpp_topic_pkg:/home/d/gcamp_ros2_ws/install/cpp_service_tutorial:/home/d/gcamp_ros2_ws/install/cpp_param_pkg:/home/d/gcamp_ros2_ws/install/cpp_first_pkg:/opt/ros/foxy LD_LIBRARY_PATH=/home/d/velo_ws/install/velodyne_pointcloud/lib:/home/d/velo_ws/install/velodyne_driver/lib:/home/d/velo_ws/install/velodyne_msgs/lib:/home/d/velo_ws/install/velodyne_laserscan/lib:${LD_LIBRARY_PATH} PYTHONPATH=/home/d/velo_ws/install/velodyne_msgs/lib/python3.8/site-packages:${PYTHONPATH} /usr/bin/cmake --build /home/d/velo_ws/build/velodyne -- -j20 -l20
[0.441s] Invoked command in '/home/d/velo_ws/build/velodyne' returned '0': AMENT_PREFIX_PATH=/home/d/velo_ws/install/velodyne_pointcloud:/home/d/velo_ws/install/velodyne_driver:/home/d/velo_ws/install/velodyne_msgs:/home/d/velo_ws/install/velodyne_laserscan:${AMENT_PREFIX_PATH} CMAKE_PREFIX_PATH=/home/d/velo_ws/install/velodyne_pointcloud:/home/d/velo_ws/install/velodyne_driver:/home/d/velo_ws/install/velodyne_msgs:/home/d/velo_ws/install/velodyne_laserscan:/home/d/jack_ws/install/jackal_navigation:/home/d/jack_ws/install/jackal_desktop:/home/d/jack_ws/install/jackal_viz:/home/d/jack_ws/install/jackal_simulator:/home/d/jack_ws/install/jackal_msgs:/home/d/jack_ws/install/jackal_gazebo:/home/d/jack_ws/install/jackal_control:/home/d/jack_ws/install/jackal_description:/home/d/gcamp_ros2_ws/install/turtlesim:/home/d/gcamp_ros2_ws/install/py_topic_pkg:/home/d/gcamp_ros2_ws/install/py_service_pkg:/home/d/gcamp_ros2_ws/install/py_first_pkg:/home/d/gcamp_ros2_ws/install/py_action_pkg:/home/d/gcamp_ros2_ws/install/gcamp_gazebo:/home/d/gcamp_ros2_ws/install/cpp_service_pkg:/home/d/gcamp_ros2_ws/install/cpp_action_pkg:/home/d/gcamp_ros2_ws/install/custom_interfaces:/home/d/gcamp_ros2_ws/install/cpp_topic_pkg:/home/d/gcamp_ros2_ws/install/cpp_service_tutorial:/home/d/gcamp_ros2_ws/install/cpp_param_pkg:/home/d/gcamp_ros2_ws/install/cpp_first_pkg:/opt/ros/foxy LD_LIBRARY_PATH=/home/d/velo_ws/install/velodyne_pointcloud/lib:/home/d/velo_ws/install/velodyne_driver/lib:/home/d/velo_ws/install/velodyne_msgs/lib:/home/d/velo_ws/install/velodyne_laserscan/lib:${LD_LIBRARY_PATH} PYTHONPATH=/home/d/velo_ws/install/velodyne_msgs/lib/python3.8/site-packages:${PYTHONPATH} /usr/bin/cmake --build /home/d/velo_ws/build/velodyne -- -j20 -l20
[0.452s] Invoking command in '/home/d/velo_ws/build/velodyne': AMENT_PREFIX_PATH=/home/d/velo_ws/install/velodyne_pointcloud:/home/d/velo_ws/install/velodyne_driver:/home/d/velo_ws/install/velodyne_msgs:/home/d/velo_ws/install/velodyne_laserscan:${AMENT_PREFIX_PATH} CMAKE_PREFIX_PATH=/home/d/velo_ws/install/velodyne_pointcloud:/home/d/velo_ws/install/velodyne_driver:/home/d/velo_ws/install/velodyne_msgs:/home/d/velo_ws/install/velodyne_laserscan:/home/d/jack_ws/install/jackal_navigation:/home/d/jack_ws/install/jackal_desktop:/home/d/jack_ws/install/jackal_viz:/home/d/jack_ws/install/jackal_simulator:/home/d/jack_ws/install/jackal_msgs:/home/d/jack_ws/install/jackal_gazebo:/home/d/jack_ws/install/jackal_control:/home/d/jack_ws/install/jackal_description:/home/d/gcamp_ros2_ws/install/turtlesim:/home/d/gcamp_ros2_ws/install/py_topic_pkg:/home/d/gcamp_ros2_ws/install/py_service_pkg:/home/d/gcamp_ros2_ws/install/py_first_pkg:/home/d/gcamp_ros2_ws/install/py_action_pkg:/home/d/gcamp_ros2_ws/install/gcamp_gazebo:/home/d/gcamp_ros2_ws/install/cpp_service_pkg:/home/d/gcamp_ros2_ws/install/cpp_action_pkg:/home/d/gcamp_ros2_ws/install/custom_interfaces:/home/d/gcamp_ros2_ws/install/cpp_topic_pkg:/home/d/gcamp_ros2_ws/install/cpp_service_tutorial:/home/d/gcamp_ros2_ws/install/cpp_param_pkg:/home/d/gcamp_ros2_ws/install/cpp_first_pkg:/opt/ros/foxy LD_LIBRARY_PATH=/home/d/velo_ws/install/velodyne_pointcloud/lib:/home/d/velo_ws/install/velodyne_driver/lib:/home/d/velo_ws/install/velodyne_msgs/lib:/home/d/velo_ws/install/velodyne_laserscan/lib:${LD_LIBRARY_PATH} PYTHONPATH=/home/d/velo_ws/install/velodyne_msgs/lib/python3.8/site-packages:${PYTHONPATH} /usr/bin/cmake --install /home/d/velo_ws/build/velodyne
[0.457s] -- Install configuration: ""
[0.457s] -- Installing: /home/d/velo_ws/install/velodyne/share/velodyne/launch
[0.457s] -- Installing: /home/d/velo_ws/install/velodyne/share/velodyne/launch/velodyne-all-nodes-VLP32C-launch.py
[0.457s] -- Installing: /home/d/velo_ws/install/velodyne/share/velodyne/launch/velodyne-all-nodes-VLP16-composed-launch.py
[0.457s] -- Installing: /home/d/velo_ws/install/velodyne/share/velodyne/launch/velodyne-all-nodes-VLP16-launch.py
[0.457s] -- Installing: /home/d/velo_ws/install/velodyne/share/velodyne/launch/velodyne-all-nodes-VLP32C-composed-launch.py
[0.457s] -- Installing: /home/d/velo_ws/install/velodyne/share/ament_index/resource_index/package_run_dependencies/velodyne
[0.457s] -- Installing: /home/d/velo_ws/install/velodyne/share/ament_index/resource_index/parent_prefix_path/velodyne
[0.457s] -- Installing: /home/d/velo_ws/install/velodyne/share/velodyne/environment/ament_prefix_path.sh
[0.457s] -- Installing: /home/d/velo_ws/install/velodyne/share/velodyne/environment/ament_prefix_path.dsv
[0.457s] -- Installing: /home/d/velo_ws/install/velodyne/share/velodyne/environment/path.sh
[0.457s] -- Installing: /home/d/velo_ws/install/velodyne/share/velodyne/environment/path.dsv
[0.457s] -- Installing: /home/d/velo_ws/install/velodyne/share/velodyne/local_setup.bash
[0.457s] -- Installing: /home/d/velo_ws/install/velodyne/share/velodyne/local_setup.sh
[0.457s] -- Installing: /home/d/velo_ws/install/velodyne/share/velodyne/local_setup.zsh
[0.457s] -- Installing: /home/d/velo_ws/install/velodyne/share/velodyne/local_setup.dsv
[0.457s] -- Installing: /home/d/velo_ws/install/velodyne/share/velodyne/package.dsv
[0.458s] -- Installing: /home/d/velo_ws/install/velodyne/share/ament_index/resource_index/packages/velodyne
[0.458s] -- Installing: /home/d/velo_ws/install/velodyne/share/velodyne/cmake/velodyneConfig.cmake
[0.458s] -- Installing: /home/d/velo_ws/install/velodyne/share/velodyne/cmake/velodyneConfig-version.cmake
[0.458s] -- Installing: /home/d/velo_ws/install/velodyne/share/velodyne/package.xml
[0.460s] Invoked command in '/home/d/velo_ws/build/velodyne' returned '0': AMENT_PREFIX_PATH=/home/d/velo_ws/install/velodyne_pointcloud:/home/d/velo_ws/install/velodyne_driver:/home/d/velo_ws/install/velodyne_msgs:/home/d/velo_ws/install/velodyne_laserscan:${AMENT_PREFIX_PATH} CMAKE_PREFIX_PATH=/home/d/velo_ws/install/velodyne_pointcloud:/home/d/velo_ws/install/velodyne_driver:/home/d/velo_ws/install/velodyne_msgs:/home/d/velo_ws/install/velodyne_laserscan:/home/d/jack_ws/install/jackal_navigation:/home/d/jack_ws/install/jackal_desktop:/home/d/jack_ws/install/jackal_viz:/home/d/jack_ws/install/jackal_simulator:/home/d/jack_ws/install/jackal_msgs:/home/d/jack_ws/install/jackal_gazebo:/home/d/jack_ws/install/jackal_control:/home/d/jack_ws/install/jackal_description:/home/d/gcamp_ros2_ws/install/turtlesim:/home/d/gcamp_ros2_ws/install/py_topic_pkg:/home/d/gcamp_ros2_ws/install/py_service_pkg:/home/d/gcamp_ros2_ws/install/py_first_pkg:/home/d/gcamp_ros2_ws/install/py_action_pkg:/home/d/gcamp_ros2_ws/install/gcamp_gazebo:/home/d/gcamp_ros2_ws/install/cpp_service_pkg:/home/d/gcamp_ros2_ws/install/cpp_action_pkg:/home/d/gcamp_ros2_ws/install/custom_interfaces:/home/d/gcamp_ros2_ws/install/cpp_topic_pkg:/home/d/gcamp_ros2_ws/install/cpp_service_tutorial:/home/d/gcamp_ros2_ws/install/cpp_param_pkg:/home/d/gcamp_ros2_ws/install/cpp_first_pkg:/opt/ros/foxy LD_LIBRARY_PATH=/home/d/velo_ws/install/velodyne_pointcloud/lib:/home/d/velo_ws/install/velodyne_driver/lib:/home/d/velo_ws/install/velodyne_msgs/lib:/home/d/velo_ws/install/velodyne_laserscan/lib:${LD_LIBRARY_PATH} PYTHONPATH=/home/d/velo_ws/install/velodyne_msgs/lib/python3.8/site-packages:${PYTHONPATH} /usr/bin/cmake --install /home/d/velo_ws/build/velodyne
