[0.025s] Invoking command in '/home/d/velo_ws/build/lego_loam_sr': AMENT_PREFIX_PATH=/home/d/velo_ws/install/cloud_msgs:${AMENT_PREFIX_PATH} CMAKE_PREFIX_PATH=/home/d/velo_ws/install/cloud_msgs:/home/d/jack_ws/install/jackal_navigation:/home/d/jack_ws/install/jackal_desktop:/home/d/jack_ws/install/jackal_viz:/home/d/jack_ws/install/jackal_simulator:/home/d/jack_ws/install/jackal_msgs:/home/d/jack_ws/install/jackal_gazebo:/home/d/jack_ws/install/jackal_control:/home/d/jack_ws/install/jackal_description:/home/d/gcamp_ros2_ws/install/turtlesim:/home/d/gcamp_ros2_ws/install/py_topic_pkg:/home/d/gcamp_ros2_ws/install/py_service_pkg:/home/d/gcamp_ros2_ws/install/py_first_pkg:/home/d/gcamp_ros2_ws/install/py_action_pkg:/home/d/gcamp_ros2_ws/install/gcamp_gazebo:/home/d/gcamp_ros2_ws/install/cpp_service_pkg:/home/d/gcamp_ros2_ws/install/cpp_action_pkg:/home/d/gcamp_ros2_ws/install/custom_interfaces:/home/d/gcamp_ros2_ws/install/cpp_topic_pkg:/home/d/gcamp_ros2_ws/install/cpp_service_tutorial:/home/d/gcamp_ros2_ws/install/cpp_param_pkg:/home/d/gcamp_ros2_ws/install/cpp_first_pkg:/opt/ros/foxy LD_LIBRARY_PATH=/home/d/velo_ws/install/cloud_msgs/lib:${LD_LIBRARY_PATH} PYTHONPATH=/home/d/velo_ws/install/cloud_msgs/lib/python3.8/site-packages:${PYTHONPATH} /usr/bin/cmake --build /home/d/velo_ws/build/lego_loam_sr -- -j20 -l20
[0.076s] [100%] Built target lego_loam_sr
[0.081s] Invoked command in '/home/d/velo_ws/build/lego_loam_sr' returned '0': AMENT_PREFIX_PATH=/home/d/velo_ws/install/cloud_msgs:${AMENT_PREFIX_PATH} CMAKE_PREFIX_PATH=/home/d/velo_ws/install/cloud_msgs:/home/d/jack_ws/install/jackal_navigation:/home/d/jack_ws/install/jackal_desktop:/home/d/jack_ws/install/jackal_viz:/home/d/jack_ws/install/jackal_simulator:/home/d/jack_ws/install/jackal_msgs:/home/d/jack_ws/install/jackal_gazebo:/home/d/jack_ws/install/jackal_control:/home/d/jack_ws/install/jackal_description:/home/d/gcamp_ros2_ws/install/turtlesim:/home/d/gcamp_ros2_ws/install/py_topic_pkg:/home/d/gcamp_ros2_ws/install/py_service_pkg:/home/d/gcamp_ros2_ws/install/py_first_pkg:/home/d/gcamp_ros2_ws/install/py_action_pkg:/home/d/gcamp_ros2_ws/install/gcamp_gazebo:/home/d/gcamp_ros2_ws/install/cpp_service_pkg:/home/d/gcamp_ros2_ws/install/cpp_action_pkg:/home/d/gcamp_ros2_ws/install/custom_interfaces:/home/d/gcamp_ros2_ws/install/cpp_topic_pkg:/home/d/gcamp_ros2_ws/install/cpp_service_tutorial:/home/d/gcamp_ros2_ws/install/cpp_param_pkg:/home/d/gcamp_ros2_ws/install/cpp_first_pkg:/opt/ros/foxy LD_LIBRARY_PATH=/home/d/velo_ws/install/cloud_msgs/lib:${LD_LIBRARY_PATH} PYTHONPATH=/home/d/velo_ws/install/cloud_msgs/lib/python3.8/site-packages:${PYTHONPATH} /usr/bin/cmake --build /home/d/velo_ws/build/lego_loam_sr -- -j20 -l20
[0.096s] Invoking command in '/home/d/velo_ws/build/lego_loam_sr': AMENT_PREFIX_PATH=/home/d/velo_ws/install/cloud_msgs:${AMENT_PREFIX_PATH} CMAKE_PREFIX_PATH=/home/d/velo_ws/install/cloud_msgs:/home/d/jack_ws/install/jackal_navigation:/home/d/jack_ws/install/jackal_desktop:/home/d/jack_ws/install/jackal_viz:/home/d/jack_ws/install/jackal_simulator:/home/d/jack_ws/install/jackal_msgs:/home/d/jack_ws/install/jackal_gazebo:/home/d/jack_ws/install/jackal_control:/home/d/jack_ws/install/jackal_description:/home/d/gcamp_ros2_ws/install/turtlesim:/home/d/gcamp_ros2_ws/install/py_topic_pkg:/home/d/gcamp_ros2_ws/install/py_service_pkg:/home/d/gcamp_ros2_ws/install/py_first_pkg:/home/d/gcamp_ros2_ws/install/py_action_pkg:/home/d/gcamp_ros2_ws/install/gcamp_gazebo:/home/d/gcamp_ros2_ws/install/cpp_service_pkg:/home/d/gcamp_ros2_ws/install/cpp_action_pkg:/home/d/gcamp_ros2_ws/install/custom_interfaces:/home/d/gcamp_ros2_ws/install/cpp_topic_pkg:/home/d/gcamp_ros2_ws/install/cpp_service_tutorial:/home/d/gcamp_ros2_ws/install/cpp_param_pkg:/home/d/gcamp_ros2_ws/install/cpp_first_pkg:/opt/ros/foxy LD_LIBRARY_PATH=/home/d/velo_ws/install/cloud_msgs/lib:${LD_LIBRARY_PATH} PYTHONPATH=/home/d/velo_ws/install/cloud_msgs/lib/python3.8/site-packages:${PYTHONPATH} /usr/bin/cmake --install /home/d/velo_ws/build/lego_loam_sr
[0.101s] -- Install configuration: ""
[0.101s] -- Up-to-date: /home/d/velo_ws/install/lego_loam_sr/lib/lego_loam_sr/lego_loam_sr
[0.101s] -- Up-to-date: /home/d/velo_ws/install/lego_loam_sr/share/lego_loam_sr/config
[0.101s] -- Up-to-date: /home/d/velo_ws/install/lego_loam_sr/share/lego_loam_sr/config/loam_config.yaml
[0.101s] -- Up-to-date: /home/d/velo_ws/install/lego_loam_sr/share/lego_loam_sr/launch
[0.101s] -- Up-to-date: /home/d/velo_ws/install/lego_loam_sr/share/lego_loam_sr/launch/seg-total.jpg
[0.101s] -- Up-to-date: /home/d/velo_ws/install/lego_loam_sr/share/lego_loam_sr/launch/google-earth.png
[0.101s] -- Up-to-date: /home/d/velo_ws/install/lego_loam_sr/share/lego_loam_sr/launch/run.launch.py
[0.101s] -- Up-to-date: /home/d/velo_ws/install/lego_loam_sr/share/lego_loam_sr/launch/block.png
[0.101s] -- Up-to-date: /home/d/velo_ws/install/lego_loam_sr/share/lego_loam_sr/launch/demo.gif
[0.101s] -- Up-to-date: /home/d/velo_ws/install/lego_loam_sr/share/lego_loam_sr/launch/dataset-demo.gif
[0.101s] -- Up-to-date: /home/d/velo_ws/install/lego_loam_sr/share/lego_loam_sr/launch/odometry.jpg
[0.101s] -- Up-to-date: /home/d/velo_ws/install/lego_loam_sr/share/lego_loam_sr/rviz
[0.101s] -- Up-to-date: /home/d/velo_ws/install/lego_loam_sr/share/lego_loam_sr/rviz/mapping.rviz
[0.101s] -- Up-to-date: /home/d/velo_ws/install/lego_loam_sr/share/lego_loam_sr/rviz/test.rviz
[0.101s] -- Up-to-date: /home/d/velo_ws/install/lego_loam_sr/share/ament_index/resource_index/package_run_dependencies/lego_loam_sr
[0.101s] -- Up-to-date: /home/d/velo_ws/install/lego_loam_sr/share/ament_index/resource_index/parent_prefix_path/lego_loam_sr
[0.101s] -- Up-to-date: /home/d/velo_ws/install/lego_loam_sr/share/lego_loam_sr/environment/ament_prefix_path.sh
[0.101s] -- Up-to-date: /home/d/velo_ws/install/lego_loam_sr/share/lego_loam_sr/environment/ament_prefix_path.dsv
[0.101s] -- Up-to-date: /home/d/velo_ws/install/lego_loam_sr/share/lego_loam_sr/environment/path.sh
[0.101s] -- Up-to-date: /home/d/velo_ws/install/lego_loam_sr/share/lego_loam_sr/environment/path.dsv
[0.101s] -- Up-to-date: /home/d/velo_ws/install/lego_loam_sr/share/lego_loam_sr/local_setup.bash
[0.101s] -- Up-to-date: /home/d/velo_ws/install/lego_loam_sr/share/lego_loam_sr/local_setup.sh
[0.101s] -- Up-to-date: /home/d/velo_ws/install/lego_loam_sr/share/lego_loam_sr/local_setup.zsh
[0.101s] -- Up-to-date: /home/d/velo_ws/install/lego_loam_sr/share/lego_loam_sr/local_setup.dsv
[0.101s] -- Installing: /home/d/velo_ws/install/lego_loam_sr/share/lego_loam_sr/package.dsv
[0.102s] -- Up-to-date: /home/d/velo_ws/install/lego_loam_sr/share/ament_index/resource_index/packages/lego_loam_sr
[0.102s] -- Up-to-date: /home/d/velo_ws/install/lego_loam_sr/share/lego_loam_sr/cmake/ament_cmake_export_include_directories-extras.cmake
[0.102s] -- Up-to-date: /home/d/velo_ws/install/lego_loam_sr/share/lego_loam_sr/cmake/lego_loam_srConfig.cmake
[0.102s] -- Up-to-date: /home/d/velo_ws/install/lego_loam_sr/share/lego_loam_sr/cmake/lego_loam_srConfig-version.cmake
[0.102s] -- Up-to-date: /home/d/velo_ws/install/lego_loam_sr/share/lego_loam_sr/package.xml
[0.104s] Invoked command in '/home/d/velo_ws/build/lego_loam_sr' returned '0': AMENT_PREFIX_PATH=/home/d/velo_ws/install/cloud_msgs:${AMENT_PREFIX_PATH} CMAKE_PREFIX_PATH=/home/d/velo_ws/install/cloud_msgs:/home/d/jack_ws/install/jackal_navigation:/home/d/jack_ws/install/jackal_desktop:/home/d/jack_ws/install/jackal_viz:/home/d/jack_ws/install/jackal_simulator:/home/d/jack_ws/install/jackal_msgs:/home/d/jack_ws/install/jackal_gazebo:/home/d/jack_ws/install/jackal_control:/home/d/jack_ws/install/jackal_description:/home/d/gcamp_ros2_ws/install/turtlesim:/home/d/gcamp_ros2_ws/install/py_topic_pkg:/home/d/gcamp_ros2_ws/install/py_service_pkg:/home/d/gcamp_ros2_ws/install/py_first_pkg:/home/d/gcamp_ros2_ws/install/py_action_pkg:/home/d/gcamp_ros2_ws/install/gcamp_gazebo:/home/d/gcamp_ros2_ws/install/cpp_service_pkg:/home/d/gcamp_ros2_ws/install/cpp_action_pkg:/home/d/gcamp_ros2_ws/install/custom_interfaces:/home/d/gcamp_ros2_ws/install/cpp_topic_pkg:/home/d/gcamp_ros2_ws/install/cpp_service_tutorial:/home/d/gcamp_ros2_ws/install/cpp_param_pkg:/home/d/gcamp_ros2_ws/install/cpp_first_pkg:/opt/ros/foxy LD_LIBRARY_PATH=/home/d/velo_ws/install/cloud_msgs/lib:${LD_LIBRARY_PATH} PYTHONPATH=/home/d/velo_ws/install/cloud_msgs/lib/python3.8/site-packages:${PYTHONPATH} /usr/bin/cmake --install /home/d/velo_ws/build/lego_loam_sr
