[0.008s] Invoking command in '/home/jeongil/ros_foxy_ws/velodyne_ws/build/velodyne_laserscan': CMAKE_PREFIX_PATH=/opt/ros/foxy /usr/bin/cmake /home/jeongil/ros_foxy_ws/velodyne_ws/src/velodyne-ros2/velodyne_laserscan -DCMAKE_INSTALL_PREFIX=/home/jeongil/ros_foxy_ws/velodyne_ws/install/velodyne_laserscan
[0.069s] -- The C compiler identification is GNU 9.4.0
[0.136s] -- The CXX compiler identification is GNU 9.4.0
[0.139s] -- Check for working C compiler: /usr/bin/cc
[0.185s] -- Check for working C compiler: /usr/bin/cc -- works
[0.186s] -- Detecting C compiler ABI info
[0.219s] -- Detecting C compiler ABI info - done
[0.225s] -- Detecting C compile features
[0.226s] -- Detecting C compile features - done
[0.227s] -- Check for working CXX compiler: /usr/bin/c++
[0.274s] -- Check for working CXX compiler: /usr/bin/c++ -- works
[0.274s] -- Detecting CXX compiler ABI info
[0.317s] -- Detecting CXX compiler ABI info - done
[0.323s] -- Detecting CXX compile features
[0.323s] -- Detecting CXX compile features - done
[0.324s] -- Found ament_cmake_ros: 0.9.2 (/opt/ros/foxy/share/ament_cmake_ros/cmake)
[0.339s] -- Found PythonInterp: /usr/bin/python3 (found suitable version "3.8.10", minimum required is "3") 
[0.339s] -- Using PYTHON_EXECUTABLE: /usr/bin/python3
[0.426s] -- Found rclcpp: 2.4.2 (/opt/ros/foxy/share/rclcpp/cmake)
[0.447s] -- Using all available rosidl_typesupport_c: rosidl_typesupport_fastrtps_c;rosidl_typesupport_introspection_c
[0.449s] -- Found rosidl_adapter: 1.3.0 (/opt/ros/foxy/share/rosidl_adapter/cmake)
[0.484s] -- Found OpenSSL: /usr/lib/x86_64-linux-gnu/libcrypto.so (found version "1.1.1f")  
[0.501s] -- Found FastRTPS: /opt/ros/foxy/include  
[0.539s] -- Using all available rosidl_typesupport_cpp: rosidl_typesupport_fastrtps_cpp;rosidl_typesupport_introspection_cpp
[0.567s] -- Found rmw_implementation_cmake: 1.0.4 (/opt/ros/foxy/share/rmw_implementation_cmake/cmake)
[0.567s] -- Using RMW implementation 'rmw_fastrtps_cpp' as default
[0.568s] -- Looking for pthread.h
[0.607s] -- Looking for pthread.h - found
[0.607s] -- Performing Test CMAKE_HAVE_LIBC_PTHREAD
[0.644s] -- Performing Test CMAKE_HAVE_LIBC_PTHREAD - Failed
[0.644s] -- Looking for pthread_create in pthreads
[0.673s] -- Looking for pthread_create in pthreads - not found
[0.673s] -- Looking for pthread_create in pthread
[0.707s] -- Looking for pthread_create in pthread - found
[0.708s] -- Found Threads: TRUE  
[0.785s] -- Found rclcpp_components: 2.4.2 (/opt/ros/foxy/share/rclcpp_components/cmake)
[0.816s] -- Found sensor_msgs: 2.0.5 (/opt/ros/foxy/share/sensor_msgs/cmake)
[0.878s] -- Found ament_lint_auto: 0.9.8 (/opt/ros/foxy/share/ament_lint_auto/cmake)
[0.914s] -- Added test 'copyright' to check source files copyright and LICENSE
[0.914s] -- Added test 'cppcheck' to perform static code analysis on C / C++ code
[0.915s] -- Configured cppcheck include dirs: /home/jeongil/ros_foxy_ws/velodyne_ws/src/velodyne-ros2/velodyne_laserscan/include
[0.915s] -- Configured cppcheck exclude dirs and/or files: 
[0.915s] -- Added test 'cpplint' to check C / C++ code against the Google style
[0.915s] -- Configured cpplint exclude dirs and/or files: 
[0.915s] -- Added test 'flake8' to check Python code syntax and style conventions
[0.916s] -- Added test 'lint_cmake' to check CMake code style
[0.916s] -- Added test 'pep257' to check Python code against some of the style conventions in PEP 257
[0.916s] -- Added test 'uncrustify' to check C / C++ code style
[0.916s] -- Configured uncrustify additional arguments: 
[0.917s] -- Added test 'xmllint' to check XML markup files
[0.918s] -- Configuring done
[0.924s] -- Generating done
[0.925s] -- Build files have been written to: /home/jeongil/ros_foxy_ws/velodyne_ws/build/velodyne_laserscan
[0.931s] Invoked command in '/home/jeongil/ros_foxy_ws/velodyne_ws/build/velodyne_laserscan' returned '0': CMAKE_PREFIX_PATH=/opt/ros/foxy /usr/bin/cmake /home/jeongil/ros_foxy_ws/velodyne_ws/src/velodyne-ros2/velodyne_laserscan -DCMAKE_INSTALL_PREFIX=/home/jeongil/ros_foxy_ws/velodyne_ws/install/velodyne_laserscan
[0.932s] Invoking command in '/home/jeongil/ros_foxy_ws/velodyne_ws/build/velodyne_laserscan': CMAKE_PREFIX_PATH=/opt/ros/foxy /usr/bin/cmake --build /home/jeongil/ros_foxy_ws/velodyne_ws/build/velodyne_laserscan -- -j20 -l20
[0.952s] [35m[1mScanning dependencies of target velodyne_laserscan[0m
[0.969s] [ 25%] [32mBuilding CXX object CMakeFiles/velodyne_laserscan.dir/src/velodyne_laserscan.cpp.o[0m
[3.876s] [ 50%] [32m[1mLinking CXX shared library libvelodyne_laserscan.so[0m
[4.008s] [ 50%] Built target velodyne_laserscan
[4.013s] [35m[1mScanning dependencies of target velodyne_laserscan_node[0m
[4.028s] [ 75%] [32mBuilding CXX object CMakeFiles/velodyne_laserscan_node.dir/src/node.cpp.o[0m
[4.778s] [100%] [32m[1mLinking CXX executable velodyne_laserscan_node[0m
[4.859s] [100%] Built target velodyne_laserscan_node
