[0.165s] Invoking command in '/home/jeongil/ros_foxy_ws/velodyne_ws/build/cloud_msgs': CMAKE_PREFIX_PATH=${CMAKE_PREFIX_PATH}:/home/jeongil/ros_foxy_ws/blickfeld_ws/install/blickfeld_pointcloud:/opt/ros/foxy CONDA_PROMPT_MODIFIER=(velodyne) /usr/bin/cmake --build /home/jeongil/ros_foxy_ws/velodyne_ws/build/cloud_msgs -- -j20 -l20
[0.190s] [  3%] Built target cloud_msgs__cpp
[0.191s] [ 12%] Built target cloud_msgs__rosidl_generator_c
[0.204s] [ 22%] Built target cloud_msgs__rosidl_typesupport_introspection_cpp
[0.205s] [ 32%] Built target cloud_msgs__rosidl_typesupport_introspection_c
[0.208s] [ 41%] Built target cloud_msgs__rosidl_typesupport_cpp
[0.209s] [ 51%] Built target cloud_msgs__rosidl_typesupport_c
[0.211s] [ 61%] Built target cloud_msgs__rosidl_typesupport_fastrtps_cpp
[0.225s] [ 70%] Built target cloud_msgs__rosidl_typesupport_fastrtps_c
[0.235s] [ 70%] Built target cloud_msgs
[0.246s] [ 74%] Built target cloud_msgs__py
[0.260s] [ 80%] Built target cloud_msgs__python
[0.275s] [100%] Built target cloud_msgs__rosidl_typesupport_c__pyext
[0.275s] [100%] Built target cloud_msgs__rosidl_typesupport_fastrtps_c__pyext
[0.275s] [100%] Built target cloud_msgs__rosidl_typesupport_introspection_c__pyext
[0.325s] Invoked command in '/home/jeongil/ros_foxy_ws/velodyne_ws/build/cloud_msgs' returned '0': CMAKE_PREFIX_PATH=${CMAKE_PREFIX_PATH}:/home/jeongil/ros_foxy_ws/blickfeld_ws/install/blickfeld_pointcloud:/opt/ros/foxy CONDA_PROMPT_MODIFIER=(velodyne) /usr/bin/cmake --build /home/jeongil/ros_foxy_ws/velodyne_ws/build/cloud_msgs -- -j20 -l20
[0.427s] Invoking command in '/home/jeongil/ros_foxy_ws/velodyne_ws/build/cloud_msgs': CMAKE_PREFIX_PATH=${CMAKE_PREFIX_PATH}:/home/jeongil/ros_foxy_ws/blickfeld_ws/install/blickfeld_pointcloud:/opt/ros/foxy CONDA_PROMPT_MODIFIER=(velodyne) /usr/bin/cmake --install /home/jeongil/ros_foxy_ws/velodyne_ws/build/cloud_msgs
[0.433s] -- Install configuration: ""
[0.433s] -- Up-to-date: /home/jeongil/ros_foxy_ws/velodyne_ws/install/cloud_msgs/share/ament_index/resource_index/rosidl_interfaces/cloud_msgs
[0.433s] -- Up-to-date: /home/jeongil/ros_foxy_ws/velodyne_ws/install/cloud_msgs/include/cloud_msgs
[0.433s] -- Up-to-date: /home/jeongil/ros_foxy_ws/velodyne_ws/install/cloud_msgs/include/cloud_msgs/msg
[0.433s] -- Up-to-date: /home/jeongil/ros_foxy_ws/velodyne_ws/install/cloud_msgs/include/cloud_msgs/msg/rosidl_generator_c__visibility_control.h
[0.433s] -- Up-to-date: /home/jeongil/ros_foxy_ws/velodyne_ws/install/cloud_msgs/include/cloud_msgs/msg/detail
[0.433s] -- Up-to-date: /home/jeongil/ros_foxy_ws/velodyne_ws/install/cloud_msgs/include/cloud_msgs/msg/detail/cloud_info__functions.h
[0.433s] -- Up-to-date: /home/jeongil/ros_foxy_ws/velodyne_ws/install/cloud_msgs/include/cloud_msgs/msg/detail/cloud_info__type_support.h
[0.433s] -- Up-to-date: /home/jeongil/ros_foxy_ws/velodyne_ws/install/cloud_msgs/include/cloud_msgs/msg/detail/cloud_info__functions.c
[0.433s] -- Up-to-date: /home/jeongil/ros_foxy_ws/velodyne_ws/install/cloud_msgs/include/cloud_msgs/msg/detail/cloud_info__struct.h
[0.433s] -- Up-to-date: /home/jeongil/ros_foxy_ws/velodyne_ws/install/cloud_msgs/include/cloud_msgs/msg/cloud_info.h
[0.433s] -- Up-to-date: /home/jeongil/ros_foxy_ws/velodyne_ws/install/cloud_msgs/share/cloud_msgs/environment/library_path.sh
[0.433s] -- Up-to-date: /home/jeongil/ros_foxy_ws/velodyne_ws/install/cloud_msgs/share/cloud_msgs/environment/library_path.dsv
[0.433s] -- Up-to-date: /home/jeongil/ros_foxy_ws/velodyne_ws/install/cloud_msgs/lib/libcloud_msgs__rosidl_generator_c.so
[0.433s] -- Up-to-date: /home/jeongil/ros_foxy_ws/velodyne_ws/install/cloud_msgs/include/cloud_msgs
[0.433s] -- Up-to-date: /home/jeongil/ros_foxy_ws/velodyne_ws/install/cloud_msgs/include/cloud_msgs/msg
[0.433s] -- Up-to-date: /home/jeongil/ros_foxy_ws/velodyne_ws/install/cloud_msgs/include/cloud_msgs/msg/detail
[0.433s] -- Up-to-date: /home/jeongil/ros_foxy_ws/velodyne_ws/install/cloud_msgs/include/cloud_msgs/msg/detail/cloud_info__rosidl_typesupport_fastrtps_c.h
[0.433s] -- Up-to-date: /home/jeongil/ros_foxy_ws/velodyne_ws/install/cloud_msgs/include/cloud_msgs/msg/rosidl_typesupport_fastrtps_c__visibility_control.h
[0.433s] -- Up-to-date: /home/jeongil/ros_foxy_ws/velodyne_ws/install/cloud_msgs/lib/libcloud_msgs__rosidl_typesupport_fastrtps_c.so
[0.433s] -- Up-to-date: /home/jeongil/ros_foxy_ws/velodyne_ws/install/cloud_msgs/include/cloud_msgs
[0.433s] -- Up-to-date: /home/jeongil/ros_foxy_ws/velodyne_ws/install/cloud_msgs/include/cloud_msgs/msg
[0.434s] -- Up-to-date: /home/jeongil/ros_foxy_ws/velodyne_ws/install/cloud_msgs/include/cloud_msgs/msg/detail
[0.434s] -- Up-to-date: /home/jeongil/ros_foxy_ws/velodyne_ws/install/cloud_msgs/include/cloud_msgs/msg/detail/cloud_info__rosidl_typesupport_fastrtps_cpp.hpp
[0.434s] -- Up-to-date: /home/jeongil/ros_foxy_ws/velodyne_ws/install/cloud_msgs/include/cloud_msgs/msg/detail/dds_fastrtps
[0.434s] -- Up-to-date: /home/jeongil/ros_foxy_ws/velodyne_ws/install/cloud_msgs/include/cloud_msgs/msg/rosidl_typesupport_fastrtps_cpp__visibility_control.h
[0.434s] -- Up-to-date: /home/jeongil/ros_foxy_ws/velodyne_ws/install/cloud_msgs/lib/libcloud_msgs__rosidl_typesupport_fastrtps_cpp.so
[0.434s] -- Up-to-date: /home/jeongil/ros_foxy_ws/velodyne_ws/install/cloud_msgs/include/cloud_msgs
[0.434s] -- Up-to-date: /home/jeongil/ros_foxy_ws/velodyne_ws/install/cloud_msgs/include/cloud_msgs/msg
[0.434s] -- Up-to-date: /home/jeongil/ros_foxy_ws/velodyne_ws/install/cloud_msgs/include/cloud_msgs/msg/detail
[0.434s] -- Up-to-date: /home/jeongil/ros_foxy_ws/velodyne_ws/install/cloud_msgs/include/cloud_msgs/msg/detail/cloud_info__rosidl_typesupport_introspection_c.h
[0.434s] -- Up-to-date: /home/jeongil/ros_foxy_ws/velodyne_ws/install/cloud_msgs/include/cloud_msgs/msg/detail/cloud_info__type_support.c
[0.434s] -- Up-to-date: /home/jeongil/ros_foxy_ws/velodyne_ws/install/cloud_msgs/include/cloud_msgs/msg/rosidl_typesupport_introspection_c__visibility_control.h
[0.434s] -- Up-to-date: /home/jeongil/ros_foxy_ws/velodyne_ws/install/cloud_msgs/lib/libcloud_msgs__rosidl_typesupport_introspection_c.so
[0.434s] -- Up-to-date: /home/jeongil/ros_foxy_ws/velodyne_ws/install/cloud_msgs/lib/libcloud_msgs__rosidl_typesupport_c.so
[0.435s] -- Up-to-date: /home/jeongil/ros_foxy_ws/velodyne_ws/install/cloud_msgs/include/cloud_msgs
[0.435s] -- Up-to-date: /home/jeongil/ros_foxy_ws/velodyne_ws/install/cloud_msgs/include/cloud_msgs/msg
[0.435s] -- Up-to-date: /home/jeongil/ros_foxy_ws/velodyne_ws/install/cloud_msgs/include/cloud_msgs/msg/detail
[0.435s] -- Up-to-date: /home/jeongil/ros_foxy_ws/velodyne_ws/install/cloud_msgs/include/cloud_msgs/msg/detail/cloud_info__struct.hpp
[0.435s] -- Up-to-date: /home/jeongil/ros_foxy_ws/velodyne_ws/install/cloud_msgs/include/cloud_msgs/msg/detail/cloud_info__type_support.hpp
[0.435s] -- Up-to-date: /home/jeongil/ros_foxy_ws/velodyne_ws/install/cloud_msgs/include/cloud_msgs/msg/detail/cloud_info__builder.hpp
[0.435s] -- Up-to-date: /home/jeongil/ros_foxy_ws/velodyne_ws/install/cloud_msgs/include/cloud_msgs/msg/detail/cloud_info__traits.hpp
[0.435s] -- Up-to-date: /home/jeongil/ros_foxy_ws/velodyne_ws/install/cloud_msgs/include/cloud_msgs/msg/rosidl_generator_cpp__visibility_control.hpp
[0.435s] -- Up-to-date: /home/jeongil/ros_foxy_ws/velodyne_ws/install/cloud_msgs/include/cloud_msgs/msg/cloud_info.hpp
[0.435s] -- Up-to-date: /home/jeongil/ros_foxy_ws/velodyne_ws/install/cloud_msgs/include/cloud_msgs
[0.435s] -- Up-to-date: /home/jeongil/ros_foxy_ws/velodyne_ws/install/cloud_msgs/include/cloud_msgs/msg
[0.435s] -- Up-to-date: /home/jeongil/ros_foxy_ws/velodyne_ws/install/cloud_msgs/include/cloud_msgs/msg/detail
[0.435s] -- Up-to-date: /home/jeongil/ros_foxy_ws/velodyne_ws/install/cloud_msgs/include/cloud_msgs/msg/detail/cloud_info__rosidl_typesupport_introspection_cpp.hpp
[0.435s] -- Up-to-date: /home/jeongil/ros_foxy_ws/velodyne_ws/install/cloud_msgs/include/cloud_msgs/msg/detail/cloud_info__type_support.cpp
[0.435s] -- Up-to-date: /home/jeongil/ros_foxy_ws/velodyne_ws/install/cloud_msgs/lib/libcloud_msgs__rosidl_typesupport_introspection_cpp.so
[0.435s] -- Up-to-date: /home/jeongil/ros_foxy_ws/velodyne_ws/install/cloud_msgs/lib/libcloud_msgs__rosidl_typesupport_cpp.so
[0.435s] -- Up-to-date: /home/jeongil/ros_foxy_ws/velodyne_ws/install/cloud_msgs/share/cloud_msgs/environment/pythonpath.sh
[0.435s] -- Up-to-date: /home/jeongil/ros_foxy_ws/velodyne_ws/install/cloud_msgs/share/cloud_msgs/environment/pythonpath.dsv
[0.435s] -- Up-to-date: /home/jeongil/ros_foxy_ws/velodyne_ws/install/cloud_msgs/lib/python3.8/site-packages/cloud_msgs/__init__.py
[0.453s] -- Up-to-date: /home/jeongil/ros_foxy_ws/velodyne_ws/install/cloud_msgs/lib/python3.8/site-packages/cloud_msgs/msg
[0.453s] -- Up-to-date: /home/jeongil/ros_foxy_ws/velodyne_ws/install/cloud_msgs/lib/python3.8/site-packages/cloud_msgs/msg/_cloud_info_s.c
[0.453s] -- Up-to-date: /home/jeongil/ros_foxy_ws/velodyne_ws/install/cloud_msgs/lib/python3.8/site-packages/cloud_msgs/msg/_cloud_info.py
[0.453s] -- Up-to-date: /home/jeongil/ros_foxy_ws/velodyne_ws/install/cloud_msgs/lib/python3.8/site-packages/cloud_msgs/msg/__init__.py
[0.453s] -- Up-to-date: /home/jeongil/ros_foxy_ws/velodyne_ws/install/cloud_msgs/lib/python3.8/site-packages/cloud_msgs/cloud_msgs_s__rosidl_typesupport_fastrtps_c.cpython-38-x86_64-linux-gnu.so
[0.453s] -- Up-to-date: /home/jeongil/ros_foxy_ws/velodyne_ws/install/cloud_msgs/lib/python3.8/site-packages/cloud_msgs/cloud_msgs_s__rosidl_typesupport_introspection_c.cpython-38-x86_64-linux-gnu.so
[0.453s] -- Up-to-date: /home/jeongil/ros_foxy_ws/velodyne_ws/install/cloud_msgs/lib/python3.8/site-packages/cloud_msgs/cloud_msgs_s__rosidl_typesupport_c.cpython-38-x86_64-linux-gnu.so
[0.454s] -- Up-to-date: /home/jeongil/ros_foxy_ws/velodyne_ws/install/cloud_msgs/lib/libcloud_msgs__python.so
[0.454s] -- Up-to-date: /home/jeongil/ros_foxy_ws/velodyne_ws/install/cloud_msgs/share/cloud_msgs/msg/CloudInfo.idl
[0.454s] -- Up-to-date: /home/jeongil/ros_foxy_ws/velodyne_ws/install/cloud_msgs/share/cloud_msgs/msg/CloudInfo.msg
[0.454s] -- Up-to-date: /home/jeongil/ros_foxy_ws/velodyne_ws/install/cloud_msgs/share/ament_index/resource_index/package_run_dependencies/cloud_msgs
[0.454s] -- Up-to-date: /home/jeongil/ros_foxy_ws/velodyne_ws/install/cloud_msgs/share/ament_index/resource_index/parent_prefix_path/cloud_msgs
[0.454s] -- Up-to-date: /home/jeongil/ros_foxy_ws/velodyne_ws/install/cloud_msgs/share/cloud_msgs/environment/ament_prefix_path.sh
[0.454s] -- Up-to-date: /home/jeongil/ros_foxy_ws/velodyne_ws/install/cloud_msgs/share/cloud_msgs/environment/ament_prefix_path.dsv
[0.454s] -- Up-to-date: /home/jeongil/ros_foxy_ws/velodyne_ws/install/cloud_msgs/share/cloud_msgs/environment/path.sh
[0.454s] -- Up-to-date: /home/jeongil/ros_foxy_ws/velodyne_ws/install/cloud_msgs/share/cloud_msgs/environment/path.dsv
[0.454s] -- Up-to-date: /home/jeongil/ros_foxy_ws/velodyne_ws/install/cloud_msgs/share/cloud_msgs/local_setup.bash
[0.454s] -- Up-to-date: /home/jeongil/ros_foxy_ws/velodyne_ws/install/cloud_msgs/share/cloud_msgs/local_setup.sh
[0.454s] -- Up-to-date: /home/jeongil/ros_foxy_ws/velodyne_ws/install/cloud_msgs/share/cloud_msgs/local_setup.zsh
[0.454s] -- Up-to-date: /home/jeongil/ros_foxy_ws/velodyne_ws/install/cloud_msgs/share/cloud_msgs/local_setup.dsv
[0.454s] -- Installing: /home/jeongil/ros_foxy_ws/velodyne_ws/install/cloud_msgs/share/cloud_msgs/package.dsv
[0.454s] -- Up-to-date: /home/jeongil/ros_foxy_ws/velodyne_ws/install/cloud_msgs/share/ament_index/resource_index/packages/cloud_msgs
[0.454s] -- Up-to-date: /home/jeongil/ros_foxy_ws/velodyne_ws/install/cloud_msgs/share/cloud_msgs/cmake/cloud_msgs__rosidl_generator_cExport.cmake
[0.454s] -- Up-to-date: /home/jeongil/ros_foxy_ws/velodyne_ws/install/cloud_msgs/share/cloud_msgs/cmake/cloud_msgs__rosidl_generator_cExport-noconfig.cmake
[0.454s] -- Up-to-date: /home/jeongil/ros_foxy_ws/velodyne_ws/install/cloud_msgs/share/cloud_msgs/cmake/cloud_msgs__rosidl_typesupport_introspection_cExport.cmake
[0.454s] -- Up-to-date: /home/jeongil/ros_foxy_ws/velodyne_ws/install/cloud_msgs/share/cloud_msgs/cmake/cloud_msgs__rosidl_typesupport_introspection_cExport-noconfig.cmake
[0.454s] -- Up-to-date: /home/jeongil/ros_foxy_ws/velodyne_ws/install/cloud_msgs/share/cloud_msgs/cmake/cloud_msgs__rosidl_typesupport_cExport.cmake
[0.454s] -- Up-to-date: /home/jeongil/ros_foxy_ws/velodyne_ws/install/cloud_msgs/share/cloud_msgs/cmake/cloud_msgs__rosidl_typesupport_cExport-noconfig.cmake
[0.454s] -- Up-to-date: /home/jeongil/ros_foxy_ws/velodyne_ws/install/cloud_msgs/share/cloud_msgs/cmake/cloud_msgs__rosidl_generator_cppExport.cmake
[0.454s] -- Up-to-date: /home/jeongil/ros_foxy_ws/velodyne_ws/install/cloud_msgs/share/cloud_msgs/cmake/cloud_msgs__rosidl_typesupport_introspection_cppExport.cmake
[0.454s] -- Up-to-date: /home/jeongil/ros_foxy_ws/velodyne_ws/install/cloud_msgs/share/cloud_msgs/cmake/cloud_msgs__rosidl_typesupport_introspection_cppExport-noconfig.cmake
[0.455s] -- Up-to-date: /home/jeongil/ros_foxy_ws/velodyne_ws/install/cloud_msgs/share/cloud_msgs/cmake/cloud_msgs__rosidl_typesupport_cppExport.cmake
[0.455s] -- Up-to-date: /home/jeongil/ros_foxy_ws/velodyne_ws/install/cloud_msgs/share/cloud_msgs/cmake/cloud_msgs__rosidl_typesupport_cppExport-noconfig.cmake
[0.455s] -- Up-to-date: /home/jeongil/ros_foxy_ws/velodyne_ws/install/cloud_msgs/share/cloud_msgs/cmake/rosidl_cmake-extras.cmake
[0.455s] -- Up-to-date: /home/jeongil/ros_foxy_ws/velodyne_ws/install/cloud_msgs/share/cloud_msgs/cmake/ament_cmake_export_dependencies-extras.cmake
[0.455s] -- Up-to-date: /home/jeongil/ros_foxy_ws/velodyne_ws/install/cloud_msgs/share/cloud_msgs/cmake/ament_cmake_export_libraries-extras.cmake
[0.455s] -- Up-to-date: /home/jeongil/ros_foxy_ws/velodyne_ws/install/cloud_msgs/share/cloud_msgs/cmake/ament_cmake_export_targets-extras.cmake
[0.455s] -- Up-to-date: /home/jeongil/ros_foxy_ws/velodyne_ws/install/cloud_msgs/share/cloud_msgs/cmake/ament_cmake_export_include_directories-extras.cmake
[0.455s] -- Up-to-date: /home/jeongil/ros_foxy_ws/velodyne_ws/install/cloud_msgs/share/cloud_msgs/cmake/rosidl_cmake_export_typesupport_libraries-extras.cmake
[0.455s] -- Up-to-date: /home/jeongil/ros_foxy_ws/velodyne_ws/install/cloud_msgs/share/cloud_msgs/cmake/rosidl_cmake_export_typesupport_targets-extras.cmake
[0.455s] -- Up-to-date: /home/jeongil/ros_foxy_ws/velodyne_ws/install/cloud_msgs/share/cloud_msgs/cmake/cloud_msgsConfig.cmake
[0.455s] -- Up-to-date: /home/jeongil/ros_foxy_ws/velodyne_ws/install/cloud_msgs/share/cloud_msgs/cmake/cloud_msgsConfig-version.cmake
[0.455s] -- Up-to-date: /home/jeongil/ros_foxy_ws/velodyne_ws/install/cloud_msgs/share/cloud_msgs/package.xml
[0.457s] Invoked command in '/home/jeongil/ros_foxy_ws/velodyne_ws/build/cloud_msgs' returned '0': CMAKE_PREFIX_PATH=${CMAKE_PREFIX_PATH}:/home/jeongil/ros_foxy_ws/blickfeld_ws/install/blickfeld_pointcloud:/opt/ros/foxy CONDA_PROMPT_MODIFIER=(velodyne) /usr/bin/cmake --install /home/jeongil/ros_foxy_ws/velodyne_ws/build/cloud_msgs
