[  2%] Built target velodyne_msgs__cpp
[ 12%] Built target velodyne_msgs__rosidl_generator_c
[ 23%] Built target velodyne_msgs__rosidl_typesupport_cpp
[ 33%] Built target velodyne_msgs__rosidl_typesupport_introspection_cpp
[ 43%] Built target velodyne_msgs__rosidl_typesupport_c
[ 53%] Built target velodyne_msgs__rosidl_typesupport_fastrtps_cpp
[ 64%] Built target velodyne_msgs__rosidl_typesupport_introspection_c
[ 74%] Built target velodyne_msgs__rosidl_typesupport_fastrtps_c
[ 74%] Built target velodyne_msgs
[ 76%] Built target velodyne_msgs__py
[35m[1mScanning dependencies of target velodyne_msgs__python[0m
[ 79%] [32mBuilding C object CMakeFiles/velodyne_msgs__python.dir/rosidl_generator_py/velodyne_msgs/msg/_velodyne_packet_s.c.o[0m
[ 82%] [32mBuilding C object CMakeFiles/velodyne_msgs__python.dir/rosidl_generator_py/velodyne_msgs/msg/_velodyne_scan_s.c.o[0m
[ 84%] [32m[1mLinking C shared library rosidl_generator_py/velodyne_msgs/libvelodyne_msgs__python.so[0m
[ 84%] Built target velodyne_msgs__python
[35m[1mScanning dependencies of target velodyne_msgs__rosidl_typesupport_c__pyext[0m
[35m[1mScanning dependencies of target velodyne_msgs__rosidl_typesupport_fastrtps_c__pyext[0m
[35m[1mScanning dependencies of target velodyne_msgs__rosidl_typesupport_introspection_c__pyext[0m
[ 87%] [32mBuilding C object CMakeFiles/velodyne_msgs__rosidl_typesupport_c__pyext.dir/rosidl_generator_py/velodyne_msgs/_velodyne_msgs_s.ep.rosidl_typesupport_c.c.o[0m
[ 89%] [32mBuilding C object CMakeFiles/velodyne_msgs__rosidl_typesupport_introspection_c__pyext.dir/rosidl_generator_py/velodyne_msgs/_velodyne_msgs_s.ep.rosidl_typesupport_introspection_c.c.o[0m
[ 92%] [32mBuilding C object CMakeFiles/velodyne_msgs__rosidl_typesupport_fastrtps_c__pyext.dir/rosidl_generator_py/velodyne_msgs/_velodyne_msgs_s.ep.rosidl_typesupport_fastrtps_c.c.o[0m
[ 97%] [32m[1mLinking C shared library rosidl_generator_py/velodyne_msgs/velodyne_msgs_s__rosidl_typesupport_introspection_c.cpython-38-x86_64-linux-gnu.so[0m
[ 97%] [32m[1mLinking C shared library rosidl_generator_py/velodyne_msgs/velodyne_msgs_s__rosidl_typesupport_c.cpython-38-x86_64-linux-gnu.so[0m
[100%] [32m[1mLinking CXX shared library rosidl_generator_py/velodyne_msgs/velodyne_msgs_s__rosidl_typesupport_fastrtps_c.cpython-38-x86_64-linux-gnu.so[0m
[100%] Built target velodyne_msgs__rosidl_typesupport_introspection_c__pyext
[100%] Built target velodyne_msgs__rosidl_typesupport_c__pyext
[100%] Built target velodyne_msgs__rosidl_typesupport_fastrtps_c__pyext
-- Install configuration: ""
-- Up-to-date: /home/jeongil/ros_foxy_ws/velodyne_ws/install/velodyne_msgs/share/ament_index/resource_index/rosidl_interfaces/velodyne_msgs
-- Up-to-date: /home/jeongil/ros_foxy_ws/velodyne_ws/install/velodyne_msgs/include/velodyne_msgs
-- Up-to-date: /home/jeongil/ros_foxy_ws/velodyne_ws/install/velodyne_msgs/include/velodyne_msgs/msg
-- Up-to-date: /home/jeongil/ros_foxy_ws/velodyne_ws/install/velodyne_msgs/include/velodyne_msgs/msg/rosidl_generator_c__visibility_control.h
-- Up-to-date: /home/jeongil/ros_foxy_ws/velodyne_ws/install/velodyne_msgs/include/velodyne_msgs/msg/velodyne_packet.h
-- Up-to-date: /home/jeongil/ros_foxy_ws/velodyne_ws/install/velodyne_msgs/include/velodyne_msgs/msg/detail
-- Up-to-date: /home/jeongil/ros_foxy_ws/velodyne_ws/install/velodyne_msgs/include/velodyne_msgs/msg/detail/velodyne_packet__type_support.h
-- Up-to-date: /home/jeongil/ros_foxy_ws/velodyne_ws/install/velodyne_msgs/include/velodyne_msgs/msg/detail/velodyne_packet__functions.h
-- Up-to-date: /home/jeongil/ros_foxy_ws/velodyne_ws/install/velodyne_msgs/include/velodyne_msgs/msg/detail/velodyne_scan__functions.h
-- Up-to-date: /home/jeongil/ros_foxy_ws/velodyne_ws/install/velodyne_msgs/include/velodyne_msgs/msg/detail/velodyne_packet__functions.c
-- Up-to-date: /home/jeongil/ros_foxy_ws/velodyne_ws/install/velodyne_msgs/include/velodyne_msgs/msg/detail/velodyne_packet__struct.h
-- Up-to-date: /home/jeongil/ros_foxy_ws/velodyne_ws/install/velodyne_msgs/include/velodyne_msgs/msg/detail/velodyne_scan__functions.c
-- Up-to-date: /home/jeongil/ros_foxy_ws/velodyne_ws/install/velodyne_msgs/include/velodyne_msgs/msg/detail/velodyne_scan__struct.h
-- Up-to-date: /home/jeongil/ros_foxy_ws/velodyne_ws/install/velodyne_msgs/include/velodyne_msgs/msg/detail/velodyne_scan__type_support.h
-- Up-to-date: /home/jeongil/ros_foxy_ws/velodyne_ws/install/velodyne_msgs/include/velodyne_msgs/msg/velodyne_scan.h
-- Up-to-date: /home/jeongil/ros_foxy_ws/velodyne_ws/install/velodyne_msgs/share/velodyne_msgs/environment/library_path.sh
-- Up-to-date: /home/jeongil/ros_foxy_ws/velodyne_ws/install/velodyne_msgs/share/velodyne_msgs/environment/library_path.dsv
-- Up-to-date: /home/jeongil/ros_foxy_ws/velodyne_ws/install/velodyne_msgs/lib/libvelodyne_msgs__rosidl_generator_c.so
-- Up-to-date: /home/jeongil/ros_foxy_ws/velodyne_ws/install/velodyne_msgs/include/velodyne_msgs
-- Up-to-date: /home/jeongil/ros_foxy_ws/velodyne_ws/install/velodyne_msgs/include/velodyne_msgs/msg
-- Up-to-date: /home/jeongil/ros_foxy_ws/velodyne_ws/install/velodyne_msgs/include/velodyne_msgs/msg/detail
-- Up-to-date: /home/jeongil/ros_foxy_ws/velodyne_ws/install/velodyne_msgs/include/velodyne_msgs/msg/detail/velodyne_packet__rosidl_typesupport_fastrtps_c.h
-- Up-to-date: /home/jeongil/ros_foxy_ws/velodyne_ws/install/velodyne_msgs/include/velodyne_msgs/msg/detail/velodyne_scan__rosidl_typesupport_fastrtps_c.h
-- Up-to-date: /home/jeongil/ros_foxy_ws/velodyne_ws/install/velodyne_msgs/include/velodyne_msgs/msg/rosidl_typesupport_fastrtps_c__visibility_control.h
-- Up-to-date: /home/jeongil/ros_foxy_ws/velodyne_ws/install/velodyne_msgs/lib/libvelodyne_msgs__rosidl_typesupport_fastrtps_c.so
-- Up-to-date: /home/jeongil/ros_foxy_ws/velodyne_ws/install/velodyne_msgs/include/velodyne_msgs
-- Up-to-date: /home/jeongil/ros_foxy_ws/velodyne_ws/install/velodyne_msgs/include/velodyne_msgs/msg
-- Up-to-date: /home/jeongil/ros_foxy_ws/velodyne_ws/install/velodyne_msgs/include/velodyne_msgs/msg/detail
-- Up-to-date: /home/jeongil/ros_foxy_ws/velodyne_ws/install/velodyne_msgs/include/velodyne_msgs/msg/detail/velodyne_scan__rosidl_typesupport_fastrtps_cpp.hpp
-- Up-to-date: /home/jeongil/ros_foxy_ws/velodyne_ws/install/velodyne_msgs/include/velodyne_msgs/msg/detail/dds_fastrtps
-- Up-to-date: /home/jeongil/ros_foxy_ws/velodyne_ws/install/velodyne_msgs/include/velodyne_msgs/msg/detail/velodyne_packet__rosidl_typesupport_fastrtps_cpp.hpp
-- Up-to-date: /home/jeongil/ros_foxy_ws/velodyne_ws/install/velodyne_msgs/include/velodyne_msgs/msg/rosidl_typesupport_fastrtps_cpp__visibility_control.h
-- Up-to-date: /home/jeongil/ros_foxy_ws/velodyne_ws/install/velodyne_msgs/lib/libvelodyne_msgs__rosidl_typesupport_fastrtps_cpp.so
-- Up-to-date: /home/jeongil/ros_foxy_ws/velodyne_ws/install/velodyne_msgs/include/velodyne_msgs
-- Up-to-date: /home/jeongil/ros_foxy_ws/velodyne_ws/install/velodyne_msgs/include/velodyne_msgs/msg
-- Up-to-date: /home/jeongil/ros_foxy_ws/velodyne_ws/install/velodyne_msgs/include/velodyne_msgs/msg/detail
-- Up-to-date: /home/jeongil/ros_foxy_ws/velodyne_ws/install/velodyne_msgs/include/velodyne_msgs/msg/detail/velodyne_packet__rosidl_typesupport_introspection_c.h
-- Up-to-date: /home/jeongil/ros_foxy_ws/velodyne_ws/install/velodyne_msgs/include/velodyne_msgs/msg/detail/velodyne_scan__type_support.c
-- Up-to-date: /home/jeongil/ros_foxy_ws/velodyne_ws/install/velodyne_msgs/include/velodyne_msgs/msg/detail/velodyne_scan__rosidl_typesupport_introspection_c.h
-- Up-to-date: /home/jeongil/ros_foxy_ws/velodyne_ws/install/velodyne_msgs/include/velodyne_msgs/msg/detail/velodyne_packet__type_support.c
-- Up-to-date: /home/jeongil/ros_foxy_ws/velodyne_ws/install/velodyne_msgs/include/velodyne_msgs/msg/rosidl_typesupport_introspection_c__visibility_control.h
-- Up-to-date: /home/jeongil/ros_foxy_ws/velodyne_ws/install/velodyne_msgs/lib/libvelodyne_msgs__rosidl_typesupport_introspection_c.so
-- Up-to-date: /home/jeongil/ros_foxy_ws/velodyne_ws/install/velodyne_msgs/lib/libvelodyne_msgs__rosidl_typesupport_c.so
-- Up-to-date: /home/jeongil/ros_foxy_ws/velodyne_ws/install/velodyne_msgs/include/velodyne_msgs
-- Up-to-date: /home/jeongil/ros_foxy_ws/velodyne_ws/install/velodyne_msgs/include/velodyne_msgs/msg
-- Up-to-date: /home/jeongil/ros_foxy_ws/velodyne_ws/install/velodyne_msgs/include/velodyne_msgs/msg/velodyne_scan.hpp
-- Up-to-date: /home/jeongil/ros_foxy_ws/velodyne_ws/install/velodyne_msgs/include/velodyne_msgs/msg/detail
-- Up-to-date: /home/jeongil/ros_foxy_ws/velodyne_ws/install/velodyne_msgs/include/velodyne_msgs/msg/detail/velodyne_scan__struct.hpp
-- Up-to-date: /home/jeongil/ros_foxy_ws/velodyne_ws/install/velodyne_msgs/include/velodyne_msgs/msg/detail/velodyne_packet__struct.hpp
-- Up-to-date: /home/jeongil/ros_foxy_ws/velodyne_ws/install/velodyne_msgs/include/velodyne_msgs/msg/detail/velodyne_packet__type_support.hpp
-- Up-to-date: /home/jeongil/ros_foxy_ws/velodyne_ws/install/velodyne_msgs/include/velodyne_msgs/msg/detail/velodyne_scan__traits.hpp
-- Up-to-date: /home/jeongil/ros_foxy_ws/velodyne_ws/install/velodyne_msgs/include/velodyne_msgs/msg/detail/velodyne_packet__traits.hpp
-- Up-to-date: /home/jeongil/ros_foxy_ws/velodyne_ws/install/velodyne_msgs/include/velodyne_msgs/msg/detail/velodyne_packet__builder.hpp
-- Up-to-date: /home/jeongil/ros_foxy_ws/velodyne_ws/install/velodyne_msgs/include/velodyne_msgs/msg/detail/velodyne_scan__type_support.hpp
-- Up-to-date: /home/jeongil/ros_foxy_ws/velodyne_ws/install/velodyne_msgs/include/velodyne_msgs/msg/detail/velodyne_scan__builder.hpp
-- Up-to-date: /home/jeongil/ros_foxy_ws/velodyne_ws/install/velodyne_msgs/include/velodyne_msgs/msg/rosidl_generator_cpp__visibility_control.hpp
-- Up-to-date: /home/jeongil/ros_foxy_ws/velodyne_ws/install/velodyne_msgs/include/velodyne_msgs/msg/velodyne_packet.hpp
-- Up-to-date: /home/jeongil/ros_foxy_ws/velodyne_ws/install/velodyne_msgs/include/velodyne_msgs
-- Up-to-date: /home/jeongil/ros_foxy_ws/velodyne_ws/install/velodyne_msgs/include/velodyne_msgs/msg
-- Up-to-date: /home/jeongil/ros_foxy_ws/velodyne_ws/install/velodyne_msgs/include/velodyne_msgs/msg/detail
-- Up-to-date: /home/jeongil/ros_foxy_ws/velodyne_ws/install/velodyne_msgs/include/velodyne_msgs/msg/detail/velodyne_packet__rosidl_typesupport_introspection_cpp.hpp
-- Up-to-date: /home/jeongil/ros_foxy_ws/velodyne_ws/install/velodyne_msgs/include/velodyne_msgs/msg/detail/velodyne_scan__type_support.cpp
-- Up-to-date: /home/jeongil/ros_foxy_ws/velodyne_ws/install/velodyne_msgs/include/velodyne_msgs/msg/detail/velodyne_packet__type_support.cpp
-- Up-to-date: /home/jeongil/ros_foxy_ws/velodyne_ws/install/velodyne_msgs/include/velodyne_msgs/msg/detail/velodyne_scan__rosidl_typesupport_introspection_cpp.hpp
-- Up-to-date: /home/jeongil/ros_foxy_ws/velodyne_ws/install/velodyne_msgs/lib/libvelodyne_msgs__rosidl_typesupport_introspection_cpp.so
-- Up-to-date: /home/jeongil/ros_foxy_ws/velodyne_ws/install/velodyne_msgs/lib/libvelodyne_msgs__rosidl_typesupport_cpp.so
-- Up-to-date: /home/jeongil/ros_foxy_ws/velodyne_ws/install/velodyne_msgs/share/velodyne_msgs/environment/pythonpath.sh
-- Up-to-date: /home/jeongil/ros_foxy_ws/velodyne_ws/install/velodyne_msgs/share/velodyne_msgs/environment/pythonpath.dsv
-- Up-to-date: /home/jeongil/ros_foxy_ws/velodyne_ws/install/velodyne_msgs/lib/python3.8/site-packages/velodyne_msgs/__init__.py
-- Up-to-date: /home/jeongil/ros_foxy_ws/velodyne_ws/install/velodyne_msgs/lib/python3.8/site-packages/velodyne_msgs/msg
-- Up-to-date: /home/jeongil/ros_foxy_ws/velodyne_ws/install/velodyne_msgs/lib/python3.8/site-packages/velodyne_msgs/msg/_velodyne_scan.py
-- Up-to-date: /home/jeongil/ros_foxy_ws/velodyne_ws/install/velodyne_msgs/lib/python3.8/site-packages/velodyne_msgs/msg/_velodyne_packet.py
-- Up-to-date: /home/jeongil/ros_foxy_ws/velodyne_ws/install/velodyne_msgs/lib/python3.8/site-packages/velodyne_msgs/msg/_velodyne_packet_s.c
-- Up-to-date: /home/jeongil/ros_foxy_ws/velodyne_ws/install/velodyne_msgs/lib/python3.8/site-packages/velodyne_msgs/msg/_velodyne_scan_s.c
-- Up-to-date: /home/jeongil/ros_foxy_ws/velodyne_ws/install/velodyne_msgs/lib/python3.8/site-packages/velodyne_msgs/msg/__init__.py
-- Installing: /home/jeongil/ros_foxy_ws/velodyne_ws/install/velodyne_msgs/lib/python3.8/site-packages/velodyne_msgs/velodyne_msgs_s__rosidl_typesupport_fastrtps_c.cpython-38-x86_64-linux-gnu.so
-- Set runtime path of "/home/jeongil/ros_foxy_ws/velodyne_ws/install/velodyne_msgs/lib/python3.8/site-packages/velodyne_msgs/velodyne_msgs_s__rosidl_typesupport_fastrtps_c.cpython-38-x86_64-linux-gnu.so" to ""
-- Installing: /home/jeongil/ros_foxy_ws/velodyne_ws/install/velodyne_msgs/lib/python3.8/site-packages/velodyne_msgs/velodyne_msgs_s__rosidl_typesupport_introspection_c.cpython-38-x86_64-linux-gnu.so
-- Set runtime path of "/home/jeongil/ros_foxy_ws/velodyne_ws/install/velodyne_msgs/lib/python3.8/site-packages/velodyne_msgs/velodyne_msgs_s__rosidl_typesupport_introspection_c.cpython-38-x86_64-linux-gnu.so" to ""
-- Installing: /home/jeongil/ros_foxy_ws/velodyne_ws/install/velodyne_msgs/lib/python3.8/site-packages/velodyne_msgs/velodyne_msgs_s__rosidl_typesupport_c.cpython-38-x86_64-linux-gnu.so
-- Set runtime path of "/home/jeongil/ros_foxy_ws/velodyne_ws/install/velodyne_msgs/lib/python3.8/site-packages/velodyne_msgs/velodyne_msgs_s__rosidl_typesupport_c.cpython-38-x86_64-linux-gnu.so" to ""
-- Installing: /home/jeongil/ros_foxy_ws/velodyne_ws/install/velodyne_msgs/lib/libvelodyne_msgs__python.so
-- Set runtime path of "/home/jeongil/ros_foxy_ws/velodyne_ws/install/velodyne_msgs/lib/libvelodyne_msgs__python.so" to ""
-- Up-to-date: /home/jeongil/ros_foxy_ws/velodyne_ws/install/velodyne_msgs/share/velodyne_msgs/msg/VelodynePacket.idl
-- Up-to-date: /home/jeongil/ros_foxy_ws/velodyne_ws/install/velodyne_msgs/share/velodyne_msgs/msg/VelodyneScan.idl
-- Up-to-date: /home/jeongil/ros_foxy_ws/velodyne_ws/install/velodyne_msgs/share/velodyne_msgs/msg/VelodynePacket.msg
-- Up-to-date: /home/jeongil/ros_foxy_ws/velodyne_ws/install/velodyne_msgs/share/velodyne_msgs/msg/VelodyneScan.msg
-- Up-to-date: /home/jeongil/ros_foxy_ws/velodyne_ws/install/velodyne_msgs/share/ament_index/resource_index/package_run_dependencies/velodyne_msgs
-- Up-to-date: /home/jeongil/ros_foxy_ws/velodyne_ws/install/velodyne_msgs/share/ament_index/resource_index/parent_prefix_path/velodyne_msgs
-- Up-to-date: /home/jeongil/ros_foxy_ws/velodyne_ws/install/velodyne_msgs/share/velodyne_msgs/environment/ament_prefix_path.sh
-- Up-to-date: /home/jeongil/ros_foxy_ws/velodyne_ws/install/velodyne_msgs/share/velodyne_msgs/environment/ament_prefix_path.dsv
-- Up-to-date: /home/jeongil/ros_foxy_ws/velodyne_ws/install/velodyne_msgs/share/velodyne_msgs/environment/path.sh
-- Up-to-date: /home/jeongil/ros_foxy_ws/velodyne_ws/install/velodyne_msgs/share/velodyne_msgs/environment/path.dsv
-- Up-to-date: /home/jeongil/ros_foxy_ws/velodyne_ws/install/velodyne_msgs/share/velodyne_msgs/local_setup.bash
-- Up-to-date: /home/jeongil/ros_foxy_ws/velodyne_ws/install/velodyne_msgs/share/velodyne_msgs/local_setup.sh
-- Up-to-date: /home/jeongil/ros_foxy_ws/velodyne_ws/install/velodyne_msgs/share/velodyne_msgs/local_setup.zsh
-- Up-to-date: /home/jeongil/ros_foxy_ws/velodyne_ws/install/velodyne_msgs/share/velodyne_msgs/local_setup.dsv
-- Installing: /home/jeongil/ros_foxy_ws/velodyne_ws/install/velodyne_msgs/share/velodyne_msgs/package.dsv
-- Up-to-date: /home/jeongil/ros_foxy_ws/velodyne_ws/install/velodyne_msgs/share/ament_index/resource_index/packages/velodyne_msgs
-- Up-to-date: /home/jeongil/ros_foxy_ws/velodyne_ws/install/velodyne_msgs/share/velodyne_msgs/cmake/velodyne_msgs__rosidl_generator_cExport.cmake
-- Up-to-date: /home/jeongil/ros_foxy_ws/velodyne_ws/install/velodyne_msgs/share/velodyne_msgs/cmake/velodyne_msgs__rosidl_generator_cExport-noconfig.cmake
-- Up-to-date: /home/jeongil/ros_foxy_ws/velodyne_ws/install/velodyne_msgs/share/velodyne_msgs/cmake/velodyne_msgs__rosidl_typesupport_introspection_cExport.cmake
-- Up-to-date: /home/jeongil/ros_foxy_ws/velodyne_ws/install/velodyne_msgs/share/velodyne_msgs/cmake/velodyne_msgs__rosidl_typesupport_introspection_cExport-noconfig.cmake
-- Up-to-date: /home/jeongil/ros_foxy_ws/velodyne_ws/install/velodyne_msgs/share/velodyne_msgs/cmake/velodyne_msgs__rosidl_typesupport_cExport.cmake
-- Up-to-date: /home/jeongil/ros_foxy_ws/velodyne_ws/install/velodyne_msgs/share/velodyne_msgs/cmake/velodyne_msgs__rosidl_typesupport_cExport-noconfig.cmake
-- Up-to-date: /home/jeongil/ros_foxy_ws/velodyne_ws/install/velodyne_msgs/share/velodyne_msgs/cmake/velodyne_msgs__rosidl_generator_cppExport.cmake
-- Up-to-date: /home/jeongil/ros_foxy_ws/velodyne_ws/install/velodyne_msgs/share/velodyne_msgs/cmake/velodyne_msgs__rosidl_typesupport_introspection_cppExport.cmake
-- Up-to-date: /home/jeongil/ros_foxy_ws/velodyne_ws/install/velodyne_msgs/share/velodyne_msgs/cmake/velodyne_msgs__rosidl_typesupport_introspection_cppExport-noconfig.cmake
-- Up-to-date: /home/jeongil/ros_foxy_ws/velodyne_ws/install/velodyne_msgs/share/velodyne_msgs/cmake/velodyne_msgs__rosidl_typesupport_cppExport.cmake
-- Up-to-date: /home/jeongil/ros_foxy_ws/velodyne_ws/install/velodyne_msgs/share/velodyne_msgs/cmake/velodyne_msgs__rosidl_typesupport_cppExport-noconfig.cmake
-- Up-to-date: /home/jeongil/ros_foxy_ws/velodyne_ws/install/velodyne_msgs/share/velodyne_msgs/cmake/rosidl_cmake-extras.cmake
-- Up-to-date: /home/jeongil/ros_foxy_ws/velodyne_ws/install/velodyne_msgs/share/velodyne_msgs/cmake/ament_cmake_export_dependencies-extras.cmake
-- Up-to-date: /home/jeongil/ros_foxy_ws/velodyne_ws/install/velodyne_msgs/share/velodyne_msgs/cmake/ament_cmake_export_libraries-extras.cmake
-- Up-to-date: /home/jeongil/ros_foxy_ws/velodyne_ws/install/velodyne_msgs/share/velodyne_msgs/cmake/ament_cmake_export_targets-extras.cmake
-- Up-to-date: /home/jeongil/ros_foxy_ws/velodyne_ws/install/velodyne_msgs/share/velodyne_msgs/cmake/ament_cmake_export_include_directories-extras.cmake
-- Up-to-date: /home/jeongil/ros_foxy_ws/velodyne_ws/install/velodyne_msgs/share/velodyne_msgs/cmake/rosidl_cmake_export_typesupport_libraries-extras.cmake
-- Up-to-date: /home/jeongil/ros_foxy_ws/velodyne_ws/install/velodyne_msgs/share/velodyne_msgs/cmake/rosidl_cmake_export_typesupport_targets-extras.cmake
-- Up-to-date: /home/jeongil/ros_foxy_ws/velodyne_ws/install/velodyne_msgs/share/velodyne_msgs/cmake/velodyne_msgsConfig.cmake
-- Up-to-date: /home/jeongil/ros_foxy_ws/velodyne_ws/install/velodyne_msgs/share/velodyne_msgs/cmake/velodyne_msgsConfig-version.cmake
-- Up-to-date: /home/jeongil/ros_foxy_ws/velodyne_ws/install/velodyne_msgs/share/velodyne_msgs/package.xml
