** WARNING ** io features related to pcap will be disabled
** WARNING ** io features related to png will be disabled
** WARNING ** io features related to libusb-1.0 will be disabled
[01m[K/home/jeongil/ros_foxy_ws/velodyne_ws/src/LeGO-LOAM-SR/LeGO-LOAM/src/featureAssociation.cpp:[m[K In destructor ‘[01m[Kvirtual FeatureAssociation::~FeatureAssociation()[m[K’:
[01m[K/home/jeongil/ros_foxy_ws/velodyne_ws/src/LeGO-LOAM-SR/LeGO-LOAM/src/featureAssociation.cpp:110:25:[m[K [01;35m[Kwarning: [m[Kconverting to ‘[01m[Kcloud_msgs::msg::CloudInfo[m[K’ {aka ‘[01m[Kcloud_msgs::msg::CloudInfo_<std::allocator<void> >[m[K’} from initializer list would use explicit constructor ‘[01m[Kcloud_msgs::msg::CloudInfo_<ContainerAllocator>::CloudInfo_(rosidl_runtime_cpp::MessageInitialization) [with ContainerAllocator = std::allocator<void>][m[K’
  110 |   _input_channel.send({}[01;35m[K)[m[K;
      |                         [01;35m[K^[m[K
[01m[K/home/jeongil/ros_foxy_ws/velodyne_ws/src/LeGO-LOAM-SR/LeGO-LOAM/src/featureAssociation.cpp:110:25:[m[K [01;36m[Knote: [m[Kin C++11 and above a default constructor can be explicit
[01m[K/home/jeongil/ros_foxy_ws/velodyne_ws/src/LeGO-LOAM-SR/LeGO-LOAM/src/mapOptmization.cpp:[m[K In destructor ‘[01m[Kvirtual MapOptimization::~MapOptimization()[m[K’:
[01m[K/home/jeongil/ros_foxy_ws/velodyne_ws/src/LeGO-LOAM-SR/LeGO-LOAM/src/mapOptmization.cpp:128:25:[m[K [01;35m[Kwarning: [m[Kconverting to ‘[01m[Knav_msgs::msg::Odometry[m[K’ {aka ‘[01m[Knav_msgs::msg::Odometry_<std::allocator<void> >[m[K’} from initializer list would use explicit constructor ‘[01m[Knav_msgs::msg::Odometry_<ContainerAllocator>::Odometry_(rosidl_runtime_cpp::MessageInitialization) [with ContainerAllocator = std::allocator<void>][m[K’
  128 |   _input_channel.send({}[01;35m[K)[m[K;
      |                         [01;35m[K^[m[K
[01m[K/home/jeongil/ros_foxy_ws/velodyne_ws/src/LeGO-LOAM-SR/LeGO-LOAM/src/mapOptmization.cpp:128:25:[m[K [01;36m[Knote: [m[Kin C++11 and above a default constructor can be explicit
[01m[K/home/jeongil/ros_foxy_ws/velodyne_ws/src/LeGO-LOAM-SR/LeGO-LOAM/src/main.cpp:[m[K In function ‘[01m[Kint main(int, char**)[m[K’:
[01m[K/home/jeongil/ros_foxy_ws/velodyne_ws/src/LeGO-LOAM-SR/LeGO-LOAM/src/main.cpp:25:71:[m[K [01;35m[Kwarning: [m[K‘[01m[Krclcpp::ExecutorOptions rclcpp::executor::create_default_executor_arguments()[m[K’ is deprecated: use rclcpp::ExecutorOptions() instead [[01;35m[K-Wdeprecated-declarations[m[K]
   25 |   rclcpp::executors::MultiThreadedExecutor executor(rclcpp::executor::[01;35m[Kcreate_default_executor_arguments[m[K(), 4);
      |                                                                       [01;35m[K^~~~~~~~~~~~~~~~~~~~~~~~~~~~~~~~~[m[K
In file included from [01m[K/opt/ros/foxy/include/rclcpp/executor.hpp:33[m[K,
                 from [01m[K/opt/ros/foxy/include/rclcpp/executors/multi_threaded_executor.hpp:26[m[K,
                 from [01m[K/opt/ros/foxy/include/rclcpp/executors.hpp:21[m[K,
                 from [01m[K/opt/ros/foxy/include/rclcpp/rclcpp.hpp:146[m[K,
                 from [01m[K/home/jeongil/ros_foxy_ws/velodyne_ws/src/LeGO-LOAM-SR/LeGO-LOAM/src/main.cpp:1[m[K:
[01m[K/opt/ros/foxy/include/rclcpp/executor_options.hpp:49:1:[m[K [01;36m[Knote: [m[Kdeclared here
   49 | [01;36m[Kcreate_default_executor_arguments[m[K()
      | [01;36m[K^~~~~~~~~~~~~~~~~~~~~~~~~~~~~~~~~[m[K
[01m[K/home/jeongil/ros_foxy_ws/velodyne_ws/src/LeGO-LOAM-SR/LeGO-LOAM/src/main.cpp:25:105:[m[K [01;35m[Kwarning: [m[K‘[01m[Krclcpp::ExecutorOptions rclcpp::executor::create_default_executor_arguments()[m[K’ is deprecated: use rclcpp::ExecutorOptions() instead [[01;35m[K-Wdeprecated-declarations[m[K]
   25 |   rclcpp::executors::MultiThreadedExecutor executor(rclcpp::executor::create_default_executor_arguments([01;35m[K)[m[K, 4);
      |                                                                                                         [01;35m[K^[m[K
In file included from [01m[K/opt/ros/foxy/include/rclcpp/executor.hpp:33[m[K,
                 from [01m[K/opt/ros/foxy/include/rclcpp/executors/multi_threaded_executor.hpp:26[m[K,
                 from [01m[K/opt/ros/foxy/include/rclcpp/executors.hpp:21[m[K,
                 from [01m[K/opt/ros/foxy/include/rclcpp/rclcpp.hpp:146[m[K,
                 from [01m[K/home/jeongil/ros_foxy_ws/velodyne_ws/src/LeGO-LOAM-SR/LeGO-LOAM/src/main.cpp:1[m[K:
[01m[K/opt/ros/foxy/include/rclcpp/executor_options.hpp:49:1:[m[K [01;36m[Knote: [m[Kdeclared here
   49 | [01;36m[Kcreate_default_executor_arguments[m[K()
      | [01;36m[K^~~~~~~~~~~~~~~~~~~~~~~~~~~~~~~~~[m[K
[01m[K/home/jeongil/ros_foxy_ws/velodyne_ws/src/LeGO-LOAM-SR/LeGO-LOAM/src/main.cpp:25:105:[m[K [01;35m[Kwarning: [m[K‘[01m[Krclcpp::ExecutorOptions rclcpp::executor::create_default_executor_arguments()[m[K’ is deprecated: use rclcpp::ExecutorOptions() instead [[01;35m[K-Wdeprecated-declarations[m[K]
   25 |   rclcpp::executors::MultiThreadedExecutor executor(rclcpp::executor::create_default_executor_arguments([01;35m[K)[m[K, 4);
      |                                                                                                         [01;35m[K^[m[K
In file included from [01m[K/opt/ros/foxy/include/rclcpp/executor.hpp:33[m[K,
                 from [01m[K/opt/ros/foxy/include/rclcpp/executors/multi_threaded_executor.hpp:26[m[K,
                 from [01m[K/opt/ros/foxy/include/rclcpp/executors.hpp:21[m[K,
                 from [01m[K/opt/ros/foxy/include/rclcpp/rclcpp.hpp:146[m[K,
                 from [01m[K/home/jeongil/ros_foxy_ws/velodyne_ws/src/LeGO-LOAM-SR/LeGO-LOAM/src/main.cpp:1[m[K:
[01m[K/opt/ros/foxy/include/rclcpp/executor_options.hpp:49:1:[m[K [01;36m[Knote: [m[Kdeclared here
   49 | [01;36m[Kcreate_default_executor_arguments[m[K()
      | [01;36m[K^~~~~~~~~~~~~~~~~~~~~~~~~~~~~~~~~[m[K
