[0.013s] Invoking command in '/home/d/velo_ws/build/cloud_msgs': CMAKE_PREFIX_PATH=${CMAKE_PREFIX_PATH}:/home/d/jack_ws/install/jackal_desktop:/home/d/jack_ws/install/jackal_viz:/home/d/jack_ws/install/jackal_simulator:/home/d/jack_ws/install/jackal_msgs:/home/d/jack_ws/install/jackal_gazebo:/home/d/jack_ws/install/jackal_control:/home/d/jack_ws/install/jackal_description:/home/d/gcamp_ros2_ws/install/turtlesim:/home/d/gcamp_ros2_ws/install/py_topic_pkg:/home/d/gcamp_ros2_ws/install/py_service_pkg:/home/d/gcamp_ros2_ws/install/py_first_pkg:/home/d/gcamp_ros2_ws/install/py_action_pkg:/home/d/gcamp_ros2_ws/install/gcamp_gazebo:/home/d/gcamp_ros2_ws/install/cpp_service_pkg:/home/d/gcamp_ros2_ws/install/cpp_action_pkg:/home/d/gcamp_ros2_ws/install/custom_interfaces:/home/d/gcamp_ros2_ws/install/cpp_topic_pkg:/home/d/gcamp_ros2_ws/install/cpp_service_tutorial:/home/d/gcamp_ros2_ws/install/cpp_param_pkg:/home/d/gcamp_ros2_ws/install/cpp_first_pkg:/opt/ros/foxy /usr/bin/cmake /home/d/velo_ws/src/LeGO-LOAM-SR/cloud_msgs -DCMAKE_INSTALL_PREFIX=/home/d/velo_ws/install/cloud_msgs
[0.040s] -- The C compiler identification is GNU 9.4.0
[0.069s] -- The CXX compiler identification is GNU 9.4.0
[0.072s] -- Check for working C compiler: /usr/bin/cc
[0.107s] -- Check for working C compiler: /usr/bin/cc -- works
[0.108s] -- Detecting C compiler ABI info
[0.144s] -- Detecting C compiler ABI info - done
[0.150s] -- Detecting C compile features
[0.150s] -- Detecting C compile features - done
[0.151s] -- Check for working CXX compiler: /usr/bin/c++
[0.194s] -- Check for working CXX compiler: /usr/bin/c++ -- works
[0.194s] -- Detecting CXX compiler ABI info
[0.236s] -- Detecting CXX compiler ABI info - done
[0.242s] -- Detecting CXX compile features
[0.242s] -- Detecting CXX compile features - done
[0.244s] -- Found ament_cmake: 0.9.11 (/opt/ros/foxy/share/ament_cmake/cmake)
[0.262s] -- Found PythonInterp: /usr/bin/python3 (found suitable version "3.8.10", minimum required is "3") 
[0.262s] -- Using PYTHON_EXECUTABLE: /usr/bin/python3
[0.372s] -- Found std_msgs: 2.0.5 (/opt/ros/foxy/share/std_msgs/cmake)
[0.390s] -- Using all available rosidl_typesupport_c: rosidl_typesupport_fastrtps_c;rosidl_typesupport_introspection_c
[0.395s] -- Found rosidl_adapter: 1.3.0 (/opt/ros/foxy/share/rosidl_adapter/cmake)
[0.438s] -- Found OpenSSL: /usr/lib/x86_64-linux-gnu/libcrypto.so (found version "1.1.1f")  
[0.456s] -- Found FastRTPS: /opt/ros/foxy/include  
[0.499s] -- Using all available rosidl_typesupport_cpp: rosidl_typesupport_fastrtps_cpp;rosidl_typesupport_introspection_cpp
[0.525s] -- Found rosidl_default_generators: 1.0.1 (/opt/ros/foxy/share/rosidl_default_generators/cmake)
[0.547s] -- Found PythonInterp: /usr/bin/python3 (found version "3.8.10") 
[0.631s] -- Found ament_cmake_ros: 0.9.2 (/opt/ros/foxy/share/ament_cmake_ros/cmake)
[0.727s] -- Using all available rosidl_typesupport_c: rosidl_typesupport_fastrtps_c;rosidl_typesupport_introspection_c
[0.758s] -- Using all available rosidl_typesupport_cpp: rosidl_typesupport_fastrtps_cpp;rosidl_typesupport_introspection_cpp
[0.776s] -- Found PythonInterp: /usr/bin/python3 (found suitable version "3.8.10", minimum required is "3.5") 
[0.777s] -- Found python_cmake_module: 0.8.1 (/opt/ros/foxy/share/python_cmake_module/cmake)
[0.795s] -- Found PythonLibs: /usr/lib/x86_64-linux-gnu/libpython3.8.so (found suitable version "3.8.10", minimum required is "3.5") 
[0.795s] -- Using PYTHON_EXECUTABLE: /usr/bin/python3
[0.795s] -- Using PYTHON_INCLUDE_DIRS: /usr/include/python3.8
[0.795s] -- Using PYTHON_LIBRARIES: /usr/lib/x86_64-linux-gnu/libpython3.8.so
[0.810s] -- Found PythonExtra: .so  
[0.851s] -- Configuring done
[0.870s] -- Generating done
[0.872s] -- Build files have been written to: /home/d/velo_ws/build/cloud_msgs
[0.876s] Invoked command in '/home/d/velo_ws/build/cloud_msgs' returned '0': CMAKE_PREFIX_PATH=${CMAKE_PREFIX_PATH}:/home/d/jack_ws/install/jackal_desktop:/home/d/jack_ws/install/jackal_viz:/home/d/jack_ws/install/jackal_simulator:/home/d/jack_ws/install/jackal_msgs:/home/d/jack_ws/install/jackal_gazebo:/home/d/jack_ws/install/jackal_control:/home/d/jack_ws/install/jackal_description:/home/d/gcamp_ros2_ws/install/turtlesim:/home/d/gcamp_ros2_ws/install/py_topic_pkg:/home/d/gcamp_ros2_ws/install/py_service_pkg:/home/d/gcamp_ros2_ws/install/py_first_pkg:/home/d/gcamp_ros2_ws/install/py_action_pkg:/home/d/gcamp_ros2_ws/install/gcamp_gazebo:/home/d/gcamp_ros2_ws/install/cpp_service_pkg:/home/d/gcamp_ros2_ws/install/cpp_action_pkg:/home/d/gcamp_ros2_ws/install/custom_interfaces:/home/d/gcamp_ros2_ws/install/cpp_topic_pkg:/home/d/gcamp_ros2_ws/install/cpp_service_tutorial:/home/d/gcamp_ros2_ws/install/cpp_param_pkg:/home/d/gcamp_ros2_ws/install/cpp_first_pkg:/opt/ros/foxy /usr/bin/cmake /home/d/velo_ws/src/LeGO-LOAM-SR/cloud_msgs -DCMAKE_INSTALL_PREFIX=/home/d/velo_ws/install/cloud_msgs
[0.877s] Invoking command in '/home/d/velo_ws/build/cloud_msgs': CMAKE_PREFIX_PATH=${CMAKE_PREFIX_PATH}:/home/d/jack_ws/install/jackal_desktop:/home/d/jack_ws/install/jackal_viz:/home/d/jack_ws/install/jackal_simulator:/home/d/jack_ws/install/jackal_msgs:/home/d/jack_ws/install/jackal_gazebo:/home/d/jack_ws/install/jackal_control:/home/d/jack_ws/install/jackal_description:/home/d/gcamp_ros2_ws/install/turtlesim:/home/d/gcamp_ros2_ws/install/py_topic_pkg:/home/d/gcamp_ros2_ws/install/py_service_pkg:/home/d/gcamp_ros2_ws/install/py_first_pkg:/home/d/gcamp_ros2_ws/install/py_action_pkg:/home/d/gcamp_ros2_ws/install/gcamp_gazebo:/home/d/gcamp_ros2_ws/install/cpp_service_pkg:/home/d/gcamp_ros2_ws/install/cpp_action_pkg:/home/d/gcamp_ros2_ws/install/custom_interfaces:/home/d/gcamp_ros2_ws/install/cpp_topic_pkg:/home/d/gcamp_ros2_ws/install/cpp_service_tutorial:/home/d/gcamp_ros2_ws/install/cpp_param_pkg:/home/d/gcamp_ros2_ws/install/cpp_first_pkg:/opt/ros/foxy /usr/bin/cmake --build /home/d/velo_ws/build/cloud_msgs -- -j20 -l20
[0.897s] [35m[1mScanning dependencies of target cloud_msgs__cpp[0m
[0.897s] [  3%] [34m[1mGenerating C code for ROS interfaces[0m
[0.904s] [  6%] [34m[1mGenerating C++ code for ROS interfaces[0m
[1.032s] [35m[1mScanning dependencies of target cloud_msgs__rosidl_generator_c[0m
[1.037s] [  6%] Built target cloud_msgs__cpp
[1.038s] [  9%] [32mBuilding C object CMakeFiles/cloud_msgs__rosidl_generator_c.dir/rosidl_generator_c/cloud_msgs/msg/detail/cloud_info__functions.c.o[0m
[1.043s] [ 12%] [34m[1mGenerating C++ introspection for ROS interfaces[0m
[1.043s] [ 19%] [34m[1mGenerating C++ type support for eProsima Fast-RTPS[0m
[1.043s] [ 19%] [34m[1mGenerating C++ type support dispatch for ROS interfaces[0m
[1.065s] [ 22%] [32m[1mLinking C shared library libcloud_msgs__rosidl_generator_c.so[0m
[1.087s] [ 22%] Built target cloud_msgs__rosidl_generator_c
[1.093s] [ 29%] [34m[1mGenerating C type support dispatch for ROS interfaces[0m
[1.093s] [ 29%] [34m[1mGenerating C introspection for ROS interfaces[0m
[1.169s] [35m[1mScanning dependencies of target cloud_msgs__rosidl_typesupport_cpp[0m
[1.176s] [ 32%] [32mBuilding CXX object CMakeFiles/cloud_msgs__rosidl_typesupport_cpp.dir/rosidl_typesupport_cpp/cloud_msgs/msg/cloud_info__type_support.cpp.o[0m
[1.176s] [35m[1mScanning dependencies of target cloud_msgs__rosidl_typesupport_introspection_cpp[0m
[1.179s] [35m[1mScanning dependencies of target cloud_msgs__rosidl_typesupport_fastrtps_cpp[0m
[1.182s] [ 35%] [32mBuilding CXX object CMakeFiles/cloud_msgs__rosidl_typesupport_introspection_cpp.dir/rosidl_typesupport_introspection_cpp/cloud_msgs/msg/detail/cloud_info__type_support.cpp.o[0m
[1.189s] [ 38%] [32mBuilding CXX object CMakeFiles/cloud_msgs__rosidl_typesupport_fastrtps_cpp.dir/rosidl_typesupport_fastrtps_cpp/cloud_msgs/msg/detail/dds_fastrtps/cloud_info__type_support.cpp.o[0m
[1.215s] [35m[1mScanning dependencies of target cloud_msgs__rosidl_typesupport_c[0m
[1.222s] [ 41%] [32mBuilding CXX object CMakeFiles/cloud_msgs__rosidl_typesupport_c.dir/rosidl_typesupport_c/cloud_msgs/msg/cloud_info__type_support.cpp.o[0m
[1.229s] [35m[1mScanning dependencies of target cloud_msgs__rosidl_typesupport_introspection_c[0m
[1.236s] [ 45%] [32mBuilding C object CMakeFiles/cloud_msgs__rosidl_typesupport_introspection_c.dir/rosidl_typesupport_introspection_c/cloud_msgs/msg/detail/cloud_info__type_support.c.o[0m
[1.239s] [ 48%] [32m[1mLinking CXX shared library libcloud_msgs__rosidl_typesupport_c.so[0m
[1.255s] [ 51%] [32m[1mLinking C shared library libcloud_msgs__rosidl_typesupport_introspection_c.so[0m
[1.261s] [ 51%] Built target cloud_msgs__rosidl_typesupport_c
[1.272s] [ 51%] Built target cloud_msgs__rosidl_typesupport_introspection_c
[1.308s] [ 54%] [32m[1mLinking CXX shared library libcloud_msgs__rosidl_typesupport_cpp.so[0m
[1.331s] [ 54%] Built target cloud_msgs__rosidl_typesupport_cpp
[1.394s] [ 58%] [32m[1mLinking CXX shared library libcloud_msgs__rosidl_typesupport_introspection_cpp.so[0m
[1.435s] [ 58%] Built target cloud_msgs__rosidl_typesupport_introspection_cpp
[1.457s] [ 61%] [32m[1mLinking CXX shared library libcloud_msgs__rosidl_typesupport_fastrtps_cpp.so[0m
[1.506s] [ 61%] Built target cloud_msgs__rosidl_typesupport_fastrtps_cpp
[1.512s] [ 64%] [34m[1mGenerating C type support for eProsima Fast-RTPS[0m
[1.642s] [35m[1mScanning dependencies of target cloud_msgs__rosidl_typesupport_fastrtps_c[0m
[1.650s] [ 67%] [32mBuilding CXX object CMakeFiles/cloud_msgs__rosidl_typesupport_fastrtps_c.dir/rosidl_typesupport_fastrtps_c/cloud_msgs/msg/detail/cloud_info__type_support_c.cpp.o[0m
[1.814s] [ 70%] [32m[1mLinking CXX shared library libcloud_msgs__rosidl_typesupport_fastrtps_c.so[0m
[1.860s] [ 70%] Built target cloud_msgs__rosidl_typesupport_fastrtps_c
[1.866s] [35m[1mScanning dependencies of target cloud_msgs[0m
[1.871s] [ 70%] Built target cloud_msgs
[1.877s] [35m[1mScanning dependencies of target cloud_msgs__py[0m
[1.883s] [ 74%] [34m[1mGenerating Python code for ROS interfaces[0m
[2.102s] [ 74%] Built target cloud_msgs__py
[2.108s] [35m[1mScanning dependencies of target cloud_msgs__python[0m
[2.117s] [ 77%] [32mBuilding C object CMakeFiles/cloud_msgs__python.dir/rosidl_generator_py/cloud_msgs/msg/_cloud_info_s.c.o[0m
[2.182s] [ 80%] [32m[1mLinking C shared library rosidl_generator_py/cloud_msgs/libcloud_msgs__python.so[0m
[2.205s] [ 80%] Built target cloud_msgs__python
[2.211s] [35m[1mScanning dependencies of target cloud_msgs__rosidl_typesupport_introspection_c__pyext[0m
[2.211s] [35m[1mScanning dependencies of target cloud_msgs__rosidl_typesupport_c__pyext[0m
[2.211s] [35m[1mScanning dependencies of target cloud_msgs__rosidl_typesupport_fastrtps_c__pyext[0m
[2.220s] [ 90%] [32mBuilding C object CMakeFiles/cloud_msgs__rosidl_typesupport_c__pyext.dir/rosidl_generator_py/cloud_msgs/_cloud_msgs_s.ep.rosidl_typesupport_c.c.o[0m
[2.220s] [ 90%] [32mBuilding C object CMakeFiles/cloud_msgs__rosidl_typesupport_fastrtps_c__pyext.dir/rosidl_generator_py/cloud_msgs/_cloud_msgs_s.ep.rosidl_typesupport_fastrtps_c.c.o[0m
[2.220s] [ 90%] [32mBuilding C object CMakeFiles/cloud_msgs__rosidl_typesupport_introspection_c__pyext.dir/rosidl_generator_py/cloud_msgs/_cloud_msgs_s.ep.rosidl_typesupport_introspection_c.c.o[0m
[2.260s] [100%] [32m[1mLinking C shared library rosidl_generator_py/cloud_msgs/cloud_msgs_s__rosidl_typesupport_c.cpython-38-x86_64-linux-gnu.so[0m
[2.260s] [100%] [32m[1mLinking C shared library rosidl_generator_py/cloud_msgs/cloud_msgs_s__rosidl_typesupport_introspection_c.cpython-38-x86_64-linux-gnu.so[0m
[2.260s] [100%] [32m[1mLinking CXX shared library rosidl_generator_py/cloud_msgs/cloud_msgs_s__rosidl_typesupport_fastrtps_c.cpython-38-x86_64-linux-gnu.so[0m
[2.279s] [100%] Built target cloud_msgs__rosidl_typesupport_c__pyext
[2.279s] [100%] Built target cloud_msgs__rosidl_typesupport_introspection_c__pyext
[2.296s] [100%] Built target cloud_msgs__rosidl_typesupport_fastrtps_c__pyext
[2.302s] Invoked command in '/home/d/velo_ws/build/cloud_msgs' returned '0': CMAKE_PREFIX_PATH=${CMAKE_PREFIX_PATH}:/home/d/jack_ws/install/jackal_desktop:/home/d/jack_ws/install/jackal_viz:/home/d/jack_ws/install/jackal_simulator:/home/d/jack_ws/install/jackal_msgs:/home/d/jack_ws/install/jackal_gazebo:/home/d/jack_ws/install/jackal_control:/home/d/jack_ws/install/jackal_description:/home/d/gcamp_ros2_ws/install/turtlesim:/home/d/gcamp_ros2_ws/install/py_topic_pkg:/home/d/gcamp_ros2_ws/install/py_service_pkg:/home/d/gcamp_ros2_ws/install/py_first_pkg:/home/d/gcamp_ros2_ws/install/py_action_pkg:/home/d/gcamp_ros2_ws/install/gcamp_gazebo:/home/d/gcamp_ros2_ws/install/cpp_service_pkg:/home/d/gcamp_ros2_ws/install/cpp_action_pkg:/home/d/gcamp_ros2_ws/install/custom_interfaces:/home/d/gcamp_ros2_ws/install/cpp_topic_pkg:/home/d/gcamp_ros2_ws/install/cpp_service_tutorial:/home/d/gcamp_ros2_ws/install/cpp_param_pkg:/home/d/gcamp_ros2_ws/install/cpp_first_pkg:/opt/ros/foxy /usr/bin/cmake --build /home/d/velo_ws/build/cloud_msgs -- -j20 -l20
[2.335s] Invoking command in '/home/d/velo_ws/build/cloud_msgs': CMAKE_PREFIX_PATH=${CMAKE_PREFIX_PATH}:/home/d/jack_ws/install/jackal_desktop:/home/d/jack_ws/install/jackal_viz:/home/d/jack_ws/install/jackal_simulator:/home/d/jack_ws/install/jackal_msgs:/home/d/jack_ws/install/jackal_gazebo:/home/d/jack_ws/install/jackal_control:/home/d/jack_ws/install/jackal_description:/home/d/gcamp_ros2_ws/install/turtlesim:/home/d/gcamp_ros2_ws/install/py_topic_pkg:/home/d/gcamp_ros2_ws/install/py_service_pkg:/home/d/gcamp_ros2_ws/install/py_first_pkg:/home/d/gcamp_ros2_ws/install/py_action_pkg:/home/d/gcamp_ros2_ws/install/gcamp_gazebo:/home/d/gcamp_ros2_ws/install/cpp_service_pkg:/home/d/gcamp_ros2_ws/install/cpp_action_pkg:/home/d/gcamp_ros2_ws/install/custom_interfaces:/home/d/gcamp_ros2_ws/install/cpp_topic_pkg:/home/d/gcamp_ros2_ws/install/cpp_service_tutorial:/home/d/gcamp_ros2_ws/install/cpp_param_pkg:/home/d/gcamp_ros2_ws/install/cpp_first_pkg:/opt/ros/foxy /usr/bin/cmake --install /home/d/velo_ws/build/cloud_msgs
[2.339s] -- Install configuration: ""
[2.339s] -- Installing: /home/d/velo_ws/install/cloud_msgs/share/ament_index/resource_index/rosidl_interfaces/cloud_msgs
[2.340s] -- Installing: /home/d/velo_ws/install/cloud_msgs/include/cloud_msgs
[2.340s] -- Installing: /home/d/velo_ws/install/cloud_msgs/include/cloud_msgs/msg
[2.340s] -- Installing: /home/d/velo_ws/install/cloud_msgs/include/cloud_msgs/msg/cloud_info.h
[2.340s] -- Installing: /home/d/velo_ws/install/cloud_msgs/include/cloud_msgs/msg/rosidl_generator_c__visibility_control.h
[2.340s] -- Installing: /home/d/velo_ws/install/cloud_msgs/include/cloud_msgs/msg/detail
[2.340s] -- Installing: /home/d/velo_ws/install/cloud_msgs/include/cloud_msgs/msg/detail/cloud_info__type_support.h
[2.340s] -- Installing: /home/d/velo_ws/install/cloud_msgs/include/cloud_msgs/msg/detail/cloud_info__functions.h
[2.340s] -- Installing: /home/d/velo_ws/install/cloud_msgs/include/cloud_msgs/msg/detail/cloud_info__functions.c
[2.340s] -- Installing: /home/d/velo_ws/install/cloud_msgs/include/cloud_msgs/msg/detail/cloud_info__struct.h
[2.340s] -- Installing: /home/d/velo_ws/install/cloud_msgs/share/cloud_msgs/environment/library_path.sh
[2.341s] -- Installing: /home/d/velo_ws/install/cloud_msgs/share/cloud_msgs/environment/library_path.dsv
[2.341s] -- Installing: /home/d/velo_ws/install/cloud_msgs/lib/libcloud_msgs__rosidl_generator_c.so
[2.341s] -- Set runtime path of "/home/d/velo_ws/install/cloud_msgs/lib/libcloud_msgs__rosidl_generator_c.so" to ""
[2.341s] -- Up-to-date: /home/d/velo_ws/install/cloud_msgs/include/cloud_msgs
[2.341s] -- Up-to-date: /home/d/velo_ws/install/cloud_msgs/include/cloud_msgs/msg
[2.341s] -- Installing: /home/d/velo_ws/install/cloud_msgs/include/cloud_msgs/msg/rosidl_typesupport_fastrtps_c__visibility_control.h
[2.341s] -- Up-to-date: /home/d/velo_ws/install/cloud_msgs/include/cloud_msgs/msg/detail
[2.341s] -- Installing: /home/d/velo_ws/install/cloud_msgs/include/cloud_msgs/msg/detail/cloud_info__rosidl_typesupport_fastrtps_c.h
[2.341s] -- Installing: /home/d/velo_ws/install/cloud_msgs/lib/libcloud_msgs__rosidl_typesupport_fastrtps_c.so
[2.341s] -- Set runtime path of "/home/d/velo_ws/install/cloud_msgs/lib/libcloud_msgs__rosidl_typesupport_fastrtps_c.so" to ""
[2.341s] -- Up-to-date: /home/d/velo_ws/install/cloud_msgs/include/cloud_msgs
[2.341s] -- Up-to-date: /home/d/velo_ws/install/cloud_msgs/include/cloud_msgs/msg
[2.341s] -- Installing: /home/d/velo_ws/install/cloud_msgs/include/cloud_msgs/msg/rosidl_typesupport_fastrtps_cpp__visibility_control.h
[2.341s] -- Up-to-date: /home/d/velo_ws/install/cloud_msgs/include/cloud_msgs/msg/detail
[2.341s] -- Installing: /home/d/velo_ws/install/cloud_msgs/include/cloud_msgs/msg/detail/dds_fastrtps
[2.341s] -- Installing: /home/d/velo_ws/install/cloud_msgs/include/cloud_msgs/msg/detail/cloud_info__rosidl_typesupport_fastrtps_cpp.hpp
[2.341s] -- Installing: /home/d/velo_ws/install/cloud_msgs/lib/libcloud_msgs__rosidl_typesupport_fastrtps_cpp.so
[2.341s] -- Set runtime path of "/home/d/velo_ws/install/cloud_msgs/lib/libcloud_msgs__rosidl_typesupport_fastrtps_cpp.so" to ""
[2.341s] -- Up-to-date: /home/d/velo_ws/install/cloud_msgs/include/cloud_msgs
[2.341s] -- Up-to-date: /home/d/velo_ws/install/cloud_msgs/include/cloud_msgs/msg
[2.341s] -- Installing: /home/d/velo_ws/install/cloud_msgs/include/cloud_msgs/msg/rosidl_typesupport_introspection_c__visibility_control.h
[2.342s] -- Up-to-date: /home/d/velo_ws/install/cloud_msgs/include/cloud_msgs/msg/detail
[2.342s] -- Installing: /home/d/velo_ws/install/cloud_msgs/include/cloud_msgs/msg/detail/cloud_info__rosidl_typesupport_introspection_c.h
[2.342s] -- Installing: /home/d/velo_ws/install/cloud_msgs/include/cloud_msgs/msg/detail/cloud_info__type_support.c
[2.342s] -- Installing: /home/d/velo_ws/install/cloud_msgs/lib/libcloud_msgs__rosidl_typesupport_introspection_c.so
[2.342s] -- Set runtime path of "/home/d/velo_ws/install/cloud_msgs/lib/libcloud_msgs__rosidl_typesupport_introspection_c.so" to ""
[2.342s] -- Installing: /home/d/velo_ws/install/cloud_msgs/lib/libcloud_msgs__rosidl_typesupport_c.so
[2.342s] -- Set runtime path of "/home/d/velo_ws/install/cloud_msgs/lib/libcloud_msgs__rosidl_typesupport_c.so" to ""
[2.342s] -- Up-to-date: /home/d/velo_ws/install/cloud_msgs/include/cloud_msgs
[2.342s] -- Up-to-date: /home/d/velo_ws/install/cloud_msgs/include/cloud_msgs/msg
[2.342s] -- Installing: /home/d/velo_ws/install/cloud_msgs/include/cloud_msgs/msg/cloud_info.hpp
[2.342s] -- Up-to-date: /home/d/velo_ws/install/cloud_msgs/include/cloud_msgs/msg/detail
[2.342s] -- Installing: /home/d/velo_ws/install/cloud_msgs/include/cloud_msgs/msg/detail/cloud_info__builder.hpp
[2.342s] -- Installing: /home/d/velo_ws/install/cloud_msgs/include/cloud_msgs/msg/detail/cloud_info__traits.hpp
[2.342s] -- Installing: /home/d/velo_ws/install/cloud_msgs/include/cloud_msgs/msg/detail/cloud_info__struct.hpp
[2.342s] -- Up-to-date: /home/d/velo_ws/install/cloud_msgs/include/cloud_msgs
[2.342s] -- Up-to-date: /home/d/velo_ws/install/cloud_msgs/include/cloud_msgs/msg
[2.342s] -- Up-to-date: /home/d/velo_ws/install/cloud_msgs/include/cloud_msgs/msg/detail
[2.342s] -- Installing: /home/d/velo_ws/install/cloud_msgs/include/cloud_msgs/msg/detail/cloud_info__type_support.cpp
[2.342s] -- Installing: /home/d/velo_ws/install/cloud_msgs/include/cloud_msgs/msg/detail/cloud_info__rosidl_typesupport_introspection_cpp.hpp
[2.342s] -- Installing: /home/d/velo_ws/install/cloud_msgs/lib/libcloud_msgs__rosidl_typesupport_introspection_cpp.so
[2.342s] -- Set runtime path of "/home/d/velo_ws/install/cloud_msgs/lib/libcloud_msgs__rosidl_typesupport_introspection_cpp.so" to ""
[2.342s] -- Installing: /home/d/velo_ws/install/cloud_msgs/lib/libcloud_msgs__rosidl_typesupport_cpp.so
[2.342s] -- Set runtime path of "/home/d/velo_ws/install/cloud_msgs/lib/libcloud_msgs__rosidl_typesupport_cpp.so" to ""
[2.342s] -- Installing: /home/d/velo_ws/install/cloud_msgs/share/cloud_msgs/environment/pythonpath.sh
[2.342s] -- Installing: /home/d/velo_ws/install/cloud_msgs/share/cloud_msgs/environment/pythonpath.dsv
[2.342s] -- Installing: /home/d/velo_ws/install/cloud_msgs/lib/python3.8/site-packages/cloud_msgs/__init__.py
[2.360s] Compiling '/home/d/velo_ws/install/cloud_msgs/lib/python3.8/site-packages/cloud_msgs/__init__.py'...
[2.363s] -- Installing: /home/d/velo_ws/install/cloud_msgs/lib/python3.8/site-packages/cloud_msgs/msg
[2.363s] -- Installing: /home/d/velo_ws/install/cloud_msgs/lib/python3.8/site-packages/cloud_msgs/msg/_cloud_info_s.c
[2.363s] -- Installing: /home/d/velo_ws/install/cloud_msgs/lib/python3.8/site-packages/cloud_msgs/msg/__init__.py
[2.363s] -- Installing: /home/d/velo_ws/install/cloud_msgs/lib/python3.8/site-packages/cloud_msgs/msg/_cloud_info.py
[2.363s] -- Installing: /home/d/velo_ws/install/cloud_msgs/lib/python3.8/site-packages/cloud_msgs/cloud_msgs_s__rosidl_typesupport_fastrtps_c.cpython-38-x86_64-linux-gnu.so
[2.363s] -- Set runtime path of "/home/d/velo_ws/install/cloud_msgs/lib/python3.8/site-packages/cloud_msgs/cloud_msgs_s__rosidl_typesupport_fastrtps_c.cpython-38-x86_64-linux-gnu.so" to ""
[2.363s] -- Installing: /home/d/velo_ws/install/cloud_msgs/lib/python3.8/site-packages/cloud_msgs/cloud_msgs_s__rosidl_typesupport_introspection_c.cpython-38-x86_64-linux-gnu.so
[2.363s] -- Set runtime path of "/home/d/velo_ws/install/cloud_msgs/lib/python3.8/site-packages/cloud_msgs/cloud_msgs_s__rosidl_typesupport_introspection_c.cpython-38-x86_64-linux-gnu.so" to ""
[2.363s] -- Installing: /home/d/velo_ws/install/cloud_msgs/lib/python3.8/site-packages/cloud_msgs/cloud_msgs_s__rosidl_typesupport_c.cpython-38-x86_64-linux-gnu.so
[2.364s] -- Set runtime path of "/home/d/velo_ws/install/cloud_msgs/lib/python3.8/site-packages/cloud_msgs/cloud_msgs_s__rosidl_typesupport_c.cpython-38-x86_64-linux-gnu.so" to ""
[2.364s] -- Installing: /home/d/velo_ws/install/cloud_msgs/lib/libcloud_msgs__python.so
[2.364s] -- Set runtime path of "/home/d/velo_ws/install/cloud_msgs/lib/libcloud_msgs__python.so" to ""
[2.364s] -- Installing: /home/d/velo_ws/install/cloud_msgs/share/cloud_msgs/msg/CloudInfo.idl
[2.364s] -- Installing: /home/d/velo_ws/install/cloud_msgs/share/cloud_msgs/msg/CloudInfo.msg
[2.364s] -- Installing: /home/d/velo_ws/install/cloud_msgs/share/ament_index/resource_index/package_run_dependencies/cloud_msgs
[2.364s] -- Installing: /home/d/velo_ws/install/cloud_msgs/share/ament_index/resource_index/parent_prefix_path/cloud_msgs
[2.364s] -- Installing: /home/d/velo_ws/install/cloud_msgs/share/cloud_msgs/environment/ament_prefix_path.sh
[2.364s] -- Installing: /home/d/velo_ws/install/cloud_msgs/share/cloud_msgs/environment/ament_prefix_path.dsv
[2.364s] -- Installing: /home/d/velo_ws/install/cloud_msgs/share/cloud_msgs/environment/path.sh
[2.364s] -- Installing: /home/d/velo_ws/install/cloud_msgs/share/cloud_msgs/environment/path.dsv
[2.364s] -- Installing: /home/d/velo_ws/install/cloud_msgs/share/cloud_msgs/local_setup.bash
[2.364s] -- Installing: /home/d/velo_ws/install/cloud_msgs/share/cloud_msgs/local_setup.sh
[2.364s] -- Installing: /home/d/velo_ws/install/cloud_msgs/share/cloud_msgs/local_setup.zsh
[2.364s] -- Installing: /home/d/velo_ws/install/cloud_msgs/share/cloud_msgs/local_setup.dsv
[2.364s] -- Installing: /home/d/velo_ws/install/cloud_msgs/share/cloud_msgs/package.dsv
[2.364s] -- Installing: /home/d/velo_ws/install/cloud_msgs/share/ament_index/resource_index/packages/cloud_msgs
[2.365s] -- Installing: /home/d/velo_ws/install/cloud_msgs/share/cloud_msgs/cmake/cloud_msgs__rosidl_generator_cExport.cmake
[2.365s] -- Installing: /home/d/velo_ws/install/cloud_msgs/share/cloud_msgs/cmake/cloud_msgs__rosidl_generator_cExport-noconfig.cmake
[2.365s] -- Installing: /home/d/velo_ws/install/cloud_msgs/share/cloud_msgs/cmake/cloud_msgs__rosidl_typesupport_introspection_cExport.cmake
[2.365s] -- Installing: /home/d/velo_ws/install/cloud_msgs/share/cloud_msgs/cmake/cloud_msgs__rosidl_typesupport_introspection_cExport-noconfig.cmake
[2.365s] -- Installing: /home/d/velo_ws/install/cloud_msgs/share/cloud_msgs/cmake/cloud_msgs__rosidl_typesupport_cExport.cmake
[2.365s] -- Installing: /home/d/velo_ws/install/cloud_msgs/share/cloud_msgs/cmake/cloud_msgs__rosidl_typesupport_cExport-noconfig.cmake
[2.365s] -- Installing: /home/d/velo_ws/install/cloud_msgs/share/cloud_msgs/cmake/cloud_msgs__rosidl_generator_cppExport.cmake
[2.365s] -- Installing: /home/d/velo_ws/install/cloud_msgs/share/cloud_msgs/cmake/cloud_msgs__rosidl_typesupport_introspection_cppExport.cmake
[2.365s] -- Installing: /home/d/velo_ws/install/cloud_msgs/share/cloud_msgs/cmake/cloud_msgs__rosidl_typesupport_introspection_cppExport-noconfig.cmake
[2.365s] -- Installing: /home/d/velo_ws/install/cloud_msgs/share/cloud_msgs/cmake/cloud_msgs__rosidl_typesupport_cppExport.cmake
[2.365s] -- Installing: /home/d/velo_ws/install/cloud_msgs/share/cloud_msgs/cmake/cloud_msgs__rosidl_typesupport_cppExport-noconfig.cmake
[2.365s] -- Installing: /home/d/velo_ws/install/cloud_msgs/share/cloud_msgs/cmake/rosidl_cmake-extras.cmake
[2.365s] -- Installing: /home/d/velo_ws/install/cloud_msgs/share/cloud_msgs/cmake/ament_cmake_export_dependencies-extras.cmake
[2.365s] -- Installing: /home/d/velo_ws/install/cloud_msgs/share/cloud_msgs/cmake/ament_cmake_export_libraries-extras.cmake
[2.365s] -- Installing: /home/d/velo_ws/install/cloud_msgs/share/cloud_msgs/cmake/ament_cmake_export_targets-extras.cmake
[2.365s] -- Installing: /home/d/velo_ws/install/cloud_msgs/share/cloud_msgs/cmake/ament_cmake_export_include_directories-extras.cmake
[2.365s] -- Installing: /home/d/velo_ws/install/cloud_msgs/share/cloud_msgs/cmake/rosidl_cmake_export_typesupport_libraries-extras.cmake
[2.365s] -- Installing: /home/d/velo_ws/install/cloud_msgs/share/cloud_msgs/cmake/rosidl_cmake_export_typesupport_targets-extras.cmake
[2.365s] -- Installing: /home/d/velo_ws/install/cloud_msgs/share/cloud_msgs/cmake/cloud_msgsConfig.cmake
[2.365s] -- Installing: /home/d/velo_ws/install/cloud_msgs/share/cloud_msgs/cmake/cloud_msgsConfig-version.cmake
[2.366s] -- Installing: /home/d/velo_ws/install/cloud_msgs/share/cloud_msgs/package.xml
[2.367s] Invoked command in '/home/d/velo_ws/build/cloud_msgs' returned '0': CMAKE_PREFIX_PATH=${CMAKE_PREFIX_PATH}:/home/d/jack_ws/install/jackal_desktop:/home/d/jack_ws/install/jackal_viz:/home/d/jack_ws/install/jackal_simulator:/home/d/jack_ws/install/jackal_msgs:/home/d/jack_ws/install/jackal_gazebo:/home/d/jack_ws/install/jackal_control:/home/d/jack_ws/install/jackal_description:/home/d/gcamp_ros2_ws/install/turtlesim:/home/d/gcamp_ros2_ws/install/py_topic_pkg:/home/d/gcamp_ros2_ws/install/py_service_pkg:/home/d/gcamp_ros2_ws/install/py_first_pkg:/home/d/gcamp_ros2_ws/install/py_action_pkg:/home/d/gcamp_ros2_ws/install/gcamp_gazebo:/home/d/gcamp_ros2_ws/install/cpp_service_pkg:/home/d/gcamp_ros2_ws/install/cpp_action_pkg:/home/d/gcamp_ros2_ws/install/custom_interfaces:/home/d/gcamp_ros2_ws/install/cpp_topic_pkg:/home/d/gcamp_ros2_ws/install/cpp_service_tutorial:/home/d/gcamp_ros2_ws/install/cpp_param_pkg:/home/d/gcamp_ros2_ws/install/cpp_first_pkg:/opt/ros/foxy /usr/bin/cmake --install /home/d/velo_ws/build/cloud_msgs
