[0.088s] Invoking command in '/home/jeongil/ros_foxy_ws/velodyne_ws/build/lego_loam_sr': CMAKE_PREFIX_PATH=/home/jeongil/ros_foxy_ws/velodyne_ws/install/cloud_msgs:/home/jeongil/ros_foxy_ws/velodyne_ws/install/velodyne:/home/jeongil/ros_foxy_ws/velodyne_ws/install/velodyne_pointcloud:/home/jeongil/ros_foxy_ws/velodyne_ws/install/velodyne_driver:/home/jeongil/ros_foxy_ws/velodyne_ws/install/velodyne_msgs:/home/jeongil/ros_foxy_ws/velodyne_ws/install/velodyne_laserscan:/home/jeongil/ros_foxy_ws/velodyne_ws/install/lego_loam_sr:/home/jeongil/ros_foxy_ws/blickfeld_ws/install/blickfeld_driver:/home/jeongil/ros_foxy_ws/blickfeld_ws/install/blickfeld_pointcloud:/opt/ros/foxy CONDA_PROMPT_MODIFIER=(velodyne) LD_LIBRARY_PATH=/home/jeongil/ros_foxy_ws/velodyne_ws/install/cloud_msgs/lib:/usr/local/cuda/lib64:/lib64:/home/jeongil/ros_foxy_ws/velodyne_ws/install/velodyne_pointcloud/lib:/home/jeongil/ros_foxy_ws/velodyne_ws/install/velodyne_driver/lib:/home/jeongil/ros_foxy_ws/velodyne_ws/install/velodyne_msgs/lib:/home/jeongil/ros_foxy_ws/velodyne_ws/install/velodyne_laserscan/lib:/home/jeongil/ros_foxy_ws/blickfeld_ws/install/blickfeld_driver/lib:/opt/ros/foxy/opt/yaml_cpp_vendor/lib:/opt/ros/foxy/opt/rviz_ogre_vendor/lib:/opt/ros/foxy/lib/x86_64-linux-gnu:/opt/ros/foxy/lib:/lib PYTHONPATH=/home/jeongil/ros_foxy_ws/velodyne_ws/install/cloud_msgs/lib/python3.8/site-packages:/home/jeongil/ros_foxy_ws/velodyne_ws/install/velodyne_msgs/lib/python3.8/site-packages:/home/jeongil/ros_foxy_ws/blickfeld_ws/install/blickfeld_pointcloud/lib/python3.8/site-packages:/home/jeongil/ros_foxy_ws/blickfeld_ws/install/blickfeld_driver/lib/python3.8/site-packages:/opt/ros/foxy/lib/python3.8/site-packages /usr/bin/cmake --build /home/jeongil/ros_foxy_ws/velodyne_ws/build/lego_loam_sr -- -j20 -l20
[0.104s] -- Found ament_cmake: 0.9.12 (/opt/ros/foxy/share/ament_cmake/cmake)
[0.122s] -- Using PYTHON_EXECUTABLE: /usr/bin/python3
[0.214s] -- Found rclcpp: 2.4.3 (/opt/ros/foxy/share/rclcpp/cmake)
[0.232s] -- Using all available rosidl_typesupport_c: rosidl_typesupport_fastrtps_c;rosidl_typesupport_introspection_c
[0.234s] -- Found rosidl_adapter: 1.3.1 (/opt/ros/foxy/share/rosidl_adapter/cmake)
[0.299s] -- Using all available rosidl_typesupport_cpp: rosidl_typesupport_fastrtps_cpp;rosidl_typesupport_introspection_cpp
[0.326s] -- Found rmw_implementation_cmake: 1.0.4 (/opt/ros/foxy/share/rmw_implementation_cmake/cmake)
[0.327s] -- Using RMW implementation 'rmw_fastrtps_cpp' as default
[0.406s] -- Found sensor_msgs: 2.0.5 (/opt/ros/foxy/share/sensor_msgs/cmake)
[0.475s] -- Found nav_msgs: 2.0.5 (/opt/ros/foxy/share/nav_msgs/cmake)
[0.510s] -- Found tf2: 0.13.14 (/opt/ros/foxy/share/tf2/cmake)
[0.515s] -- Found tf2_ros: 0.13.14 (/opt/ros/foxy/share/tf2_ros/cmake)
[0.695s] -- Found tf2_geometry_msgs: 0.13.14 (/opt/ros/foxy/share/tf2_geometry_msgs/cmake)
[0.698s] -- Found eigen3_cmake_module: 0.1.1 (/opt/ros/foxy/share/eigen3_cmake_module/cmake)
[0.713s] -- Found pcl_conversions: 2.2.1 (/opt/ros/foxy/share/pcl_conversions/cmake)
[0.809s] -- Found cloud_msgs: 1.0.0 (/home/jeongil/ros_foxy_ws/velodyne_ws/install/cloud_msgs/share/cloud_msgs/cmake)
[0.835s] -- Eigen found (include: /usr/include/eigen3, version: 3.3.7)
[0.880s] -- The imported target "vtkParseOGLExt" references the file
[0.880s]    "/usr/bin/vtkParseOGLExt-7.1"
[0.880s] but this file does not exist.  Possible reasons include:
[0.881s] * The file was deleted, renamed, or moved to another location.
[0.881s] * An install or uninstall procedure did not complete successfully.
[0.881s] * The installation package was faulty and contained
[0.881s]    "/usr/lib/cmake/vtk-7.1/VTKTargets.cmake"
[0.881s] but not all the files it references.
[0.881s] 
[0.881s] -- The imported target "vtkRenderingPythonTkWidgets" references the file
[0.881s]    "/usr/lib/x86_64-linux-gnu/libvtkRenderingPythonTkWidgets.so"
[0.881s] but this file does not exist.  Possible reasons include:
[0.881s] * The file was deleted, renamed, or moved to another location.
[0.881s] * An install or uninstall procedure did not complete successfully.
[0.881s] * The installation package was faulty and contained
[0.881s]    "/usr/lib/cmake/vtk-7.1/VTKTargets.cmake"
[0.881s] but not all the files it references.
[0.881s] 
[0.881s] -- The imported target "vtk" references the file
[0.881s]    "/usr/bin/vtk"
[0.881s] but this file does not exist.  Possible reasons include:
[0.881s] * The file was deleted, renamed, or moved to another location.
[0.881s] * An install or uninstall procedure did not complete successfully.
[0.881s] * The installation package was faulty and contained
[0.882s]    "/usr/lib/cmake/vtk-7.1/VTKTargets.cmake"
[0.882s] but not all the files it references.
[0.882s] 
[0.882s] -- The imported target "pvtk" references the file
[0.882s]    "/usr/bin/pvtk"
[0.882s] but this file does not exist.  Possible reasons include:
[0.882s] * The file was deleted, renamed, or moved to another location.
[0.882s] * An install or uninstall procedure did not complete successfully.
[0.882s] * The installation package was faulty and contained
[0.882s]    "/usr/lib/cmake/vtk-7.1/VTKTargets.cmake"
[0.882s] but not all the files it references.
[0.882s] 
[0.893s] -- OpenNI found (include: /usr/include/ni, lib: /usr/lib/libOpenNI.so)
[0.897s] -- OpenNI2 found (include: /usr/include/openni2, lib: /usr/lib/libOpenNI2.so)
[0.897s] ** WARNING ** io features related to pcap will be disabled
[0.897s] ** WARNING ** io features related to png will be disabled
[0.904s] ** WARNING ** io features related to libusb-1.0 will be disabled
[0.907s] -- OpenNI found (include: /usr/include/ni, lib: /usr/lib/libOpenNI.so)
[0.911s] -- OpenNI2 found (include: /usr/include/openni2, lib: /usr/lib/libOpenNI2.so)
[0.918s] -- QHULL found (include: /usr/include, lib: optimized;/usr/lib/x86_64-linux-gnu/libqhull.so;debug;/usr/lib/x86_64-linux-gnu/libqhull.so)
[0.922s] -- OpenNI found (include: /usr/include/ni, lib: /usr/lib/libOpenNI.so)
[0.929s] -- looking for PCL_COMMON
[0.929s] -- looking for PCL_KDTREE
[0.929s] -- looking for PCL_OCTREE
[0.929s] -- looking for PCL_SEARCH
[0.930s] -- looking for PCL_SAMPLE_CONSENSUS
[0.930s] -- looking for PCL_FILTERS
[0.930s] -- looking for PCL_2D
[0.931s] -- looking for PCL_GEOMETRY
[0.931s] -- looking for PCL_IO
[0.931s] -- looking for PCL_FEATURES
[0.932s] -- looking for PCL_ML
[0.932s] -- looking for PCL_SEGMENTATION
[0.932s] -- looking for PCL_VISUALIZATION
[0.933s] -- looking for PCL_SURFACE
[0.933s] -- looking for PCL_REGISTRATION
[0.933s] -- looking for PCL_KEYPOINTS
[0.934s] -- looking for PCL_TRACKING
[0.934s] -- looking for PCL_RECOGNITION
[0.934s] -- looking for PCL_STEREO
[0.935s] -- looking for PCL_APPS
[0.935s] -- looking for PCL_IN_HAND_SCANNER
[0.936s] -- looking for PCL_POINT_CLOUD_EDITOR
[0.936s] -- looking for PCL_OUTOFCORE
[0.936s] -- looking for PCL_PEOPLE
[0.942s] CMake Error at CMakeLists.txt:28 (find_package):
[0.942s]   By not providing "FindGTSAM.cmake" in CMAKE_MODULE_PATH this project has
[0.942s]   asked CMake to find a package configuration file provided by "GTSAM", but
[0.942s]   CMake did not find one.
[0.942s] 
[0.942s]   Could not find a package configuration file provided by "GTSAM" with any of
[0.942s]   the following names:
[0.942s] 
[0.942s]     GTSAMConfig.cmake
[0.942s]     gtsam-config.cmake
[0.943s] 
[0.943s]   Add the installation prefix of "GTSAM" to CMAKE_PREFIX_PATH or set
[0.943s]   "GTSAM_DIR" to a directory containing one of the above files.  If "GTSAM"
[0.943s]   provides a separate development package or SDK, be sure it has been
[0.943s]   installed.
[0.943s] 
[0.943s] 
[0.944s] -- Configuring incomplete, errors occurred!
[0.944s] See also "/home/jeongil/ros_foxy_ws/velodyne_ws/build/lego_loam_sr/CMakeFiles/CMakeOutput.log".
[0.944s] See also "/home/jeongil/ros_foxy_ws/velodyne_ws/build/lego_loam_sr/CMakeFiles/CMakeError.log".
[0.949s] make: *** [Makefile:386: cmake_check_build_system] 오류 1
[0.950s] Invoked command in '/home/jeongil/ros_foxy_ws/velodyne_ws/build/lego_loam_sr' returned '2': CMAKE_PREFIX_PATH=/home/jeongil/ros_foxy_ws/velodyne_ws/install/cloud_msgs:/home/jeongil/ros_foxy_ws/velodyne_ws/install/velodyne:/home/jeongil/ros_foxy_ws/velodyne_ws/install/velodyne_pointcloud:/home/jeongil/ros_foxy_ws/velodyne_ws/install/velodyne_driver:/home/jeongil/ros_foxy_ws/velodyne_ws/install/velodyne_msgs:/home/jeongil/ros_foxy_ws/velodyne_ws/install/velodyne_laserscan:/home/jeongil/ros_foxy_ws/velodyne_ws/install/lego_loam_sr:/home/jeongil/ros_foxy_ws/blickfeld_ws/install/blickfeld_driver:/home/jeongil/ros_foxy_ws/blickfeld_ws/install/blickfeld_pointcloud:/opt/ros/foxy CONDA_PROMPT_MODIFIER=(velodyne) LD_LIBRARY_PATH=/home/jeongil/ros_foxy_ws/velodyne_ws/install/cloud_msgs/lib:/usr/local/cuda/lib64:/lib64:/home/jeongil/ros_foxy_ws/velodyne_ws/install/velodyne_pointcloud/lib:/home/jeongil/ros_foxy_ws/velodyne_ws/install/velodyne_driver/lib:/home/jeongil/ros_foxy_ws/velodyne_ws/install/velodyne_msgs/lib:/home/jeongil/ros_foxy_ws/velodyne_ws/install/velodyne_laserscan/lib:/home/jeongil/ros_foxy_ws/blickfeld_ws/install/blickfeld_driver/lib:/opt/ros/foxy/opt/yaml_cpp_vendor/lib:/opt/ros/foxy/opt/rviz_ogre_vendor/lib:/opt/ros/foxy/lib/x86_64-linux-gnu:/opt/ros/foxy/lib:/lib PYTHONPATH=/home/jeongil/ros_foxy_ws/velodyne_ws/install/cloud_msgs/lib/python3.8/site-packages:/home/jeongil/ros_foxy_ws/velodyne_ws/install/velodyne_msgs/lib/python3.8/site-packages:/home/jeongil/ros_foxy_ws/blickfeld_ws/install/blickfeld_pointcloud/lib/python3.8/site-packages:/home/jeongil/ros_foxy_ws/blickfeld_ws/install/blickfeld_driver/lib/python3.8/site-packages:/opt/ros/foxy/lib/python3.8/site-packages /usr/bin/cmake --build /home/jeongil/ros_foxy_ws/velodyne_ws/build/lego_loam_sr -- -j20 -l20
