[0.012s] Invoking command in '/home/jeongil/ros_foxy_ws/velodyne_ws/build/velodyne_laserscan': CMAKE_PREFIX_PATH=/opt/ros/foxy /usr/bin/cmake --build /home/jeongil/ros_foxy_ws/velodyne_ws/build/velodyne_laserscan -- -j20 -l20
[0.045s] [ 50%] Built target velodyne_laserscan
[0.061s] [100%] Built target velodyne_laserscan_node
[0.066s] Invoked command in '/home/jeongil/ros_foxy_ws/velodyne_ws/build/velodyne_laserscan' returned '0': CMAKE_PREFIX_PATH=/opt/ros/foxy /usr/bin/cmake --build /home/jeongil/ros_foxy_ws/velodyne_ws/build/velodyne_laserscan -- -j20 -l20
[0.083s] Invoking command in '/home/jeongil/ros_foxy_ws/velodyne_ws/build/velodyne_laserscan': CMAKE_PREFIX_PATH=/opt/ros/foxy /usr/bin/cmake --install /home/jeongil/ros_foxy_ws/velodyne_ws/build/velodyne_laserscan
[0.086s] -- Install configuration: ""
[0.086s] -- Execute custom install script
[0.087s] -- Up-to-date symlink: /home/jeongil/ros_foxy_ws/velodyne_ws/install/velodyne_laserscan/lib/libvelodyne_laserscan.so
[0.087s] -- Up-to-date symlink: /home/jeongil/ros_foxy_ws/velodyne_ws/install/velodyne_laserscan/lib/velodyne_laserscan/velodyne_laserscan_node
[0.087s] -- Up-to-date symlink: /home/jeongil/ros_foxy_ws/velodyne_ws/install/velodyne_laserscan/include/velodyne_laserscan/velodyne_laserscan.hpp
[0.087s] -- Up-to-date symlink: /home/jeongil/ros_foxy_ws/velodyne_ws/install/velodyne_laserscan/share/velodyne_laserscan/config/default-velodyne_laserscan_node-params.yaml
[0.087s] -- Up-to-date symlink: /home/jeongil/ros_foxy_ws/velodyne_ws/install/velodyne_laserscan/share/velodyne_laserscan/launch/velodyne_laserscan_node-composed-launch.py
[0.088s] -- Up-to-date symlink: /home/jeongil/ros_foxy_ws/velodyne_ws/install/velodyne_laserscan/share/velodyne_laserscan/launch/velodyne_laserscan_node-launch.py
[0.088s] -- Up-to-date symlink: /home/jeongil/ros_foxy_ws/velodyne_ws/install/velodyne_laserscan/share/ament_index/resource_index/package_run_dependencies/velodyne_laserscan
[0.088s] -- Up-to-date symlink: /home/jeongil/ros_foxy_ws/velodyne_ws/install/velodyne_laserscan/share/ament_index/resource_index/parent_prefix_path/velodyne_laserscan
[0.088s] -- Up-to-date symlink: /home/jeongil/ros_foxy_ws/velodyne_ws/install/velodyne_laserscan/share/velodyne_laserscan/environment/ament_prefix_path.sh
[0.088s] -- Up-to-date symlink: /home/jeongil/ros_foxy_ws/velodyne_ws/install/velodyne_laserscan/share/velodyne_laserscan/environment/ament_prefix_path.dsv
[0.088s] -- Up-to-date symlink: /home/jeongil/ros_foxy_ws/velodyne_ws/install/velodyne_laserscan/share/velodyne_laserscan/environment/path.sh
[0.088s] -- Up-to-date symlink: /home/jeongil/ros_foxy_ws/velodyne_ws/install/velodyne_laserscan/share/velodyne_laserscan/environment/path.dsv
[0.088s] -- Up-to-date symlink: /home/jeongil/ros_foxy_ws/velodyne_ws/install/velodyne_laserscan/share/velodyne_laserscan/local_setup.bash
[0.088s] -- Up-to-date symlink: /home/jeongil/ros_foxy_ws/velodyne_ws/install/velodyne_laserscan/share/velodyne_laserscan/local_setup.sh
[0.089s] -- Up-to-date symlink: /home/jeongil/ros_foxy_ws/velodyne_ws/install/velodyne_laserscan/share/velodyne_laserscan/local_setup.zsh
[0.089s] -- Up-to-date symlink: /home/jeongil/ros_foxy_ws/velodyne_ws/install/velodyne_laserscan/share/velodyne_laserscan/local_setup.dsv
[0.089s] -- Symlinking: /home/jeongil/ros_foxy_ws/velodyne_ws/install/velodyne_laserscan/share/velodyne_laserscan/package.dsv
[0.093s] -- Up-to-date symlink: /home/jeongil/ros_foxy_ws/velodyne_ws/install/velodyne_laserscan/share/ament_index/resource_index/packages/velodyne_laserscan
[0.094s] -- Up-to-date symlink: /home/jeongil/ros_foxy_ws/velodyne_ws/install/velodyne_laserscan/share/ament_index/resource_index/rclcpp_components/velodyne_laserscan
[0.094s] -- Up-to-date symlink: /home/jeongil/ros_foxy_ws/velodyne_ws/install/velodyne_laserscan/share/velodyne_laserscan/cmake/velodyne_laserscanConfig.cmake
[0.094s] -- Up-to-date symlink: /home/jeongil/ros_foxy_ws/velodyne_ws/install/velodyne_laserscan/share/velodyne_laserscan/cmake/velodyne_laserscanConfig-version.cmake
[0.094s] -- Up-to-date symlink: /home/jeongil/ros_foxy_ws/velodyne_ws/install/velodyne_laserscan/share/velodyne_laserscan/package.xml
[0.095s] Invoked command in '/home/jeongil/ros_foxy_ws/velodyne_ws/build/velodyne_laserscan' returned '0': CMAKE_PREFIX_PATH=/opt/ros/foxy /usr/bin/cmake --install /home/jeongil/ros_foxy_ws/velodyne_ws/build/velodyne_laserscan
