[0.008s] Invoking command in '/home/jeongil/ros_foxy_ws/velodyne_ws/build/velodyne_driver': AMENT_PREFIX_PATH=/home/jeongil/ros_foxy_ws/velodyne_ws/install/velodyne_msgs:${AMENT_PREFIX_PATH} CMAKE_PREFIX_PATH=/home/jeongil/ros_foxy_ws/velodyne_ws/install/velodyne_msgs:/opt/ros/foxy LD_LIBRARY_PATH=/home/jeongil/ros_foxy_ws/velodyne_ws/install/velodyne_msgs/lib:${LD_LIBRARY_PATH} PYTHONPATH=/home/jeongil/ros_foxy_ws/velodyne_ws/install/velodyne_msgs/lib/python3.8/site-packages:${PYTHONPATH} /usr/bin/cmake --build /home/jeongil/ros_foxy_ws/velodyne_ws/build/velodyne_driver -- -j20 -l20
[0.035s] [ 16%] Built target gtest
[0.035s] [ 33%] Built target gtest_main
[0.040s] [ 50%] Built target velodyne_input
[0.057s] [ 66%] Built target time_test
[0.058s] [ 83%] Built target velodyne_driver
[0.072s] [100%] Built target velodyne_driver_node
[0.077s] Invoked command in '/home/jeongil/ros_foxy_ws/velodyne_ws/build/velodyne_driver' returned '0': AMENT_PREFIX_PATH=/home/jeongil/ros_foxy_ws/velodyne_ws/install/velodyne_msgs:${AMENT_PREFIX_PATH} CMAKE_PREFIX_PATH=/home/jeongil/ros_foxy_ws/velodyne_ws/install/velodyne_msgs:/opt/ros/foxy LD_LIBRARY_PATH=/home/jeongil/ros_foxy_ws/velodyne_ws/install/velodyne_msgs/lib:${LD_LIBRARY_PATH} PYTHONPATH=/home/jeongil/ros_foxy_ws/velodyne_ws/install/velodyne_msgs/lib/python3.8/site-packages:${PYTHONPATH} /usr/bin/cmake --build /home/jeongil/ros_foxy_ws/velodyne_ws/build/velodyne_driver -- -j20 -l20
[0.093s] Invoking command in '/home/jeongil/ros_foxy_ws/velodyne_ws/build/velodyne_driver': AMENT_PREFIX_PATH=/home/jeongil/ros_foxy_ws/velodyne_ws/install/velodyne_msgs:${AMENT_PREFIX_PATH} CMAKE_PREFIX_PATH=/home/jeongil/ros_foxy_ws/velodyne_ws/install/velodyne_msgs:/opt/ros/foxy LD_LIBRARY_PATH=/home/jeongil/ros_foxy_ws/velodyne_ws/install/velodyne_msgs/lib:${LD_LIBRARY_PATH} PYTHONPATH=/home/jeongil/ros_foxy_ws/velodyne_ws/install/velodyne_msgs/lib/python3.8/site-packages:${PYTHONPATH} /usr/bin/cmake --install /home/jeongil/ros_foxy_ws/velodyne_ws/build/velodyne_driver
[0.098s] -- Install configuration: ""
[0.099s] -- Execute custom install script
[0.099s] -- Up-to-date symlink: /home/jeongil/ros_foxy_ws/velodyne_ws/install/velodyne_driver/lib/libvelodyne_input.so
[0.099s] -- Up-to-date symlink: /home/jeongil/ros_foxy_ws/velodyne_ws/install/velodyne_driver/lib/libvelodyne_driver.so
[0.099s] -- Up-to-date symlink: /home/jeongil/ros_foxy_ws/velodyne_ws/install/velodyne_driver/lib/velodyne_driver/velodyne_driver_node
[0.100s] -- Up-to-date symlink: /home/jeongil/ros_foxy_ws/velodyne_ws/install/velodyne_driver/include/velodyne_driver/driver.hpp
[0.100s] -- Up-to-date symlink: /home/jeongil/ros_foxy_ws/velodyne_ws/install/velodyne_driver/include/velodyne_driver/input.hpp
[0.100s] -- Up-to-date symlink: /home/jeongil/ros_foxy_ws/velodyne_ws/install/velodyne_driver/include/velodyne_driver/time_conversion.hpp
[0.100s] -- Up-to-date symlink: /home/jeongil/ros_foxy_ws/velodyne_ws/install/velodyne_driver/share/velodyne_driver/config/VLP16-velodyne_driver_node-params.yaml
[0.100s] -- Up-to-date symlink: /home/jeongil/ros_foxy_ws/velodyne_ws/install/velodyne_driver/share/velodyne_driver/config/VLP32C-velodyne_driver_node-params.yaml
[0.100s] -- Up-to-date symlink: /home/jeongil/ros_foxy_ws/velodyne_ws/install/velodyne_driver/share/velodyne_driver/launch/velodyne_driver_node-VLP16-composed-launch.py
[0.100s] -- Up-to-date symlink: /home/jeongil/ros_foxy_ws/velodyne_ws/install/velodyne_driver/share/velodyne_driver/launch/velodyne_driver_node-VLP16-launch.py
[0.100s] -- Up-to-date symlink: /home/jeongil/ros_foxy_ws/velodyne_ws/install/velodyne_driver/share/velodyne_driver/launch/velodyne_driver_node-VLP32C-composed-launch.py
[0.100s] -- Up-to-date symlink: /home/jeongil/ros_foxy_ws/velodyne_ws/install/velodyne_driver/share/velodyne_driver/launch/velodyne_driver_node-VLP32C-launch.py
[0.101s] -- Up-to-date symlink: /home/jeongil/ros_foxy_ws/velodyne_ws/install/velodyne_driver/lib/velodyne_driver/vdump
[0.101s] -- Up-to-date symlink: /home/jeongil/ros_foxy_ws/velodyne_ws/install/velodyne_driver/share/ament_index/resource_index/package_run_dependencies/velodyne_driver
[0.101s] -- Up-to-date symlink: /home/jeongil/ros_foxy_ws/velodyne_ws/install/velodyne_driver/share/ament_index/resource_index/parent_prefix_path/velodyne_driver
[0.101s] -- Up-to-date symlink: /home/jeongil/ros_foxy_ws/velodyne_ws/install/velodyne_driver/share/velodyne_driver/environment/ament_prefix_path.sh
[0.101s] -- Up-to-date symlink: /home/jeongil/ros_foxy_ws/velodyne_ws/install/velodyne_driver/share/velodyne_driver/environment/ament_prefix_path.dsv
[0.101s] -- Up-to-date symlink: /home/jeongil/ros_foxy_ws/velodyne_ws/install/velodyne_driver/share/velodyne_driver/environment/path.sh
[0.101s] -- Up-to-date symlink: /home/jeongil/ros_foxy_ws/velodyne_ws/install/velodyne_driver/share/velodyne_driver/environment/path.dsv
[0.101s] -- Up-to-date symlink: /home/jeongil/ros_foxy_ws/velodyne_ws/install/velodyne_driver/share/velodyne_driver/local_setup.bash
[0.101s] -- Up-to-date symlink: /home/jeongil/ros_foxy_ws/velodyne_ws/install/velodyne_driver/share/velodyne_driver/local_setup.sh
[0.102s] -- Up-to-date symlink: /home/jeongil/ros_foxy_ws/velodyne_ws/install/velodyne_driver/share/velodyne_driver/local_setup.zsh
[0.102s] -- Up-to-date symlink: /home/jeongil/ros_foxy_ws/velodyne_ws/install/velodyne_driver/share/velodyne_driver/local_setup.dsv
[0.102s] -- Symlinking: /home/jeongil/ros_foxy_ws/velodyne_ws/install/velodyne_driver/share/velodyne_driver/package.dsv
[0.106s] -- Up-to-date symlink: /home/jeongil/ros_foxy_ws/velodyne_ws/install/velodyne_driver/share/ament_index/resource_index/packages/velodyne_driver
[0.106s] -- Up-to-date symlink: /home/jeongil/ros_foxy_ws/velodyne_ws/install/velodyne_driver/share/ament_index/resource_index/rclcpp_components/velodyne_driver
[0.106s] -- Up-to-date symlink: /home/jeongil/ros_foxy_ws/velodyne_ws/install/velodyne_driver/share/velodyne_driver/cmake/velodyne_driverConfig.cmake
[0.107s] -- Up-to-date symlink: /home/jeongil/ros_foxy_ws/velodyne_ws/install/velodyne_driver/share/velodyne_driver/cmake/velodyne_driverConfig-version.cmake
[0.107s] -- Up-to-date symlink: /home/jeongil/ros_foxy_ws/velodyne_ws/install/velodyne_driver/share/velodyne_driver/package.xml
[0.109s] Invoked command in '/home/jeongil/ros_foxy_ws/velodyne_ws/build/velodyne_driver' returned '0': AMENT_PREFIX_PATH=/home/jeongil/ros_foxy_ws/velodyne_ws/install/velodyne_msgs:${AMENT_PREFIX_PATH} CMAKE_PREFIX_PATH=/home/jeongil/ros_foxy_ws/velodyne_ws/install/velodyne_msgs:/opt/ros/foxy LD_LIBRARY_PATH=/home/jeongil/ros_foxy_ws/velodyne_ws/install/velodyne_msgs/lib:${LD_LIBRARY_PATH} PYTHONPATH=/home/jeongil/ros_foxy_ws/velodyne_ws/install/velodyne_msgs/lib/python3.8/site-packages:${PYTHONPATH} /usr/bin/cmake --install /home/jeongil/ros_foxy_ws/velodyne_ws/build/velodyne_driver
