[0.014s] Invoking command in '/home/jeongil/ros_foxy_ws/velodyne_ws/build/velodyne_msgs': CMAKE_PREFIX_PATH=/opt/ros/foxy /usr/bin/cmake --build /home/jeongil/ros_foxy_ws/velodyne_ws/build/velodyne_msgs -- -j20 -l20
[0.041s] [  2%] Built target velodyne_msgs__cpp
[0.042s] [ 12%] Built target velodyne_msgs__rosidl_generator_c
[0.055s] [ 30%] Built target velodyne_msgs__rosidl_typesupport_cpp
[0.055s] [ 33%] Built target velodyne_msgs__rosidl_typesupport_introspection_cpp
[0.055s] [ 43%] Built target velodyne_msgs__rosidl_typesupport_c
[0.057s] [ 53%] Built target velodyne_msgs__rosidl_typesupport_fastrtps_cpp
[0.061s] [ 64%] Built target velodyne_msgs__rosidl_typesupport_introspection_c
[0.071s] [ 74%] Built target velodyne_msgs__rosidl_typesupport_fastrtps_c
[0.081s] [ 74%] Built target velodyne_msgs
[0.091s] [ 76%] Built target velodyne_msgs__py
[0.105s] [ 84%] Built target velodyne_msgs__python
[0.126s] [ 97%] Built target velodyne_msgs__rosidl_typesupport_introspection_c__pyext
[0.126s] [ 97%] Built target velodyne_msgs__rosidl_typesupport_fastrtps_c__pyext
[0.127s] [100%] Built target velodyne_msgs__rosidl_typesupport_c__pyext
[0.139s] Invoked command in '/home/jeongil/ros_foxy_ws/velodyne_ws/build/velodyne_msgs' returned '0': CMAKE_PREFIX_PATH=/opt/ros/foxy /usr/bin/cmake --build /home/jeongil/ros_foxy_ws/velodyne_ws/build/velodyne_msgs -- -j20 -l20
[0.172s] Invoking command in '/home/jeongil/ros_foxy_ws/velodyne_ws/build/velodyne_msgs': CMAKE_PREFIX_PATH=/opt/ros/foxy /usr/bin/cmake --install /home/jeongil/ros_foxy_ws/velodyne_ws/build/velodyne_msgs
[0.175s] -- Install configuration: ""
[0.175s] -- Up-to-date: /home/jeongil/ros_foxy_ws/velodyne_ws/install/velodyne_msgs/share/ament_index/resource_index/rosidl_interfaces/velodyne_msgs
[0.175s] -- Up-to-date: /home/jeongil/ros_foxy_ws/velodyne_ws/install/velodyne_msgs/include/velodyne_msgs
[0.175s] -- Up-to-date: /home/jeongil/ros_foxy_ws/velodyne_ws/install/velodyne_msgs/include/velodyne_msgs/msg
[0.175s] -- Up-to-date: /home/jeongil/ros_foxy_ws/velodyne_ws/install/velodyne_msgs/include/velodyne_msgs/msg/rosidl_generator_c__visibility_control.h
[0.175s] -- Up-to-date: /home/jeongil/ros_foxy_ws/velodyne_ws/install/velodyne_msgs/include/velodyne_msgs/msg/velodyne_scan.h
[0.175s] -- Up-to-date: /home/jeongil/ros_foxy_ws/velodyne_ws/install/velodyne_msgs/include/velodyne_msgs/msg/velodyne_packet.h
[0.176s] -- Up-to-date: /home/jeongil/ros_foxy_ws/velodyne_ws/install/velodyne_msgs/include/velodyne_msgs/msg/detail
[0.176s] -- Up-to-date: /home/jeongil/ros_foxy_ws/velodyne_ws/install/velodyne_msgs/include/velodyne_msgs/msg/detail/velodyne_scan__functions.h
[0.176s] -- Up-to-date: /home/jeongil/ros_foxy_ws/velodyne_ws/install/velodyne_msgs/include/velodyne_msgs/msg/detail/velodyne_packet__struct.h
[0.176s] -- Up-to-date: /home/jeongil/ros_foxy_ws/velodyne_ws/install/velodyne_msgs/include/velodyne_msgs/msg/detail/velodyne_packet__type_support.h
[0.176s] -- Up-to-date: /home/jeongil/ros_foxy_ws/velodyne_ws/install/velodyne_msgs/include/velodyne_msgs/msg/detail/velodyne_packet__functions.h
[0.176s] -- Up-to-date: /home/jeongil/ros_foxy_ws/velodyne_ws/install/velodyne_msgs/include/velodyne_msgs/msg/detail/velodyne_scan__functions.c
[0.176s] -- Up-to-date: /home/jeongil/ros_foxy_ws/velodyne_ws/install/velodyne_msgs/include/velodyne_msgs/msg/detail/velodyne_packet__functions.c
[0.176s] -- Up-to-date: /home/jeongil/ros_foxy_ws/velodyne_ws/install/velodyne_msgs/include/velodyne_msgs/msg/detail/velodyne_scan__type_support.h
[0.176s] -- Up-to-date: /home/jeongil/ros_foxy_ws/velodyne_ws/install/velodyne_msgs/include/velodyne_msgs/msg/detail/velodyne_scan__struct.h
[0.176s] -- Up-to-date: /home/jeongil/ros_foxy_ws/velodyne_ws/install/velodyne_msgs/share/velodyne_msgs/environment/library_path.sh
[0.176s] -- Up-to-date: /home/jeongil/ros_foxy_ws/velodyne_ws/install/velodyne_msgs/share/velodyne_msgs/environment/library_path.dsv
[0.176s] -- Up-to-date: /home/jeongil/ros_foxy_ws/velodyne_ws/install/velodyne_msgs/lib/libvelodyne_msgs__rosidl_generator_c.so
[0.176s] -- Up-to-date: /home/jeongil/ros_foxy_ws/velodyne_ws/install/velodyne_msgs/include/velodyne_msgs
[0.176s] -- Up-to-date: /home/jeongil/ros_foxy_ws/velodyne_ws/install/velodyne_msgs/include/velodyne_msgs/msg
[0.176s] -- Up-to-date: /home/jeongil/ros_foxy_ws/velodyne_ws/install/velodyne_msgs/include/velodyne_msgs/msg/rosidl_typesupport_fastrtps_c__visibility_control.h
[0.176s] -- Up-to-date: /home/jeongil/ros_foxy_ws/velodyne_ws/install/velodyne_msgs/include/velodyne_msgs/msg/detail
[0.176s] -- Up-to-date: /home/jeongil/ros_foxy_ws/velodyne_ws/install/velodyne_msgs/include/velodyne_msgs/msg/detail/velodyne_scan__rosidl_typesupport_fastrtps_c.h
[0.176s] -- Up-to-date: /home/jeongil/ros_foxy_ws/velodyne_ws/install/velodyne_msgs/include/velodyne_msgs/msg/detail/velodyne_packet__rosidl_typesupport_fastrtps_c.h
[0.176s] -- Up-to-date: /home/jeongil/ros_foxy_ws/velodyne_ws/install/velodyne_msgs/lib/libvelodyne_msgs__rosidl_typesupport_fastrtps_c.so
[0.176s] -- Up-to-date: /home/jeongil/ros_foxy_ws/velodyne_ws/install/velodyne_msgs/include/velodyne_msgs
[0.176s] -- Up-to-date: /home/jeongil/ros_foxy_ws/velodyne_ws/install/velodyne_msgs/include/velodyne_msgs/msg
[0.176s] -- Up-to-date: /home/jeongil/ros_foxy_ws/velodyne_ws/install/velodyne_msgs/include/velodyne_msgs/msg/rosidl_typesupport_fastrtps_cpp__visibility_control.h
[0.176s] -- Up-to-date: /home/jeongil/ros_foxy_ws/velodyne_ws/install/velodyne_msgs/include/velodyne_msgs/msg/detail
[0.176s] -- Up-to-date: /home/jeongil/ros_foxy_ws/velodyne_ws/install/velodyne_msgs/include/velodyne_msgs/msg/detail/velodyne_packet__rosidl_typesupport_fastrtps_cpp.hpp
[0.176s] -- Up-to-date: /home/jeongil/ros_foxy_ws/velodyne_ws/install/velodyne_msgs/include/velodyne_msgs/msg/detail/dds_fastrtps
[0.176s] -- Up-to-date: /home/jeongil/ros_foxy_ws/velodyne_ws/install/velodyne_msgs/include/velodyne_msgs/msg/detail/velodyne_scan__rosidl_typesupport_fastrtps_cpp.hpp
[0.176s] -- Up-to-date: /home/jeongil/ros_foxy_ws/velodyne_ws/install/velodyne_msgs/lib/libvelodyne_msgs__rosidl_typesupport_fastrtps_cpp.so
[0.176s] -- Up-to-date: /home/jeongil/ros_foxy_ws/velodyne_ws/install/velodyne_msgs/include/velodyne_msgs
[0.176s] -- Up-to-date: /home/jeongil/ros_foxy_ws/velodyne_ws/install/velodyne_msgs/include/velodyne_msgs/msg
[0.176s] -- Up-to-date: /home/jeongil/ros_foxy_ws/velodyne_ws/install/velodyne_msgs/include/velodyne_msgs/msg/rosidl_typesupport_introspection_c__visibility_control.h
[0.177s] -- Up-to-date: /home/jeongil/ros_foxy_ws/velodyne_ws/install/velodyne_msgs/include/velodyne_msgs/msg/detail
[0.177s] -- Up-to-date: /home/jeongil/ros_foxy_ws/velodyne_ws/install/velodyne_msgs/include/velodyne_msgs/msg/detail/velodyne_scan__type_support.c
[0.177s] -- Up-to-date: /home/jeongil/ros_foxy_ws/velodyne_ws/install/velodyne_msgs/include/velodyne_msgs/msg/detail/velodyne_packet__rosidl_typesupport_introspection_c.h
[0.177s] -- Up-to-date: /home/jeongil/ros_foxy_ws/velodyne_ws/install/velodyne_msgs/include/velodyne_msgs/msg/detail/velodyne_packet__type_support.c
[0.177s] -- Up-to-date: /home/jeongil/ros_foxy_ws/velodyne_ws/install/velodyne_msgs/include/velodyne_msgs/msg/detail/velodyne_scan__rosidl_typesupport_introspection_c.h
[0.177s] -- Up-to-date: /home/jeongil/ros_foxy_ws/velodyne_ws/install/velodyne_msgs/lib/libvelodyne_msgs__rosidl_typesupport_introspection_c.so
[0.177s] -- Up-to-date: /home/jeongil/ros_foxy_ws/velodyne_ws/install/velodyne_msgs/lib/libvelodyne_msgs__rosidl_typesupport_c.so
[0.177s] -- Up-to-date: /home/jeongil/ros_foxy_ws/velodyne_ws/install/velodyne_msgs/include/velodyne_msgs
[0.177s] -- Up-to-date: /home/jeongil/ros_foxy_ws/velodyne_ws/install/velodyne_msgs/include/velodyne_msgs/msg
[0.177s] -- Up-to-date: /home/jeongil/ros_foxy_ws/velodyne_ws/install/velodyne_msgs/include/velodyne_msgs/msg/velodyne_packet.hpp
[0.177s] -- Up-to-date: /home/jeongil/ros_foxy_ws/velodyne_ws/install/velodyne_msgs/include/velodyne_msgs/msg/velodyne_scan.hpp
[0.177s] -- Up-to-date: /home/jeongil/ros_foxy_ws/velodyne_ws/install/velodyne_msgs/include/velodyne_msgs/msg/detail
[0.177s] -- Up-to-date: /home/jeongil/ros_foxy_ws/velodyne_ws/install/velodyne_msgs/include/velodyne_msgs/msg/detail/velodyne_scan__struct.hpp
[0.177s] -- Up-to-date: /home/jeongil/ros_foxy_ws/velodyne_ws/install/velodyne_msgs/include/velodyne_msgs/msg/detail/velodyne_packet__traits.hpp
[0.177s] -- Up-to-date: /home/jeongil/ros_foxy_ws/velodyne_ws/install/velodyne_msgs/include/velodyne_msgs/msg/detail/velodyne_packet__struct.hpp
[0.177s] -- Up-to-date: /home/jeongil/ros_foxy_ws/velodyne_ws/install/velodyne_msgs/include/velodyne_msgs/msg/detail/velodyne_packet__builder.hpp
[0.177s] -- Up-to-date: /home/jeongil/ros_foxy_ws/velodyne_ws/install/velodyne_msgs/include/velodyne_msgs/msg/detail/velodyne_scan__builder.hpp
[0.177s] -- Up-to-date: /home/jeongil/ros_foxy_ws/velodyne_ws/install/velodyne_msgs/include/velodyne_msgs/msg/detail/velodyne_scan__traits.hpp
[0.177s] -- Up-to-date: /home/jeongil/ros_foxy_ws/velodyne_ws/install/velodyne_msgs/include/velodyne_msgs
[0.177s] -- Up-to-date: /home/jeongil/ros_foxy_ws/velodyne_ws/install/velodyne_msgs/include/velodyne_msgs/msg
[0.177s] -- Up-to-date: /home/jeongil/ros_foxy_ws/velodyne_ws/install/velodyne_msgs/include/velodyne_msgs/msg/detail
[0.177s] -- Up-to-date: /home/jeongil/ros_foxy_ws/velodyne_ws/install/velodyne_msgs/include/velodyne_msgs/msg/detail/velodyne_packet__type_support.cpp
[0.177s] -- Up-to-date: /home/jeongil/ros_foxy_ws/velodyne_ws/install/velodyne_msgs/include/velodyne_msgs/msg/detail/velodyne_scan__type_support.cpp
[0.177s] -- Up-to-date: /home/jeongil/ros_foxy_ws/velodyne_ws/install/velodyne_msgs/include/velodyne_msgs/msg/detail/velodyne_scan__rosidl_typesupport_introspection_cpp.hpp
[0.177s] -- Up-to-date: /home/jeongil/ros_foxy_ws/velodyne_ws/install/velodyne_msgs/include/velodyne_msgs/msg/detail/velodyne_packet__rosidl_typesupport_introspection_cpp.hpp
[0.177s] -- Up-to-date: /home/jeongil/ros_foxy_ws/velodyne_ws/install/velodyne_msgs/lib/libvelodyne_msgs__rosidl_typesupport_introspection_cpp.so
[0.177s] -- Up-to-date: /home/jeongil/ros_foxy_ws/velodyne_ws/install/velodyne_msgs/lib/libvelodyne_msgs__rosidl_typesupport_cpp.so
[0.177s] -- Up-to-date: /home/jeongil/ros_foxy_ws/velodyne_ws/install/velodyne_msgs/share/velodyne_msgs/environment/pythonpath.sh
[0.177s] -- Up-to-date: /home/jeongil/ros_foxy_ws/velodyne_ws/install/velodyne_msgs/share/velodyne_msgs/environment/pythonpath.dsv
[0.177s] -- Up-to-date: /home/jeongil/ros_foxy_ws/velodyne_ws/install/velodyne_msgs/lib/python3.8/site-packages/velodyne_msgs/__init__.py
[0.195s] -- Up-to-date: /home/jeongil/ros_foxy_ws/velodyne_ws/install/velodyne_msgs/lib/python3.8/site-packages/velodyne_msgs/msg
[0.195s] -- Up-to-date: /home/jeongil/ros_foxy_ws/velodyne_ws/install/velodyne_msgs/lib/python3.8/site-packages/velodyne_msgs/msg/_velodyne_scan.py
[0.195s] -- Up-to-date: /home/jeongil/ros_foxy_ws/velodyne_ws/install/velodyne_msgs/lib/python3.8/site-packages/velodyne_msgs/msg/_velodyne_packet_s.c
[0.195s] -- Up-to-date: /home/jeongil/ros_foxy_ws/velodyne_ws/install/velodyne_msgs/lib/python3.8/site-packages/velodyne_msgs/msg/_velodyne_packet.py
[0.195s] -- Up-to-date: /home/jeongil/ros_foxy_ws/velodyne_ws/install/velodyne_msgs/lib/python3.8/site-packages/velodyne_msgs/msg/_velodyne_scan_s.c
[0.195s] -- Up-to-date: /home/jeongil/ros_foxy_ws/velodyne_ws/install/velodyne_msgs/lib/python3.8/site-packages/velodyne_msgs/msg/__init__.py
[0.195s] -- Up-to-date: /home/jeongil/ros_foxy_ws/velodyne_ws/install/velodyne_msgs/lib/python3.8/site-packages/velodyne_msgs/velodyne_msgs_s__rosidl_typesupport_fastrtps_c.cpython-38-x86_64-linux-gnu.so
[0.196s] -- Up-to-date: /home/jeongil/ros_foxy_ws/velodyne_ws/install/velodyne_msgs/lib/python3.8/site-packages/velodyne_msgs/velodyne_msgs_s__rosidl_typesupport_introspection_c.cpython-38-x86_64-linux-gnu.so
[0.196s] -- Up-to-date: /home/jeongil/ros_foxy_ws/velodyne_ws/install/velodyne_msgs/lib/python3.8/site-packages/velodyne_msgs/velodyne_msgs_s__rosidl_typesupport_c.cpython-38-x86_64-linux-gnu.so
[0.197s] -- Up-to-date: /home/jeongil/ros_foxy_ws/velodyne_ws/install/velodyne_msgs/lib/libvelodyne_msgs__python.so
[0.197s] -- Up-to-date: /home/jeongil/ros_foxy_ws/velodyne_ws/install/velodyne_msgs/share/velodyne_msgs/msg/VelodynePacket.idl
[0.197s] -- Up-to-date: /home/jeongil/ros_foxy_ws/velodyne_ws/install/velodyne_msgs/share/velodyne_msgs/msg/VelodyneScan.idl
[0.197s] -- Up-to-date: /home/jeongil/ros_foxy_ws/velodyne_ws/install/velodyne_msgs/share/velodyne_msgs/msg/VelodynePacket.msg
[0.197s] -- Up-to-date: /home/jeongil/ros_foxy_ws/velodyne_ws/install/velodyne_msgs/share/velodyne_msgs/msg/VelodyneScan.msg
[0.197s] -- Up-to-date: /home/jeongil/ros_foxy_ws/velodyne_ws/install/velodyne_msgs/share/ament_index/resource_index/package_run_dependencies/velodyne_msgs
[0.198s] -- Up-to-date: /home/jeongil/ros_foxy_ws/velodyne_ws/install/velodyne_msgs/share/ament_index/resource_index/parent_prefix_path/velodyne_msgs
[0.198s] -- Up-to-date: /home/jeongil/ros_foxy_ws/velodyne_ws/install/velodyne_msgs/share/velodyne_msgs/environment/ament_prefix_path.sh
[0.198s] -- Up-to-date: /home/jeongil/ros_foxy_ws/velodyne_ws/install/velodyne_msgs/share/velodyne_msgs/environment/ament_prefix_path.dsv
[0.199s] -- Up-to-date: /home/jeongil/ros_foxy_ws/velodyne_ws/install/velodyne_msgs/share/velodyne_msgs/environment/path.sh
[0.199s] -- Up-to-date: /home/jeongil/ros_foxy_ws/velodyne_ws/install/velodyne_msgs/share/velodyne_msgs/environment/path.dsv
[0.199s] -- Up-to-date: /home/jeongil/ros_foxy_ws/velodyne_ws/install/velodyne_msgs/share/velodyne_msgs/local_setup.bash
[0.199s] -- Up-to-date: /home/jeongil/ros_foxy_ws/velodyne_ws/install/velodyne_msgs/share/velodyne_msgs/local_setup.sh
[0.199s] -- Up-to-date: /home/jeongil/ros_foxy_ws/velodyne_ws/install/velodyne_msgs/share/velodyne_msgs/local_setup.zsh
[0.200s] -- Up-to-date: /home/jeongil/ros_foxy_ws/velodyne_ws/install/velodyne_msgs/share/velodyne_msgs/local_setup.dsv
[0.201s] -- Installing: /home/jeongil/ros_foxy_ws/velodyne_ws/install/velodyne_msgs/share/velodyne_msgs/package.dsv
[0.201s] -- Up-to-date: /home/jeongil/ros_foxy_ws/velodyne_ws/install/velodyne_msgs/share/ament_index/resource_index/packages/velodyne_msgs
[0.201s] -- Up-to-date: /home/jeongil/ros_foxy_ws/velodyne_ws/install/velodyne_msgs/share/velodyne_msgs/cmake/velodyne_msgs__rosidl_generator_cExport.cmake
[0.202s] -- Up-to-date: /home/jeongil/ros_foxy_ws/velodyne_ws/install/velodyne_msgs/share/velodyne_msgs/cmake/velodyne_msgs__rosidl_generator_cExport-noconfig.cmake
[0.202s] -- Up-to-date: /home/jeongil/ros_foxy_ws/velodyne_ws/install/velodyne_msgs/share/velodyne_msgs/cmake/velodyne_msgs__rosidl_typesupport_introspection_cExport.cmake
[0.202s] -- Up-to-date: /home/jeongil/ros_foxy_ws/velodyne_ws/install/velodyne_msgs/share/velodyne_msgs/cmake/velodyne_msgs__rosidl_typesupport_introspection_cExport-noconfig.cmake
[0.202s] -- Up-to-date: /home/jeongil/ros_foxy_ws/velodyne_ws/install/velodyne_msgs/share/velodyne_msgs/cmake/velodyne_msgs__rosidl_typesupport_cExport.cmake
[0.202s] -- Up-to-date: /home/jeongil/ros_foxy_ws/velodyne_ws/install/velodyne_msgs/share/velodyne_msgs/cmake/velodyne_msgs__rosidl_typesupport_cExport-noconfig.cmake
[0.202s] -- Up-to-date: /home/jeongil/ros_foxy_ws/velodyne_ws/install/velodyne_msgs/share/velodyne_msgs/cmake/velodyne_msgs__rosidl_generator_cppExport.cmake
[0.202s] -- Up-to-date: /home/jeongil/ros_foxy_ws/velodyne_ws/install/velodyne_msgs/share/velodyne_msgs/cmake/velodyne_msgs__rosidl_typesupport_introspection_cppExport.cmake
[0.202s] -- Up-to-date: /home/jeongil/ros_foxy_ws/velodyne_ws/install/velodyne_msgs/share/velodyne_msgs/cmake/velodyne_msgs__rosidl_typesupport_introspection_cppExport-noconfig.cmake
[0.202s] -- Up-to-date: /home/jeongil/ros_foxy_ws/velodyne_ws/install/velodyne_msgs/share/velodyne_msgs/cmake/velodyne_msgs__rosidl_typesupport_cppExport.cmake
[0.203s] -- Up-to-date: /home/jeongil/ros_foxy_ws/velodyne_ws/install/velodyne_msgs/share/velodyne_msgs/cmake/velodyne_msgs__rosidl_typesupport_cppExport-noconfig.cmake
[0.203s] -- Up-to-date: /home/jeongil/ros_foxy_ws/velodyne_ws/install/velodyne_msgs/share/velodyne_msgs/cmake/rosidl_cmake-extras.cmake
[0.203s] -- Up-to-date: /home/jeongil/ros_foxy_ws/velodyne_ws/install/velodyne_msgs/share/velodyne_msgs/cmake/ament_cmake_export_dependencies-extras.cmake
[0.203s] -- Up-to-date: /home/jeongil/ros_foxy_ws/velodyne_ws/install/velodyne_msgs/share/velodyne_msgs/cmake/ament_cmake_export_libraries-extras.cmake
[0.203s] -- Up-to-date: /home/jeongil/ros_foxy_ws/velodyne_ws/install/velodyne_msgs/share/velodyne_msgs/cmake/ament_cmake_export_targets-extras.cmake
[0.203s] -- Up-to-date: /home/jeongil/ros_foxy_ws/velodyne_ws/install/velodyne_msgs/share/velodyne_msgs/cmake/ament_cmake_export_include_directories-extras.cmake
[0.203s] -- Up-to-date: /home/jeongil/ros_foxy_ws/velodyne_ws/install/velodyne_msgs/share/velodyne_msgs/cmake/rosidl_cmake_export_typesupport_libraries-extras.cmake
[0.203s] -- Up-to-date: /home/jeongil/ros_foxy_ws/velodyne_ws/install/velodyne_msgs/share/velodyne_msgs/cmake/rosidl_cmake_export_typesupport_targets-extras.cmake
[0.203s] -- Up-to-date: /home/jeongil/ros_foxy_ws/velodyne_ws/install/velodyne_msgs/share/velodyne_msgs/cmake/velodyne_msgsConfig.cmake
[0.203s] -- Up-to-date: /home/jeongil/ros_foxy_ws/velodyne_ws/install/velodyne_msgs/share/velodyne_msgs/cmake/velodyne_msgsConfig-version.cmake
[0.203s] -- Up-to-date: /home/jeongil/ros_foxy_ws/velodyne_ws/install/velodyne_msgs/share/velodyne_msgs/package.xml
[0.207s] Invoked command in '/home/jeongil/ros_foxy_ws/velodyne_ws/build/velodyne_msgs' returned '0': CMAKE_PREFIX_PATH=/opt/ros/foxy /usr/bin/cmake --install /home/jeongil/ros_foxy_ws/velodyne_ws/build/velodyne_msgs
