[0.017s] Invoking command in '/home/d/velo_ws/build/velodyne_msgs': CMAKE_PREFIX_PATH=${CMAKE_PREFIX_PATH}:/home/d/jack_ws/install/jackal_desktop:/home/d/jack_ws/install/jackal_viz:/home/d/jack_ws/install/jackal_simulator:/home/d/jack_ws/install/jackal_msgs:/home/d/jack_ws/install/jackal_gazebo:/home/d/jack_ws/install/jackal_control:/home/d/jack_ws/install/jackal_description:/home/d/gcamp_ros2_ws/install/turtlesim:/home/d/gcamp_ros2_ws/install/py_topic_pkg:/home/d/gcamp_ros2_ws/install/py_service_pkg:/home/d/gcamp_ros2_ws/install/py_first_pkg:/home/d/gcamp_ros2_ws/install/py_action_pkg:/home/d/gcamp_ros2_ws/install/gcamp_gazebo:/home/d/gcamp_ros2_ws/install/cpp_service_pkg:/home/d/gcamp_ros2_ws/install/cpp_action_pkg:/home/d/gcamp_ros2_ws/install/custom_interfaces:/home/d/gcamp_ros2_ws/install/cpp_topic_pkg:/home/d/gcamp_ros2_ws/install/cpp_service_tutorial:/home/d/gcamp_ros2_ws/install/cpp_param_pkg:/home/d/gcamp_ros2_ws/install/cpp_first_pkg:/opt/ros/foxy /usr/bin/cmake /home/d/velo_ws/src/velodyne-ros2/velodyne_msgs -DCMAKE_INSTALL_PREFIX=/home/d/velo_ws/install/velodyne_msgs
[0.045s] -- The C compiler identification is GNU 9.4.0
[0.074s] -- The CXX compiler identification is GNU 9.4.0
[0.077s] -- Check for working C compiler: /usr/bin/cc
[0.113s] -- Check for working C compiler: /usr/bin/cc -- works
[0.113s] -- Detecting C compiler ABI info
[0.149s] -- Detecting C compiler ABI info - done
[0.155s] -- Detecting C compile features
[0.155s] -- Detecting C compile features - done
[0.157s] -- Check for working CXX compiler: /usr/bin/c++
[0.199s] -- Check for working CXX compiler: /usr/bin/c++ -- works
[0.199s] -- Detecting CXX compiler ABI info
[0.241s] -- Detecting CXX compiler ABI info - done
[0.247s] -- Detecting CXX compile features
[0.247s] -- Detecting CXX compile features - done
[0.249s] -- Found ament_cmake: 0.9.11 (/opt/ros/foxy/share/ament_cmake/cmake)
[0.267s] -- Found PythonInterp: /usr/bin/python3 (found suitable version "3.8.10", minimum required is "3") 
[0.267s] -- Using PYTHON_EXECUTABLE: /usr/bin/python3
[0.375s] -- Found builtin_interfaces: 1.0.0 (/opt/ros/foxy/share/builtin_interfaces/cmake)
[0.393s] -- Using all available rosidl_typesupport_c: rosidl_typesupport_fastrtps_c;rosidl_typesupport_introspection_c
[0.397s] -- Found rosidl_adapter: 1.3.0 (/opt/ros/foxy/share/rosidl_adapter/cmake)
[0.441s] -- Found OpenSSL: /usr/lib/x86_64-linux-gnu/libcrypto.so (found version "1.1.1f")  
[0.458s] -- Found FastRTPS: /opt/ros/foxy/include  
[0.502s] -- Using all available rosidl_typesupport_cpp: rosidl_typesupport_fastrtps_cpp;rosidl_typesupport_introspection_cpp
[0.518s] -- Found rosidl_default_generators: 1.0.1 (/opt/ros/foxy/share/rosidl_default_generators/cmake)
[0.526s] -- Found std_msgs: 2.0.5 (/opt/ros/foxy/share/std_msgs/cmake)
[0.550s] -- Found PythonInterp: /usr/bin/python3 (found version "3.8.10") 
[0.637s] -- Found ament_cmake_cppcheck: 0.9.8 (/opt/ros/foxy/share/ament_cmake_cppcheck/cmake)
[0.638s] -- Found ament_cmake_cpplint: 0.9.8 (/opt/ros/foxy/share/ament_cmake_cpplint/cmake)
[0.640s] -- Found ament_cmake_uncrustify: 0.9.8 (/opt/ros/foxy/share/ament_cmake_uncrustify/cmake)
[0.641s] -- Found ament_cmake_ros: 0.9.2 (/opt/ros/foxy/share/ament_cmake_ros/cmake)
[0.740s] -- Using all available rosidl_typesupport_c: rosidl_typesupport_fastrtps_c;rosidl_typesupport_introspection_c
[0.773s] -- Using all available rosidl_typesupport_cpp: rosidl_typesupport_fastrtps_cpp;rosidl_typesupport_introspection_cpp
[0.791s] -- Found PythonInterp: /usr/bin/python3 (found suitable version "3.8.10", minimum required is "3.5") 
[0.793s] -- Found python_cmake_module: 0.8.1 (/opt/ros/foxy/share/python_cmake_module/cmake)
[0.811s] -- Found PythonLibs: /usr/lib/x86_64-linux-gnu/libpython3.8.so (found suitable version "3.8.10", minimum required is "3.5") 
[0.811s] -- Using PYTHON_EXECUTABLE: /usr/bin/python3
[0.811s] -- Using PYTHON_INCLUDE_DIRS: /usr/include/python3.8
[0.811s] -- Using PYTHON_LIBRARIES: /usr/lib/x86_64-linux-gnu/libpython3.8.so
[0.826s] -- Found PythonExtra: .so  
[0.865s] -- Found ament_cmake_flake8: 0.9.8 (/opt/ros/foxy/share/ament_cmake_flake8/cmake)
[0.867s] -- Found ament_cmake_pep257: 0.9.8 (/opt/ros/foxy/share/ament_cmake_pep257/cmake)
[0.869s] -- Found ament_lint_auto: 0.9.8 (/opt/ros/foxy/share/ament_lint_auto/cmake)
[0.877s] -- Added test 'copyright' to check source files copyright and LICENSE
[0.877s] -- Added test 'lint_cmake' to check CMake code style
[0.877s] -- Added test 'xmllint' to check XML markup files
[0.880s] -- Configuring done
[0.901s] -- Generating done
[0.902s] -- Build files have been written to: /home/d/velo_ws/build/velodyne_msgs
[0.908s] Invoked command in '/home/d/velo_ws/build/velodyne_msgs' returned '0': CMAKE_PREFIX_PATH=${CMAKE_PREFIX_PATH}:/home/d/jack_ws/install/jackal_desktop:/home/d/jack_ws/install/jackal_viz:/home/d/jack_ws/install/jackal_simulator:/home/d/jack_ws/install/jackal_msgs:/home/d/jack_ws/install/jackal_gazebo:/home/d/jack_ws/install/jackal_control:/home/d/jack_ws/install/jackal_description:/home/d/gcamp_ros2_ws/install/turtlesim:/home/d/gcamp_ros2_ws/install/py_topic_pkg:/home/d/gcamp_ros2_ws/install/py_service_pkg:/home/d/gcamp_ros2_ws/install/py_first_pkg:/home/d/gcamp_ros2_ws/install/py_action_pkg:/home/d/gcamp_ros2_ws/install/gcamp_gazebo:/home/d/gcamp_ros2_ws/install/cpp_service_pkg:/home/d/gcamp_ros2_ws/install/cpp_action_pkg:/home/d/gcamp_ros2_ws/install/custom_interfaces:/home/d/gcamp_ros2_ws/install/cpp_topic_pkg:/home/d/gcamp_ros2_ws/install/cpp_service_tutorial:/home/d/gcamp_ros2_ws/install/cpp_param_pkg:/home/d/gcamp_ros2_ws/install/cpp_first_pkg:/opt/ros/foxy /usr/bin/cmake /home/d/velo_ws/src/velodyne-ros2/velodyne_msgs -DCMAKE_INSTALL_PREFIX=/home/d/velo_ws/install/velodyne_msgs
[0.910s] Invoking command in '/home/d/velo_ws/build/velodyne_msgs': CMAKE_PREFIX_PATH=${CMAKE_PREFIX_PATH}:/home/d/jack_ws/install/jackal_desktop:/home/d/jack_ws/install/jackal_viz:/home/d/jack_ws/install/jackal_simulator:/home/d/jack_ws/install/jackal_msgs:/home/d/jack_ws/install/jackal_gazebo:/home/d/jack_ws/install/jackal_control:/home/d/jack_ws/install/jackal_description:/home/d/gcamp_ros2_ws/install/turtlesim:/home/d/gcamp_ros2_ws/install/py_topic_pkg:/home/d/gcamp_ros2_ws/install/py_service_pkg:/home/d/gcamp_ros2_ws/install/py_first_pkg:/home/d/gcamp_ros2_ws/install/py_action_pkg:/home/d/gcamp_ros2_ws/install/gcamp_gazebo:/home/d/gcamp_ros2_ws/install/cpp_service_pkg:/home/d/gcamp_ros2_ws/install/cpp_action_pkg:/home/d/gcamp_ros2_ws/install/custom_interfaces:/home/d/gcamp_ros2_ws/install/cpp_topic_pkg:/home/d/gcamp_ros2_ws/install/cpp_service_tutorial:/home/d/gcamp_ros2_ws/install/cpp_param_pkg:/home/d/gcamp_ros2_ws/install/cpp_first_pkg:/opt/ros/foxy /usr/bin/cmake --build /home/d/velo_ws/build/velodyne_msgs -- -j20 -l20
[0.930s] [35m[1mScanning dependencies of target velodyne_msgs__cpp[0m
[0.931s] [  2%] [34m[1mGenerating C code for ROS interfaces[0m
[0.936s] [  5%] [34m[1mGenerating C++ code for ROS interfaces[0m
[1.096s] [  5%] Built target velodyne_msgs__cpp
[1.099s] [35m[1mScanning dependencies of target velodyne_msgs__rosidl_generator_c[0m
[1.101s] [  7%] [34m[1mGenerating C++ type support dispatch for ROS interfaces[0m
[1.103s] [ 10%] [34m[1mGenerating C++ introspection for ROS interfaces[0m
[1.104s] [ 12%] [34m[1mGenerating C++ type support for eProsima Fast-RTPS[0m
[1.107s] [ 15%] [32mBuilding C object CMakeFiles/velodyne_msgs__rosidl_generator_c.dir/rosidl_generator_c/velodyne_msgs/msg/detail/velodyne_packet__functions.c.o[0m
[1.110s] [ 17%] [32mBuilding C object CMakeFiles/velodyne_msgs__rosidl_generator_c.dir/rosidl_generator_c/velodyne_msgs/msg/detail/velodyne_scan__functions.c.o[0m
[1.145s] [ 20%] [32m[1mLinking C shared library libvelodyne_msgs__rosidl_generator_c.so[0m
[1.168s] [ 20%] Built target velodyne_msgs__rosidl_generator_c
[1.174s] [ 23%] [34m[1mGenerating C type support dispatch for ROS interfaces[0m
[1.177s] [ 25%] [34m[1mGenerating C introspection for ROS interfaces[0m
[1.244s] [35m[1mScanning dependencies of target velodyne_msgs__rosidl_typesupport_cpp[0m
[1.250s] [ 28%] [32mBuilding CXX object CMakeFiles/velodyne_msgs__rosidl_typesupport_cpp.dir/rosidl_typesupport_cpp/velodyne_msgs/msg/velodyne_packet__type_support.cpp.o[0m
[1.252s] [ 30%] [32mBuilding CXX object CMakeFiles/velodyne_msgs__rosidl_typesupport_cpp.dir/rosidl_typesupport_cpp/velodyne_msgs/msg/velodyne_scan__type_support.cpp.o[0m
[1.324s] [35m[1mScanning dependencies of target velodyne_msgs__rosidl_typesupport_c[0m
[1.331s] [ 33%] [32mBuilding CXX object CMakeFiles/velodyne_msgs__rosidl_typesupport_c.dir/rosidl_typesupport_c/velodyne_msgs/msg/velodyne_packet__type_support.cpp.o[0m
[1.333s] [ 35%] [32mBuilding CXX object CMakeFiles/velodyne_msgs__rosidl_typesupport_c.dir/rosidl_typesupport_c/velodyne_msgs/msg/velodyne_scan__type_support.cpp.o[0m
[1.350s] [35m[1mScanning dependencies of target velodyne_msgs__rosidl_typesupport_introspection_cpp[0m
[1.357s] [ 41%] [32m[1mLinking CXX shared library libvelodyne_msgs__rosidl_typesupport_c.so[0m
[1.357s] [ 41%] [32mBuilding CXX object CMakeFiles/velodyne_msgs__rosidl_typesupport_introspection_cpp.dir/rosidl_typesupport_introspection_cpp/velodyne_msgs/msg/detail/velodyne_packet__type_support.cpp.o[0m
[1.357s] [ 43%] [32mBuilding CXX object CMakeFiles/velodyne_msgs__rosidl_typesupport_introspection_cpp.dir/rosidl_typesupport_introspection_cpp/velodyne_msgs/msg/detail/velodyne_scan__type_support.cpp.o[0m
[1.380s] [ 43%] Built target velodyne_msgs__rosidl_typesupport_c
[1.386s] [35m[1mScanning dependencies of target velodyne_msgs__rosidl_typesupport_fastrtps_cpp[0m
[1.394s] [ 46%] [32mBuilding CXX object CMakeFiles/velodyne_msgs__rosidl_typesupport_fastrtps_cpp.dir/rosidl_typesupport_fastrtps_cpp/velodyne_msgs/msg/detail/dds_fastrtps/velodyne_packet__type_support.cpp.o[0m
[1.396s] [ 48%] [32mBuilding CXX object CMakeFiles/velodyne_msgs__rosidl_typesupport_fastrtps_cpp.dir/rosidl_typesupport_fastrtps_cpp/velodyne_msgs/msg/detail/dds_fastrtps/velodyne_scan__type_support.cpp.o[0m
[1.400s] [ 51%] [32m[1mLinking CXX shared library libvelodyne_msgs__rosidl_typesupport_cpp.so[0m
[1.422s] [ 51%] Built target velodyne_msgs__rosidl_typesupport_cpp
[1.447s] [35m[1mScanning dependencies of target velodyne_msgs__rosidl_typesupport_introspection_c[0m
[1.455s] [ 53%] [32mBuilding C object CMakeFiles/velodyne_msgs__rosidl_typesupport_introspection_c.dir/rosidl_typesupport_introspection_c/velodyne_msgs/msg/detail/velodyne_packet__type_support.c.o[0m
[1.457s] [ 56%] [32mBuilding C object CMakeFiles/velodyne_msgs__rosidl_typesupport_introspection_c.dir/rosidl_typesupport_introspection_c/velodyne_msgs/msg/detail/velodyne_scan__type_support.c.o[0m
[1.476s] [ 58%] [32m[1mLinking C shared library libvelodyne_msgs__rosidl_typesupport_introspection_c.so[0m
[1.494s] [ 58%] Built target velodyne_msgs__rosidl_typesupport_introspection_c
[1.524s] [ 61%] [32m[1mLinking CXX shared library libvelodyne_msgs__rosidl_typesupport_introspection_cpp.so[0m
[1.563s] [ 61%] Built target velodyne_msgs__rosidl_typesupport_introspection_cpp
[1.615s] [ 64%] [32m[1mLinking CXX shared library libvelodyne_msgs__rosidl_typesupport_fastrtps_cpp.so[0m
[1.660s] [ 64%] Built target velodyne_msgs__rosidl_typesupport_fastrtps_cpp
[1.665s] [ 66%] [34m[1mGenerating C type support for eProsima Fast-RTPS[0m
[1.813s] [35m[1mScanning dependencies of target velodyne_msgs__rosidl_typesupport_fastrtps_c[0m
[1.820s] [ 69%] [32mBuilding CXX object CMakeFiles/velodyne_msgs__rosidl_typesupport_fastrtps_c.dir/rosidl_typesupport_fastrtps_c/velodyne_msgs/msg/detail/velodyne_packet__type_support_c.cpp.o[0m
[1.821s] [ 71%] [32mBuilding CXX object CMakeFiles/velodyne_msgs__rosidl_typesupport_fastrtps_c.dir/rosidl_typesupport_fastrtps_c/velodyne_msgs/msg/detail/velodyne_scan__type_support_c.cpp.o[0m
[1.983s] [ 74%] [32m[1mLinking CXX shared library libvelodyne_msgs__rosidl_typesupport_fastrtps_c.so[0m
[2.037s] [ 74%] Built target velodyne_msgs__rosidl_typesupport_fastrtps_c
[2.042s] [35m[1mScanning dependencies of target velodyne_msgs[0m
[2.048s] [ 74%] Built target velodyne_msgs
[2.053s] [35m[1mScanning dependencies of target velodyne_msgs__py[0m
[2.059s] [ 76%] [34m[1mGenerating Python code for ROS interfaces[0m
[2.330s] [ 76%] Built target velodyne_msgs__py
[2.335s] [35m[1mScanning dependencies of target velodyne_msgs__python[0m
[2.346s] [ 79%] [32mBuilding C object CMakeFiles/velodyne_msgs__python.dir/rosidl_generator_py/velodyne_msgs/msg/_velodyne_packet_s.c.o[0m
[2.346s] [ 82%] [32mBuilding C object CMakeFiles/velodyne_msgs__python.dir/rosidl_generator_py/velodyne_msgs/msg/_velodyne_scan_s.c.o[0m
[2.390s] [ 84%] [32m[1mLinking C shared library rosidl_generator_py/velodyne_msgs/libvelodyne_msgs__python.so[0m
[2.412s] [ 84%] Built target velodyne_msgs__python
[2.418s] [35m[1mScanning dependencies of target velodyne_msgs__rosidl_typesupport_c__pyext[0m
[2.418s] [35m[1mScanning dependencies of target velodyne_msgs__rosidl_typesupport_introspection_c__pyext[0m
[2.418s] [35m[1mScanning dependencies of target velodyne_msgs__rosidl_typesupport_fastrtps_c__pyext[0m
[2.427s] [ 89%] [32mBuilding C object CMakeFiles/velodyne_msgs__rosidl_typesupport_c__pyext.dir/rosidl_generator_py/velodyne_msgs/_velodyne_msgs_s.ep.rosidl_typesupport_c.c.o[0m
[2.427s] [ 89%] [32mBuilding C object CMakeFiles/velodyne_msgs__rosidl_typesupport_introspection_c__pyext.dir/rosidl_generator_py/velodyne_msgs/_velodyne_msgs_s.ep.rosidl_typesupport_introspection_c.c.o[0m
[2.429s] [ 92%] [32mBuilding C object CMakeFiles/velodyne_msgs__rosidl_typesupport_fastrtps_c__pyext.dir/rosidl_generator_py/velodyne_msgs/_velodyne_msgs_s.ep.rosidl_typesupport_fastrtps_c.c.o[0m
[2.469s] [ 97%] [32m[1mLinking C shared library rosidl_generator_py/velodyne_msgs/velodyne_msgs_s__rosidl_typesupport_c.cpython-38-x86_64-linux-gnu.so[0m
[2.469s] [ 97%] [32m[1mLinking C shared library rosidl_generator_py/velodyne_msgs/velodyne_msgs_s__rosidl_typesupport_introspection_c.cpython-38-x86_64-linux-gnu.so[0m
[2.480s] [100%] [32m[1mLinking CXX shared library rosidl_generator_py/velodyne_msgs/velodyne_msgs_s__rosidl_typesupport_fastrtps_c.cpython-38-x86_64-linux-gnu.so[0m
[2.488s] [100%] Built target velodyne_msgs__rosidl_typesupport_introspection_c__pyext
[2.488s] [100%] Built target velodyne_msgs__rosidl_typesupport_c__pyext
[2.514s] [100%] Built target velodyne_msgs__rosidl_typesupport_fastrtps_c__pyext
[2.521s] Invoked command in '/home/d/velo_ws/build/velodyne_msgs' returned '0': CMAKE_PREFIX_PATH=${CMAKE_PREFIX_PATH}:/home/d/jack_ws/install/jackal_desktop:/home/d/jack_ws/install/jackal_viz:/home/d/jack_ws/install/jackal_simulator:/home/d/jack_ws/install/jackal_msgs:/home/d/jack_ws/install/jackal_gazebo:/home/d/jack_ws/install/jackal_control:/home/d/jack_ws/install/jackal_description:/home/d/gcamp_ros2_ws/install/turtlesim:/home/d/gcamp_ros2_ws/install/py_topic_pkg:/home/d/gcamp_ros2_ws/install/py_service_pkg:/home/d/gcamp_ros2_ws/install/py_first_pkg:/home/d/gcamp_ros2_ws/install/py_action_pkg:/home/d/gcamp_ros2_ws/install/gcamp_gazebo:/home/d/gcamp_ros2_ws/install/cpp_service_pkg:/home/d/gcamp_ros2_ws/install/cpp_action_pkg:/home/d/gcamp_ros2_ws/install/custom_interfaces:/home/d/gcamp_ros2_ws/install/cpp_topic_pkg:/home/d/gcamp_ros2_ws/install/cpp_service_tutorial:/home/d/gcamp_ros2_ws/install/cpp_param_pkg:/home/d/gcamp_ros2_ws/install/cpp_first_pkg:/opt/ros/foxy /usr/bin/cmake --build /home/d/velo_ws/build/velodyne_msgs -- -j20 -l20
[2.551s] Invoking command in '/home/d/velo_ws/build/velodyne_msgs': CMAKE_PREFIX_PATH=${CMAKE_PREFIX_PATH}:/home/d/jack_ws/install/jackal_desktop:/home/d/jack_ws/install/jackal_viz:/home/d/jack_ws/install/jackal_simulator:/home/d/jack_ws/install/jackal_msgs:/home/d/jack_ws/install/jackal_gazebo:/home/d/jack_ws/install/jackal_control:/home/d/jack_ws/install/jackal_description:/home/d/gcamp_ros2_ws/install/turtlesim:/home/d/gcamp_ros2_ws/install/py_topic_pkg:/home/d/gcamp_ros2_ws/install/py_service_pkg:/home/d/gcamp_ros2_ws/install/py_first_pkg:/home/d/gcamp_ros2_ws/install/py_action_pkg:/home/d/gcamp_ros2_ws/install/gcamp_gazebo:/home/d/gcamp_ros2_ws/install/cpp_service_pkg:/home/d/gcamp_ros2_ws/install/cpp_action_pkg:/home/d/gcamp_ros2_ws/install/custom_interfaces:/home/d/gcamp_ros2_ws/install/cpp_topic_pkg:/home/d/gcamp_ros2_ws/install/cpp_service_tutorial:/home/d/gcamp_ros2_ws/install/cpp_param_pkg:/home/d/gcamp_ros2_ws/install/cpp_first_pkg:/opt/ros/foxy /usr/bin/cmake --install /home/d/velo_ws/build/velodyne_msgs
[2.555s] -- Install configuration: ""
[2.555s] -- Installing: /home/d/velo_ws/install/velodyne_msgs/share/ament_index/resource_index/rosidl_interfaces/velodyne_msgs
[2.555s] -- Installing: /home/d/velo_ws/install/velodyne_msgs/include/velodyne_msgs
[2.555s] -- Installing: /home/d/velo_ws/install/velodyne_msgs/include/velodyne_msgs/msg
[2.556s] -- Installing: /home/d/velo_ws/install/velodyne_msgs/include/velodyne_msgs/msg/velodyne_packet.h
[2.556s] -- Installing: /home/d/velo_ws/install/velodyne_msgs/include/velodyne_msgs/msg/velodyne_scan.h
[2.556s] -- Installing: /home/d/velo_ws/install/velodyne_msgs/include/velodyne_msgs/msg/rosidl_generator_c__visibility_control.h
[2.556s] -- Installing: /home/d/velo_ws/install/velodyne_msgs/include/velodyne_msgs/msg/detail
[2.556s] -- Installing: /home/d/velo_ws/install/velodyne_msgs/include/velodyne_msgs/msg/detail/velodyne_packet__struct.h
[2.556s] -- Installing: /home/d/velo_ws/install/velodyne_msgs/include/velodyne_msgs/msg/detail/velodyne_scan__functions.h
[2.556s] -- Installing: /home/d/velo_ws/install/velodyne_msgs/include/velodyne_msgs/msg/detail/velodyne_packet__functions.h
[2.556s] -- Installing: /home/d/velo_ws/install/velodyne_msgs/include/velodyne_msgs/msg/detail/velodyne_scan__type_support.h
[2.556s] -- Installing: /home/d/velo_ws/install/velodyne_msgs/include/velodyne_msgs/msg/detail/velodyne_packet__functions.c
[2.556s] -- Installing: /home/d/velo_ws/install/velodyne_msgs/include/velodyne_msgs/msg/detail/velodyne_scan__functions.c
[2.557s] -- Installing: /home/d/velo_ws/install/velodyne_msgs/include/velodyne_msgs/msg/detail/velodyne_packet__type_support.h
[2.557s] -- Installing: /home/d/velo_ws/install/velodyne_msgs/include/velodyne_msgs/msg/detail/velodyne_scan__struct.h
[2.557s] -- Installing: /home/d/velo_ws/install/velodyne_msgs/share/velodyne_msgs/environment/library_path.sh
[2.557s] -- Installing: /home/d/velo_ws/install/velodyne_msgs/share/velodyne_msgs/environment/library_path.dsv
[2.557s] -- Installing: /home/d/velo_ws/install/velodyne_msgs/lib/libvelodyne_msgs__rosidl_generator_c.so
[2.557s] -- Set runtime path of "/home/d/velo_ws/install/velodyne_msgs/lib/libvelodyne_msgs__rosidl_generator_c.so" to ""
[2.557s] -- Up-to-date: /home/d/velo_ws/install/velodyne_msgs/include/velodyne_msgs
[2.557s] -- Up-to-date: /home/d/velo_ws/install/velodyne_msgs/include/velodyne_msgs/msg
[2.557s] -- Installing: /home/d/velo_ws/install/velodyne_msgs/include/velodyne_msgs/msg/rosidl_typesupport_fastrtps_c__visibility_control.h
[2.557s] -- Up-to-date: /home/d/velo_ws/install/velodyne_msgs/include/velodyne_msgs/msg/detail
[2.557s] -- Installing: /home/d/velo_ws/install/velodyne_msgs/include/velodyne_msgs/msg/detail/velodyne_packet__rosidl_typesupport_fastrtps_c.h
[2.557s] -- Installing: /home/d/velo_ws/install/velodyne_msgs/include/velodyne_msgs/msg/detail/velodyne_scan__rosidl_typesupport_fastrtps_c.h
[2.557s] -- Installing: /home/d/velo_ws/install/velodyne_msgs/lib/libvelodyne_msgs__rosidl_typesupport_fastrtps_c.so
[2.557s] -- Set runtime path of "/home/d/velo_ws/install/velodyne_msgs/lib/libvelodyne_msgs__rosidl_typesupport_fastrtps_c.so" to ""
[2.558s] -- Up-to-date: /home/d/velo_ws/install/velodyne_msgs/include/velodyne_msgs
[2.558s] -- Up-to-date: /home/d/velo_ws/install/velodyne_msgs/include/velodyne_msgs/msg
[2.558s] -- Installing: /home/d/velo_ws/install/velodyne_msgs/include/velodyne_msgs/msg/rosidl_typesupport_fastrtps_cpp__visibility_control.h
[2.558s] -- Up-to-date: /home/d/velo_ws/install/velodyne_msgs/include/velodyne_msgs/msg/detail
[2.558s] -- Installing: /home/d/velo_ws/install/velodyne_msgs/include/velodyne_msgs/msg/detail/dds_fastrtps
[2.558s] -- Installing: /home/d/velo_ws/install/velodyne_msgs/include/velodyne_msgs/msg/detail/velodyne_packet__rosidl_typesupport_fastrtps_cpp.hpp
[2.558s] -- Installing: /home/d/velo_ws/install/velodyne_msgs/include/velodyne_msgs/msg/detail/velodyne_scan__rosidl_typesupport_fastrtps_cpp.hpp
[2.558s] -- Installing: /home/d/velo_ws/install/velodyne_msgs/lib/libvelodyne_msgs__rosidl_typesupport_fastrtps_cpp.so
[2.558s] -- Set runtime path of "/home/d/velo_ws/install/velodyne_msgs/lib/libvelodyne_msgs__rosidl_typesupport_fastrtps_cpp.so" to ""
[2.558s] -- Up-to-date: /home/d/velo_ws/install/velodyne_msgs/include/velodyne_msgs
[2.558s] -- Up-to-date: /home/d/velo_ws/install/velodyne_msgs/include/velodyne_msgs/msg
[2.558s] -- Installing: /home/d/velo_ws/install/velodyne_msgs/include/velodyne_msgs/msg/rosidl_typesupport_introspection_c__visibility_control.h
[2.558s] -- Up-to-date: /home/d/velo_ws/install/velodyne_msgs/include/velodyne_msgs/msg/detail
[2.558s] -- Installing: /home/d/velo_ws/install/velodyne_msgs/include/velodyne_msgs/msg/detail/velodyne_packet__type_support.c
[2.559s] -- Installing: /home/d/velo_ws/install/velodyne_msgs/include/velodyne_msgs/msg/detail/velodyne_scan__type_support.c
[2.559s] -- Installing: /home/d/velo_ws/install/velodyne_msgs/include/velodyne_msgs/msg/detail/velodyne_packet__rosidl_typesupport_introspection_c.h
[2.559s] -- Installing: /home/d/velo_ws/install/velodyne_msgs/include/velodyne_msgs/msg/detail/velodyne_scan__rosidl_typesupport_introspection_c.h
[2.559s] -- Installing: /home/d/velo_ws/install/velodyne_msgs/lib/libvelodyne_msgs__rosidl_typesupport_introspection_c.so
[2.559s] -- Set runtime path of "/home/d/velo_ws/install/velodyne_msgs/lib/libvelodyne_msgs__rosidl_typesupport_introspection_c.so" to ""
[2.559s] -- Installing: /home/d/velo_ws/install/velodyne_msgs/lib/libvelodyne_msgs__rosidl_typesupport_c.so
[2.559s] -- Set runtime path of "/home/d/velo_ws/install/velodyne_msgs/lib/libvelodyne_msgs__rosidl_typesupport_c.so" to ""
[2.559s] -- Up-to-date: /home/d/velo_ws/install/velodyne_msgs/include/velodyne_msgs
[2.559s] -- Up-to-date: /home/d/velo_ws/install/velodyne_msgs/include/velodyne_msgs/msg
[2.559s] -- Installing: /home/d/velo_ws/install/velodyne_msgs/include/velodyne_msgs/msg/velodyne_packet.hpp
[2.559s] -- Installing: /home/d/velo_ws/install/velodyne_msgs/include/velodyne_msgs/msg/velodyne_scan.hpp
[2.559s] -- Up-to-date: /home/d/velo_ws/install/velodyne_msgs/include/velodyne_msgs/msg/detail
[2.559s] -- Installing: /home/d/velo_ws/install/velodyne_msgs/include/velodyne_msgs/msg/detail/velodyne_packet__builder.hpp
[2.559s] -- Installing: /home/d/velo_ws/install/velodyne_msgs/include/velodyne_msgs/msg/detail/velodyne_packet__traits.hpp
[2.559s] -- Installing: /home/d/velo_ws/install/velodyne_msgs/include/velodyne_msgs/msg/detail/velodyne_scan__traits.hpp
[2.559s] -- Installing: /home/d/velo_ws/install/velodyne_msgs/include/velodyne_msgs/msg/detail/velodyne_packet__struct.hpp
[2.559s] -- Installing: /home/d/velo_ws/install/velodyne_msgs/include/velodyne_msgs/msg/detail/velodyne_scan__builder.hpp
[2.559s] -- Installing: /home/d/velo_ws/install/velodyne_msgs/include/velodyne_msgs/msg/detail/velodyne_scan__struct.hpp
[2.560s] -- Up-to-date: /home/d/velo_ws/install/velodyne_msgs/include/velodyne_msgs
[2.560s] -- Up-to-date: /home/d/velo_ws/install/velodyne_msgs/include/velodyne_msgs/msg
[2.560s] -- Up-to-date: /home/d/velo_ws/install/velodyne_msgs/include/velodyne_msgs/msg/detail
[2.560s] -- Installing: /home/d/velo_ws/install/velodyne_msgs/include/velodyne_msgs/msg/detail/velodyne_packet__type_support.cpp
[2.560s] -- Installing: /home/d/velo_ws/install/velodyne_msgs/include/velodyne_msgs/msg/detail/velodyne_scan__type_support.cpp
[2.560s] -- Installing: /home/d/velo_ws/install/velodyne_msgs/include/velodyne_msgs/msg/detail/velodyne_packet__rosidl_typesupport_introspection_cpp.hpp
[2.560s] -- Installing: /home/d/velo_ws/install/velodyne_msgs/include/velodyne_msgs/msg/detail/velodyne_scan__rosidl_typesupport_introspection_cpp.hpp
[2.560s] -- Installing: /home/d/velo_ws/install/velodyne_msgs/lib/libvelodyne_msgs__rosidl_typesupport_introspection_cpp.so
[2.560s] -- Set runtime path of "/home/d/velo_ws/install/velodyne_msgs/lib/libvelodyne_msgs__rosidl_typesupport_introspection_cpp.so" to ""
[2.560s] -- Installing: /home/d/velo_ws/install/velodyne_msgs/lib/libvelodyne_msgs__rosidl_typesupport_cpp.so
[2.560s] -- Set runtime path of "/home/d/velo_ws/install/velodyne_msgs/lib/libvelodyne_msgs__rosidl_typesupport_cpp.so" to ""
[2.560s] -- Installing: /home/d/velo_ws/install/velodyne_msgs/share/velodyne_msgs/environment/pythonpath.sh
[2.560s] -- Installing: /home/d/velo_ws/install/velodyne_msgs/share/velodyne_msgs/environment/pythonpath.dsv
[2.560s] -- Installing: /home/d/velo_ws/install/velodyne_msgs/lib/python3.8/site-packages/velodyne_msgs/__init__.py
[2.577s] Compiling '/home/d/velo_ws/install/velodyne_msgs/lib/python3.8/site-packages/velodyne_msgs/__init__.py'...
[2.579s] -- Installing: /home/d/velo_ws/install/velodyne_msgs/lib/python3.8/site-packages/velodyne_msgs/msg
[2.579s] -- Installing: /home/d/velo_ws/install/velodyne_msgs/lib/python3.8/site-packages/velodyne_msgs/msg/_velodyne_packet.py
[2.579s] -- Installing: /home/d/velo_ws/install/velodyne_msgs/lib/python3.8/site-packages/velodyne_msgs/msg/__init__.py
[2.579s] -- Installing: /home/d/velo_ws/install/velodyne_msgs/lib/python3.8/site-packages/velodyne_msgs/msg/_velodyne_packet_s.c
[2.580s] -- Installing: /home/d/velo_ws/install/velodyne_msgs/lib/python3.8/site-packages/velodyne_msgs/msg/_velodyne_scan.py
[2.580s] -- Installing: /home/d/velo_ws/install/velodyne_msgs/lib/python3.8/site-packages/velodyne_msgs/msg/_velodyne_scan_s.c
[2.580s] -- Installing: /home/d/velo_ws/install/velodyne_msgs/lib/python3.8/site-packages/velodyne_msgs/velodyne_msgs_s__rosidl_typesupport_fastrtps_c.cpython-38-x86_64-linux-gnu.so
[2.580s] -- Set runtime path of "/home/d/velo_ws/install/velodyne_msgs/lib/python3.8/site-packages/velodyne_msgs/velodyne_msgs_s__rosidl_typesupport_fastrtps_c.cpython-38-x86_64-linux-gnu.so" to ""
[2.580s] -- Installing: /home/d/velo_ws/install/velodyne_msgs/lib/python3.8/site-packages/velodyne_msgs/velodyne_msgs_s__rosidl_typesupport_introspection_c.cpython-38-x86_64-linux-gnu.so
[2.580s] -- Set runtime path of "/home/d/velo_ws/install/velodyne_msgs/lib/python3.8/site-packages/velodyne_msgs/velodyne_msgs_s__rosidl_typesupport_introspection_c.cpython-38-x86_64-linux-gnu.so" to ""
[2.580s] -- Installing: /home/d/velo_ws/install/velodyne_msgs/lib/python3.8/site-packages/velodyne_msgs/velodyne_msgs_s__rosidl_typesupport_c.cpython-38-x86_64-linux-gnu.so
[2.580s] -- Set runtime path of "/home/d/velo_ws/install/velodyne_msgs/lib/python3.8/site-packages/velodyne_msgs/velodyne_msgs_s__rosidl_typesupport_c.cpython-38-x86_64-linux-gnu.so" to ""
[2.581s] -- Installing: /home/d/velo_ws/install/velodyne_msgs/lib/libvelodyne_msgs__python.so
[2.581s] -- Set runtime path of "/home/d/velo_ws/install/velodyne_msgs/lib/libvelodyne_msgs__python.so" to ""
[2.581s] -- Installing: /home/d/velo_ws/install/velodyne_msgs/share/velodyne_msgs/msg/VelodynePacket.idl
[2.581s] -- Installing: /home/d/velo_ws/install/velodyne_msgs/share/velodyne_msgs/msg/VelodyneScan.idl
[2.581s] -- Installing: /home/d/velo_ws/install/velodyne_msgs/share/velodyne_msgs/msg/VelodynePacket.msg
[2.581s] -- Installing: /home/d/velo_ws/install/velodyne_msgs/share/velodyne_msgs/msg/VelodyneScan.msg
[2.581s] -- Installing: /home/d/velo_ws/install/velodyne_msgs/share/ament_index/resource_index/package_run_dependencies/velodyne_msgs
[2.581s] -- Installing: /home/d/velo_ws/install/velodyne_msgs/share/ament_index/resource_index/parent_prefix_path/velodyne_msgs
[2.581s] -- Installing: /home/d/velo_ws/install/velodyne_msgs/share/velodyne_msgs/environment/ament_prefix_path.sh
[2.581s] -- Installing: /home/d/velo_ws/install/velodyne_msgs/share/velodyne_msgs/environment/ament_prefix_path.dsv
[2.581s] -- Installing: /home/d/velo_ws/install/velodyne_msgs/share/velodyne_msgs/environment/path.sh
[2.581s] -- Installing: /home/d/velo_ws/install/velodyne_msgs/share/velodyne_msgs/environment/path.dsv
[2.581s] -- Installing: /home/d/velo_ws/install/velodyne_msgs/share/velodyne_msgs/local_setup.bash
[2.581s] -- Installing: /home/d/velo_ws/install/velodyne_msgs/share/velodyne_msgs/local_setup.sh
[2.582s] -- Installing: /home/d/velo_ws/install/velodyne_msgs/share/velodyne_msgs/local_setup.zsh
[2.582s] -- Installing: /home/d/velo_ws/install/velodyne_msgs/share/velodyne_msgs/local_setup.dsv
[2.582s] -- Installing: /home/d/velo_ws/install/velodyne_msgs/share/velodyne_msgs/package.dsv
[2.582s] -- Installing: /home/d/velo_ws/install/velodyne_msgs/share/ament_index/resource_index/packages/velodyne_msgs
[2.582s] -- Installing: /home/d/velo_ws/install/velodyne_msgs/share/velodyne_msgs/cmake/velodyne_msgs__rosidl_generator_cExport.cmake
[2.582s] -- Installing: /home/d/velo_ws/install/velodyne_msgs/share/velodyne_msgs/cmake/velodyne_msgs__rosidl_generator_cExport-noconfig.cmake
[2.582s] -- Installing: /home/d/velo_ws/install/velodyne_msgs/share/velodyne_msgs/cmake/velodyne_msgs__rosidl_typesupport_introspection_cExport.cmake
[2.582s] -- Installing: /home/d/velo_ws/install/velodyne_msgs/share/velodyne_msgs/cmake/velodyne_msgs__rosidl_typesupport_introspection_cExport-noconfig.cmake
[2.582s] -- Installing: /home/d/velo_ws/install/velodyne_msgs/share/velodyne_msgs/cmake/velodyne_msgs__rosidl_typesupport_cExport.cmake
[2.582s] -- Installing: /home/d/velo_ws/install/velodyne_msgs/share/velodyne_msgs/cmake/velodyne_msgs__rosidl_typesupport_cExport-noconfig.cmake
[2.582s] -- Installing: /home/d/velo_ws/install/velodyne_msgs/share/velodyne_msgs/cmake/velodyne_msgs__rosidl_generator_cppExport.cmake
[2.582s] -- Installing: /home/d/velo_ws/install/velodyne_msgs/share/velodyne_msgs/cmake/velodyne_msgs__rosidl_typesupport_introspection_cppExport.cmake
[2.582s] -- Installing: /home/d/velo_ws/install/velodyne_msgs/share/velodyne_msgs/cmake/velodyne_msgs__rosidl_typesupport_introspection_cppExport-noconfig.cmake
[2.582s] -- Installing: /home/d/velo_ws/install/velodyne_msgs/share/velodyne_msgs/cmake/velodyne_msgs__rosidl_typesupport_cppExport.cmake
[2.582s] -- Installing: /home/d/velo_ws/install/velodyne_msgs/share/velodyne_msgs/cmake/velodyne_msgs__rosidl_typesupport_cppExport-noconfig.cmake
[2.582s] -- Installing: /home/d/velo_ws/install/velodyne_msgs/share/velodyne_msgs/cmake/rosidl_cmake-extras.cmake
[2.582s] -- Installing: /home/d/velo_ws/install/velodyne_msgs/share/velodyne_msgs/cmake/ament_cmake_export_dependencies-extras.cmake
[2.583s] -- Installing: /home/d/velo_ws/install/velodyne_msgs/share/velodyne_msgs/cmake/ament_cmake_export_libraries-extras.cmake
[2.583s] -- Installing: /home/d/velo_ws/install/velodyne_msgs/share/velodyne_msgs/cmake/ament_cmake_export_targets-extras.cmake
[2.583s] -- Installing: /home/d/velo_ws/install/velodyne_msgs/share/velodyne_msgs/cmake/ament_cmake_export_include_directories-extras.cmake
[2.583s] -- Installing: /home/d/velo_ws/install/velodyne_msgs/share/velodyne_msgs/cmake/rosidl_cmake_export_typesupport_libraries-extras.cmake
[2.583s] -- Installing: /home/d/velo_ws/install/velodyne_msgs/share/velodyne_msgs/cmake/rosidl_cmake_export_typesupport_targets-extras.cmake
[2.583s] -- Installing: /home/d/velo_ws/install/velodyne_msgs/share/velodyne_msgs/cmake/velodyne_msgsConfig.cmake
[2.583s] -- Installing: /home/d/velo_ws/install/velodyne_msgs/share/velodyne_msgs/cmake/velodyne_msgsConfig-version.cmake
[2.583s] -- Installing: /home/d/velo_ws/install/velodyne_msgs/share/velodyne_msgs/package.xml
[2.585s] Invoked command in '/home/d/velo_ws/build/velodyne_msgs' returned '0': CMAKE_PREFIX_PATH=${CMAKE_PREFIX_PATH}:/home/d/jack_ws/install/jackal_desktop:/home/d/jack_ws/install/jackal_viz:/home/d/jack_ws/install/jackal_simulator:/home/d/jack_ws/install/jackal_msgs:/home/d/jack_ws/install/jackal_gazebo:/home/d/jack_ws/install/jackal_control:/home/d/jack_ws/install/jackal_description:/home/d/gcamp_ros2_ws/install/turtlesim:/home/d/gcamp_ros2_ws/install/py_topic_pkg:/home/d/gcamp_ros2_ws/install/py_service_pkg:/home/d/gcamp_ros2_ws/install/py_first_pkg:/home/d/gcamp_ros2_ws/install/py_action_pkg:/home/d/gcamp_ros2_ws/install/gcamp_gazebo:/home/d/gcamp_ros2_ws/install/cpp_service_pkg:/home/d/gcamp_ros2_ws/install/cpp_action_pkg:/home/d/gcamp_ros2_ws/install/custom_interfaces:/home/d/gcamp_ros2_ws/install/cpp_topic_pkg:/home/d/gcamp_ros2_ws/install/cpp_service_tutorial:/home/d/gcamp_ros2_ws/install/cpp_param_pkg:/home/d/gcamp_ros2_ws/install/cpp_first_pkg:/opt/ros/foxy /usr/bin/cmake --install /home/d/velo_ws/build/velodyne_msgs
