[0.008s] Invoking command in '/home/jeongil/ros_foxy_ws/velodyne_ws/build/velodyne_driver': AMENT_PREFIX_PATH=/home/jeongil/ros_foxy_ws/velodyne_ws/install/velodyne_msgs:${AMENT_PREFIX_PATH} CMAKE_PREFIX_PATH=/home/jeongil/ros_foxy_ws/velodyne_ws/install/velodyne_msgs:/opt/ros/foxy LD_LIBRARY_PATH=/home/jeongil/ros_foxy_ws/velodyne_ws/install/velodyne_msgs/lib:${LD_LIBRARY_PATH} PYTHONPATH=/home/jeongil/ros_foxy_ws/velodyne_ws/install/velodyne_msgs/lib/python3.8/site-packages:${PYTHONPATH} /usr/bin/cmake /home/jeongil/ros_foxy_ws/velodyne_ws/src/velodyne-ros2/velodyne_driver -DCMAKE_INSTALL_PREFIX=/home/jeongil/ros_foxy_ws/velodyne_ws/install/velodyne_driver
[0.035s] -- The C compiler identification is GNU 9.4.0
[0.063s] -- The CXX compiler identification is GNU 9.4.0
[0.065s] -- Check for working C compiler: /usr/bin/cc
[0.101s] -- Check for working C compiler: /usr/bin/cc -- works
[0.102s] -- Detecting C compiler ABI info
[0.138s] -- Detecting C compiler ABI info - done
[0.144s] -- Detecting C compile features
[0.144s] -- Detecting C compile features - done
[0.145s] -- Check for working CXX compiler: /usr/bin/c++
[0.185s] -- Check for working CXX compiler: /usr/bin/c++ -- works
[0.186s] -- Detecting CXX compiler ABI info
[0.226s] -- Detecting CXX compiler ABI info - done
[0.232s] -- Detecting CXX compile features
[0.233s] -- Detecting CXX compile features - done
[0.233s] -- Found ament_cmake_ros: 0.9.2 (/opt/ros/foxy/share/ament_cmake_ros/cmake)
[0.248s] -- Found PythonInterp: /usr/bin/python3 (found suitable version "3.8.10", minimum required is "3") 
[0.248s] -- Using PYTHON_EXECUTABLE: /usr/bin/python3
[0.338s] -- Found diagnostic_msgs: 2.0.5 (/opt/ros/foxy/share/diagnostic_msgs/cmake)
[0.355s] -- Using all available rosidl_typesupport_c: rosidl_typesupport_fastrtps_c;rosidl_typesupport_introspection_c
[0.356s] -- Found rosidl_adapter: 1.3.0 (/opt/ros/foxy/share/rosidl_adapter/cmake)
[0.392s] -- Found OpenSSL: /usr/lib/x86_64-linux-gnu/libcrypto.so (found version "1.1.1f")  
[0.407s] -- Found FastRTPS: /opt/ros/foxy/include  
[0.446s] -- Using all available rosidl_typesupport_cpp: rosidl_typesupport_fastrtps_cpp;rosidl_typesupport_introspection_cpp
[0.493s] CMake Error at CMakeLists.txt:15 (find_package):
[0.493s]   By not providing "Finddiagnostic_updater.cmake" in CMAKE_MODULE_PATH this
[0.493s]   project has asked CMake to find a package configuration file provided by
[0.493s]   "diagnostic_updater", but CMake did not find one.
[0.493s] 
[0.494s]   Could not find a package configuration file provided by
[0.494s]   "diagnostic_updater" with any of the following names:
[0.494s] 
[0.494s]     diagnostic_updaterConfig.cmake
[0.494s]     diagnostic_updater-config.cmake
[0.494s] 
[0.494s]   Add the installation prefix of "diagnostic_updater" to CMAKE_PREFIX_PATH or
[0.494s]   set "diagnostic_updater_DIR" to a directory containing one of the above
[0.494s]   files.  If "diagnostic_updater" provides a separate development package or
[0.494s]   SDK, be sure it has been installed.
[0.494s] 
[0.494s] 
[0.494s] -- Configuring incomplete, errors occurred!
[0.494s] See also "/home/jeongil/ros_foxy_ws/velodyne_ws/build/velodyne_driver/CMakeFiles/CMakeOutput.log".
