[0.011s] Invoking command in '/home/d/velo_ws/build/velodyne_pointcloud': AMENT_PREFIX_PATH=/home/d/velo_ws/install/velodyne_msgs:${AMENT_PREFIX_PATH} CMAKE_PREFIX_PATH=/home/d/velo_ws/install/velodyne_msgs:/home/d/jack_ws/install/jackal_navigation:/home/d/jack_ws/install/jackal_desktop:/home/d/jack_ws/install/jackal_viz:/home/d/jack_ws/install/jackal_simulator:/home/d/jack_ws/install/jackal_msgs:/home/d/jack_ws/install/jackal_gazebo:/home/d/jack_ws/install/jackal_control:/home/d/jack_ws/install/jackal_description:/home/d/gcamp_ros2_ws/install/turtlesim:/home/d/gcamp_ros2_ws/install/py_topic_pkg:/home/d/gcamp_ros2_ws/install/py_service_pkg:/home/d/gcamp_ros2_ws/install/py_first_pkg:/home/d/gcamp_ros2_ws/install/py_action_pkg:/home/d/gcamp_ros2_ws/install/gcamp_gazebo:/home/d/gcamp_ros2_ws/install/cpp_service_pkg:/home/d/gcamp_ros2_ws/install/cpp_action_pkg:/home/d/gcamp_ros2_ws/install/custom_interfaces:/home/d/gcamp_ros2_ws/install/cpp_topic_pkg:/home/d/gcamp_ros2_ws/install/cpp_service_tutorial:/home/d/gcamp_ros2_ws/install/cpp_param_pkg:/home/d/gcamp_ros2_ws/install/cpp_first_pkg:/opt/ros/foxy LD_LIBRARY_PATH=/home/d/velo_ws/install/velodyne_msgs/lib:${LD_LIBRARY_PATH} PYTHONPATH=/home/d/velo_ws/install/velodyne_msgs/lib/python3.8/site-packages:${PYTHONPATH} /usr/bin/cmake --build /home/d/velo_ws/build/velodyne_pointcloud -- -j20 -l20
[0.042s] [ 22%] Built target gtest_main
[0.042s] [ 16%] Built target gtest
[0.051s] [ 38%] Built target velodyne_rawdata
[0.052s] [ 55%] Built target velodyne_cloud_types
[0.061s] [ 66%] Built target test_row_step
[0.065s] [ 77%] Built target test_calibration
[0.071s] [ 88%] Built target transform
[0.091s] [100%] Built target velodyne_transform_node
[0.098s] Invoked command in '/home/d/velo_ws/build/velodyne_pointcloud' returned '0': AMENT_PREFIX_PATH=/home/d/velo_ws/install/velodyne_msgs:${AMENT_PREFIX_PATH} CMAKE_PREFIX_PATH=/home/d/velo_ws/install/velodyne_msgs:/home/d/jack_ws/install/jackal_navigation:/home/d/jack_ws/install/jackal_desktop:/home/d/jack_ws/install/jackal_viz:/home/d/jack_ws/install/jackal_simulator:/home/d/jack_ws/install/jackal_msgs:/home/d/jack_ws/install/jackal_gazebo:/home/d/jack_ws/install/jackal_control:/home/d/jack_ws/install/jackal_description:/home/d/gcamp_ros2_ws/install/turtlesim:/home/d/gcamp_ros2_ws/install/py_topic_pkg:/home/d/gcamp_ros2_ws/install/py_service_pkg:/home/d/gcamp_ros2_ws/install/py_first_pkg:/home/d/gcamp_ros2_ws/install/py_action_pkg:/home/d/gcamp_ros2_ws/install/gcamp_gazebo:/home/d/gcamp_ros2_ws/install/cpp_service_pkg:/home/d/gcamp_ros2_ws/install/cpp_action_pkg:/home/d/gcamp_ros2_ws/install/custom_interfaces:/home/d/gcamp_ros2_ws/install/cpp_topic_pkg:/home/d/gcamp_ros2_ws/install/cpp_service_tutorial:/home/d/gcamp_ros2_ws/install/cpp_param_pkg:/home/d/gcamp_ros2_ws/install/cpp_first_pkg:/opt/ros/foxy LD_LIBRARY_PATH=/home/d/velo_ws/install/velodyne_msgs/lib:${LD_LIBRARY_PATH} PYTHONPATH=/home/d/velo_ws/install/velodyne_msgs/lib/python3.8/site-packages:${PYTHONPATH} /usr/bin/cmake --build /home/d/velo_ws/build/velodyne_pointcloud -- -j20 -l20
[0.117s] Invoking command in '/home/d/velo_ws/build/velodyne_pointcloud': AMENT_PREFIX_PATH=/home/d/velo_ws/install/velodyne_msgs:${AMENT_PREFIX_PATH} CMAKE_PREFIX_PATH=/home/d/velo_ws/install/velodyne_msgs:/home/d/jack_ws/install/jackal_navigation:/home/d/jack_ws/install/jackal_desktop:/home/d/jack_ws/install/jackal_viz:/home/d/jack_ws/install/jackal_simulator:/home/d/jack_ws/install/jackal_msgs:/home/d/jack_ws/install/jackal_gazebo:/home/d/jack_ws/install/jackal_control:/home/d/jack_ws/install/jackal_description:/home/d/gcamp_ros2_ws/install/turtlesim:/home/d/gcamp_ros2_ws/install/py_topic_pkg:/home/d/gcamp_ros2_ws/install/py_service_pkg:/home/d/gcamp_ros2_ws/install/py_first_pkg:/home/d/gcamp_ros2_ws/install/py_action_pkg:/home/d/gcamp_ros2_ws/install/gcamp_gazebo:/home/d/gcamp_ros2_ws/install/cpp_service_pkg:/home/d/gcamp_ros2_ws/install/cpp_action_pkg:/home/d/gcamp_ros2_ws/install/custom_interfaces:/home/d/gcamp_ros2_ws/install/cpp_topic_pkg:/home/d/gcamp_ros2_ws/install/cpp_service_tutorial:/home/d/gcamp_ros2_ws/install/cpp_param_pkg:/home/d/gcamp_ros2_ws/install/cpp_first_pkg:/opt/ros/foxy LD_LIBRARY_PATH=/home/d/velo_ws/install/velodyne_msgs/lib:${LD_LIBRARY_PATH} PYTHONPATH=/home/d/velo_ws/install/velodyne_msgs/lib/python3.8/site-packages:${PYTHONPATH} /usr/bin/cmake --install /home/d/velo_ws/build/velodyne_pointcloud
[0.121s] -- Install configuration: ""
[0.121s] -- Up-to-date: /home/d/velo_ws/install/velodyne_pointcloud/lib/libtransform.so
[0.121s] -- Up-to-date: /home/d/velo_ws/install/velodyne_pointcloud/lib/velodyne_pointcloud/velodyne_transform_node
[0.121s] -- Up-to-date: /home/d/velo_ws/install/velodyne_pointcloud/include/velodyne_pointcloud
[0.121s] -- Up-to-date: /home/d/velo_ws/install/velodyne_pointcloud/include/velodyne_pointcloud/pointcloudXYZIRT.hpp
[0.122s] -- Up-to-date: /home/d/velo_ws/install/velodyne_pointcloud/include/velodyne_pointcloud/calibration.hpp
[0.122s] -- Up-to-date: /home/d/velo_ws/install/velodyne_pointcloud/include/velodyne_pointcloud/datacontainerbase.hpp
[0.122s] -- Up-to-date: /home/d/velo_ws/install/velodyne_pointcloud/include/velodyne_pointcloud/transform.hpp
[0.122s] -- Up-to-date: /home/d/velo_ws/install/velodyne_pointcloud/include/velodyne_pointcloud/rawdata.hpp
[0.122s] -- Up-to-date: /home/d/velo_ws/install/velodyne_pointcloud/include/velodyne_pointcloud/organized_cloudXYZIRT.hpp
[0.122s] -- Up-to-date: /home/d/velo_ws/install/velodyne_pointcloud/share/velodyne_pointcloud/config
[0.122s] -- Up-to-date: /home/d/velo_ws/install/velodyne_pointcloud/share/velodyne_pointcloud/config/VLP32C-velodyne_transform_node-params.yaml
[0.122s] -- Up-to-date: /home/d/velo_ws/install/velodyne_pointcloud/share/velodyne_pointcloud/config/VLP16-velodyne_transform_node-params.yaml
[0.122s] -- Up-to-date: /home/d/velo_ws/install/velodyne_pointcloud/share/velodyne_pointcloud/launch
[0.122s] -- Up-to-date: /home/d/velo_ws/install/velodyne_pointcloud/share/velodyne_pointcloud/launch/velodyne_transform_node-VLP16-launch.py
[0.122s] -- Up-to-date: /home/d/velo_ws/install/velodyne_pointcloud/share/velodyne_pointcloud/launch/velodyne_transform_node-VLP32C-launch.py
[0.122s] -- Up-to-date: /home/d/velo_ws/install/velodyne_pointcloud/share/velodyne_pointcloud/launch/velodyne_transform_node-VLP32C-composed-launch.py
[0.122s] -- Up-to-date: /home/d/velo_ws/install/velodyne_pointcloud/share/velodyne_pointcloud/launch/velodyne_transform_node-VLP16-composed-launch.py
[0.122s] -- Up-to-date: /home/d/velo_ws/install/velodyne_pointcloud/share/velodyne_pointcloud/params
[0.122s] -- Up-to-date: /home/d/velo_ws/install/velodyne_pointcloud/share/velodyne_pointcloud/params/64e_s2.1-sztaki.yaml
[0.122s] -- Up-to-date: /home/d/velo_ws/install/velodyne_pointcloud/share/velodyne_pointcloud/params/VLP16_hires_db.yaml
[0.122s] -- Up-to-date: /home/d/velo_ws/install/velodyne_pointcloud/share/velodyne_pointcloud/params/issue_84_float_intensities.yaml
[0.122s] -- Up-to-date: /home/d/velo_ws/install/velodyne_pointcloud/share/velodyne_pointcloud/params/64e_s3-xiesc.yaml
[0.122s] -- Up-to-date: /home/d/velo_ws/install/velodyne_pointcloud/share/velodyne_pointcloud/params/VeloView-VLP-32C.yaml
[0.122s] -- Up-to-date: /home/d/velo_ws/install/velodyne_pointcloud/share/velodyne_pointcloud/params/32db.yaml
[0.122s] -- Up-to-date: /home/d/velo_ws/install/velodyne_pointcloud/share/velodyne_pointcloud/params/rviz_points.vcg
[0.122s] -- Up-to-date: /home/d/velo_ws/install/velodyne_pointcloud/share/velodyne_pointcloud/params/64e_utexas.yaml
[0.122s] -- Up-to-date: /home/d/velo_ws/install/velodyne_pointcloud/share/velodyne_pointcloud/params/VLP16db.yaml
[0.122s] -- Up-to-date: /home/d/velo_ws/install/velodyne_pointcloud/share/ament_index/resource_index/package_run_dependencies/velodyne_pointcloud
[0.122s] -- Up-to-date: /home/d/velo_ws/install/velodyne_pointcloud/share/ament_index/resource_index/parent_prefix_path/velodyne_pointcloud
[0.122s] -- Up-to-date: /home/d/velo_ws/install/velodyne_pointcloud/share/velodyne_pointcloud/environment/ament_prefix_path.sh
[0.122s] -- Up-to-date: /home/d/velo_ws/install/velodyne_pointcloud/share/velodyne_pointcloud/environment/ament_prefix_path.dsv
[0.122s] -- Up-to-date: /home/d/velo_ws/install/velodyne_pointcloud/share/velodyne_pointcloud/environment/path.sh
[0.122s] -- Up-to-date: /home/d/velo_ws/install/velodyne_pointcloud/share/velodyne_pointcloud/environment/path.dsv
[0.124s] -- Up-to-date: /home/d/velo_ws/install/velodyne_pointcloud/share/velodyne_pointcloud/local_setup.bash
[0.125s] -- Up-to-date: /home/d/velo_ws/install/velodyne_pointcloud/share/velodyne_pointcloud/local_setup.sh
[0.125s] -- Up-to-date: /home/d/velo_ws/install/velodyne_pointcloud/share/velodyne_pointcloud/local_setup.zsh
[0.125s] -- Up-to-date: /home/d/velo_ws/install/velodyne_pointcloud/share/velodyne_pointcloud/local_setup.dsv
[0.125s] -- Installing: /home/d/velo_ws/install/velodyne_pointcloud/share/velodyne_pointcloud/package.dsv
[0.125s] -- Up-to-date: /home/d/velo_ws/install/velodyne_pointcloud/share/ament_index/resource_index/packages/velodyne_pointcloud
[0.125s] -- Up-to-date: /home/d/velo_ws/install/velodyne_pointcloud/share/ament_index/resource_index/rclcpp_components/velodyne_pointcloud
[0.125s] -- Up-to-date: /home/d/velo_ws/install/velodyne_pointcloud/share/velodyne_pointcloud/cmake/velodyne_pointcloudConfig.cmake
[0.125s] -- Up-to-date: /home/d/velo_ws/install/velodyne_pointcloud/share/velodyne_pointcloud/cmake/velodyne_pointcloudConfig-version.cmake
[0.125s] -- Up-to-date: /home/d/velo_ws/install/velodyne_pointcloud/share/velodyne_pointcloud/package.xml
[0.125s] -- Up-to-date: /home/d/velo_ws/install/velodyne_pointcloud/lib/libvelodyne_cloud_types.so
[0.125s] -- Up-to-date: /home/d/velo_ws/install/velodyne_pointcloud/lib/libvelodyne_rawdata.so
[0.131s] Invoked command in '/home/d/velo_ws/build/velodyne_pointcloud' returned '0': AMENT_PREFIX_PATH=/home/d/velo_ws/install/velodyne_msgs:${AMENT_PREFIX_PATH} CMAKE_PREFIX_PATH=/home/d/velo_ws/install/velodyne_msgs:/home/d/jack_ws/install/jackal_navigation:/home/d/jack_ws/install/jackal_desktop:/home/d/jack_ws/install/jackal_viz:/home/d/jack_ws/install/jackal_simulator:/home/d/jack_ws/install/jackal_msgs:/home/d/jack_ws/install/jackal_gazebo:/home/d/jack_ws/install/jackal_control:/home/d/jack_ws/install/jackal_description:/home/d/gcamp_ros2_ws/install/turtlesim:/home/d/gcamp_ros2_ws/install/py_topic_pkg:/home/d/gcamp_ros2_ws/install/py_service_pkg:/home/d/gcamp_ros2_ws/install/py_first_pkg:/home/d/gcamp_ros2_ws/install/py_action_pkg:/home/d/gcamp_ros2_ws/install/gcamp_gazebo:/home/d/gcamp_ros2_ws/install/cpp_service_pkg:/home/d/gcamp_ros2_ws/install/cpp_action_pkg:/home/d/gcamp_ros2_ws/install/custom_interfaces:/home/d/gcamp_ros2_ws/install/cpp_topic_pkg:/home/d/gcamp_ros2_ws/install/cpp_service_tutorial:/home/d/gcamp_ros2_ws/install/cpp_param_pkg:/home/d/gcamp_ros2_ws/install/cpp_first_pkg:/opt/ros/foxy LD_LIBRARY_PATH=/home/d/velo_ws/install/velodyne_msgs/lib:${LD_LIBRARY_PATH} PYTHONPATH=/home/d/velo_ws/install/velodyne_msgs/lib/python3.8/site-packages:${PYTHONPATH} /usr/bin/cmake --install /home/d/velo_ws/build/velodyne_pointcloud
