[0.007s] Invoking command in '/home/jeongil/ros_foxy_ws/velodyne_ws/build/velodyne_pointcloud': AMENT_PREFIX_PATH=/home/jeongil/ros_foxy_ws/velodyne_ws/install/velodyne_msgs:${AMENT_PREFIX_PATH} CMAKE_PREFIX_PATH=/home/jeongil/ros_foxy_ws/velodyne_ws/install/velodyne_msgs:/opt/ros/foxy LD_LIBRARY_PATH=/home/jeongil/ros_foxy_ws/velodyne_ws/install/velodyne_msgs/lib:${LD_LIBRARY_PATH} PYTHONPATH=/home/jeongil/ros_foxy_ws/velodyne_ws/install/velodyne_msgs/lib/python3.8/site-packages:${PYTHONPATH} /usr/bin/cmake /home/jeongil/ros_foxy_ws/velodyne_ws/src/velodyne-ros2/velodyne_pointcloud -DAMENT_CMAKE_SYMLINK_INSTALL=1 -DCMAKE_INSTALL_PREFIX=/home/jeongil/ros_foxy_ws/velodyne_ws/install/velodyne_pointcloud
[0.014s] -- Found ament_cmake: 0.9.11 (/opt/ros/foxy/share/ament_cmake/cmake)
[0.027s] -- Using PYTHON_EXECUTABLE: /usr/bin/python3
[0.106s] -- Override CMake install command with custom implementation using symlinks instead of copying resources
[0.109s] -- Found angles: 1.12.6 (/opt/ros/foxy/share/angles/cmake)
[0.115s] CMake Error at CMakeLists.txt:15 (find_package):
[0.115s]   By not providing "Finddiagnostic_updater.cmake" in CMAKE_MODULE_PATH this
[0.115s]   project has asked CMake to find a package configuration file provided by
[0.115s]   "diagnostic_updater", but CMake did not find one.
[0.115s] 
[0.115s]   Could not find a package configuration file provided by
[0.115s]   "diagnostic_updater" with any of the following names:
[0.115s] 
[0.115s]     diagnostic_updaterConfig.cmake
[0.115s]     diagnostic_updater-config.cmake
[0.115s] 
[0.115s]   Add the installation prefix of "diagnostic_updater" to CMAKE_PREFIX_PATH or
[0.115s]   set "diagnostic_updater_DIR" to a directory containing one of the above
[0.115s]   files.  If "diagnostic_updater" provides a separate development package or
[0.115s]   SDK, be sure it has been installed.
[0.115s] 
[0.115s] 
[0.115s] -- Configuring incomplete, errors occurred!
[0.115s] See also "/home/jeongil/ros_foxy_ws/velodyne_ws/build/velodyne_pointcloud/CMakeFiles/CMakeOutput.log".
[0.117s] Invoked command in '/home/jeongil/ros_foxy_ws/velodyne_ws/build/velodyne_pointcloud' returned '1': AMENT_PREFIX_PATH=/home/jeongil/ros_foxy_ws/velodyne_ws/install/velodyne_msgs:${AMENT_PREFIX_PATH} CMAKE_PREFIX_PATH=/home/jeongil/ros_foxy_ws/velodyne_ws/install/velodyne_msgs:/opt/ros/foxy LD_LIBRARY_PATH=/home/jeongil/ros_foxy_ws/velodyne_ws/install/velodyne_msgs/lib:${LD_LIBRARY_PATH} PYTHONPATH=/home/jeongil/ros_foxy_ws/velodyne_ws/install/velodyne_msgs/lib/python3.8/site-packages:${PYTHONPATH} /usr/bin/cmake /home/jeongil/ros_foxy_ws/velodyne_ws/src/velodyne-ros2/velodyne_pointcloud -DAMENT_CMAKE_SYMLINK_INSTALL=1 -DCMAKE_INSTALL_PREFIX=/home/jeongil/ros_foxy_ws/velodyne_ws/install/velodyne_pointcloud
