[0.119s] Invoking command in '/home/jeongil/ros_foxy_ws/velodyne_ws/build/velodyne_laserscan': CMAKE_PREFIX_PATH=${CMAKE_PREFIX_PATH}:/home/jeongil/ros_foxy_ws/blickfeld_ws/install/blickfeld_pointcloud:/opt/ros/foxy /usr/bin/cmake --build /home/jeongil/ros_foxy_ws/velodyne_ws/build/velodyne_laserscan -- -j20 -l20
[0.154s] [ 50%] Built target velodyne_laserscan
[0.170s] [100%] Built target velodyne_laserscan_node
[0.176s] Invoked command in '/home/jeongil/ros_foxy_ws/velodyne_ws/build/velodyne_laserscan' returned '0': CMAKE_PREFIX_PATH=${CMAKE_PREFIX_PATH}:/home/jeongil/ros_foxy_ws/blickfeld_ws/install/blickfeld_pointcloud:/opt/ros/foxy /usr/bin/cmake --build /home/jeongil/ros_foxy_ws/velodyne_ws/build/velodyne_laserscan -- -j20 -l20
[0.196s] Invoking command in '/home/jeongil/ros_foxy_ws/velodyne_ws/build/velodyne_laserscan': CMAKE_PREFIX_PATH=${CMAKE_PREFIX_PATH}:/home/jeongil/ros_foxy_ws/blickfeld_ws/install/blickfeld_pointcloud:/opt/ros/foxy /usr/bin/cmake --install /home/jeongil/ros_foxy_ws/velodyne_ws/build/velodyne_laserscan
[0.200s] -- Install configuration: ""
[0.200s] -- Up-to-date: /home/jeongil/ros_foxy_ws/velodyne_ws/install/velodyne_laserscan/lib/libvelodyne_laserscan.so
[0.201s] -- Up-to-date: /home/jeongil/ros_foxy_ws/velodyne_ws/install/velodyne_laserscan/lib/velodyne_laserscan/velodyne_laserscan_node
[0.201s] -- Up-to-date: /home/jeongil/ros_foxy_ws/velodyne_ws/install/velodyne_laserscan/include/velodyne_laserscan
[0.201s] -- Up-to-date: /home/jeongil/ros_foxy_ws/velodyne_ws/install/velodyne_laserscan/include/velodyne_laserscan/velodyne_laserscan.hpp
[0.201s] -- Up-to-date: /home/jeongil/ros_foxy_ws/velodyne_ws/install/velodyne_laserscan/share/velodyne_laserscan/config
[0.201s] -- Up-to-date: /home/jeongil/ros_foxy_ws/velodyne_ws/install/velodyne_laserscan/share/velodyne_laserscan/config/default-velodyne_laserscan_node-params.yaml
[0.201s] -- Up-to-date: /home/jeongil/ros_foxy_ws/velodyne_ws/install/velodyne_laserscan/share/velodyne_laserscan/launch
[0.201s] -- Up-to-date: /home/jeongil/ros_foxy_ws/velodyne_ws/install/velodyne_laserscan/share/velodyne_laserscan/launch/velodyne_laserscan_node-launch.py
[0.201s] -- Up-to-date: /home/jeongil/ros_foxy_ws/velodyne_ws/install/velodyne_laserscan/share/velodyne_laserscan/launch/velodyne_laserscan_node-composed-launch.py
[0.201s] -- Up-to-date: /home/jeongil/ros_foxy_ws/velodyne_ws/install/velodyne_laserscan/share/ament_index/resource_index/package_run_dependencies/velodyne_laserscan
[0.201s] -- Up-to-date: /home/jeongil/ros_foxy_ws/velodyne_ws/install/velodyne_laserscan/share/ament_index/resource_index/parent_prefix_path/velodyne_laserscan
[0.201s] -- Up-to-date: /home/jeongil/ros_foxy_ws/velodyne_ws/install/velodyne_laserscan/share/velodyne_laserscan/environment/ament_prefix_path.sh
[0.201s] -- Up-to-date: /home/jeongil/ros_foxy_ws/velodyne_ws/install/velodyne_laserscan/share/velodyne_laserscan/environment/ament_prefix_path.dsv
[0.201s] -- Up-to-date: /home/jeongil/ros_foxy_ws/velodyne_ws/install/velodyne_laserscan/share/velodyne_laserscan/environment/path.sh
[0.201s] -- Up-to-date: /home/jeongil/ros_foxy_ws/velodyne_ws/install/velodyne_laserscan/share/velodyne_laserscan/environment/path.dsv
[0.201s] -- Up-to-date: /home/jeongil/ros_foxy_ws/velodyne_ws/install/velodyne_laserscan/share/velodyne_laserscan/local_setup.bash
[0.201s] -- Up-to-date: /home/jeongil/ros_foxy_ws/velodyne_ws/install/velodyne_laserscan/share/velodyne_laserscan/local_setup.sh
[0.201s] -- Up-to-date: /home/jeongil/ros_foxy_ws/velodyne_ws/install/velodyne_laserscan/share/velodyne_laserscan/local_setup.zsh
[0.201s] -- Up-to-date: /home/jeongil/ros_foxy_ws/velodyne_ws/install/velodyne_laserscan/share/velodyne_laserscan/local_setup.dsv
[0.201s] -- Installing: /home/jeongil/ros_foxy_ws/velodyne_ws/install/velodyne_laserscan/share/velodyne_laserscan/package.dsv
[0.201s] -- Up-to-date: /home/jeongil/ros_foxy_ws/velodyne_ws/install/velodyne_laserscan/share/ament_index/resource_index/packages/velodyne_laserscan
[0.201s] -- Up-to-date: /home/jeongil/ros_foxy_ws/velodyne_ws/install/velodyne_laserscan/share/ament_index/resource_index/rclcpp_components/velodyne_laserscan
[0.201s] -- Up-to-date: /home/jeongil/ros_foxy_ws/velodyne_ws/install/velodyne_laserscan/share/velodyne_laserscan/cmake/velodyne_laserscanConfig.cmake
[0.201s] -- Up-to-date: /home/jeongil/ros_foxy_ws/velodyne_ws/install/velodyne_laserscan/share/velodyne_laserscan/cmake/velodyne_laserscanConfig-version.cmake
[0.201s] -- Up-to-date: /home/jeongil/ros_foxy_ws/velodyne_ws/install/velodyne_laserscan/share/velodyne_laserscan/package.xml
[0.202s] Invoked command in '/home/jeongil/ros_foxy_ws/velodyne_ws/build/velodyne_laserscan' returned '0': CMAKE_PREFIX_PATH=${CMAKE_PREFIX_PATH}:/home/jeongil/ros_foxy_ws/blickfeld_ws/install/blickfeld_pointcloud:/opt/ros/foxy /usr/bin/cmake --install /home/jeongil/ros_foxy_ws/velodyne_ws/build/velodyne_laserscan
