[0.008s] Invoking command in '/home/d/velo_ws/build/velodyne_pointcloud': AMENT_PREFIX_PATH=/home/d/velo_ws/install/velodyne_msgs:${AMENT_PREFIX_PATH} CMAKE_PREFIX_PATH=/home/d/velo_ws/install/velodyne_msgs:/home/d/jack_ws/install/jackal_navigation:/home/d/jack_ws/install/jackal_desktop:/home/d/jack_ws/install/jackal_viz:/home/d/jack_ws/install/jackal_simulator:/home/d/jack_ws/install/jackal_msgs:/home/d/jack_ws/install/jackal_gazebo:/home/d/jack_ws/install/jackal_control:/home/d/jack_ws/install/jackal_description:/home/d/gcamp_ros2_ws/install/turtlesim:/home/d/gcamp_ros2_ws/install/py_topic_pkg:/home/d/gcamp_ros2_ws/install/py_service_pkg:/home/d/gcamp_ros2_ws/install/py_first_pkg:/home/d/gcamp_ros2_ws/install/py_action_pkg:/home/d/gcamp_ros2_ws/install/gcamp_gazebo:/home/d/gcamp_ros2_ws/install/cpp_service_pkg:/home/d/gcamp_ros2_ws/install/cpp_action_pkg:/home/d/gcamp_ros2_ws/install/custom_interfaces:/home/d/gcamp_ros2_ws/install/cpp_topic_pkg:/home/d/gcamp_ros2_ws/install/cpp_service_tutorial:/home/d/gcamp_ros2_ws/install/cpp_param_pkg:/home/d/gcamp_ros2_ws/install/cpp_first_pkg:/opt/ros/foxy LD_LIBRARY_PATH=/home/d/velo_ws/install/velodyne_msgs/lib:${LD_LIBRARY_PATH} PYTHONPATH=/home/d/velo_ws/install/velodyne_msgs/lib/python3.8/site-packages:${PYTHONPATH} /usr/bin/cmake /home/d/velo_ws/src/velodyne-ros2/velodyne_pointcloud -DCMAKE_INSTALL_PREFIX=/home/d/velo_ws/install/velodyne_pointcloud
[0.036s] -- The C compiler identification is GNU 9.4.0
[0.066s] -- The CXX compiler identification is GNU 9.4.0
[0.069s] -- Check for working C compiler: /usr/bin/cc
[0.104s] -- Check for working C compiler: /usr/bin/cc -- works
[0.105s] -- Detecting C compiler ABI info
[0.141s] -- Detecting C compiler ABI info - done
[0.147s] -- Detecting C compile features
[0.147s] -- Detecting C compile features - done
[0.148s] -- Check for working CXX compiler: /usr/bin/c++
[0.189s] -- Check for working CXX compiler: /usr/bin/c++ -- works
[0.190s] -- Detecting CXX compiler ABI info
[0.231s] -- Detecting CXX compiler ABI info - done
[0.237s] -- Detecting CXX compile features
[0.238s] -- Detecting CXX compile features - done
[0.239s] -- Found ament_cmake: 0.9.11 (/opt/ros/foxy/share/ament_cmake/cmake)
[0.257s] -- Found PythonInterp: /usr/bin/python3 (found suitable version "3.8.10", minimum required is "3") 
[0.257s] -- Using PYTHON_EXECUTABLE: /usr/bin/python3
[0.368s] -- Found angles: 1.12.6 (/opt/ros/foxy/share/angles/cmake)
[0.370s] -- Found diagnostic_updater: 3.1.2 (/opt/ros/foxy/share/diagnostic_updater/cmake)
[0.393s] -- Using all available rosidl_typesupport_c: rosidl_typesupport_fastrtps_c;rosidl_typesupport_introspection_c
[0.398s] -- Found rosidl_adapter: 1.3.0 (/opt/ros/foxy/share/rosidl_adapter/cmake)
[0.442s] -- Found OpenSSL: /usr/lib/x86_64-linux-gnu/libcrypto.so (found version "1.1.1f")  
[0.459s] -- Found FastRTPS: /opt/ros/foxy/include  
[0.506s] -- Using all available rosidl_typesupport_cpp: rosidl_typesupport_fastrtps_cpp;rosidl_typesupport_introspection_cpp
[0.586s] -- Found rmw_implementation_cmake: 1.0.4 (/opt/ros/foxy/share/rmw_implementation_cmake/cmake)
[0.587s] -- Using RMW implementation 'rmw_fastrtps_cpp' as default
[0.587s] -- Looking for pthread.h
[0.625s] -- Looking for pthread.h - found
[0.626s] -- Performing Test CMAKE_HAVE_LIBC_PTHREAD
[0.664s] -- Performing Test CMAKE_HAVE_LIBC_PTHREAD - Failed
[0.664s] -- Looking for pthread_create in pthreads
[0.694s] -- Looking for pthread_create in pthreads - not found
[0.694s] -- Looking for pthread_create in pthread
[0.731s] -- Looking for pthread_create in pthread - found
[0.731s] -- Found Threads: TRUE  
[0.821s] -- Found geometry_msgs: 2.0.5 (/opt/ros/foxy/share/geometry_msgs/cmake)
[0.840s] -- Found message_filters: 3.2.5 (/opt/ros/foxy/share/message_filters/cmake)
[0.847s] -- Checking for module 'eigen3'
[0.855s] --   Found eigen3, version 3.3.7
[0.873s] -- Found Eigen: /usr/include/eigen3 (Required is at least version "3.1") 
[0.873s] -- Eigen found (include: /usr/include/eigen3, version: 3.3.7)
[0.905s] -- Found Boost: /usr/include (found suitable version "1.71.0", minimum required is "1.65.0") found components: system filesystem date_time iostreams serialization regex 
[0.906s] -- looking for PCL_COMMON
[0.906s] -- Found PCL_COMMON: /usr/local/lib/libpcl_common.so  
[0.907s] -- Found PCL: pcl_common;/usr/lib/x86_64-linux-gnu/libboost_system.so;/usr/lib/x86_64-linux-gnu/libboost_filesystem.so;/usr/lib/x86_64-linux-gnu/libboost_date_time.so;/usr/lib/x86_64-linux-gnu/libboost_iostreams.so;/usr/lib/x86_64-linux-gnu/libboost_serialization.so;/usr/lib/x86_64-linux-gnu/libboost_regex.so  
[0.908s] -- Found rclcpp_components: 2.4.2 (/opt/ros/foxy/share/rclcpp_components/cmake)
[0.943s] -- Found sensor_msgs: 2.0.5 (/opt/ros/foxy/share/sensor_msgs/cmake)
[0.982s] -- Found tf2: 0.13.14 (/opt/ros/foxy/share/tf2/cmake)
[0.988s] -- Found tf2_ros: 0.13.14 (/opt/ros/foxy/share/tf2_ros/cmake)
[1.140s] -- Found velodyne_msgs: 2.3.0 (/home/d/velo_ws/install/velodyne_msgs/share/velodyne_msgs/cmake)
[1.160s] -- Found PkgConfig: /usr/bin/pkg-config (found version "0.29.1") 
[1.161s] -- Checking for module 'yaml-cpp'
[1.169s] --   Found yaml-cpp, version 0.6.2
[1.195s] -- Found ament_lint_auto: 0.9.8 (/opt/ros/foxy/share/ament_lint_auto/cmake)
[1.247s] -- Found gtest sources under '/opt/ros/foxy/src/gtest_vendor': C++ tests using 'Google Test' will be built
[1.248s] -- Check if compiler accepts -pthread
[1.288s] -- Check if compiler accepts -pthread - yes
[1.295s] -- Added test 'copyright' to check source files copyright and LICENSE
[1.296s] -- Added test 'cppcheck' to perform static code analysis on C / C++ code
[1.296s] -- Configured cppcheck include dirs: /home/d/velo_ws/src/velodyne-ros2/velodyne_pointcloud/include
[1.296s] -- Configured cppcheck exclude dirs and/or files: 
[1.297s] -- Added test 'cpplint' to check C / C++ code against the Google style
[1.297s] -- Configured cpplint exclude dirs and/or files: 
[1.298s] -- Added test 'flake8' to check Python code syntax and style conventions
[1.298s] -- Added test 'lint_cmake' to check CMake code style
[1.299s] -- Added test 'pep257' to check Python code against some of the style conventions in PEP 257
[1.300s] -- Added test 'uncrustify' to check C / C++ code style
[1.300s] -- Configured uncrustify additional arguments: 
[1.302s] -- Configuring done
[1.331s] -- Generating done
[1.332s] -- Build files have been written to: /home/d/velo_ws/build/velodyne_pointcloud
[1.339s] Invoked command in '/home/d/velo_ws/build/velodyne_pointcloud' returned '0': AMENT_PREFIX_PATH=/home/d/velo_ws/install/velodyne_msgs:${AMENT_PREFIX_PATH} CMAKE_PREFIX_PATH=/home/d/velo_ws/install/velodyne_msgs:/home/d/jack_ws/install/jackal_navigation:/home/d/jack_ws/install/jackal_desktop:/home/d/jack_ws/install/jackal_viz:/home/d/jack_ws/install/jackal_simulator:/home/d/jack_ws/install/jackal_msgs:/home/d/jack_ws/install/jackal_gazebo:/home/d/jack_ws/install/jackal_control:/home/d/jack_ws/install/jackal_description:/home/d/gcamp_ros2_ws/install/turtlesim:/home/d/gcamp_ros2_ws/install/py_topic_pkg:/home/d/gcamp_ros2_ws/install/py_service_pkg:/home/d/gcamp_ros2_ws/install/py_first_pkg:/home/d/gcamp_ros2_ws/install/py_action_pkg:/home/d/gcamp_ros2_ws/install/gcamp_gazebo:/home/d/gcamp_ros2_ws/install/cpp_service_pkg:/home/d/gcamp_ros2_ws/install/cpp_action_pkg:/home/d/gcamp_ros2_ws/install/custom_interfaces:/home/d/gcamp_ros2_ws/install/cpp_topic_pkg:/home/d/gcamp_ros2_ws/install/cpp_service_tutorial:/home/d/gcamp_ros2_ws/install/cpp_param_pkg:/home/d/gcamp_ros2_ws/install/cpp_first_pkg:/opt/ros/foxy LD_LIBRARY_PATH=/home/d/velo_ws/install/velodyne_msgs/lib:${LD_LIBRARY_PATH} PYTHONPATH=/home/d/velo_ws/install/velodyne_msgs/lib/python3.8/site-packages:${PYTHONPATH} /usr/bin/cmake /home/d/velo_ws/src/velodyne-ros2/velodyne_pointcloud -DCMAKE_INSTALL_PREFIX=/home/d/velo_ws/install/velodyne_pointcloud
[1.341s] Invoking command in '/home/d/velo_ws/build/velodyne_pointcloud': AMENT_PREFIX_PATH=/home/d/velo_ws/install/velodyne_msgs:${AMENT_PREFIX_PATH} CMAKE_PREFIX_PATH=/home/d/velo_ws/install/velodyne_msgs:/home/d/jack_ws/install/jackal_navigation:/home/d/jack_ws/install/jackal_desktop:/home/d/jack_ws/install/jackal_viz:/home/d/jack_ws/install/jackal_simulator:/home/d/jack_ws/install/jackal_msgs:/home/d/jack_ws/install/jackal_gazebo:/home/d/jack_ws/install/jackal_control:/home/d/jack_ws/install/jackal_description:/home/d/gcamp_ros2_ws/install/turtlesim:/home/d/gcamp_ros2_ws/install/py_topic_pkg:/home/d/gcamp_ros2_ws/install/py_service_pkg:/home/d/gcamp_ros2_ws/install/py_first_pkg:/home/d/gcamp_ros2_ws/install/py_action_pkg:/home/d/gcamp_ros2_ws/install/gcamp_gazebo:/home/d/gcamp_ros2_ws/install/cpp_service_pkg:/home/d/gcamp_ros2_ws/install/cpp_action_pkg:/home/d/gcamp_ros2_ws/install/custom_interfaces:/home/d/gcamp_ros2_ws/install/cpp_topic_pkg:/home/d/gcamp_ros2_ws/install/cpp_service_tutorial:/home/d/gcamp_ros2_ws/install/cpp_param_pkg:/home/d/gcamp_ros2_ws/install/cpp_first_pkg:/opt/ros/foxy LD_LIBRARY_PATH=/home/d/velo_ws/install/velodyne_msgs/lib:${LD_LIBRARY_PATH} PYTHONPATH=/home/d/velo_ws/install/velodyne_msgs/lib/python3.8/site-packages:${PYTHONPATH} /usr/bin/cmake --build /home/d/velo_ws/build/velodyne_pointcloud -- -j20 -l20
[1.364s] [35m[1mScanning dependencies of target velodyne_rawdata[0m
[1.365s] [35m[1mScanning dependencies of target gtest[0m
[1.366s] [35m[1mScanning dependencies of target velodyne_cloud_types[0m
[1.367s] [35m[1mScanning dependencies of target gtest_main[0m
[1.374s] [  5%] [32mBuilding CXX object gtest/CMakeFiles/gtest.dir/src/gtest-all.cc.o[0m
[1.376s] [ 11%] [32mBuilding CXX object gtest/CMakeFiles/gtest_main.dir/src/gtest_main.cc.o[0m
[1.399s] [ 16%] [32mBuilding CXX object src/lib/CMakeFiles/velodyne_rawdata.dir/rawdata.cpp.o[0m
[1.402s] [ 22%] [32mBuilding CXX object src/lib/CMakeFiles/velodyne_rawdata.dir/calibration.cpp.o[0m
[1.427s] [ 27%] [32mBuilding CXX object src/lib/CMakeFiles/velodyne_cloud_types.dir/organized_cloudXYZIRT.cpp.o[0m
[1.431s] [ 33%] [32mBuilding CXX object src/lib/CMakeFiles/velodyne_cloud_types.dir/pointcloudXYZIRT.cpp.o[0m
[1.783s] [ 38%] [32m[1mLinking CXX static library libgtest_main.a[0m
[1.801s] [ 38%] Built target gtest_main
[3.173s] [ 44%] [32m[1mLinking CXX static library libgtest.a[0m
[3.202s] [ 44%] Built target gtest
[3.208s] [35m[1mScanning dependencies of target test_row_step[0m
[3.249s] [ 50%] [32mBuilding CXX object tests/CMakeFiles/test_row_step.dir/test_row_step.cpp.o[0m
[3.349s] [ 55%] [32m[1mLinking CXX shared library libvelodyne_rawdata.so[0m
[3.430s] [ 55%] Built target velodyne_rawdata
[3.440s] [35m[1mScanning dependencies of target test_calibration[0m
[3.454s] [ 61%] [32mBuilding CXX object tests/CMakeFiles/test_calibration.dir/test_calibration.cpp.o[0m
[3.924s] [ 66%] [32m[1mLinking CXX executable test_calibration[0m
[4.033s] [ 66%] Built target test_calibration
[4.479s] [ 72%] [32m[1mLinking CXX shared library libvelodyne_cloud_types.so[0m
[4.548s] [ 72%] Built target velodyne_cloud_types
[4.554s] [35m[1mScanning dependencies of target transform[0m
[4.591s] [ 77%] [32mBuilding CXX object CMakeFiles/transform.dir/src/conversions/transform.cpp.o[0m
[5.235s] [ 83%] [32m[1mLinking CXX executable test_row_step[0m
[5.360s] [ 83%] Built target test_row_step
[9.375s] [ 88%] [32m[1mLinking CXX shared library libtransform.so[0m
[9.589s] [ 88%] Built target transform
[9.595s] [35m[1mScanning dependencies of target velodyne_transform_node[0m
[9.630s] [ 94%] [32mBuilding CXX object CMakeFiles/velodyne_transform_node.dir/src/conversions/transform_node.cpp.o[0m
[11.584s] [100%] [32m[1mLinking CXX executable velodyne_transform_node[0m
[11.708s] [100%] Built target velodyne_transform_node
[11.719s] Invoked command in '/home/d/velo_ws/build/velodyne_pointcloud' returned '0': AMENT_PREFIX_PATH=/home/d/velo_ws/install/velodyne_msgs:${AMENT_PREFIX_PATH} CMAKE_PREFIX_PATH=/home/d/velo_ws/install/velodyne_msgs:/home/d/jack_ws/install/jackal_navigation:/home/d/jack_ws/install/jackal_desktop:/home/d/jack_ws/install/jackal_viz:/home/d/jack_ws/install/jackal_simulator:/home/d/jack_ws/install/jackal_msgs:/home/d/jack_ws/install/jackal_gazebo:/home/d/jack_ws/install/jackal_control:/home/d/jack_ws/install/jackal_description:/home/d/gcamp_ros2_ws/install/turtlesim:/home/d/gcamp_ros2_ws/install/py_topic_pkg:/home/d/gcamp_ros2_ws/install/py_service_pkg:/home/d/gcamp_ros2_ws/install/py_first_pkg:/home/d/gcamp_ros2_ws/install/py_action_pkg:/home/d/gcamp_ros2_ws/install/gcamp_gazebo:/home/d/gcamp_ros2_ws/install/cpp_service_pkg:/home/d/gcamp_ros2_ws/install/cpp_action_pkg:/home/d/gcamp_ros2_ws/install/custom_interfaces:/home/d/gcamp_ros2_ws/install/cpp_topic_pkg:/home/d/gcamp_ros2_ws/install/cpp_service_tutorial:/home/d/gcamp_ros2_ws/install/cpp_param_pkg:/home/d/gcamp_ros2_ws/install/cpp_first_pkg:/opt/ros/foxy LD_LIBRARY_PATH=/home/d/velo_ws/install/velodyne_msgs/lib:${LD_LIBRARY_PATH} PYTHONPATH=/home/d/velo_ws/install/velodyne_msgs/lib/python3.8/site-packages:${PYTHONPATH} /usr/bin/cmake --build /home/d/velo_ws/build/velodyne_pointcloud -- -j20 -l20
[11.734s] Invoking command in '/home/d/velo_ws/build/velodyne_pointcloud': AMENT_PREFIX_PATH=/home/d/velo_ws/install/velodyne_msgs:${AMENT_PREFIX_PATH} CMAKE_PREFIX_PATH=/home/d/velo_ws/install/velodyne_msgs:/home/d/jack_ws/install/jackal_navigation:/home/d/jack_ws/install/jackal_desktop:/home/d/jack_ws/install/jackal_viz:/home/d/jack_ws/install/jackal_simulator:/home/d/jack_ws/install/jackal_msgs:/home/d/jack_ws/install/jackal_gazebo:/home/d/jack_ws/install/jackal_control:/home/d/jack_ws/install/jackal_description:/home/d/gcamp_ros2_ws/install/turtlesim:/home/d/gcamp_ros2_ws/install/py_topic_pkg:/home/d/gcamp_ros2_ws/install/py_service_pkg:/home/d/gcamp_ros2_ws/install/py_first_pkg:/home/d/gcamp_ros2_ws/install/py_action_pkg:/home/d/gcamp_ros2_ws/install/gcamp_gazebo:/home/d/gcamp_ros2_ws/install/cpp_service_pkg:/home/d/gcamp_ros2_ws/install/cpp_action_pkg:/home/d/gcamp_ros2_ws/install/custom_interfaces:/home/d/gcamp_ros2_ws/install/cpp_topic_pkg:/home/d/gcamp_ros2_ws/install/cpp_service_tutorial:/home/d/gcamp_ros2_ws/install/cpp_param_pkg:/home/d/gcamp_ros2_ws/install/cpp_first_pkg:/opt/ros/foxy LD_LIBRARY_PATH=/home/d/velo_ws/install/velodyne_msgs/lib:${LD_LIBRARY_PATH} PYTHONPATH=/home/d/velo_ws/install/velodyne_msgs/lib/python3.8/site-packages:${PYTHONPATH} /usr/bin/cmake --install /home/d/velo_ws/build/velodyne_pointcloud
[11.739s] -- Install configuration: ""
[11.739s] -- Installing: /home/d/velo_ws/install/velodyne_pointcloud/lib/libtransform.so
[11.741s] -- Set runtime path of "/home/d/velo_ws/install/velodyne_pointcloud/lib/libtransform.so" to ""
[11.741s] -- Installing: /home/d/velo_ws/install/velodyne_pointcloud/lib/velodyne_pointcloud/velodyne_transform_node
[11.741s] -- Set runtime path of "/home/d/velo_ws/install/velodyne_pointcloud/lib/velodyne_pointcloud/velodyne_transform_node" to ""
[11.741s] -- Installing: /home/d/velo_ws/install/velodyne_pointcloud/include/velodyne_pointcloud
[11.741s] -- Installing: /home/d/velo_ws/install/velodyne_pointcloud/include/velodyne_pointcloud/pointcloudXYZIRT.hpp
[11.741s] -- Installing: /home/d/velo_ws/install/velodyne_pointcloud/include/velodyne_pointcloud/calibration.hpp
[11.741s] -- Installing: /home/d/velo_ws/install/velodyne_pointcloud/include/velodyne_pointcloud/datacontainerbase.hpp
[11.741s] -- Installing: /home/d/velo_ws/install/velodyne_pointcloud/include/velodyne_pointcloud/transform.hpp
[11.741s] -- Installing: /home/d/velo_ws/install/velodyne_pointcloud/include/velodyne_pointcloud/rawdata.hpp
[11.741s] -- Installing: /home/d/velo_ws/install/velodyne_pointcloud/include/velodyne_pointcloud/organized_cloudXYZIRT.hpp
[11.742s] -- Installing: /home/d/velo_ws/install/velodyne_pointcloud/share/velodyne_pointcloud/config
[11.742s] -- Installing: /home/d/velo_ws/install/velodyne_pointcloud/share/velodyne_pointcloud/config/VLP32C-velodyne_transform_node-params.yaml
[11.742s] -- Installing: /home/d/velo_ws/install/velodyne_pointcloud/share/velodyne_pointcloud/config/VLP16-velodyne_transform_node-params.yaml
[11.742s] -- Installing: /home/d/velo_ws/install/velodyne_pointcloud/share/velodyne_pointcloud/launch
[11.742s] -- Installing: /home/d/velo_ws/install/velodyne_pointcloud/share/velodyne_pointcloud/launch/velodyne_transform_node-VLP16-launch.py
[11.742s] -- Installing: /home/d/velo_ws/install/velodyne_pointcloud/share/velodyne_pointcloud/launch/velodyne_transform_node-VLP32C-launch.py
[11.742s] -- Installing: /home/d/velo_ws/install/velodyne_pointcloud/share/velodyne_pointcloud/launch/velodyne_transform_node-VLP32C-composed-launch.py
[11.742s] -- Installing: /home/d/velo_ws/install/velodyne_pointcloud/share/velodyne_pointcloud/launch/velodyne_transform_node-VLP16-composed-launch.py
[11.742s] -- Installing: /home/d/velo_ws/install/velodyne_pointcloud/share/velodyne_pointcloud/params
[11.742s] -- Installing: /home/d/velo_ws/install/velodyne_pointcloud/share/velodyne_pointcloud/params/64e_s2.1-sztaki.yaml
[11.742s] -- Installing: /home/d/velo_ws/install/velodyne_pointcloud/share/velodyne_pointcloud/params/VLP16_hires_db.yaml
[11.742s] -- Installing: /home/d/velo_ws/install/velodyne_pointcloud/share/velodyne_pointcloud/params/issue_84_float_intensities.yaml
[11.742s] -- Installing: /home/d/velo_ws/install/velodyne_pointcloud/share/velodyne_pointcloud/params/64e_s3-xiesc.yaml
[11.742s] -- Installing: /home/d/velo_ws/install/velodyne_pointcloud/share/velodyne_pointcloud/params/VeloView-VLP-32C.yaml
[11.742s] -- Installing: /home/d/velo_ws/install/velodyne_pointcloud/share/velodyne_pointcloud/params/32db.yaml
[11.742s] -- Installing: /home/d/velo_ws/install/velodyne_pointcloud/share/velodyne_pointcloud/params/rviz_points.vcg
[11.742s] -- Installing: /home/d/velo_ws/install/velodyne_pointcloud/share/velodyne_pointcloud/params/64e_utexas.yaml
[11.742s] -- Installing: /home/d/velo_ws/install/velodyne_pointcloud/share/velodyne_pointcloud/params/VLP16db.yaml
[11.742s] -- Installing: /home/d/velo_ws/install/velodyne_pointcloud/share/ament_index/resource_index/package_run_dependencies/velodyne_pointcloud
[11.742s] -- Installing: /home/d/velo_ws/install/velodyne_pointcloud/share/ament_index/resource_index/parent_prefix_path/velodyne_pointcloud
[11.742s] -- Installing: /home/d/velo_ws/install/velodyne_pointcloud/share/velodyne_pointcloud/environment/ament_prefix_path.sh
[11.742s] -- Installing: /home/d/velo_ws/install/velodyne_pointcloud/share/velodyne_pointcloud/environment/ament_prefix_path.dsv
[11.742s] -- Installing: /home/d/velo_ws/install/velodyne_pointcloud/share/velodyne_pointcloud/environment/path.sh
[11.742s] -- Installing: /home/d/velo_ws/install/velodyne_pointcloud/share/velodyne_pointcloud/environment/path.dsv
[11.742s] -- Installing: /home/d/velo_ws/install/velodyne_pointcloud/share/velodyne_pointcloud/local_setup.bash
[11.742s] -- Installing: /home/d/velo_ws/install/velodyne_pointcloud/share/velodyne_pointcloud/local_setup.sh
[11.742s] -- Installing: /home/d/velo_ws/install/velodyne_pointcloud/share/velodyne_pointcloud/local_setup.zsh
[11.742s] -- Installing: /home/d/velo_ws/install/velodyne_pointcloud/share/velodyne_pointcloud/local_setup.dsv
[11.743s] -- Installing: /home/d/velo_ws/install/velodyne_pointcloud/share/velodyne_pointcloud/package.dsv
[11.743s] -- Installing: /home/d/velo_ws/install/velodyne_pointcloud/share/ament_index/resource_index/packages/velodyne_pointcloud
[11.743s] -- Installing: /home/d/velo_ws/install/velodyne_pointcloud/share/ament_index/resource_index/rclcpp_components/velodyne_pointcloud
[11.743s] -- Installing: /home/d/velo_ws/install/velodyne_pointcloud/share/velodyne_pointcloud/cmake/velodyne_pointcloudConfig.cmake
[11.743s] -- Installing: /home/d/velo_ws/install/velodyne_pointcloud/share/velodyne_pointcloud/cmake/velodyne_pointcloudConfig-version.cmake
[11.743s] -- Installing: /home/d/velo_ws/install/velodyne_pointcloud/share/velodyne_pointcloud/package.xml
[11.743s] -- Installing: /home/d/velo_ws/install/velodyne_pointcloud/lib/libvelodyne_cloud_types.so
[11.743s] -- Set runtime path of "/home/d/velo_ws/install/velodyne_pointcloud/lib/libvelodyne_cloud_types.so" to ""
[11.743s] -- Installing: /home/d/velo_ws/install/velodyne_pointcloud/lib/libvelodyne_rawdata.so
[11.743s] -- Set runtime path of "/home/d/velo_ws/install/velodyne_pointcloud/lib/libvelodyne_rawdata.so" to ""
[11.746s] Invoked command in '/home/d/velo_ws/build/velodyne_pointcloud' returned '0': AMENT_PREFIX_PATH=/home/d/velo_ws/install/velodyne_msgs:${AMENT_PREFIX_PATH} CMAKE_PREFIX_PATH=/home/d/velo_ws/install/velodyne_msgs:/home/d/jack_ws/install/jackal_navigation:/home/d/jack_ws/install/jackal_desktop:/home/d/jack_ws/install/jackal_viz:/home/d/jack_ws/install/jackal_simulator:/home/d/jack_ws/install/jackal_msgs:/home/d/jack_ws/install/jackal_gazebo:/home/d/jack_ws/install/jackal_control:/home/d/jack_ws/install/jackal_description:/home/d/gcamp_ros2_ws/install/turtlesim:/home/d/gcamp_ros2_ws/install/py_topic_pkg:/home/d/gcamp_ros2_ws/install/py_service_pkg:/home/d/gcamp_ros2_ws/install/py_first_pkg:/home/d/gcamp_ros2_ws/install/py_action_pkg:/home/d/gcamp_ros2_ws/install/gcamp_gazebo:/home/d/gcamp_ros2_ws/install/cpp_service_pkg:/home/d/gcamp_ros2_ws/install/cpp_action_pkg:/home/d/gcamp_ros2_ws/install/custom_interfaces:/home/d/gcamp_ros2_ws/install/cpp_topic_pkg:/home/d/gcamp_ros2_ws/install/cpp_service_tutorial:/home/d/gcamp_ros2_ws/install/cpp_param_pkg:/home/d/gcamp_ros2_ws/install/cpp_first_pkg:/opt/ros/foxy LD_LIBRARY_PATH=/home/d/velo_ws/install/velodyne_msgs/lib:${LD_LIBRARY_PATH} PYTHONPATH=/home/d/velo_ws/install/velodyne_msgs/lib/python3.8/site-packages:${PYTHONPATH} /usr/bin/cmake --install /home/d/velo_ws/build/velodyne_pointcloud
