[0.018s] Invoking command in '/home/d/velo_ws/build/velodyne_msgs': CMAKE_PREFIX_PATH=${CMAKE_PREFIX_PATH}:/home/d/jack_ws/install/jackal_desktop:/home/d/jack_ws/install/jackal_viz:/home/d/jack_ws/install/jackal_simulator:/home/d/jack_ws/install/jackal_msgs:/home/d/jack_ws/install/jackal_gazebo:/home/d/jack_ws/install/jackal_control:/home/d/jack_ws/install/jackal_description:/home/d/gcamp_ros2_ws/install/turtlesim:/home/d/gcamp_ros2_ws/install/py_topic_pkg:/home/d/gcamp_ros2_ws/install/py_service_pkg:/home/d/gcamp_ros2_ws/install/py_first_pkg:/home/d/gcamp_ros2_ws/install/py_action_pkg:/home/d/gcamp_ros2_ws/install/gcamp_gazebo:/home/d/gcamp_ros2_ws/install/cpp_service_pkg:/home/d/gcamp_ros2_ws/install/cpp_action_pkg:/home/d/gcamp_ros2_ws/install/custom_interfaces:/home/d/gcamp_ros2_ws/install/cpp_topic_pkg:/home/d/gcamp_ros2_ws/install/cpp_service_tutorial:/home/d/gcamp_ros2_ws/install/cpp_param_pkg:/home/d/gcamp_ros2_ws/install/cpp_first_pkg:/opt/ros/foxy /usr/bin/cmake --build /home/d/velo_ws/build/velodyne_msgs -- -j20 -l20
[0.043s] [  2%] Built target velodyne_msgs__cpp
[0.044s] [ 12%] Built target velodyne_msgs__rosidl_generator_c
[0.054s] [ 23%] Built target velodyne_msgs__rosidl_typesupport_cpp
[0.055s] [ 33%] Built target velodyne_msgs__rosidl_typesupport_introspection_cpp
[0.055s] [ 43%] Built target velodyne_msgs__rosidl_typesupport_c
[0.057s] [ 53%] Built target velodyne_msgs__rosidl_typesupport_fastrtps_cpp
[0.059s] [ 64%] Built target velodyne_msgs__rosidl_typesupport_introspection_c
[0.070s] [ 74%] Built target velodyne_msgs__rosidl_typesupport_fastrtps_c
[0.080s] [ 74%] Built target velodyne_msgs
[0.090s] [ 76%] Built target velodyne_msgs__py
[0.105s] [ 84%] Built target velodyne_msgs__python
[0.131s] [ 89%] Built target velodyne_msgs__rosidl_typesupport_c__pyext
[0.131s] [100%] Built target velodyne_msgs__rosidl_typesupport_introspection_c__pyext
[0.131s] [100%] Built target velodyne_msgs__rosidl_typesupport_fastrtps_c__pyext
[0.143s] Invoked command in '/home/d/velo_ws/build/velodyne_msgs' returned '0': CMAKE_PREFIX_PATH=${CMAKE_PREFIX_PATH}:/home/d/jack_ws/install/jackal_desktop:/home/d/jack_ws/install/jackal_viz:/home/d/jack_ws/install/jackal_simulator:/home/d/jack_ws/install/jackal_msgs:/home/d/jack_ws/install/jackal_gazebo:/home/d/jack_ws/install/jackal_control:/home/d/jack_ws/install/jackal_description:/home/d/gcamp_ros2_ws/install/turtlesim:/home/d/gcamp_ros2_ws/install/py_topic_pkg:/home/d/gcamp_ros2_ws/install/py_service_pkg:/home/d/gcamp_ros2_ws/install/py_first_pkg:/home/d/gcamp_ros2_ws/install/py_action_pkg:/home/d/gcamp_ros2_ws/install/gcamp_gazebo:/home/d/gcamp_ros2_ws/install/cpp_service_pkg:/home/d/gcamp_ros2_ws/install/cpp_action_pkg:/home/d/gcamp_ros2_ws/install/custom_interfaces:/home/d/gcamp_ros2_ws/install/cpp_topic_pkg:/home/d/gcamp_ros2_ws/install/cpp_service_tutorial:/home/d/gcamp_ros2_ws/install/cpp_param_pkg:/home/d/gcamp_ros2_ws/install/cpp_first_pkg:/opt/ros/foxy /usr/bin/cmake --build /home/d/velo_ws/build/velodyne_msgs -- -j20 -l20
[0.172s] Invoking command in '/home/d/velo_ws/build/velodyne_msgs': CMAKE_PREFIX_PATH=${CMAKE_PREFIX_PATH}:/home/d/jack_ws/install/jackal_desktop:/home/d/jack_ws/install/jackal_viz:/home/d/jack_ws/install/jackal_simulator:/home/d/jack_ws/install/jackal_msgs:/home/d/jack_ws/install/jackal_gazebo:/home/d/jack_ws/install/jackal_control:/home/d/jack_ws/install/jackal_description:/home/d/gcamp_ros2_ws/install/turtlesim:/home/d/gcamp_ros2_ws/install/py_topic_pkg:/home/d/gcamp_ros2_ws/install/py_service_pkg:/home/d/gcamp_ros2_ws/install/py_first_pkg:/home/d/gcamp_ros2_ws/install/py_action_pkg:/home/d/gcamp_ros2_ws/install/gcamp_gazebo:/home/d/gcamp_ros2_ws/install/cpp_service_pkg:/home/d/gcamp_ros2_ws/install/cpp_action_pkg:/home/d/gcamp_ros2_ws/install/custom_interfaces:/home/d/gcamp_ros2_ws/install/cpp_topic_pkg:/home/d/gcamp_ros2_ws/install/cpp_service_tutorial:/home/d/gcamp_ros2_ws/install/cpp_param_pkg:/home/d/gcamp_ros2_ws/install/cpp_first_pkg:/opt/ros/foxy /usr/bin/cmake --install /home/d/velo_ws/build/velodyne_msgs
[0.176s] -- Install configuration: ""
[0.176s] -- Up-to-date: /home/d/velo_ws/install/velodyne_msgs/share/ament_index/resource_index/rosidl_interfaces/velodyne_msgs
[0.176s] -- Up-to-date: /home/d/velo_ws/install/velodyne_msgs/include/velodyne_msgs
[0.176s] -- Up-to-date: /home/d/velo_ws/install/velodyne_msgs/include/velodyne_msgs/msg
[0.176s] -- Up-to-date: /home/d/velo_ws/install/velodyne_msgs/include/velodyne_msgs/msg/velodyne_packet.h
[0.176s] -- Up-to-date: /home/d/velo_ws/install/velodyne_msgs/include/velodyne_msgs/msg/velodyne_scan.h
[0.176s] -- Up-to-date: /home/d/velo_ws/install/velodyne_msgs/include/velodyne_msgs/msg/rosidl_generator_c__visibility_control.h
[0.176s] -- Up-to-date: /home/d/velo_ws/install/velodyne_msgs/include/velodyne_msgs/msg/detail
[0.177s] -- Up-to-date: /home/d/velo_ws/install/velodyne_msgs/include/velodyne_msgs/msg/detail/velodyne_packet__struct.h
[0.177s] -- Up-to-date: /home/d/velo_ws/install/velodyne_msgs/include/velodyne_msgs/msg/detail/velodyne_scan__functions.h
[0.177s] -- Up-to-date: /home/d/velo_ws/install/velodyne_msgs/include/velodyne_msgs/msg/detail/velodyne_packet__functions.h
[0.177s] -- Up-to-date: /home/d/velo_ws/install/velodyne_msgs/include/velodyne_msgs/msg/detail/velodyne_scan__type_support.h
[0.177s] -- Up-to-date: /home/d/velo_ws/install/velodyne_msgs/include/velodyne_msgs/msg/detail/velodyne_packet__functions.c
[0.177s] -- Up-to-date: /home/d/velo_ws/install/velodyne_msgs/include/velodyne_msgs/msg/detail/velodyne_scan__functions.c
[0.177s] -- Up-to-date: /home/d/velo_ws/install/velodyne_msgs/include/velodyne_msgs/msg/detail/velodyne_packet__type_support.h
[0.177s] -- Up-to-date: /home/d/velo_ws/install/velodyne_msgs/include/velodyne_msgs/msg/detail/velodyne_scan__struct.h
[0.177s] -- Up-to-date: /home/d/velo_ws/install/velodyne_msgs/share/velodyne_msgs/environment/library_path.sh
[0.177s] -- Up-to-date: /home/d/velo_ws/install/velodyne_msgs/share/velodyne_msgs/environment/library_path.dsv
[0.177s] -- Up-to-date: /home/d/velo_ws/install/velodyne_msgs/lib/libvelodyne_msgs__rosidl_generator_c.so
[0.177s] -- Up-to-date: /home/d/velo_ws/install/velodyne_msgs/include/velodyne_msgs
[0.177s] -- Up-to-date: /home/d/velo_ws/install/velodyne_msgs/include/velodyne_msgs/msg
[0.177s] -- Up-to-date: /home/d/velo_ws/install/velodyne_msgs/include/velodyne_msgs/msg/rosidl_typesupport_fastrtps_c__visibility_control.h
[0.177s] -- Up-to-date: /home/d/velo_ws/install/velodyne_msgs/include/velodyne_msgs/msg/detail
[0.177s] -- Up-to-date: /home/d/velo_ws/install/velodyne_msgs/include/velodyne_msgs/msg/detail/velodyne_packet__rosidl_typesupport_fastrtps_c.h
[0.177s] -- Up-to-date: /home/d/velo_ws/install/velodyne_msgs/include/velodyne_msgs/msg/detail/velodyne_scan__rosidl_typesupport_fastrtps_c.h
[0.177s] -- Up-to-date: /home/d/velo_ws/install/velodyne_msgs/lib/libvelodyne_msgs__rosidl_typesupport_fastrtps_c.so
[0.177s] -- Up-to-date: /home/d/velo_ws/install/velodyne_msgs/include/velodyne_msgs
[0.177s] -- Up-to-date: /home/d/velo_ws/install/velodyne_msgs/include/velodyne_msgs/msg
[0.177s] -- Up-to-date: /home/d/velo_ws/install/velodyne_msgs/include/velodyne_msgs/msg/rosidl_typesupport_fastrtps_cpp__visibility_control.h
[0.177s] -- Up-to-date: /home/d/velo_ws/install/velodyne_msgs/include/velodyne_msgs/msg/detail
[0.177s] -- Up-to-date: /home/d/velo_ws/install/velodyne_msgs/include/velodyne_msgs/msg/detail/dds_fastrtps
[0.177s] -- Up-to-date: /home/d/velo_ws/install/velodyne_msgs/include/velodyne_msgs/msg/detail/velodyne_packet__rosidl_typesupport_fastrtps_cpp.hpp
[0.177s] -- Up-to-date: /home/d/velo_ws/install/velodyne_msgs/include/velodyne_msgs/msg/detail/velodyne_scan__rosidl_typesupport_fastrtps_cpp.hpp
[0.177s] -- Up-to-date: /home/d/velo_ws/install/velodyne_msgs/lib/libvelodyne_msgs__rosidl_typesupport_fastrtps_cpp.so
[0.177s] -- Up-to-date: /home/d/velo_ws/install/velodyne_msgs/include/velodyne_msgs
[0.177s] -- Up-to-date: /home/d/velo_ws/install/velodyne_msgs/include/velodyne_msgs/msg
[0.177s] -- Up-to-date: /home/d/velo_ws/install/velodyne_msgs/include/velodyne_msgs/msg/rosidl_typesupport_introspection_c__visibility_control.h
[0.177s] -- Up-to-date: /home/d/velo_ws/install/velodyne_msgs/include/velodyne_msgs/msg/detail
[0.177s] -- Up-to-date: /home/d/velo_ws/install/velodyne_msgs/include/velodyne_msgs/msg/detail/velodyne_packet__type_support.c
[0.177s] -- Up-to-date: /home/d/velo_ws/install/velodyne_msgs/include/velodyne_msgs/msg/detail/velodyne_scan__type_support.c
[0.177s] -- Up-to-date: /home/d/velo_ws/install/velodyne_msgs/include/velodyne_msgs/msg/detail/velodyne_packet__rosidl_typesupport_introspection_c.h
[0.178s] -- Up-to-date: /home/d/velo_ws/install/velodyne_msgs/include/velodyne_msgs/msg/detail/velodyne_scan__rosidl_typesupport_introspection_c.h
[0.178s] -- Up-to-date: /home/d/velo_ws/install/velodyne_msgs/lib/libvelodyne_msgs__rosidl_typesupport_introspection_c.so
[0.178s] -- Up-to-date: /home/d/velo_ws/install/velodyne_msgs/lib/libvelodyne_msgs__rosidl_typesupport_c.so
[0.178s] -- Up-to-date: /home/d/velo_ws/install/velodyne_msgs/include/velodyne_msgs
[0.178s] -- Up-to-date: /home/d/velo_ws/install/velodyne_msgs/include/velodyne_msgs/msg
[0.178s] -- Up-to-date: /home/d/velo_ws/install/velodyne_msgs/include/velodyne_msgs/msg/velodyne_packet.hpp
[0.178s] -- Up-to-date: /home/d/velo_ws/install/velodyne_msgs/include/velodyne_msgs/msg/velodyne_scan.hpp
[0.178s] -- Up-to-date: /home/d/velo_ws/install/velodyne_msgs/include/velodyne_msgs/msg/detail
[0.178s] -- Up-to-date: /home/d/velo_ws/install/velodyne_msgs/include/velodyne_msgs/msg/detail/velodyne_packet__builder.hpp
[0.178s] -- Up-to-date: /home/d/velo_ws/install/velodyne_msgs/include/velodyne_msgs/msg/detail/velodyne_packet__traits.hpp
[0.178s] -- Up-to-date: /home/d/velo_ws/install/velodyne_msgs/include/velodyne_msgs/msg/detail/velodyne_scan__traits.hpp
[0.178s] -- Up-to-date: /home/d/velo_ws/install/velodyne_msgs/include/velodyne_msgs/msg/detail/velodyne_packet__struct.hpp
[0.178s] -- Up-to-date: /home/d/velo_ws/install/velodyne_msgs/include/velodyne_msgs/msg/detail/velodyne_scan__builder.hpp
[0.178s] -- Up-to-date: /home/d/velo_ws/install/velodyne_msgs/include/velodyne_msgs/msg/detail/velodyne_scan__struct.hpp
[0.178s] -- Up-to-date: /home/d/velo_ws/install/velodyne_msgs/include/velodyne_msgs
[0.178s] -- Up-to-date: /home/d/velo_ws/install/velodyne_msgs/include/velodyne_msgs/msg
[0.178s] -- Up-to-date: /home/d/velo_ws/install/velodyne_msgs/include/velodyne_msgs/msg/detail
[0.178s] -- Up-to-date: /home/d/velo_ws/install/velodyne_msgs/include/velodyne_msgs/msg/detail/velodyne_packet__type_support.cpp
[0.178s] -- Up-to-date: /home/d/velo_ws/install/velodyne_msgs/include/velodyne_msgs/msg/detail/velodyne_scan__type_support.cpp
[0.178s] -- Up-to-date: /home/d/velo_ws/install/velodyne_msgs/include/velodyne_msgs/msg/detail/velodyne_packet__rosidl_typesupport_introspection_cpp.hpp
[0.178s] -- Up-to-date: /home/d/velo_ws/install/velodyne_msgs/include/velodyne_msgs/msg/detail/velodyne_scan__rosidl_typesupport_introspection_cpp.hpp
[0.178s] -- Up-to-date: /home/d/velo_ws/install/velodyne_msgs/lib/libvelodyne_msgs__rosidl_typesupport_introspection_cpp.so
[0.178s] -- Up-to-date: /home/d/velo_ws/install/velodyne_msgs/lib/libvelodyne_msgs__rosidl_typesupport_cpp.so
[0.178s] -- Up-to-date: /home/d/velo_ws/install/velodyne_msgs/share/velodyne_msgs/environment/pythonpath.sh
[0.178s] -- Up-to-date: /home/d/velo_ws/install/velodyne_msgs/share/velodyne_msgs/environment/pythonpath.dsv
[0.178s] -- Up-to-date: /home/d/velo_ws/install/velodyne_msgs/lib/python3.8/site-packages/velodyne_msgs/__init__.py
[0.199s] -- Up-to-date: /home/d/velo_ws/install/velodyne_msgs/lib/python3.8/site-packages/velodyne_msgs/msg
[0.199s] -- Up-to-date: /home/d/velo_ws/install/velodyne_msgs/lib/python3.8/site-packages/velodyne_msgs/msg/_velodyne_packet.py
[0.199s] -- Up-to-date: /home/d/velo_ws/install/velodyne_msgs/lib/python3.8/site-packages/velodyne_msgs/msg/__init__.py
[0.199s] -- Up-to-date: /home/d/velo_ws/install/velodyne_msgs/lib/python3.8/site-packages/velodyne_msgs/msg/_velodyne_packet_s.c
[0.199s] -- Up-to-date: /home/d/velo_ws/install/velodyne_msgs/lib/python3.8/site-packages/velodyne_msgs/msg/_velodyne_scan.py
[0.199s] -- Up-to-date: /home/d/velo_ws/install/velodyne_msgs/lib/python3.8/site-packages/velodyne_msgs/msg/_velodyne_scan_s.c
[0.199s] -- Up-to-date: /home/d/velo_ws/install/velodyne_msgs/lib/python3.8/site-packages/velodyne_msgs/velodyne_msgs_s__rosidl_typesupport_fastrtps_c.cpython-38-x86_64-linux-gnu.so
[0.199s] -- Up-to-date: /home/d/velo_ws/install/velodyne_msgs/lib/python3.8/site-packages/velodyne_msgs/velodyne_msgs_s__rosidl_typesupport_introspection_c.cpython-38-x86_64-linux-gnu.so
[0.199s] -- Up-to-date: /home/d/velo_ws/install/velodyne_msgs/lib/python3.8/site-packages/velodyne_msgs/velodyne_msgs_s__rosidl_typesupport_c.cpython-38-x86_64-linux-gnu.so
[0.200s] -- Up-to-date: /home/d/velo_ws/install/velodyne_msgs/lib/libvelodyne_msgs__python.so
[0.200s] -- Up-to-date: /home/d/velo_ws/install/velodyne_msgs/share/velodyne_msgs/msg/VelodynePacket.idl
[0.200s] -- Up-to-date: /home/d/velo_ws/install/velodyne_msgs/share/velodyne_msgs/msg/VelodyneScan.idl
[0.200s] -- Up-to-date: /home/d/velo_ws/install/velodyne_msgs/share/velodyne_msgs/msg/VelodynePacket.msg
[0.200s] -- Up-to-date: /home/d/velo_ws/install/velodyne_msgs/share/velodyne_msgs/msg/VelodyneScan.msg
[0.200s] -- Up-to-date: /home/d/velo_ws/install/velodyne_msgs/share/ament_index/resource_index/package_run_dependencies/velodyne_msgs
[0.200s] -- Up-to-date: /home/d/velo_ws/install/velodyne_msgs/share/ament_index/resource_index/parent_prefix_path/velodyne_msgs
[0.200s] -- Up-to-date: /home/d/velo_ws/install/velodyne_msgs/share/velodyne_msgs/environment/ament_prefix_path.sh
[0.200s] -- Up-to-date: /home/d/velo_ws/install/velodyne_msgs/share/velodyne_msgs/environment/ament_prefix_path.dsv
[0.200s] -- Up-to-date: /home/d/velo_ws/install/velodyne_msgs/share/velodyne_msgs/environment/path.sh
[0.200s] -- Up-to-date: /home/d/velo_ws/install/velodyne_msgs/share/velodyne_msgs/environment/path.dsv
[0.200s] -- Up-to-date: /home/d/velo_ws/install/velodyne_msgs/share/velodyne_msgs/local_setup.bash
[0.200s] -- Up-to-date: /home/d/velo_ws/install/velodyne_msgs/share/velodyne_msgs/local_setup.sh
[0.200s] -- Up-to-date: /home/d/velo_ws/install/velodyne_msgs/share/velodyne_msgs/local_setup.zsh
[0.200s] -- Up-to-date: /home/d/velo_ws/install/velodyne_msgs/share/velodyne_msgs/local_setup.dsv
[0.200s] -- Installing: /home/d/velo_ws/install/velodyne_msgs/share/velodyne_msgs/package.dsv
[0.200s] -- Up-to-date: /home/d/velo_ws/install/velodyne_msgs/share/ament_index/resource_index/packages/velodyne_msgs
[0.200s] -- Up-to-date: /home/d/velo_ws/install/velodyne_msgs/share/velodyne_msgs/cmake/velodyne_msgs__rosidl_generator_cExport.cmake
[0.200s] -- Up-to-date: /home/d/velo_ws/install/velodyne_msgs/share/velodyne_msgs/cmake/velodyne_msgs__rosidl_generator_cExport-noconfig.cmake
[0.200s] -- Up-to-date: /home/d/velo_ws/install/velodyne_msgs/share/velodyne_msgs/cmake/velodyne_msgs__rosidl_typesupport_introspection_cExport.cmake
[0.200s] -- Up-to-date: /home/d/velo_ws/install/velodyne_msgs/share/velodyne_msgs/cmake/velodyne_msgs__rosidl_typesupport_introspection_cExport-noconfig.cmake
[0.200s] -- Up-to-date: /home/d/velo_ws/install/velodyne_msgs/share/velodyne_msgs/cmake/velodyne_msgs__rosidl_typesupport_cExport.cmake
[0.200s] -- Up-to-date: /home/d/velo_ws/install/velodyne_msgs/share/velodyne_msgs/cmake/velodyne_msgs__rosidl_typesupport_cExport-noconfig.cmake
[0.200s] -- Up-to-date: /home/d/velo_ws/install/velodyne_msgs/share/velodyne_msgs/cmake/velodyne_msgs__rosidl_generator_cppExport.cmake
[0.200s] -- Up-to-date: /home/d/velo_ws/install/velodyne_msgs/share/velodyne_msgs/cmake/velodyne_msgs__rosidl_typesupport_introspection_cppExport.cmake
[0.200s] -- Up-to-date: /home/d/velo_ws/install/velodyne_msgs/share/velodyne_msgs/cmake/velodyne_msgs__rosidl_typesupport_introspection_cppExport-noconfig.cmake
[0.200s] -- Up-to-date: /home/d/velo_ws/install/velodyne_msgs/share/velodyne_msgs/cmake/velodyne_msgs__rosidl_typesupport_cppExport.cmake
[0.200s] -- Up-to-date: /home/d/velo_ws/install/velodyne_msgs/share/velodyne_msgs/cmake/velodyne_msgs__rosidl_typesupport_cppExport-noconfig.cmake
[0.200s] -- Up-to-date: /home/d/velo_ws/install/velodyne_msgs/share/velodyne_msgs/cmake/rosidl_cmake-extras.cmake
[0.200s] -- Up-to-date: /home/d/velo_ws/install/velodyne_msgs/share/velodyne_msgs/cmake/ament_cmake_export_dependencies-extras.cmake
[0.200s] -- Up-to-date: /home/d/velo_ws/install/velodyne_msgs/share/velodyne_msgs/cmake/ament_cmake_export_libraries-extras.cmake
[0.200s] -- Up-to-date: /home/d/velo_ws/install/velodyne_msgs/share/velodyne_msgs/cmake/ament_cmake_export_targets-extras.cmake
[0.201s] -- Up-to-date: /home/d/velo_ws/install/velodyne_msgs/share/velodyne_msgs/cmake/ament_cmake_export_include_directories-extras.cmake
[0.201s] -- Up-to-date: /home/d/velo_ws/install/velodyne_msgs/share/velodyne_msgs/cmake/rosidl_cmake_export_typesupport_libraries-extras.cmake
[0.201s] -- Up-to-date: /home/d/velo_ws/install/velodyne_msgs/share/velodyne_msgs/cmake/rosidl_cmake_export_typesupport_targets-extras.cmake
[0.201s] -- Up-to-date: /home/d/velo_ws/install/velodyne_msgs/share/velodyne_msgs/cmake/velodyne_msgsConfig.cmake
[0.201s] -- Up-to-date: /home/d/velo_ws/install/velodyne_msgs/share/velodyne_msgs/cmake/velodyne_msgsConfig-version.cmake
[0.201s] -- Up-to-date: /home/d/velo_ws/install/velodyne_msgs/share/velodyne_msgs/package.xml
[0.210s] Invoked command in '/home/d/velo_ws/build/velodyne_msgs' returned '0': CMAKE_PREFIX_PATH=${CMAKE_PREFIX_PATH}:/home/d/jack_ws/install/jackal_desktop:/home/d/jack_ws/install/jackal_viz:/home/d/jack_ws/install/jackal_simulator:/home/d/jack_ws/install/jackal_msgs:/home/d/jack_ws/install/jackal_gazebo:/home/d/jack_ws/install/jackal_control:/home/d/jack_ws/install/jackal_description:/home/d/gcamp_ros2_ws/install/turtlesim:/home/d/gcamp_ros2_ws/install/py_topic_pkg:/home/d/gcamp_ros2_ws/install/py_service_pkg:/home/d/gcamp_ros2_ws/install/py_first_pkg:/home/d/gcamp_ros2_ws/install/py_action_pkg:/home/d/gcamp_ros2_ws/install/gcamp_gazebo:/home/d/gcamp_ros2_ws/install/cpp_service_pkg:/home/d/gcamp_ros2_ws/install/cpp_action_pkg:/home/d/gcamp_ros2_ws/install/custom_interfaces:/home/d/gcamp_ros2_ws/install/cpp_topic_pkg:/home/d/gcamp_ros2_ws/install/cpp_service_tutorial:/home/d/gcamp_ros2_ws/install/cpp_param_pkg:/home/d/gcamp_ros2_ws/install/cpp_first_pkg:/opt/ros/foxy /usr/bin/cmake --install /home/d/velo_ws/build/velodyne_msgs
