[0.008s] Invoking command in '/home/jeongil/ros_foxy_ws/velodyne_ws/build/velodyne': AMENT_PREFIX_PATH=/home/jeongil/ros_foxy_ws/velodyne_ws/install/velodyne_pointcloud:/home/jeongil/ros_foxy_ws/velodyne_ws/install/velodyne_driver:/home/jeongil/ros_foxy_ws/velodyne_ws/install/velodyne_msgs:/home/jeongil/ros_foxy_ws/velodyne_ws/install/velodyne_laserscan:${AMENT_PREFIX_PATH} CMAKE_PREFIX_PATH=/home/jeongil/ros_foxy_ws/velodyne_ws/install/velodyne_pointcloud:/home/jeongil/ros_foxy_ws/velodyne_ws/install/velodyne_driver:/home/jeongil/ros_foxy_ws/velodyne_ws/install/velodyne_msgs:/home/jeongil/ros_foxy_ws/velodyne_ws/install/velodyne_laserscan:/opt/ros/foxy LD_LIBRARY_PATH=/home/jeongil/ros_foxy_ws/velodyne_ws/install/velodyne_pointcloud/lib:/home/jeongil/ros_foxy_ws/velodyne_ws/install/velodyne_driver/lib:/home/jeongil/ros_foxy_ws/velodyne_ws/install/velodyne_msgs/lib:/home/jeongil/ros_foxy_ws/velodyne_ws/install/velodyne_laserscan/lib:${LD_LIBRARY_PATH} PYTHONPATH=/home/jeongil/ros_foxy_ws/velodyne_ws/install/velodyne_msgs/lib/python3.8/site-packages:${PYTHONPATH} /usr/bin/cmake --build /home/jeongil/ros_foxy_ws/velodyne_ws/build/velodyne -- -j20 -l20
[0.056s] Invoked command in '/home/jeongil/ros_foxy_ws/velodyne_ws/build/velodyne' returned '0': AMENT_PREFIX_PATH=/home/jeongil/ros_foxy_ws/velodyne_ws/install/velodyne_pointcloud:/home/jeongil/ros_foxy_ws/velodyne_ws/install/velodyne_driver:/home/jeongil/ros_foxy_ws/velodyne_ws/install/velodyne_msgs:/home/jeongil/ros_foxy_ws/velodyne_ws/install/velodyne_laserscan:${AMENT_PREFIX_PATH} CMAKE_PREFIX_PATH=/home/jeongil/ros_foxy_ws/velodyne_ws/install/velodyne_pointcloud:/home/jeongil/ros_foxy_ws/velodyne_ws/install/velodyne_driver:/home/jeongil/ros_foxy_ws/velodyne_ws/install/velodyne_msgs:/home/jeongil/ros_foxy_ws/velodyne_ws/install/velodyne_laserscan:/opt/ros/foxy LD_LIBRARY_PATH=/home/jeongil/ros_foxy_ws/velodyne_ws/install/velodyne_pointcloud/lib:/home/jeongil/ros_foxy_ws/velodyne_ws/install/velodyne_driver/lib:/home/jeongil/ros_foxy_ws/velodyne_ws/install/velodyne_msgs/lib:/home/jeongil/ros_foxy_ws/velodyne_ws/install/velodyne_laserscan/lib:${LD_LIBRARY_PATH} PYTHONPATH=/home/jeongil/ros_foxy_ws/velodyne_ws/install/velodyne_msgs/lib/python3.8/site-packages:${PYTHONPATH} /usr/bin/cmake --build /home/jeongil/ros_foxy_ws/velodyne_ws/build/velodyne -- -j20 -l20
[0.095s] Invoking command in '/home/jeongil/ros_foxy_ws/velodyne_ws/build/velodyne': AMENT_PREFIX_PATH=/home/jeongil/ros_foxy_ws/velodyne_ws/install/velodyne_pointcloud:/home/jeongil/ros_foxy_ws/velodyne_ws/install/velodyne_driver:/home/jeongil/ros_foxy_ws/velodyne_ws/install/velodyne_msgs:/home/jeongil/ros_foxy_ws/velodyne_ws/install/velodyne_laserscan:${AMENT_PREFIX_PATH} CMAKE_PREFIX_PATH=/home/jeongil/ros_foxy_ws/velodyne_ws/install/velodyne_pointcloud:/home/jeongil/ros_foxy_ws/velodyne_ws/install/velodyne_driver:/home/jeongil/ros_foxy_ws/velodyne_ws/install/velodyne_msgs:/home/jeongil/ros_foxy_ws/velodyne_ws/install/velodyne_laserscan:/opt/ros/foxy LD_LIBRARY_PATH=/home/jeongil/ros_foxy_ws/velodyne_ws/install/velodyne_pointcloud/lib:/home/jeongil/ros_foxy_ws/velodyne_ws/install/velodyne_driver/lib:/home/jeongil/ros_foxy_ws/velodyne_ws/install/velodyne_msgs/lib:/home/jeongil/ros_foxy_ws/velodyne_ws/install/velodyne_laserscan/lib:${LD_LIBRARY_PATH} PYTHONPATH=/home/jeongil/ros_foxy_ws/velodyne_ws/install/velodyne_msgs/lib/python3.8/site-packages:${PYTHONPATH} /usr/bin/cmake --install /home/jeongil/ros_foxy_ws/velodyne_ws/build/velodyne
[0.109s] -- Install configuration: ""
[0.109s] -- Up-to-date: /home/jeongil/ros_foxy_ws/velodyne_ws/install/velodyne/share/velodyne/launch
[0.109s] -- Up-to-date: /home/jeongil/ros_foxy_ws/velodyne_ws/install/velodyne/share/velodyne/launch/velodyne-all-nodes-VLP32C-composed-launch.py
[0.109s] -- Up-to-date: /home/jeongil/ros_foxy_ws/velodyne_ws/install/velodyne/share/velodyne/launch/velodyne-all-nodes-VLP32C-launch.py
[0.109s] -- Up-to-date: /home/jeongil/ros_foxy_ws/velodyne_ws/install/velodyne/share/velodyne/launch/velodyne-all-nodes-VLP16-launch.py
[0.109s] -- Up-to-date: /home/jeongil/ros_foxy_ws/velodyne_ws/install/velodyne/share/velodyne/launch/velodyne-all-nodes-VLP16-composed-launch.py
[0.109s] -- Up-to-date: /home/jeongil/ros_foxy_ws/velodyne_ws/install/velodyne/share/ament_index/resource_index/package_run_dependencies/velodyne
[0.109s] -- Up-to-date: /home/jeongil/ros_foxy_ws/velodyne_ws/install/velodyne/share/ament_index/resource_index/parent_prefix_path/velodyne
[0.109s] -- Up-to-date: /home/jeongil/ros_foxy_ws/velodyne_ws/install/velodyne/share/velodyne/environment/ament_prefix_path.sh
[0.109s] -- Up-to-date: /home/jeongil/ros_foxy_ws/velodyne_ws/install/velodyne/share/velodyne/environment/ament_prefix_path.dsv
[0.109s] -- Up-to-date: /home/jeongil/ros_foxy_ws/velodyne_ws/install/velodyne/share/velodyne/environment/path.sh
[0.109s] -- Up-to-date: /home/jeongil/ros_foxy_ws/velodyne_ws/install/velodyne/share/velodyne/environment/path.dsv
[0.109s] -- Up-to-date: /home/jeongil/ros_foxy_ws/velodyne_ws/install/velodyne/share/velodyne/local_setup.bash
[0.109s] -- Up-to-date: /home/jeongil/ros_foxy_ws/velodyne_ws/install/velodyne/share/velodyne/local_setup.sh
[0.109s] -- Up-to-date: /home/jeongil/ros_foxy_ws/velodyne_ws/install/velodyne/share/velodyne/local_setup.zsh
[0.109s] -- Up-to-date: /home/jeongil/ros_foxy_ws/velodyne_ws/install/velodyne/share/velodyne/local_setup.dsv
[0.109s] -- Installing: /home/jeongil/ros_foxy_ws/velodyne_ws/install/velodyne/share/velodyne/package.dsv
[0.110s] -- Up-to-date: /home/jeongil/ros_foxy_ws/velodyne_ws/install/velodyne/share/ament_index/resource_index/packages/velodyne
[0.110s] -- Up-to-date: /home/jeongil/ros_foxy_ws/velodyne_ws/install/velodyne/share/velodyne/cmake/velodyneConfig.cmake
[0.110s] -- Up-to-date: /home/jeongil/ros_foxy_ws/velodyne_ws/install/velodyne/share/velodyne/cmake/velodyneConfig-version.cmake
[0.110s] -- Up-to-date: /home/jeongil/ros_foxy_ws/velodyne_ws/install/velodyne/share/velodyne/package.xml
[0.112s] Invoked command in '/home/jeongil/ros_foxy_ws/velodyne_ws/build/velodyne' returned '0': AMENT_PREFIX_PATH=/home/jeongil/ros_foxy_ws/velodyne_ws/install/velodyne_pointcloud:/home/jeongil/ros_foxy_ws/velodyne_ws/install/velodyne_driver:/home/jeongil/ros_foxy_ws/velodyne_ws/install/velodyne_msgs:/home/jeongil/ros_foxy_ws/velodyne_ws/install/velodyne_laserscan:${AMENT_PREFIX_PATH} CMAKE_PREFIX_PATH=/home/jeongil/ros_foxy_ws/velodyne_ws/install/velodyne_pointcloud:/home/jeongil/ros_foxy_ws/velodyne_ws/install/velodyne_driver:/home/jeongil/ros_foxy_ws/velodyne_ws/install/velodyne_msgs:/home/jeongil/ros_foxy_ws/velodyne_ws/install/velodyne_laserscan:/opt/ros/foxy LD_LIBRARY_PATH=/home/jeongil/ros_foxy_ws/velodyne_ws/install/velodyne_pointcloud/lib:/home/jeongil/ros_foxy_ws/velodyne_ws/install/velodyne_driver/lib:/home/jeongil/ros_foxy_ws/velodyne_ws/install/velodyne_msgs/lib:/home/jeongil/ros_foxy_ws/velodyne_ws/install/velodyne_laserscan/lib:${LD_LIBRARY_PATH} PYTHONPATH=/home/jeongil/ros_foxy_ws/velodyne_ws/install/velodyne_msgs/lib/python3.8/site-packages:${PYTHONPATH} /usr/bin/cmake --install /home/jeongil/ros_foxy_ws/velodyne_ws/build/velodyne
