[0.007s] Invoking command in '/home/jeongil/ros_foxy_ws/velodyne_ws/build/velodyne': AMENT_PREFIX_PATH=/home/jeongil/ros_foxy_ws/velodyne_ws/install/velodyne_pointcloud:/home/jeongil/ros_foxy_ws/velodyne_ws/install/velodyne_driver:/home/jeongil/ros_foxy_ws/velodyne_ws/install/velodyne_msgs:/home/jeongil/ros_foxy_ws/velodyne_ws/install/velodyne_laserscan:${AMENT_PREFIX_PATH} CMAKE_PREFIX_PATH=/home/jeongil/ros_foxy_ws/velodyne_ws/install/velodyne_pointcloud:/home/jeongil/ros_foxy_ws/velodyne_ws/install/velodyne_driver:/home/jeongil/ros_foxy_ws/velodyne_ws/install/velodyne_msgs:/home/jeongil/ros_foxy_ws/velodyne_ws/install/velodyne_laserscan:/opt/ros/foxy LD_LIBRARY_PATH=/home/jeongil/ros_foxy_ws/velodyne_ws/install/velodyne_pointcloud/lib:/home/jeongil/ros_foxy_ws/velodyne_ws/install/velodyne_driver/lib:/home/jeongil/ros_foxy_ws/velodyne_ws/install/velodyne_msgs/lib:/home/jeongil/ros_foxy_ws/velodyne_ws/install/velodyne_laserscan/lib:/usr/local/cuda-11.6/lib64:/home/jeongil/ros_foxy_ws/velodyne_ws/install/cloud_msgs/lib:/usr/lib/x86_64-linux-gnu/gazebo-11/plugins:/opt/ros/foxy/opt/yaml_cpp_vendor/lib:/opt/ros/foxy/opt/rviz_ogre_vendor/lib:/opt/ros/foxy/lib/x86_64-linux-gnu:/opt/ros/foxy/lib:/usr/local/cuda-11.6/lib64 PYTHONPATH=/home/jeongil/ros_foxy_ws/velodyne_ws/install/velodyne_msgs/lib/python3.8/site-packages:${PYTHONPATH} /usr/bin/cmake /home/jeongil/ros_foxy_ws/velodyne_ws/src/velodyne-ros2/velodyne -DCMAKE_INSTALL_PREFIX=/home/jeongil/ros_foxy_ws/velodyne_ws/install/velodyne
[0.037s] -- The C compiler identification is GNU 9.4.0
[0.067s] -- The CXX compiler identification is GNU 9.4.0
[0.070s] -- Check for working C compiler: /usr/bin/cc
[0.108s] -- Check for working C compiler: /usr/bin/cc -- works
[0.109s] -- Detecting C compiler ABI info
[0.150s] -- Detecting C compiler ABI info - done
[0.159s] -- Detecting C compile features
[0.159s] -- Detecting C compile features - done
[0.160s] -- Check for working CXX compiler: /usr/bin/c++
[0.205s] -- Check for working CXX compiler: /usr/bin/c++ -- works
[0.206s] -- Detecting CXX compiler ABI info
[0.250s] -- Detecting CXX compiler ABI info - done
[0.257s] -- Detecting CXX compile features
[0.257s] -- Detecting CXX compile features - done
[0.258s] -- Found ament_cmake: 0.9.11 (/opt/ros/foxy/share/ament_cmake/cmake)
[0.272s] -- Found PythonInterp: /usr/bin/python3 (found suitable version "3.8.10", minimum required is "3") 
[0.272s] -- Using PYTHON_EXECUTABLE: /usr/bin/python3
[0.402s] -- Configuring done
[0.403s] -- Generating done
[0.404s] -- Build files have been written to: /home/jeongil/ros_foxy_ws/velodyne_ws/build/velodyne
[0.406s] Invoked command in '/home/jeongil/ros_foxy_ws/velodyne_ws/build/velodyne' returned '0': AMENT_PREFIX_PATH=/home/jeongil/ros_foxy_ws/velodyne_ws/install/velodyne_pointcloud:/home/jeongil/ros_foxy_ws/velodyne_ws/install/velodyne_driver:/home/jeongil/ros_foxy_ws/velodyne_ws/install/velodyne_msgs:/home/jeongil/ros_foxy_ws/velodyne_ws/install/velodyne_laserscan:${AMENT_PREFIX_PATH} CMAKE_PREFIX_PATH=/home/jeongil/ros_foxy_ws/velodyne_ws/install/velodyne_pointcloud:/home/jeongil/ros_foxy_ws/velodyne_ws/install/velodyne_driver:/home/jeongil/ros_foxy_ws/velodyne_ws/install/velodyne_msgs:/home/jeongil/ros_foxy_ws/velodyne_ws/install/velodyne_laserscan:/opt/ros/foxy LD_LIBRARY_PATH=/home/jeongil/ros_foxy_ws/velodyne_ws/install/velodyne_pointcloud/lib:/home/jeongil/ros_foxy_ws/velodyne_ws/install/velodyne_driver/lib:/home/jeongil/ros_foxy_ws/velodyne_ws/install/velodyne_msgs/lib:/home/jeongil/ros_foxy_ws/velodyne_ws/install/velodyne_laserscan/lib:/usr/local/cuda-11.6/lib64:/home/jeongil/ros_foxy_ws/velodyne_ws/install/cloud_msgs/lib:/usr/lib/x86_64-linux-gnu/gazebo-11/plugins:/opt/ros/foxy/opt/yaml_cpp_vendor/lib:/opt/ros/foxy/opt/rviz_ogre_vendor/lib:/opt/ros/foxy/lib/x86_64-linux-gnu:/opt/ros/foxy/lib:/usr/local/cuda-11.6/lib64 PYTHONPATH=/home/jeongil/ros_foxy_ws/velodyne_ws/install/velodyne_msgs/lib/python3.8/site-packages:${PYTHONPATH} /usr/bin/cmake /home/jeongil/ros_foxy_ws/velodyne_ws/src/velodyne-ros2/velodyne -DCMAKE_INSTALL_PREFIX=/home/jeongil/ros_foxy_ws/velodyne_ws/install/velodyne
[0.408s] Invoking command in '/home/jeongil/ros_foxy_ws/velodyne_ws/build/velodyne': AMENT_PREFIX_PATH=/home/jeongil/ros_foxy_ws/velodyne_ws/install/velodyne_pointcloud:/home/jeongil/ros_foxy_ws/velodyne_ws/install/velodyne_driver:/home/jeongil/ros_foxy_ws/velodyne_ws/install/velodyne_msgs:/home/jeongil/ros_foxy_ws/velodyne_ws/install/velodyne_laserscan:${AMENT_PREFIX_PATH} CMAKE_PREFIX_PATH=/home/jeongil/ros_foxy_ws/velodyne_ws/install/velodyne_pointcloud:/home/jeongil/ros_foxy_ws/velodyne_ws/install/velodyne_driver:/home/jeongil/ros_foxy_ws/velodyne_ws/install/velodyne_msgs:/home/jeongil/ros_foxy_ws/velodyne_ws/install/velodyne_laserscan:/opt/ros/foxy LD_LIBRARY_PATH=/home/jeongil/ros_foxy_ws/velodyne_ws/install/velodyne_pointcloud/lib:/home/jeongil/ros_foxy_ws/velodyne_ws/install/velodyne_driver/lib:/home/jeongil/ros_foxy_ws/velodyne_ws/install/velodyne_msgs/lib:/home/jeongil/ros_foxy_ws/velodyne_ws/install/velodyne_laserscan/lib:/usr/local/cuda-11.6/lib64:/home/jeongil/ros_foxy_ws/velodyne_ws/install/cloud_msgs/lib:/usr/lib/x86_64-linux-gnu/gazebo-11/plugins:/opt/ros/foxy/opt/yaml_cpp_vendor/lib:/opt/ros/foxy/opt/rviz_ogre_vendor/lib:/opt/ros/foxy/lib/x86_64-linux-gnu:/opt/ros/foxy/lib:/usr/local/cuda-11.6/lib64 PYTHONPATH=/home/jeongil/ros_foxy_ws/velodyne_ws/install/velodyne_msgs/lib/python3.8/site-packages:${PYTHONPATH} /usr/bin/cmake --build /home/jeongil/ros_foxy_ws/velodyne_ws/build/velodyne -- -j20 -l20
[0.432s] Invoked command in '/home/jeongil/ros_foxy_ws/velodyne_ws/build/velodyne' returned '0': AMENT_PREFIX_PATH=/home/jeongil/ros_foxy_ws/velodyne_ws/install/velodyne_pointcloud:/home/jeongil/ros_foxy_ws/velodyne_ws/install/velodyne_driver:/home/jeongil/ros_foxy_ws/velodyne_ws/install/velodyne_msgs:/home/jeongil/ros_foxy_ws/velodyne_ws/install/velodyne_laserscan:${AMENT_PREFIX_PATH} CMAKE_PREFIX_PATH=/home/jeongil/ros_foxy_ws/velodyne_ws/install/velodyne_pointcloud:/home/jeongil/ros_foxy_ws/velodyne_ws/install/velodyne_driver:/home/jeongil/ros_foxy_ws/velodyne_ws/install/velodyne_msgs:/home/jeongil/ros_foxy_ws/velodyne_ws/install/velodyne_laserscan:/opt/ros/foxy LD_LIBRARY_PATH=/home/jeongil/ros_foxy_ws/velodyne_ws/install/velodyne_pointcloud/lib:/home/jeongil/ros_foxy_ws/velodyne_ws/install/velodyne_driver/lib:/home/jeongil/ros_foxy_ws/velodyne_ws/install/velodyne_msgs/lib:/home/jeongil/ros_foxy_ws/velodyne_ws/install/velodyne_laserscan/lib:/usr/local/cuda-11.6/lib64:/home/jeongil/ros_foxy_ws/velodyne_ws/install/cloud_msgs/lib:/usr/lib/x86_64-linux-gnu/gazebo-11/plugins:/opt/ros/foxy/opt/yaml_cpp_vendor/lib:/opt/ros/foxy/opt/rviz_ogre_vendor/lib:/opt/ros/foxy/lib/x86_64-linux-gnu:/opt/ros/foxy/lib:/usr/local/cuda-11.6/lib64 PYTHONPATH=/home/jeongil/ros_foxy_ws/velodyne_ws/install/velodyne_msgs/lib/python3.8/site-packages:${PYTHONPATH} /usr/bin/cmake --build /home/jeongil/ros_foxy_ws/velodyne_ws/build/velodyne -- -j20 -l20
[0.444s] Invoking command in '/home/jeongil/ros_foxy_ws/velodyne_ws/build/velodyne': AMENT_PREFIX_PATH=/home/jeongil/ros_foxy_ws/velodyne_ws/install/velodyne_pointcloud:/home/jeongil/ros_foxy_ws/velodyne_ws/install/velodyne_driver:/home/jeongil/ros_foxy_ws/velodyne_ws/install/velodyne_msgs:/home/jeongil/ros_foxy_ws/velodyne_ws/install/velodyne_laserscan:${AMENT_PREFIX_PATH} CMAKE_PREFIX_PATH=/home/jeongil/ros_foxy_ws/velodyne_ws/install/velodyne_pointcloud:/home/jeongil/ros_foxy_ws/velodyne_ws/install/velodyne_driver:/home/jeongil/ros_foxy_ws/velodyne_ws/install/velodyne_msgs:/home/jeongil/ros_foxy_ws/velodyne_ws/install/velodyne_laserscan:/opt/ros/foxy LD_LIBRARY_PATH=/home/jeongil/ros_foxy_ws/velodyne_ws/install/velodyne_pointcloud/lib:/home/jeongil/ros_foxy_ws/velodyne_ws/install/velodyne_driver/lib:/home/jeongil/ros_foxy_ws/velodyne_ws/install/velodyne_msgs/lib:/home/jeongil/ros_foxy_ws/velodyne_ws/install/velodyne_laserscan/lib:/usr/local/cuda-11.6/lib64:/home/jeongil/ros_foxy_ws/velodyne_ws/install/cloud_msgs/lib:/usr/lib/x86_64-linux-gnu/gazebo-11/plugins:/opt/ros/foxy/opt/yaml_cpp_vendor/lib:/opt/ros/foxy/opt/rviz_ogre_vendor/lib:/opt/ros/foxy/lib/x86_64-linux-gnu:/opt/ros/foxy/lib:/usr/local/cuda-11.6/lib64 PYTHONPATH=/home/jeongil/ros_foxy_ws/velodyne_ws/install/velodyne_msgs/lib/python3.8/site-packages:${PYTHONPATH} /usr/bin/cmake --install /home/jeongil/ros_foxy_ws/velodyne_ws/build/velodyne
[0.448s] -- Install configuration: ""
[0.448s] -- Installing: /home/jeongil/ros_foxy_ws/velodyne_ws/install/velodyne/share/velodyne/launch
[0.449s] -- Installing: /home/jeongil/ros_foxy_ws/velodyne_ws/install/velodyne/share/velodyne/launch/velodyne-all-nodes-VLP32C-composed-launch.py
[0.449s] -- Installing: /home/jeongil/ros_foxy_ws/velodyne_ws/install/velodyne/share/velodyne/launch/velodyne-all-nodes-VLP32C-launch.py
[0.449s] -- Installing: /home/jeongil/ros_foxy_ws/velodyne_ws/install/velodyne/share/velodyne/launch/velodyne-all-nodes-VLP16-launch.py
[0.449s] -- Installing: /home/jeongil/ros_foxy_ws/velodyne_ws/install/velodyne/share/velodyne/launch/velodyne-all-nodes-VLP16-composed-launch.py
[0.449s] -- Installing: /home/jeongil/ros_foxy_ws/velodyne_ws/install/velodyne/share/ament_index/resource_index/package_run_dependencies/velodyne
[0.449s] -- Installing: /home/jeongil/ros_foxy_ws/velodyne_ws/install/velodyne/share/ament_index/resource_index/parent_prefix_path/velodyne
[0.449s] -- Installing: /home/jeongil/ros_foxy_ws/velodyne_ws/install/velodyne/share/velodyne/environment/ament_prefix_path.sh
[0.449s] -- Installing: /home/jeongil/ros_foxy_ws/velodyne_ws/install/velodyne/share/velodyne/environment/ament_prefix_path.dsv
[0.449s] -- Installing: /home/jeongil/ros_foxy_ws/velodyne_ws/install/velodyne/share/velodyne/environment/path.sh
[0.449s] -- Installing: /home/jeongil/ros_foxy_ws/velodyne_ws/install/velodyne/share/velodyne/environment/path.dsv
[0.449s] -- Installing: /home/jeongil/ros_foxy_ws/velodyne_ws/install/velodyne/share/velodyne/local_setup.bash
[0.449s] -- Installing: /home/jeongil/ros_foxy_ws/velodyne_ws/install/velodyne/share/velodyne/local_setup.sh
[0.449s] -- Installing: /home/jeongil/ros_foxy_ws/velodyne_ws/install/velodyne/share/velodyne/local_setup.zsh
[0.449s] -- Installing: /home/jeongil/ros_foxy_ws/velodyne_ws/install/velodyne/share/velodyne/local_setup.dsv
[0.449s] -- Installing: /home/jeongil/ros_foxy_ws/velodyne_ws/install/velodyne/share/velodyne/package.dsv
[0.450s] -- Installing: /home/jeongil/ros_foxy_ws/velodyne_ws/install/velodyne/share/ament_index/resource_index/packages/velodyne
[0.450s] -- Installing: /home/jeongil/ros_foxy_ws/velodyne_ws/install/velodyne/share/velodyne/cmake/velodyneConfig.cmake
[0.450s] -- Installing: /home/jeongil/ros_foxy_ws/velodyne_ws/install/velodyne/share/velodyne/cmake/velodyneConfig-version.cmake
[0.450s] -- Installing: /home/jeongil/ros_foxy_ws/velodyne_ws/install/velodyne/share/velodyne/package.xml
[0.451s] Invoked command in '/home/jeongil/ros_foxy_ws/velodyne_ws/build/velodyne' returned '0': AMENT_PREFIX_PATH=/home/jeongil/ros_foxy_ws/velodyne_ws/install/velodyne_pointcloud:/home/jeongil/ros_foxy_ws/velodyne_ws/install/velodyne_driver:/home/jeongil/ros_foxy_ws/velodyne_ws/install/velodyne_msgs:/home/jeongil/ros_foxy_ws/velodyne_ws/install/velodyne_laserscan:${AMENT_PREFIX_PATH} CMAKE_PREFIX_PATH=/home/jeongil/ros_foxy_ws/velodyne_ws/install/velodyne_pointcloud:/home/jeongil/ros_foxy_ws/velodyne_ws/install/velodyne_driver:/home/jeongil/ros_foxy_ws/velodyne_ws/install/velodyne_msgs:/home/jeongil/ros_foxy_ws/velodyne_ws/install/velodyne_laserscan:/opt/ros/foxy LD_LIBRARY_PATH=/home/jeongil/ros_foxy_ws/velodyne_ws/install/velodyne_pointcloud/lib:/home/jeongil/ros_foxy_ws/velodyne_ws/install/velodyne_driver/lib:/home/jeongil/ros_foxy_ws/velodyne_ws/install/velodyne_msgs/lib:/home/jeongil/ros_foxy_ws/velodyne_ws/install/velodyne_laserscan/lib:/usr/local/cuda-11.6/lib64:/home/jeongil/ros_foxy_ws/velodyne_ws/install/cloud_msgs/lib:/usr/lib/x86_64-linux-gnu/gazebo-11/plugins:/opt/ros/foxy/opt/yaml_cpp_vendor/lib:/opt/ros/foxy/opt/rviz_ogre_vendor/lib:/opt/ros/foxy/lib/x86_64-linux-gnu:/opt/ros/foxy/lib:/usr/local/cuda-11.6/lib64 PYTHONPATH=/home/jeongil/ros_foxy_ws/velodyne_ws/install/velodyne_msgs/lib/python3.8/site-packages:${PYTHONPATH} /usr/bin/cmake --install /home/jeongil/ros_foxy_ws/velodyne_ws/build/velodyne
